base
epoch 0:
loss: 1.6935 || cls: 2.2876
train: acc: 0.7168 || macc: 0.3559 || miou: 0.2797 || iou: [0.6449, 0.8919, 0.2184, 0.4567, 0.4914, 0.3698, 0.3953, 0.0738, 0.2183, 0.3123, 0.0001, 0.1773, 0.2317, 0.302, 0.0143, 0.1859, 0.2049, 0.0418, 0.2302, 0.134]
val:   acc: 0.7972 || macc: 0.5643 || miou: 0.452 || iou: [0.7302, 0.9444, 0.4135, 0.634, 0.7483, 0.6044, 0.539, 0.2533, 0.3626, 0.5858, 0.0, 0.3195, 0.3697, 0.5464, 0.1805, 0.253, 0.5186, 0.2588, 0.6119, 0.1664]
duration: 489.44069600105286
new best!
epoch 1:
loss: 1.44 || cls: 1.4297
train: acc: 0.8214 || macc: 0.6079 || miou: 0.5142 || iou: [0.7431, 0.944, 0.4167, 0.7503, 0.7293, 0.6778, 0.5626, 0.3462, 0.4394, 0.5523, 0.0122, 0.3575, 0.4299, 0.6158, 0.2932, 0.5351, 0.5923, 0.31, 0.663, 0.313]
val:   acc: 0.8182 || macc: 0.6468 || miou: 0.5247 || iou: [0.7634, 0.9533, 0.4477, 0.7069, 0.8287, 0.7754, 0.6161, 0.3331, 0.4407, 0.4474, 0.095, 0.4923, 0.3929, 0.4864, 0.2949, 0.3075, 0.6681, 0.4715, 0.695, 0.2773]
duration: 462.89437532424927
new best!
epoch 2:
loss: 1.3758 || cls: 1.3477
train: acc: 0.8499 || macc: 0.6865 || miou: 0.591 || iou: [0.7771, 0.9505, 0.4933, 0.7834, 0.7813, 0.7289, 0.6066, 0.455, 0.5029, 0.6277, 0.1405, 0.4259, 0.5164, 0.6628, 0.4305, 0.6191, 0.722, 0.4628, 0.7425, 0.3908]
val:   acc: 0.841 || macc: 0.6784 || miou: 0.5703 || iou: [0.7715, 0.9564, 0.5028, 0.7085, 0.8335, 0.7586, 0.6721, 0.4369, 0.4721, 0.7107, 0.1382, 0.4696, 0.4928, 0.5788, 0.3887, 0.219, 0.8067, 0.5065, 0.7169, 0.2652]
duration: 470.0107042789459
new best!
epoch 3:
loss: 1.337 || cls: 1.2854
train: acc: 0.8672 || macc: 0.7315 || miou: 0.6367 || iou: [0.797, 0.9543, 0.5426, 0.8243, 0.8041, 0.7738, 0.6331, 0.5085, 0.5458, 0.6933, 0.2548, 0.4681, 0.5409, 0.6792, 0.5154, 0.6562, 0.7775, 0.517, 0.7858, 0.4632]
val:   acc: 0.8427 || macc: 0.7298 || miou: 0.6071 || iou: [0.7596, 0.957, 0.5263, 0.796, 0.8371, 0.7169, 0.669, 0.5333, 0.3698, 0.6858, 0.2691, 0.5391, 0.5176, 0.6642, 0.3864, 0.4743, 0.6999, 0.5433, 0.7739, 0.4242]
duration: 466.71362495422363
new best!
epoch 4:
loss: 1.3127 || cls: 1.1881
train: acc: 0.878 || macc: 0.7596 || miou: 0.6665 || iou: [0.8099, 0.9564, 0.5728, 0.8355, 0.822, 0.7902, 0.6611, 0.547, 0.5704, 0.7154, 0.3285, 0.4976, 0.588, 0.7023, 0.5696, 0.7036, 0.8001, 0.5524, 0.8042, 0.5032]
val:   acc: 0.8751 || macc: 0.7371 || miou: 0.6447 || iou: [0.8079, 0.9593, 0.5859, 0.7569, 0.8669, 0.7898, 0.7058, 0.5461, 0.4657, 0.7311, 0.1477, 0.5626, 0.611, 0.6796, 0.4888, 0.5152, 0.8234, 0.5886, 0.7867, 0.476]
duration: 469.77269864082336
new best!
epoch 5:
loss: 1.2949 || cls: 1.0672
train: acc: 0.8863 || macc: 0.7755 || miou: 0.6843 || iou: [0.8213, 0.9582, 0.6058, 0.8456, 0.8308, 0.7881, 0.6815, 0.5696, 0.5972, 0.7356, 0.3592, 0.5136, 0.6092, 0.7225, 0.5808, 0.7121, 0.8129, 0.5759, 0.8249, 0.542]
val:   acc: 0.8639 || macc: 0.7204 || miou: 0.6089 || iou: [0.8181, 0.9592, 0.5489, 0.6968, 0.8552, 0.7278, 0.6401, 0.5753, 0.5316, 0.7282, 0.2834, 0.5511, 0.5104, 0.3841, 0.474, 0.3261, 0.8578, 0.5703, 0.7708, 0.3689]
duration: 469.5992696285248
epoch 6:
loss: 1.2819 || cls: 0.9851
train: acc: 0.8923 || macc: 0.7873 || miou: 0.6977 || iou: [0.8281, 0.9594, 0.6178, 0.8571, 0.8447, 0.8114, 0.6965, 0.5914, 0.6208, 0.7616, 0.3768, 0.5245, 0.6209, 0.7234, 0.6115, 0.7051, 0.8246, 0.5841, 0.8249, 0.5692]
val:   acc: 0.8732 || macc: 0.7617 || miou: 0.6504 || iou: [0.8172, 0.9589, 0.5826, 0.7517, 0.874, 0.7971, 0.6394, 0.5576, 0.528, 0.783, 0.2064, 0.5714, 0.5137, 0.6638, 0.4873, 0.586, 0.8876, 0.5787, 0.7649, 0.4594]
duration: 467.6817457675934
new best!
epoch 7:
loss: 1.2732 || cls: 0.9334
train: acc: 0.8964 || macc: 0.7971 || miou: 0.7093 || iou: [0.8342, 0.9597, 0.6368, 0.8593, 0.8481, 0.8167, 0.7035, 0.6039, 0.6205, 0.7779, 0.3914, 0.5485, 0.6283, 0.7506, 0.6379, 0.7211, 0.8279, 0.6077, 0.8344, 0.578]
val:   acc: 0.8803 || macc: 0.7807 || miou: 0.6543 || iou: [0.8352, 0.9608, 0.5989, 0.7425, 0.8757, 0.7363, 0.6703, 0.5491, 0.6076, 0.7346, 0.2875, 0.5692, 0.5733, 0.6678, 0.4318, 0.4196, 0.8927, 0.5707, 0.8358, 0.527]
duration: 469.21470522880554
new best!
epoch 8:
loss: 1.2661 || cls: 0.8934
train: acc: 0.8995 || macc: 0.8049 || miou: 0.7189 || iou: [0.8366, 0.9609, 0.6542, 0.8678, 0.8515, 0.8249, 0.7148, 0.6088, 0.6264, 0.7892, 0.4144, 0.5524, 0.6421, 0.7449, 0.6463, 0.7443, 0.8382, 0.6103, 0.8496, 0.6006]
val:   acc: 0.8847 || macc: 0.7843 || miou: 0.6811 || iou: [0.8221, 0.9567, 0.5838, 0.8183, 0.8766, 0.7941, 0.7052, 0.5759, 0.5855, 0.7978, 0.2914, 0.6416, 0.6283, 0.7116, 0.5286, 0.5302, 0.8708, 0.5858, 0.7977, 0.5207]
duration: 461.54453015327454
new best!
epoch 9:
loss: 1.2609 || cls: 0.8749
train: acc: 0.9019 || macc: 0.8095 || miou: 0.724 || iou: [0.8424, 0.9609, 0.6584, 0.8721, 0.8577, 0.8335, 0.7139, 0.6196, 0.6308, 0.78, 0.4277, 0.5575, 0.6475, 0.7521, 0.6485, 0.7609, 0.8432, 0.617, 0.8492, 0.6069]
val:   acc: 0.8823 || macc: 0.7596 || miou: 0.6601 || iou: [0.8247, 0.9619, 0.5882, 0.7823, 0.8827, 0.7972, 0.6804, 0.5522, 0.604, 0.7779, 0.1973, 0.5944, 0.5826, 0.6817, 0.4879, 0.535, 0.796, 0.5963, 0.8042, 0.4758]
duration: 465.1282298564911
epoch 10:
loss: 1.2511 || cls: 0.8532
train: acc: 0.9063 || macc: 0.817 || miou: 0.7331 || iou: [0.8472, 0.9619, 0.6781, 0.8727, 0.8606, 0.8282, 0.7288, 0.632, 0.6578, 0.7999, 0.4327, 0.5623, 0.6577, 0.7641, 0.67, 0.7413, 0.8518, 0.6232, 0.8552, 0.6366]
val:   acc: 0.8904 || macc: 0.782 || miou: 0.6816 || iou: [0.8343, 0.9628, 0.6352, 0.7399, 0.8823, 0.7832, 0.7332, 0.6003, 0.5691, 0.7638, 0.3083, 0.6208, 0.6493, 0.7163, 0.543, 0.473, 0.9104, 0.5956, 0.8067, 0.5046]
duration: 468.1926290988922
new best!
epoch 11:
loss: 1.2421 || cls: 0.8279
train: acc: 0.9104 || macc: 0.8268 || miou: 0.7454 || iou: [0.8529, 0.9623, 0.6919, 0.8823, 0.8684, 0.8462, 0.7402, 0.6492, 0.6602, 0.8073, 0.4451, 0.5896, 0.6678, 0.7714, 0.6918, 0.7733, 0.8592, 0.6366, 0.8593, 0.6526]
val:   acc: 0.884 || macc: 0.7719 || miou: 0.6725 || iou: [0.8171, 0.9626, 0.6002, 0.804, 0.8846, 0.8273, 0.7277, 0.6225, 0.6216, 0.7723, 0.2831, 0.639, 0.661, 0.4834, 0.4455, 0.4875, 0.8778, 0.5945, 0.8378, 0.5]
duration: 470.79868960380554
epoch 12:
loss: 1.2353 || cls: 0.8144
train: acc: 0.9132 || macc: 0.8347 || miou: 0.754 || iou: [0.8575, 0.963, 0.702, 0.8805, 0.8696, 0.8422, 0.7398, 0.6614, 0.6776, 0.8129, 0.4874, 0.6086, 0.6772, 0.7855, 0.7061, 0.7719, 0.8643, 0.6429, 0.8717, 0.6584]
val:   acc: 0.8945 || macc: 0.783 || miou: 0.6909 || iou: [0.8423, 0.9616, 0.6399, 0.7993, 0.8737, 0.7689, 0.7185, 0.6129, 0.6079, 0.795, 0.3305, 0.6281, 0.6239, 0.7208, 0.4967, 0.6242, 0.8438, 0.6112, 0.7688, 0.5504]
duration: 465.50539660453796
new best!
epoch 13:
loss: 1.2277 || cls: 0.8024
train: acc: 0.9171 || macc: 0.8403 || miou: 0.7618 || iou: [0.8623, 0.9635, 0.7175, 0.8885, 0.8783, 0.8591, 0.7546, 0.6733, 0.6833, 0.8127, 0.4854, 0.6184, 0.6843, 0.7846, 0.7186, 0.7765, 0.8743, 0.6427, 0.8731, 0.6857]
val:   acc: 0.8924 || macc: 0.7911 || miou: 0.6898 || iou: [0.8354, 0.9617, 0.6495, 0.6915, 0.8927, 0.7695, 0.7506, 0.5671, 0.5927, 0.7879, 0.266, 0.6293, 0.6881, 0.7145, 0.4925, 0.6035, 0.8892, 0.6116, 0.8684, 0.5349]
duration: 458.1649465560913
epoch 14:
loss: 1.226 || cls: 0.8009
train: acc: 0.9179 || macc: 0.8415 || miou: 0.7635 || iou: [0.862, 0.9633, 0.7178, 0.8926, 0.8822, 0.8653, 0.7572, 0.6732, 0.6745, 0.8373, 0.4786, 0.6244, 0.6992, 0.7801, 0.7126, 0.7692, 0.8721, 0.648, 0.8726, 0.6872]
val:   acc: 0.8851 || macc: 0.7942 || miou: 0.6784 || iou: [0.8387, 0.9621, 0.5473, 0.7966, 0.8961, 0.8226, 0.7245, 0.5567, 0.5959, 0.7109, 0.282, 0.6384, 0.6354, 0.645, 0.555, 0.6171, 0.8661, 0.5802, 0.8321, 0.465]
duration: 458.04562044143677
epoch 15:
loss: 1.2197 || cls: 0.7875
train: acc: 0.9207 || macc: 0.8477 || miou: 0.7713 || iou: [0.8676, 0.9639, 0.7297, 0.8937, 0.8814, 0.8576, 0.764, 0.6867, 0.6999, 0.8358, 0.4812, 0.637, 0.7068, 0.7977, 0.7321, 0.7824, 0.8809, 0.6575, 0.8744, 0.6956]
val:   acc: 0.8937 || macc: 0.7821 || miou: 0.6765 || iou: [0.8509, 0.9634, 0.6277, 0.7881, 0.8657, 0.7617, 0.7341, 0.6559, 0.6542, 0.7836, 0.305, 0.6018, 0.6537, 0.5648, 0.5452, 0.359, 0.8877, 0.5964, 0.7912, 0.5405]
duration: 468.1632082462311
epoch 16:
loss: 1.2136 || cls: 0.78
train: acc: 0.9236 || macc: 0.8544 || miou: 0.7798 || iou: [0.8709, 0.9637, 0.7356, 0.9035, 0.889, 0.8759, 0.7688, 0.6886, 0.717, 0.8419, 0.5223, 0.6302, 0.7078, 0.8117, 0.7323, 0.8068, 0.8839, 0.6574, 0.8798, 0.7087]
val:   acc: 0.895 || macc: 0.7725 || miou: 0.6858 || iou: [0.8442, 0.9629, 0.6227, 0.745, 0.9031, 0.7791, 0.7286, 0.6193, 0.6065, 0.7917, 0.2339, 0.6533, 0.6219, 0.7151, 0.496, 0.5288, 0.883, 0.6247, 0.8366, 0.5199]
duration: 469.8430685997009
epoch 17:
loss: 1.2104 || cls: 0.7752
train: acc: 0.925 || macc: 0.858 || miou: 0.7836 || iou: [0.8745, 0.9644, 0.7471, 0.896, 0.8884, 0.8744, 0.7736, 0.6989, 0.7104, 0.8505, 0.5301, 0.6384, 0.7118, 0.8131, 0.7421, 0.8065, 0.8829, 0.6694, 0.8843, 0.7148]
val:   acc: 0.8809 || macc: 0.7548 || miou: 0.6666 || iou: [0.8191, 0.9603, 0.6314, 0.5465, 0.8808, 0.6403, 0.6991, 0.5155, 0.5947, 0.7972, 0.3441, 0.6267, 0.6315, 0.6858, 0.5792, 0.5537, 0.8705, 0.6369, 0.8185, 0.5002]
duration: 470.17939138412476
epoch 18:
loss: 1.2094 || cls: 0.7811
train: acc: 0.9256 || macc: 0.8586 || miou: 0.7848 || iou: [0.8754, 0.9645, 0.7448, 0.8933, 0.8909, 0.8693, 0.775, 0.7053, 0.7207, 0.8359, 0.5261, 0.6607, 0.7094, 0.8137, 0.7405, 0.8031, 0.8845, 0.6748, 0.8859, 0.7219]
val:   acc: 0.8922 || macc: 0.7903 || miou: 0.6904 || iou: [0.8455, 0.9608, 0.6326, 0.7603, 0.8873, 0.758, 0.7256, 0.6229, 0.5906, 0.7448, 0.2993, 0.5221, 0.6197, 0.7556, 0.5614, 0.6096, 0.9074, 0.6322, 0.8429, 0.5297]
duration: 475.009672164917
epoch 19:
loss: 1.2032 || cls: 0.7681
train: acc: 0.9282 || macc: 0.8644 || miou: 0.7926 || iou: [0.8768, 0.965, 0.7601, 0.9075, 0.893, 0.8817, 0.7847, 0.7081, 0.7195, 0.8669, 0.5159, 0.665, 0.7222, 0.826, 0.7508, 0.8127, 0.8889, 0.6835, 0.8911, 0.7325]
val:   acc: 0.9006 || macc: 0.7876 || miou: 0.7006 || iou: [0.8643, 0.9622, 0.6814, 0.7961, 0.8729, 0.6989, 0.7184, 0.664, 0.6277, 0.7792, 0.2903, 0.677, 0.6689, 0.7127, 0.5039, 0.6247, 0.8987, 0.6336, 0.8138, 0.5231]
duration: 469.992960691452
new best!
epoch 20:
loss: 1.2016 || cls: 0.7698
train: acc: 0.9288 || macc: 0.8665 || miou: 0.7947 || iou: [0.8792, 0.9649, 0.758, 0.9093, 0.8938, 0.8841, 0.7892, 0.7132, 0.7247, 0.8512, 0.544, 0.6687, 0.728, 0.8255, 0.7556, 0.8111, 0.8942, 0.6789, 0.8892, 0.7318]
val:   acc: 0.9027 || macc: 0.7909 || miou: 0.7037 || iou: [0.8541, 0.9636, 0.6726, 0.8024, 0.8965, 0.8422, 0.7274, 0.6645, 0.623, 0.7955, 0.2505, 0.6414, 0.6684, 0.7522, 0.5115, 0.5806, 0.8742, 0.5913, 0.8101, 0.552]
duration: 470.5405743122101
new best!
epoch 21:
loss: 1.1954 || cls: 0.7586
train: acc: 0.9317 || macc: 0.8715 || miou: 0.8015 || iou: [0.884, 0.9657, 0.7665, 0.9078, 0.8978, 0.8854, 0.7963, 0.7223, 0.7344, 0.8607, 0.5488, 0.6798, 0.7416, 0.8253, 0.7625, 0.8257, 0.8945, 0.6869, 0.8995, 0.7444]
val:   acc: 0.9022 || macc: 0.7859 || miou: 0.7037 || iou: [0.8542, 0.962, 0.6797, 0.7716, 0.8956, 0.7653, 0.7361, 0.6261, 0.6465, 0.8041, 0.3149, 0.6462, 0.6866, 0.7073, 0.5074, 0.6052, 0.888, 0.5781, 0.8491, 0.5495]
duration: 469.53145122528076
epoch 22:
loss: 1.1991 || cls: 0.7794
train: acc: 0.9302 || macc: 0.8685 || miou: 0.7977 || iou: [0.8813, 0.9652, 0.762, 0.9038, 0.894, 0.8813, 0.7907, 0.7232, 0.7328, 0.8538, 0.5442, 0.6809, 0.7322, 0.8214, 0.7664, 0.8186, 0.8918, 0.6784, 0.8896, 0.7433]
val:   acc: 0.8899 || macc: 0.7723 || miou: 0.6834 || iou: [0.8365, 0.9614, 0.5755, 0.7879, 0.8832, 0.8136, 0.7035, 0.624, 0.5773, 0.6976, 0.3094, 0.673, 0.6386, 0.7272, 0.4839, 0.5374, 0.8822, 0.6045, 0.8511, 0.4996]
duration: 470.05043363571167
epoch 23:
loss: 1.1896 || cls: 0.765
train: acc: 0.9341 || macc: 0.8773 || miou: 0.8088 || iou: [0.887, 0.9658, 0.7847, 0.9129, 0.8985, 0.886, 0.7987, 0.7348, 0.7401, 0.8693, 0.5605, 0.6944, 0.7432, 0.8425, 0.7805, 0.8241, 0.9012, 0.6916, 0.9012, 0.7588]
val:   acc: 0.9015 || macc: 0.776 || miou: 0.6935 || iou: [0.8566, 0.963, 0.6351, 0.8145, 0.8966, 0.8254, 0.749, 0.6362, 0.6389, 0.8135, 0.294, 0.406, 0.6297, 0.7099, 0.5438, 0.507, 0.8911, 0.6393, 0.8375, 0.5818]
duration: 472.0429229736328
epoch 24:
loss: 1.1866 || cls: 0.759
train: acc: 0.9355 || macc: 0.8797 || miou: 0.8126 || iou: [0.8886, 0.9662, 0.7912, 0.9136, 0.9023, 0.8942, 0.8045, 0.7386, 0.743, 0.8898, 0.5694, 0.6954, 0.7475, 0.8396, 0.7814, 0.8293, 0.9002, 0.7001, 0.8979, 0.7594]
val:   acc: 0.8957 || macc: 0.7836 || miou: 0.6976 || iou: [0.8434, 0.963, 0.6571, 0.7698, 0.8933, 0.7848, 0.6947, 0.5843, 0.614, 0.8056, 0.3313, 0.6803, 0.6466, 0.7247, 0.4803, 0.6219, 0.8787, 0.6218, 0.8168, 0.5398]
duration: 468.1009397506714
epoch 25:
loss: 1.1873 || cls: 0.7722
train: acc: 0.9353 || macc: 0.8798 || miou: 0.8128 || iou: [0.8885, 0.9661, 0.7897, 0.9148, 0.8987, 0.8898, 0.8056, 0.7321, 0.7468, 0.8758, 0.5693, 0.7038, 0.755, 0.8455, 0.7867, 0.8316, 0.9, 0.6955, 0.8989, 0.7612]
val:   acc: 0.9025 || macc: 0.7978 || miou: 0.7107 || iou: [0.8586, 0.9626, 0.6682, 0.7804, 0.8873, 0.8157, 0.7328, 0.6457, 0.6645, 0.7916, 0.2739, 0.6165, 0.6284, 0.7249, 0.5497, 0.6457, 0.916, 0.6476, 0.8502, 0.5528]
duration: 459.20732712745667
new best!
epoch 26:
loss: 1.1821 || cls: 0.7698
train: acc: 0.9377 || macc: 0.8823 || miou: 0.8171 || iou: [0.8925, 0.9664, 0.8028, 0.9173, 0.903, 0.899, 0.8054, 0.7434, 0.7619, 0.8853, 0.5568, 0.7121, 0.7525, 0.85, 0.7821, 0.8381, 0.9043, 0.695, 0.9017, 0.7727]
val:   acc: 0.8945 || macc: 0.7757 || miou: 0.697 || iou: [0.8388, 0.9635, 0.6375, 0.7979, 0.8861, 0.8224, 0.7609, 0.615, 0.5885, 0.713, 0.2594, 0.6573, 0.6638, 0.7106, 0.5285, 0.6335, 0.9041, 0.6401, 0.8475, 0.4707]
duration: 459.7258622646332
epoch 27:
loss: 1.1811 || cls: 0.7712
train: acc: 0.9381 || macc: 0.8852 || miou: 0.8193 || iou: [0.8945, 0.9667, 0.7911, 0.9167, 0.9038, 0.8941, 0.8097, 0.7511, 0.7573, 0.8767, 0.5872, 0.7225, 0.755, 0.8466, 0.7859, 0.8356, 0.9058, 0.7039, 0.9029, 0.7785]
val:   acc: 0.9048 || macc: 0.8044 || miou: 0.718 || iou: [0.8598, 0.9638, 0.6631, 0.7742, 0.9013, 0.8408, 0.7116, 0.6663, 0.6363, 0.7933, 0.3078, 0.6739, 0.6409, 0.774, 0.5537, 0.6228, 0.917, 0.6264, 0.8597, 0.5735]
duration: 455.99333357810974
new best!
epoch 28:
loss: 1.1797 || cls: 0.7716
train: acc: 0.9386 || macc: 0.8866 || miou: 0.8213 || iou: [0.8947, 0.9669, 0.7993, 0.9189, 0.9035, 0.8923, 0.8144, 0.7509, 0.7602, 0.8733, 0.5875, 0.7228, 0.7599, 0.8417, 0.8002, 0.8406, 0.9089, 0.7082, 0.9029, 0.7792]
val:   acc: 0.8978 || macc: 0.7699 || miou: 0.6983 || iou: [0.8434, 0.9638, 0.6399, 0.7775, 0.8997, 0.8218, 0.7206, 0.6389, 0.6039, 0.8009, 0.2984, 0.6535, 0.6329, 0.7433, 0.5004, 0.5776, 0.8832, 0.6033, 0.8512, 0.5119]
duration: 457.5965325832367
epoch 29:
loss: 1.1794 || cls: 0.7893
train: acc: 0.939 || macc: 0.886 || miou: 0.8212 || iou: [0.8943, 0.9668, 0.7976, 0.9169, 0.9066, 0.8967, 0.8153, 0.7534, 0.7619, 0.8764, 0.5803, 0.718, 0.7679, 0.8467, 0.7879, 0.8474, 0.9053, 0.7026, 0.9014, 0.781]
val:   acc: 0.9008 || macc: 0.7772 || miou: 0.6981 || iou: [0.8569, 0.9623, 0.6035, 0.7982, 0.8915, 0.8205, 0.7606, 0.6537, 0.594, 0.8044, 0.3093, 0.5515, 0.691, 0.7205, 0.5714, 0.4679, 0.8925, 0.6192, 0.8297, 0.5627]
duration: 458.1864347457886
epoch 30:
loss: 1.1733 || cls: 0.7769
train: acc: 0.9417 || macc: 0.8909 || miou: 0.828 || iou: [0.899, 0.9672, 0.8097, 0.9229, 0.9073, 0.8989, 0.827, 0.7639, 0.7721, 0.8897, 0.585, 0.7225, 0.778, 0.8543, 0.8042, 0.8397, 0.9118, 0.7097, 0.9076, 0.7903]
val:   acc: 0.9042 || macc: 0.8039 || miou: 0.7172 || iou: [0.8603, 0.9636, 0.6692, 0.811, 0.8706, 0.7418, 0.7648, 0.6423, 0.6465, 0.814, 0.317, 0.6649, 0.6937, 0.7435, 0.5817, 0.6408, 0.9137, 0.6071, 0.8514, 0.5461]
duration: 462.4232063293457
epoch 31:
loss: 1.1742 || cls: 0.7955
train: acc: 0.9413 || macc: 0.8915 || miou: 0.8283 || iou: [0.8986, 0.967, 0.8033, 0.9213, 0.9064, 0.8957, 0.8218, 0.761, 0.7801, 0.8861, 0.592, 0.7274, 0.7804, 0.8606, 0.8004, 0.8533, 0.9096, 0.7098, 0.9044, 0.7857]
val:   acc: 0.9072 || macc: 0.8118 || miou: 0.732 || iou: [0.8545, 0.9621, 0.6775, 0.7911, 0.9005, 0.8444, 0.756, 0.6833, 0.6318, 0.8059, 0.3495, 0.6893, 0.6803, 0.7621, 0.5797, 0.6876, 0.914, 0.6448, 0.8692, 0.5565]
duration: 466.55387234687805
new best!
epoch 32:
loss: 1.1741 || cls: 0.8035
train: acc: 0.9414 || macc: 0.8911 || miou: 0.8275 || iou: [0.8995, 0.9672, 0.8121, 0.9178, 0.9078, 0.8973, 0.8228, 0.7621, 0.7712, 0.8763, 0.6062, 0.7323, 0.7671, 0.8553, 0.7993, 0.8435, 0.9114, 0.7066, 0.9066, 0.7884]
val:   acc: 0.9071 || macc: 0.8147 || miou: 0.7267 || iou: [0.8583, 0.9643, 0.7123, 0.8072, 0.892, 0.8437, 0.7494, 0.6097, 0.634, 0.8245, 0.3233, 0.6656, 0.6812, 0.7469, 0.5787, 0.6705, 0.9255, 0.6027, 0.8711, 0.5741]
duration: 451.6055393218994
epoch 33:
loss: 1.1674 || cls: 0.7875
train: acc: 0.9442 || macc: 0.8964 || miou: 0.8352 || iou: [0.9028, 0.9678, 0.8266, 0.9234, 0.9119, 0.9071, 0.8296, 0.7709, 0.7725, 0.9046, 0.602, 0.7352, 0.7785, 0.8546, 0.811, 0.8642, 0.9158, 0.713, 0.9087, 0.8041]
val:   acc: 0.9015 || macc: 0.7845 || miou: 0.705 || iou: [0.8488, 0.9639, 0.6509, 0.8064, 0.9003, 0.8269, 0.6993, 0.6753, 0.6415, 0.8102, 0.3452, 0.6323, 0.6498, 0.6231, 0.6105, 0.5238, 0.9027, 0.5671, 0.8475, 0.5754]
duration: 466.7695508003235
epoch 34:
loss: 1.1705 || cls: 0.8168
train: acc: 0.9429 || macc: 0.8945 || miou: 0.8327 || iou: [0.9006, 0.9673, 0.813, 0.9239, 0.9085, 0.9, 0.8259, 0.775, 0.7793, 0.8821, 0.5965, 0.7339, 0.7786, 0.8621, 0.812, 0.8658, 0.9134, 0.7066, 0.9118, 0.7976]
val:   acc: 0.9067 || macc: 0.8018 || miou: 0.7201 || iou: [0.8609, 0.9642, 0.6594, 0.8074, 0.901, 0.8178, 0.7637, 0.6508, 0.6493, 0.7989, 0.3447, 0.6381, 0.7082, 0.7595, 0.4452, 0.6404, 0.9135, 0.6373, 0.8715, 0.5704]
duration: 469.6228094100952
epoch 35:
loss: 1.1668 || cls: 0.8088
train: acc: 0.9443 || macc: 0.8972 || miou: 0.8359 || iou: [0.9029, 0.9675, 0.8232, 0.9245, 0.9089, 0.8986, 0.8297, 0.7758, 0.7877, 0.8926, 0.6128, 0.7369, 0.7887, 0.8647, 0.8143, 0.8483, 0.9096, 0.7151, 0.9137, 0.8029]
val:   acc: 0.9031 || macc: 0.8173 || miou: 0.7202 || iou: [0.8621, 0.9638, 0.6903, 0.8022, 0.9012, 0.802, 0.7254, 0.6815, 0.6493, 0.7205, 0.3226, 0.6782, 0.6492, 0.7149, 0.6389, 0.6764, 0.9263, 0.6317, 0.8785, 0.4896]
duration: 470.0236895084381
epoch 36:
loss: 1.1613 || cls: 0.8008
train: acc: 0.9469 || macc: 0.9023 || miou: 0.8435 || iou: [0.9069, 0.9685, 0.8349, 0.927, 0.9165, 0.9094, 0.8334, 0.7843, 0.7959, 0.9115, 0.6277, 0.7522, 0.7874, 0.8654, 0.8181, 0.873, 0.9157, 0.7165, 0.9164, 0.809]
val:   acc: 0.9088 || macc: 0.8054 || miou: 0.7279 || iou: [0.8606, 0.9635, 0.7127, 0.8104, 0.9011, 0.7732, 0.7668, 0.6428, 0.6546, 0.8067, 0.3285, 0.6477, 0.6985, 0.7436, 0.6076, 0.6631, 0.9171, 0.6278, 0.8592, 0.5715]
duration: 466.79527592658997
epoch 37:
loss: 1.163 || cls: 0.8122
train: acc: 0.9462 || macc: 0.9006 || miou: 0.8413 || iou: [0.9048, 0.968, 0.8315, 0.9305, 0.9127, 0.9083, 0.838, 0.7809, 0.7898, 0.9086, 0.6235, 0.7487, 0.7911, 0.8609, 0.8155, 0.8503, 0.9138, 0.7199, 0.9144, 0.8147]
val:   acc: 0.9033 || macc: 0.792 || miou: 0.7057 || iou: [0.8541, 0.9641, 0.6727, 0.7852, 0.8848, 0.7453, 0.7474, 0.6567, 0.6583, 0.8029, 0.2523, 0.6653, 0.6739, 0.7001, 0.5836, 0.4964, 0.9184, 0.6161, 0.8643, 0.5721]
duration: 465.97695541381836
epoch 38:
loss: 1.1618 || cls: 0.8193
train: acc: 0.947 || macc: 0.9023 || miou: 0.8437 || iou: [0.9071, 0.9685, 0.8312, 0.9273, 0.9134, 0.9116, 0.8403, 0.7889, 0.7935, 0.8996, 0.6302, 0.7492, 0.8013, 0.8658, 0.8203, 0.8681, 0.9154, 0.7174, 0.9156, 0.8087]
val:   acc: 0.9058 || macc: 0.803 || miou: 0.7147 || iou: [0.8644, 0.9629, 0.6628, 0.7846, 0.9042, 0.8023, 0.7619, 0.6592, 0.6291, 0.8048, 0.3622, 0.5984, 0.6748, 0.6292, 0.5549, 0.6525, 0.9136, 0.6113, 0.8735, 0.588]
duration: 466.2205352783203
epoch 39:
loss: 1.1596 || cls: 0.8195
train: acc: 0.9479 || macc: 0.9035 || miou: 0.8451 || iou: [0.9088, 0.969, 0.8407, 0.9249, 0.9156, 0.9072, 0.8438, 0.7913, 0.7895, 0.9112, 0.6257, 0.758, 0.7979, 0.8607, 0.8187, 0.8673, 0.9166, 0.7279, 0.914, 0.8138]
val:   acc: 0.9028 || macc: 0.7951 || miou: 0.7058 || iou: [0.8625, 0.9637, 0.6808, 0.7572, 0.8422, 0.7121, 0.7613, 0.6643, 0.6587, 0.7948, 0.3404, 0.6454, 0.6933, 0.7582, 0.4721, 0.5887, 0.9168, 0.5859, 0.8527, 0.5646]
duration: 468.8582398891449
epoch 40:
loss: 1.1606 || cls: 0.8387
train: acc: 0.9473 || macc: 0.9032 || miou: 0.8441 || iou: [0.9079, 0.9692, 0.8349, 0.9253, 0.9132, 0.9038, 0.8413, 0.7871, 0.7921, 0.9045, 0.6342, 0.7442, 0.7981, 0.8701, 0.824, 0.8632, 0.9184, 0.7249, 0.9155, 0.8108]
val:   acc: 0.9088 || macc: 0.7902 || miou: 0.712 || iou: [0.8667, 0.9642, 0.6782, 0.8154, 0.9093, 0.8193, 0.7588, 0.6543, 0.6789, 0.8186, 0.3238, 0.6889, 0.6927, 0.6926, 0.5358, 0.3466, 0.9258, 0.6577, 0.8601, 0.552]
duration: 467.14879417419434
epoch 41:
loss: 1.1574 || cls: 0.843
train: acc: 0.9487 || macc: 0.9057 || miou: 0.8481 || iou: [0.9096, 0.9689, 0.8407, 0.9288, 0.9169, 0.9108, 0.849, 0.7885, 0.8016, 0.8985, 0.6335, 0.7623, 0.8041, 0.8706, 0.8223, 0.87, 0.9223, 0.7252, 0.9161, 0.8227]
val:   acc: 0.9046 || macc: 0.796 || miou: 0.7158 || iou: [0.8503, 0.9624, 0.6655, 0.8176, 0.905, 0.8403, 0.7519, 0.6512, 0.6254, 0.791, 0.2922, 0.681, 0.6728, 0.7378, 0.4624, 0.6375, 0.9086, 0.6263, 0.8737, 0.5634]
duration: 468.8967537879944
epoch 42:
loss: 1.1536 || cls: 0.8385
train: acc: 0.9504 || macc: 0.9089 || miou: 0.8529 || iou: [0.9121, 0.9692, 0.847, 0.9307, 0.9202, 0.919, 0.8475, 0.7948, 0.8076, 0.9158, 0.6325, 0.7675, 0.8054, 0.878, 0.8368, 0.875, 0.9223, 0.7317, 0.9182, 0.8274]
val:   acc: 0.9063 || macc: 0.7944 || miou: 0.7166 || iou: [0.8595, 0.9632, 0.6974, 0.7758, 0.8996, 0.7968, 0.7477, 0.6482, 0.6209, 0.8198, 0.3047, 0.6808, 0.7209, 0.7079, 0.5354, 0.5669, 0.9077, 0.6474, 0.8574, 0.574]
duration: 474.0034251213074
epoch 43:
loss: 1.1517 || cls: 0.8375
train: acc: 0.9512 || macc: 0.9106 || miou: 0.8553 || iou: [0.9131, 0.9695, 0.8497, 0.9312, 0.9199, 0.9187, 0.8548, 0.8018, 0.8099, 0.9185, 0.6416, 0.7543, 0.8164, 0.8836, 0.8358, 0.8785, 0.9227, 0.7341, 0.9217, 0.8301]
val:   acc: 0.9053 || macc: 0.8052 || miou: 0.7236 || iou: [0.8586, 0.9627, 0.6459, 0.7942, 0.9011, 0.8233, 0.709, 0.681, 0.6763, 0.8068, 0.2891, 0.6959, 0.6267, 0.7772, 0.5668, 0.6979, 0.9169, 0.6347, 0.8637, 0.5436]
duration: 471.9320936203003
epoch 44:
loss: 1.1549 || cls: 0.8715
train: acc: 0.9495 || macc: 0.9078 || miou: 0.8504 || iou: [0.9112, 0.969, 0.8357, 0.9296, 0.919, 0.9114, 0.8525, 0.7976, 0.8027, 0.8954, 0.6378, 0.7602, 0.8058, 0.8716, 0.8346, 0.8745, 0.923, 0.7282, 0.9178, 0.8295]
val:   acc: 0.912 || macc: 0.8144 || miou: 0.7377 || iou: [0.8641, 0.9644, 0.7023, 0.8174, 0.897, 0.7951, 0.759, 0.6701, 0.6821, 0.8152, 0.3221, 0.6973, 0.7034, 0.7625, 0.5978, 0.6824, 0.9317, 0.6267, 0.8693, 0.594]
duration: 464.9284245967865
new best!
epoch 45:
loss: 1.1486 || cls: 0.8493
train: acc: 0.9528 || macc: 0.914 || miou: 0.8598 || iou: [0.9161, 0.9691, 0.8556, 0.9349, 0.9228, 0.9213, 0.8523, 0.8096, 0.8181, 0.9228, 0.6535, 0.7788, 0.8119, 0.8903, 0.8403, 0.8761, 0.9272, 0.7371, 0.9201, 0.8389]
val:   acc: 0.9121 || macc: 0.816 || miou: 0.7362 || iou: [0.867, 0.962, 0.6834, 0.8338, 0.901, 0.8374, 0.7724, 0.6771, 0.6494, 0.8198, 0.32, 0.6533, 0.7251, 0.7566, 0.5525, 0.6885, 0.931, 0.6238, 0.8637, 0.6063]
duration: 476.06314039230347
epoch 46:
loss: 1.1483 || cls: 0.8626
train: acc: 0.9526 || macc: 0.9141 || miou: 0.8601 || iou: [0.9147, 0.9689, 0.854, 0.9347, 0.9243, 0.9219, 0.861, 0.8055, 0.8153, 0.9232, 0.6588, 0.772, 0.8256, 0.8801, 0.8392, 0.8872, 0.9231, 0.7347, 0.9169, 0.8402]
val:   acc: 0.9092 || macc: 0.8102 || miou: 0.7273 || iou: [0.8701, 0.9637, 0.6725, 0.7858, 0.9057, 0.8062, 0.7437, 0.6616, 0.6636, 0.8142, 0.3409, 0.7151, 0.6652, 0.7412, 0.6042, 0.59, 0.9129, 0.6604, 0.8558, 0.5731]
duration: 470.82035994529724
epoch 47:
loss: 1.1445 || cls: 0.8523
train: acc: 0.9544 || macc: 0.9177 || miou: 0.8654 || iou: [0.9189, 0.9694, 0.8579, 0.9361, 0.9256, 0.9267, 0.8586, 0.8165, 0.8264, 0.9202, 0.6733, 0.7846, 0.8241, 0.8902, 0.8448, 0.888, 0.9285, 0.7474, 0.9273, 0.8435]
val:   acc: 0.9098 || macc: 0.808 || miou: 0.7286 || iou: [0.8664, 0.9644, 0.661, 0.8076, 0.9111, 0.8086, 0.745, 0.6643, 0.6648, 0.8138, 0.2839, 0.6886, 0.6899, 0.759, 0.6417, 0.6057, 0.9265, 0.6435, 0.8553, 0.5702]
duration: 467.58277702331543
epoch 48:
loss: 1.1427 || cls: 0.8539
train: acc: 0.9554 || macc: 0.9196 || miou: 0.8676 || iou: [0.9209, 0.9701, 0.8658, 0.938, 0.9245, 0.9256, 0.8613, 0.817, 0.8304, 0.9286, 0.6894, 0.7926, 0.8274, 0.8926, 0.8513, 0.8751, 0.9287, 0.744, 0.9246, 0.8441]
val:   acc: 0.9103 || macc: 0.7975 || miou: 0.7271 || iou: [0.862, 0.9637, 0.6733, 0.8083, 0.9105, 0.8537, 0.7666, 0.6745, 0.6665, 0.8037, 0.3551, 0.6448, 0.6956, 0.7541, 0.5753, 0.5707, 0.9153, 0.6297, 0.8538, 0.5658]
duration: 467.8907322883606
epoch 49:
loss: 1.1452 || cls: 0.8775
train: acc: 0.954 || macc: 0.9178 || miou: 0.865 || iou: [0.9181, 0.9697, 0.8553, 0.937, 0.9257, 0.9268, 0.8586, 0.8146, 0.8232, 0.9241, 0.6788, 0.7836, 0.8195, 0.8826, 0.8495, 0.8954, 0.927, 0.746, 0.9224, 0.8412]
val:   acc: 0.9058 || macc: 0.7956 || miou: 0.7193 || iou: [0.8549, 0.9623, 0.7033, 0.804, 0.9057, 0.7888, 0.7591, 0.6417, 0.6146, 0.7916, 0.3385, 0.6899, 0.6615, 0.7552, 0.5962, 0.5367, 0.9063, 0.6412, 0.8824, 0.5521]
duration: 464.56649565696716
epoch 50:
loss: 1.1414 || cls: 0.874
train: acc: 0.9558 || macc: 0.9201 || miou: 0.8686 || iou: [0.9204, 0.9702, 0.8637, 0.9394, 0.927, 0.9282, 0.8694, 0.8187, 0.8316, 0.9163, 0.6695, 0.7954, 0.8346, 0.8942, 0.8518, 0.8944, 0.9285, 0.7475, 0.9214, 0.85]
val:   acc: 0.9064 || macc: 0.8125 || miou: 0.7232 || iou: [0.8681, 0.9635, 0.6786, 0.7946, 0.9075, 0.7941, 0.7336, 0.6684, 0.6485, 0.774, 0.283, 0.6908, 0.6799, 0.7419, 0.6033, 0.652, 0.9288, 0.653, 0.8652, 0.5344]
duration: 471.7982761859894
epoch 51:
loss: 1.1392 || cls: 0.8759
train: acc: 0.9568 || macc: 0.9225 || miou: 0.8718 || iou: [0.9221, 0.9708, 0.8697, 0.9392, 0.9276, 0.9226, 0.8734, 0.8213, 0.8341, 0.9322, 0.6901, 0.7816, 0.84, 0.8965, 0.858, 0.8922, 0.9316, 0.7511, 0.9266, 0.8563]
val:   acc: 0.9073 || macc: 0.8112 || miou: 0.7255 || iou: [0.8672, 0.9643, 0.6868, 0.7991, 0.8958, 0.7837, 0.689, 0.6846, 0.6576, 0.7842, 0.347, 0.7073, 0.6444, 0.7504, 0.5712, 0.6335, 0.931, 0.653, 0.8808, 0.5793]
duration: 474.47395730018616
epoch 52:
loss: 1.1417 || cls: 0.9002
train: acc: 0.9559 || macc: 0.9208 || miou: 0.8693 || iou: [0.9205, 0.9709, 0.8625, 0.9329, 0.9262, 0.9229, 0.8753, 0.8192, 0.8297, 0.9191, 0.6853, 0.7902, 0.8412, 0.8959, 0.8458, 0.892, 0.9302, 0.7529, 0.9243, 0.8489]
val:   acc: 0.9058 || macc: 0.804 || miou: 0.7175 || iou: [0.8662, 0.9661, 0.6759, 0.8025, 0.8694, 0.7178, 0.7485, 0.6667, 0.6425, 0.8068, 0.3138, 0.6704, 0.6691, 0.7511, 0.5074, 0.6411, 0.9104, 0.6706, 0.8827, 0.5722]
duration: 472.15067958831787
epoch 53:
loss: 1.1381 || cls: 0.8931
train: acc: 0.9573 || macc: 0.924 || miou: 0.874 || iou: [0.923, 0.9704, 0.8704, 0.9406, 0.9293, 0.9327, 0.8729, 0.8248, 0.8379, 0.9218, 0.6947, 0.7992, 0.8398, 0.8968, 0.8567, 0.8956, 0.9304, 0.7595, 0.9271, 0.8566]
val:   acc: 0.9133 || macc: 0.8039 || miou: 0.7309 || iou: [0.87, 0.9648, 0.7126, 0.8107, 0.9147, 0.8159, 0.7694, 0.6866, 0.6695, 0.7957, 0.3425, 0.6726, 0.6999, 0.7604, 0.5232, 0.6188, 0.9277, 0.6249, 0.8611, 0.5772]
duration: 467.862256526947
epoch 54:
loss: 1.1339 || cls: 0.8881
train: acc: 0.9592 || macc: 0.9271 || miou: 0.8789 || iou: [0.9254, 0.9715, 0.8797, 0.9427, 0.9291, 0.9269, 0.8813, 0.8329, 0.843, 0.9373, 0.6905, 0.8158, 0.8498, 0.9005, 0.862, 0.8988, 0.9359, 0.7626, 0.9259, 0.8665]
val:   acc: 0.9126 || macc: 0.8133 || miou: 0.7374 || iou: [0.8653, 0.9646, 0.6765, 0.8237, 0.9097, 0.8499, 0.7724, 0.6836, 0.6789, 0.8231, 0.306, 0.6987, 0.7189, 0.7567, 0.5935, 0.6081, 0.9301, 0.6407, 0.8765, 0.5703]
duration: 463.7140898704529
epoch 55:
loss: 1.1315 || cls: 0.8811
train: acc: 0.9602 || macc: 0.9289 || miou: 0.8815 || iou: [0.9273, 0.972, 0.8851, 0.9417, 0.9347, 0.9364, 0.8816, 0.8358, 0.8454, 0.9356, 0.7022, 0.8088, 0.8433, 0.9029, 0.8738, 0.9036, 0.9369, 0.7655, 0.9296, 0.8684]
val:   acc: 0.9086 || macc: 0.8068 || miou: 0.7248 || iou: [0.8642, 0.9637, 0.6858, 0.7709, 0.8891, 0.7997, 0.7618, 0.6604, 0.6793, 0.8203, 0.3045, 0.677, 0.7083, 0.76, 0.499, 0.617, 0.9246, 0.6471, 0.8732, 0.5904]
duration: 455.9206404685974
epoch 56:
loss: 1.1345 || cls: 0.9122
train: acc: 0.9589 || macc: 0.927 || miou: 0.8789 || iou: [0.925, 0.9713, 0.8808, 0.9416, 0.933, 0.9304, 0.8754, 0.8331, 0.8388, 0.9324, 0.6994, 0.8136, 0.8436, 0.9037, 0.8688, 0.8918, 0.9349, 0.7711, 0.9268, 0.8634]
val:   acc: 0.9112 || macc: 0.8153 || miou: 0.7366 || iou: [0.8706, 0.9642, 0.6821, 0.8018, 0.916, 0.8255, 0.7598, 0.6903, 0.6819, 0.7531, 0.3279, 0.6871, 0.695, 0.7832, 0.5979, 0.693, 0.9473, 0.6539, 0.8825, 0.5181]
duration: 455.37276005744934
epoch 57:
loss: 1.1303 || cls: 0.9009
train: acc: 0.961 || macc: 0.9305 || miou: 0.8835 || iou: [0.9292, 0.9718, 0.8801, 0.9441, 0.9354, 0.9391, 0.8832, 0.8409, 0.854, 0.921, 0.7164, 0.8144, 0.8554, 0.9059, 0.8727, 0.8921, 0.9348, 0.7706, 0.9329, 0.8752]
val:   acc: 0.9009 || macc: 0.799 || miou: 0.7184 || iou: [0.8618, 0.9367, 0.6701, 0.7981, 0.9172, 0.815, 0.6031, 0.6972, 0.6974, 0.8242, 0.3168, 0.6911, 0.6031, 0.758, 0.5426, 0.5796, 0.9336, 0.6581, 0.8738, 0.5907]
duration: 460.92581009864807
epoch 58:
loss: 1.1287 || cls: 0.9029
train: acc: 0.9615 || macc: 0.933 || miou: 0.8871 || iou: [0.9298, 0.9711, 0.8878, 0.9465, 0.9349, 0.9388, 0.8846, 0.842, 0.8519, 0.9413, 0.7191, 0.8171, 0.856, 0.9099, 0.8763, 0.9169, 0.9379, 0.7741, 0.9322, 0.8742]
val:   acc: 0.9148 || macc: 0.8286 || miou: 0.7438 || iou: [0.8743, 0.9628, 0.684, 0.7979, 0.9129, 0.8078, 0.7622, 0.6993, 0.6845, 0.8247, 0.3429, 0.6761, 0.6837, 0.7833, 0.5938, 0.712, 0.927, 0.6546, 0.8878, 0.6053]
duration: 456.6881568431854
new best!
epoch 59:
loss: 1.1267 || cls: 0.9023
train: acc: 0.9626 || macc: 0.9345 || miou: 0.8899 || iou: [0.9303, 0.9717, 0.8894, 0.9463, 0.9372, 0.9439, 0.8953, 0.8442, 0.8561, 0.9416, 0.7187, 0.8228, 0.8683, 0.9082, 0.88, 0.915, 0.9379, 0.7754, 0.9339, 0.8812]
val:   acc: 0.915 || macc: 0.823 || miou: 0.7442 || iou: [0.8735, 0.9652, 0.6995, 0.8188, 0.9136, 0.8044, 0.7591, 0.6977, 0.6761, 0.816, 0.3501, 0.674, 0.6759, 0.7655, 0.6196, 0.6905, 0.9418, 0.6764, 0.8731, 0.5928]
duration: 459.1320676803589
new best!
epoch 60:
loss: 1.129 || cls: 0.9148
train: acc: 0.9615 || macc: 0.9326 || miou: 0.8868 || iou: [0.9298, 0.9713, 0.8885, 0.946, 0.9334, 0.9347, 0.8861, 0.8441, 0.8493, 0.9379, 0.7144, 0.8232, 0.8602, 0.9029, 0.8776, 0.9153, 0.9379, 0.776, 0.9316, 0.8757]
val:   acc: 0.9114 || macc: 0.8206 || miou: 0.7372 || iou: [0.8701, 0.9652, 0.6744, 0.8151, 0.9101, 0.8435, 0.7335, 0.6853, 0.6952, 0.7926, 0.2995, 0.7027, 0.6674, 0.7879, 0.6023, 0.6612, 0.9366, 0.6574, 0.8804, 0.5639]
duration: 464.64995527267456
epoch 61:
loss: 1.1257 || cls: 0.9218
train: acc: 0.9628 || macc: 0.9345 || miou: 0.8894 || iou: [0.932, 0.9724, 0.894, 0.9461, 0.9356, 0.94, 0.8936, 0.8484, 0.8526, 0.942, 0.7118, 0.8254, 0.8698, 0.9078, 0.8799, 0.9032, 0.9379, 0.7831, 0.9373, 0.8744]
val:   acc: 0.9163 || macc: 0.819 || miou: 0.7496 || iou: [0.8701, 0.9649, 0.6925, 0.8205, 0.9172, 0.8596, 0.7676, 0.6846, 0.7017, 0.817, 0.345, 0.721, 0.7207, 0.767, 0.631, 0.6093, 0.9325, 0.6961, 0.879, 0.5939]
duration: 468.2745008468628
new best!
epoch 62:
loss: 1.1224 || cls: 0.9028
train: acc: 0.9644 || macc: 0.9376 || miou: 0.8947 || iou: [0.9345, 0.9722, 0.8976, 0.9478, 0.9384, 0.9442, 0.8964, 0.8567, 0.864, 0.9392, 0.7263, 0.8269, 0.8767, 0.9137, 0.8833, 0.9197, 0.9421, 0.7879, 0.9387, 0.8881]
val:   acc: 0.9032 || macc: 0.7983 || miou: 0.7119 || iou: [0.8596, 0.9636, 0.5987, 0.8265, 0.905, 0.8198, 0.6881, 0.6654, 0.6788, 0.7277, 0.3608, 0.6093, 0.589, 0.7124, 0.5208, 0.6756, 0.902, 0.6364, 0.8786, 0.62]
duration: 462.55189633369446
epoch 63:
loss: 1.1245 || cls: 0.938
train: acc: 0.9633 || macc: 0.936 || miou: 0.8917 || iou: [0.9329, 0.9724, 0.8874, 0.945, 0.9394, 0.945, 0.8979, 0.8516, 0.8555, 0.9279, 0.7321, 0.8253, 0.8738, 0.9123, 0.8781, 0.9189, 0.9389, 0.7849, 0.9347, 0.8796]
val:   acc: 0.9153 || macc: 0.8249 || miou: 0.7489 || iou: [0.8695, 0.965, 0.6797, 0.8194, 0.9132, 0.8357, 0.792, 0.6835, 0.6619, 0.8215, 0.3251, 0.6875, 0.7063, 0.7785, 0.6299, 0.7154, 0.9361, 0.6711, 0.8831, 0.6029]
duration: 466.6974403858185
epoch 64:
loss: 1.1203 || cls: 0.9155
train: acc: 0.9654 || macc: 0.94 || miou: 0.8977 || iou: [0.9359, 0.9725, 0.9033, 0.9494, 0.9385, 0.9452, 0.903, 0.8577, 0.8667, 0.9466, 0.7489, 0.8344, 0.88, 0.9181, 0.8853, 0.9096, 0.9413, 0.7874, 0.9392, 0.891]
val:   acc: 0.9155 || macc: 0.819 || miou: 0.7441 || iou: [0.8683, 0.9638, 0.6948, 0.8214, 0.9169, 0.8364, 0.7803, 0.6778, 0.6743, 0.8318, 0.2935, 0.718, 0.7153, 0.7169, 0.6789, 0.5836, 0.9252, 0.674, 0.8864, 0.6247]
duration: 465.3089587688446
epoch 65:
loss: 1.1184 || cls: 0.9034
train: acc: 0.9661 || macc: 0.9416 || miou: 0.9003 || iou: [0.9361, 0.9732, 0.9034, 0.9508, 0.943, 0.949, 0.9081, 0.8601, 0.8677, 0.9428, 0.7465, 0.8381, 0.8861, 0.9228, 0.8919, 0.9229, 0.9444, 0.7923, 0.9356, 0.8917]
val:   acc: 0.9188 || macc: 0.8343 || miou: 0.7591 || iou: [0.8761, 0.9647, 0.7156, 0.8128, 0.9204, 0.8232, 0.7782, 0.687, 0.6879, 0.8305, 0.3428, 0.6925, 0.7193, 0.7826, 0.6974, 0.7247, 0.9445, 0.6736, 0.8834, 0.6248]
duration: 460.67103719711304
new best!
epoch 66:
loss: 1.1154 || cls: 0.8916
train: acc: 0.9675 || macc: 0.9434 || miou: 0.9035 || iou: [0.9385, 0.9737, 0.9107, 0.9512, 0.9451, 0.9521, 0.91, 0.864, 0.8782, 0.9484, 0.7432, 0.8429, 0.8859, 0.9285, 0.895, 0.9272, 0.9437, 0.7929, 0.9414, 0.8973]
val:   acc: 0.9149 || macc: 0.8136 || miou: 0.7428 || iou: [0.8727, 0.9637, 0.7096, 0.801, 0.9159, 0.8127, 0.7456, 0.6896, 0.6857, 0.8099, 0.3328, 0.7113, 0.6958, 0.7593, 0.6229, 0.6243, 0.9463, 0.6795, 0.885, 0.5926]
duration: 457.3733034133911
epoch 67:
loss: 1.1152 || cls: 0.9038
train: acc: 0.9675 || macc: 0.9443 || miou: 0.9044 || iou: [0.9387, 0.9736, 0.9079, 0.9523, 0.9431, 0.9479, 0.9123, 0.863, 0.8766, 0.9502, 0.762, 0.8434, 0.8936, 0.9281, 0.8945, 0.9237, 0.9411, 0.7986, 0.9405, 0.8974]
val:   acc: 0.916 || macc: 0.8227 || miou: 0.7424 || iou: [0.8749, 0.9642, 0.7192, 0.8077, 0.9052, 0.8224, 0.7636, 0.693, 0.6911, 0.8162, 0.3324, 0.7018, 0.696, 0.7414, 0.6019, 0.5955, 0.9413, 0.6746, 0.8848, 0.6216]
duration: 463.7003855705261
epoch 68:
loss: 1.1133 || cls: 0.8983
train: acc: 0.9684 || macc: 0.9458 || miou: 0.907 || iou: [0.9403, 0.974, 0.915, 0.9535, 0.9456, 0.9508, 0.9119, 0.8667, 0.8805, 0.9515, 0.7581, 0.8503, 0.8916, 0.9267, 0.901, 0.9298, 0.9453, 0.7988, 0.9465, 0.9024]
val:   acc: 0.9147 || macc: 0.8234 || miou: 0.7428 || iou: [0.8749, 0.965, 0.7034, 0.8002, 0.9107, 0.8249, 0.744, 0.671, 0.7217, 0.8157, 0.3386, 0.7033, 0.6497, 0.761, 0.6505, 0.6287, 0.9345, 0.6885, 0.8688, 0.6013]
duration: 469.20257544517517
epoch 69:
loss: 1.1151 || cls: 0.9225
train: acc: 0.9677 || macc: 0.9442 || miou: 0.904 || iou: [0.9403, 0.9738, 0.9072, 0.9502, 0.9458, 0.9517, 0.9116, 0.8681, 0.8725, 0.9466, 0.7606, 0.839, 0.8938, 0.9173, 0.8915, 0.9246, 0.9451, 0.8006, 0.9443, 0.8954]
val:   acc: 0.9195 || macc: 0.8257 || miou: 0.7517 || iou: [0.8805, 0.9639, 0.7087, 0.8171, 0.9202, 0.839, 0.7693, 0.7024, 0.7127, 0.8336, 0.3268, 0.6613, 0.7132, 0.7709, 0.664, 0.6375, 0.9374, 0.6708, 0.8762, 0.6282]
duration: 470.73531770706177
epoch 70:
loss: 1.111 || cls: 0.8968
train: acc: 0.9694 || macc: 0.9481 || miou: 0.9102 || iou: [0.9426, 0.9739, 0.9164, 0.953, 0.9454, 0.9508, 0.9147, 0.8759, 0.887, 0.9534, 0.7757, 0.8513, 0.8981, 0.9319, 0.902, 0.9316, 0.9469, 0.8064, 0.9446, 0.9027]
val:   acc: 0.9178 || macc: 0.8295 || miou: 0.7555 || iou: [0.873, 0.9643, 0.7016, 0.8165, 0.9174, 0.8267, 0.7727, 0.6892, 0.708, 0.8334, 0.3712, 0.713, 0.7403, 0.7638, 0.6799, 0.6464, 0.9388, 0.6711, 0.879, 0.6033]
duration: 467.30574584007263
epoch 71:
loss: 1.1097 || cls: 0.8906
train: acc: 0.9699 || macc: 0.9486 || miou: 0.9111 || iou: [0.943, 0.9742, 0.9165, 0.9554, 0.9473, 0.9547, 0.9187, 0.8748, 0.8881, 0.9511, 0.7693, 0.8526, 0.9021, 0.9355, 0.9019, 0.9299, 0.945, 0.8066, 0.9479, 0.9081]
val:   acc: 0.9225 || macc: 0.8371 || miou: 0.7649 || iou: [0.8783, 0.9644, 0.7346, 0.8137, 0.9232, 0.8413, 0.7939, 0.7136, 0.7148, 0.8297, 0.3559, 0.7023, 0.7343, 0.7911, 0.6513, 0.7095, 0.9449, 0.6731, 0.8855, 0.6418]
duration: 466.4105167388916
new best!
epoch 72:
loss: 1.1103 || cls: 0.9038
train: acc: 0.9697 || macc: 0.9491 || miou: 0.9113 || iou: [0.9431, 0.9744, 0.9204, 0.9538, 0.9449, 0.95, 0.9159, 0.8756, 0.8866, 0.9524, 0.7757, 0.8556, 0.8955, 0.9364, 0.9035, 0.9383, 0.9477, 0.8058, 0.9445, 0.9067]
val:   acc: 0.9182 || macc: 0.8176 || miou: 0.7419 || iou: [0.8774, 0.965, 0.716, 0.8267, 0.9199, 0.8392, 0.786, 0.6797, 0.6878, 0.8328, 0.3277, 0.7102, 0.7363, 0.7253, 0.6414, 0.4338, 0.9404, 0.6761, 0.8916, 0.6244]
duration: 465.2046003341675
epoch 73:
loss: 1.1082 || cls: 0.8907
train: acc: 0.9706 || macc: 0.9503 || miou: 0.9135 || iou: [0.9444, 0.9745, 0.9173, 0.9541, 0.9481, 0.9555, 0.9232, 0.8786, 0.8903, 0.9517, 0.7782, 0.8597, 0.9059, 0.9324, 0.9064, 0.9406, 0.9483, 0.8075, 0.9449, 0.9075]
val:   acc: 0.9199 || macc: 0.8313 || miou: 0.7584 || iou: [0.8771, 0.9643, 0.7115, 0.8071, 0.9225, 0.8411, 0.7792, 0.7116, 0.7184, 0.8282, 0.3967, 0.7112, 0.7322, 0.7484, 0.6807, 0.6003, 0.9451, 0.6897, 0.8927, 0.6109]
duration: 462.9655306339264
epoch 74:
loss: 1.1068 || cls: 0.8941
train: acc: 0.9712 || macc: 0.9517 || miou: 0.916 || iou: [0.9454, 0.9745, 0.9231, 0.957, 0.9473, 0.956, 0.9237, 0.8827, 0.8909, 0.9556, 0.7789, 0.8601, 0.9076, 0.9402, 0.9097, 0.9401, 0.9497, 0.8136, 0.9521, 0.9124]
val:   acc: 0.9192 || macc: 0.8246 || miou: 0.7522 || iou: [0.8753, 0.9646, 0.7185, 0.8197, 0.9186, 0.8188, 0.7784, 0.7117, 0.7165, 0.8196, 0.3232, 0.7121, 0.7209, 0.7591, 0.6861, 0.5557, 0.9377, 0.6933, 0.8951, 0.6183]
duration: 469.2348234653473
epoch 75:
loss: 1.1043 || cls: 0.8821
train: acc: 0.9723 || macc: 0.9536 || miou: 0.9188 || iou: [0.9476, 0.9749, 0.9273, 0.9573, 0.9499, 0.9567, 0.9253, 0.8874, 0.8967, 0.9555, 0.7901, 0.8654, 0.9117, 0.9429, 0.9145, 0.9371, 0.9504, 0.8152, 0.9539, 0.9162]
val:   acc: 0.9235 || macc: 0.8401 || miou: 0.7674 || iou: [0.8852, 0.9643, 0.7304, 0.8198, 0.9207, 0.8282, 0.791, 0.7163, 0.7387, 0.8226, 0.3456, 0.7143, 0.7536, 0.7909, 0.6878, 0.6917, 0.9483, 0.6827, 0.8976, 0.6189]
duration: 472.1249520778656
new best!
epoch 76:
loss: 1.1036 || cls: 0.8795
train: acc: 0.9726 || macc: 0.9547 || miou: 0.9203 || iou: [0.9476, 0.9751, 0.9288, 0.9569, 0.9502, 0.9581, 0.9261, 0.8872, 0.9004, 0.9586, 0.797, 0.8662, 0.9111, 0.9445, 0.9153, 0.9417, 0.9525, 0.8198, 0.9522, 0.9173]
val:   acc: 0.9216 || macc: 0.8302 || miou: 0.7609 || iou: [0.8793, 0.9632, 0.7204, 0.8167, 0.9235, 0.8318, 0.7804, 0.7278, 0.7277, 0.8232, 0.3281, 0.7067, 0.7311, 0.7855, 0.6797, 0.6636, 0.9433, 0.685, 0.8873, 0.6145]
duration: 466.348215341568
epoch 77:
loss: 1.1029 || cls: 0.88
train: acc: 0.9729 || macc: 0.9548 || miou: 0.9206 || iou: [0.9489, 0.9751, 0.9277, 0.9584, 0.9505, 0.9567, 0.9289, 0.8879, 0.8991, 0.958, 0.7974, 0.8674, 0.9143, 0.9385, 0.917, 0.9391, 0.9527, 0.8204, 0.9548, 0.919]
val:   acc: 0.9227 || macc: 0.8347 || miou: 0.7637 || iou: [0.8815, 0.9642, 0.7203, 0.8238, 0.9265, 0.8484, 0.7904, 0.7071, 0.7126, 0.8356, 0.3278, 0.6982, 0.7542, 0.7698, 0.6861, 0.6569, 0.9524, 0.6914, 0.8905, 0.6361]
duration: 464.12800002098083
epoch 78:
loss: 1.1027 || cls: 0.886
train: acc: 0.9729 || macc: 0.9546 || miou: 0.9203 || iou: [0.9488, 0.9753, 0.9281, 0.9577, 0.9507, 0.9585, 0.9268, 0.8901, 0.8991, 0.9598, 0.7971, 0.8607, 0.9104, 0.9393, 0.9138, 0.9433, 0.9509, 0.8222, 0.9534, 0.921]
val:   acc: 0.9213 || macc: 0.8341 || miou: 0.7598 || iou: [0.8811, 0.9643, 0.7269, 0.8313, 0.9164, 0.8312, 0.7846, 0.7171, 0.7113, 0.8229, 0.3395, 0.7012, 0.7305, 0.7583, 0.6756, 0.6311, 0.9521, 0.696, 0.8958, 0.6287]
duration: 457.17943358421326
epoch 79:
loss: 1.1016 || cls: 0.8901
train: acc: 0.9735 || macc: 0.9562 || miou: 0.9226 || iou: [0.9501, 0.9753, 0.9319, 0.9584, 0.9515, 0.9596, 0.9263, 0.8934, 0.9007, 0.959, 0.8022, 0.8699, 0.914, 0.9399, 0.9199, 0.9461, 0.9519, 0.8243, 0.9548, 0.9226]
val:   acc: 0.9204 || macc: 0.8339 || miou: 0.7612 || iou: [0.8787, 0.9638, 0.7314, 0.831, 0.9219, 0.8425, 0.7856, 0.6995, 0.7118, 0.8075, 0.3623, 0.7048, 0.7527, 0.7614, 0.6692, 0.6885, 0.9368, 0.6904, 0.8977, 0.5862]
duration: 459.2432520389557
epoch 80:
loss: 1.1003 || cls: 0.8798
train: acc: 0.9741 || macc: 0.9569 || miou: 0.9239 || iou: [0.9512, 0.9755, 0.9339, 0.9598, 0.9526, 0.9614, 0.9292, 0.8947, 0.9026, 0.9596, 0.8026, 0.8715, 0.9158, 0.9424, 0.921, 0.9461, 0.9524, 0.8245, 0.957, 0.9236]
val:   acc: 0.9222 || macc: 0.8413 || miou: 0.7681 || iou: [0.8808, 0.9635, 0.7244, 0.833, 0.9202, 0.8546, 0.7846, 0.7153, 0.7181, 0.8197, 0.3506, 0.7083, 0.7187, 0.8045, 0.7169, 0.7028, 0.9475, 0.6861, 0.8976, 0.6141]
duration: 459.7459714412689
new best!
epoch 81:
loss: 1.0992 || cls: 0.8755
train: acc: 0.9745 || macc: 0.9579 || miou: 0.9256 || iou: [0.9514, 0.9758, 0.935, 0.961, 0.9532, 0.9624, 0.9332, 0.8961, 0.905, 0.9611, 0.8049, 0.8748, 0.9218, 0.9446, 0.9214, 0.946, 0.9545, 0.8269, 0.9569, 0.9251]
val:   acc: 0.9229 || macc: 0.8406 || miou: 0.769 || iou: [0.8813, 0.9639, 0.7337, 0.8149, 0.9265, 0.8517, 0.7866, 0.7118, 0.7201, 0.823, 0.3399, 0.7231, 0.7363, 0.7972, 0.6916, 0.714, 0.9486, 0.6912, 0.9021, 0.6229]
duration: 463.49322867393494
new best!
epoch 82:
loss: 1.0982 || cls: 0.876
train: acc: 0.9749 || macc: 0.9589 || miou: 0.9266 || iou: [0.9526, 0.976, 0.9366, 0.9606, 0.9534, 0.9611, 0.9345, 0.8992, 0.9045, 0.9616, 0.8152, 0.8752, 0.9223, 0.9418, 0.9196, 0.9481, 0.9553, 0.8301, 0.9569, 0.9277]
val:   acc: 0.9237 || macc: 0.8421 || miou: 0.7701 || iou: [0.8825, 0.9643, 0.7305, 0.8181, 0.9254, 0.8469, 0.7883, 0.7226, 0.71, 0.8325, 0.3432, 0.7175, 0.7271, 0.7944, 0.6944, 0.7224, 0.9498, 0.688, 0.8975, 0.6461]
duration: 465.139945268631
new best!
epoch 83:
loss: 1.0975 || cls: 0.8662
train: acc: 0.9753 || macc: 0.9594 || miou: 0.9278 || iou: [0.9532, 0.976, 0.9375, 0.9612, 0.9535, 0.9624, 0.9347, 0.9002, 0.909, 0.9629, 0.8107, 0.8783, 0.9239, 0.9486, 0.9248, 0.9477, 0.9553, 0.832, 0.9572, 0.9275]
val:   acc: 0.9243 || macc: 0.8368 || miou: 0.7662 || iou: [0.8834, 0.9646, 0.7473, 0.8221, 0.9241, 0.8494, 0.7984, 0.7173, 0.7176, 0.826, 0.3235, 0.7145, 0.7292, 0.7811, 0.6817, 0.6653, 0.9463, 0.6861, 0.9012, 0.645]
duration: 468.94708371162415
epoch 84:
loss: 1.0969 || cls: 0.8677
train: acc: 0.9755 || macc: 0.9598 || miou: 0.9284 || iou: [0.9532, 0.9761, 0.9381, 0.9615, 0.9547, 0.9629, 0.9364, 0.9008, 0.911, 0.9627, 0.8091, 0.8781, 0.9257, 0.949, 0.9259, 0.9475, 0.9562, 0.8319, 0.9581, 0.929]
val:   acc: 0.9238 || macc: 0.8416 || miou: 0.768 || iou: [0.8828, 0.9642, 0.7389, 0.82, 0.9216, 0.8384, 0.7992, 0.7197, 0.7198, 0.8326, 0.3524, 0.7118, 0.7295, 0.784, 0.696, 0.6643, 0.9523, 0.6919, 0.9006, 0.6397]
duration: 463.508825302124
epoch 85:
loss: 1.0959 || cls: 0.8591
train: acc: 0.976 || macc: 0.9611 || miou: 0.9305 || iou: [0.9541, 0.9763, 0.9398, 0.9618, 0.9553, 0.9645, 0.9376, 0.9027, 0.9129, 0.9633, 0.8263, 0.8828, 0.926, 0.9505, 0.9277, 0.9503, 0.9567, 0.8334, 0.9575, 0.9307]
val:   acc: 0.9229 || macc: 0.8393 || miou: 0.7659 || iou: [0.8836, 0.9639, 0.7479, 0.8272, 0.9199, 0.8415, 0.7828, 0.714, 0.7039, 0.8357, 0.34, 0.7167, 0.712, 0.7805, 0.6815, 0.6888, 0.952, 0.689, 0.9028, 0.6344]
duration: 470.6084396839142
epoch 86:
loss: 1.0955 || cls: 0.8666
train: acc: 0.9761 || macc: 0.9612 || miou: 0.9307 || iou: [0.9545, 0.9763, 0.9407, 0.9629, 0.9554, 0.9632, 0.9372, 0.9021, 0.914, 0.9638, 0.8208, 0.8832, 0.9263, 0.9521, 0.9261, 0.9504, 0.9564, 0.8374, 0.9593, 0.9312]
val:   acc: 0.9246 || macc: 0.8439 || miou: 0.7728 || iou: [0.8829, 0.964, 0.7403, 0.8243, 0.9246, 0.8433, 0.7988, 0.7225, 0.7245, 0.8321, 0.3718, 0.7159, 0.7378, 0.7811, 0.7176, 0.6863, 0.9491, 0.6964, 0.9022, 0.6409]
duration: 461.29165267944336
new best!
epoch 87:
loss: 1.095 || cls: 0.8573
train: acc: 0.9764 || macc: 0.9619 || miou: 0.9316 || iou: [0.955, 0.9764, 0.9402, 0.9629, 0.9555, 0.9644, 0.9381, 0.9047, 0.9147, 0.9638, 0.8272, 0.8829, 0.928, 0.9517, 0.9295, 0.9523, 0.9567, 0.837, 0.9592, 0.9319]
val:   acc: 0.9249 || macc: 0.8409 || miou: 0.7718 || iou: [0.8833, 0.9645, 0.7416, 0.8207, 0.9246, 0.8427, 0.8004, 0.7252, 0.7317, 0.8282, 0.3395, 0.7296, 0.7505, 0.7796, 0.6975, 0.6948, 0.9528, 0.6888, 0.9008, 0.6384]
duration: 469.4307429790497
epoch 88:
loss: 1.0947 || cls: 0.8626
train: acc: 0.9765 || macc: 0.9618 || miou: 0.9317 || iou: [0.9553, 0.9765, 0.9405, 0.9624, 0.9559, 0.9645, 0.9386, 0.9053, 0.9158, 0.9623, 0.8225, 0.8859, 0.9279, 0.9524, 0.9299, 0.9535, 0.9573, 0.8383, 0.9571, 0.9319]
val:   acc: 0.9244 || macc: 0.8419 || miou: 0.7711 || iou: [0.8844, 0.9643, 0.735, 0.8263, 0.9276, 0.843, 0.7943, 0.7227, 0.7165, 0.8267, 0.3658, 0.7259, 0.745, 0.7724, 0.728, 0.6572, 0.9527, 0.6971, 0.9032, 0.6348]
duration: 468.4904046058655
epoch 89:
loss: 1.0941 || cls: 0.8612
train: acc: 0.9767 || macc: 0.962 || miou: 0.9321 || iou: [0.9557, 0.9766, 0.9421, 0.9623, 0.956, 0.964, 0.9393, 0.9067, 0.917, 0.9631, 0.824, 0.8837, 0.928, 0.954, 0.9287, 0.9513, 0.9579, 0.8381, 0.959, 0.9339]
val:   acc: 0.9245 || macc: 0.8427 || miou: 0.7721 || iou: [0.8834, 0.9638, 0.7435, 0.8299, 0.9242, 0.8523, 0.7965, 0.7262, 0.726, 0.8199, 0.3626, 0.7134, 0.7356, 0.7873, 0.7038, 0.6832, 0.9552, 0.6984, 0.9037, 0.6334]
duration: 468.27454352378845
epoch 90:
loss: 1.0937 || cls: 0.864
train: acc: 0.9769 || macc: 0.9626 || miou: 0.933 || iou: [0.956, 0.9766, 0.9428, 0.9632, 0.9565, 0.9653, 0.9397, 0.9067, 0.9169, 0.9655, 0.8296, 0.8857, 0.9299, 0.9532, 0.932, 0.9516, 0.9576, 0.8384, 0.9594, 0.9341]
val:   acc: 0.9244 || macc: 0.8419 || miou: 0.7707 || iou: [0.8844, 0.9644, 0.7512, 0.8294, 0.9259, 0.8441, 0.7897, 0.7151, 0.7208, 0.8302, 0.355, 0.7104, 0.7423, 0.7795, 0.7133, 0.6647, 0.9569, 0.7027, 0.9032, 0.6301]
duration: 467.9754710197449
epoch 91:
loss: 1.0934 || cls: 0.859
train: acc: 0.9771 || macc: 0.9631 || miou: 0.9335 || iou: [0.9562, 0.9767, 0.9428, 0.9638, 0.9566, 0.9659, 0.9409, 0.9072, 0.9162, 0.9664, 0.8281, 0.8864, 0.9318, 0.9522, 0.9309, 0.9524, 0.9588, 0.8417, 0.96, 0.9346]
val:   acc: 0.9233 || macc: 0.8394 || miou: 0.7676 || iou: [0.8826, 0.9642, 0.7409, 0.8286, 0.9233, 0.8384, 0.791, 0.7123, 0.7209, 0.8224, 0.3579, 0.7164, 0.7353, 0.7843, 0.6746, 0.6759, 0.954, 0.6911, 0.9045, 0.6326]
duration: 469.1748957633972
epoch 92:
loss: 1.093 || cls: 0.8608
train: acc: 0.9773 || macc: 0.9631 || miou: 0.9338 || iou: [0.9567, 0.9768, 0.9443, 0.9637, 0.9567, 0.9662, 0.9406, 0.9092, 0.9182, 0.9652, 0.8292, 0.8845, 0.9306, 0.9538, 0.9335, 0.9542, 0.9582, 0.8405, 0.9594, 0.9352]
val:   acc: 0.9232 || macc: 0.8401 || miou: 0.7691 || iou: [0.8821, 0.9643, 0.7328, 0.8234, 0.9254, 0.8377, 0.7862, 0.7152, 0.7235, 0.8281, 0.3558, 0.7154, 0.733, 0.7891, 0.7028, 0.6821, 0.9546, 0.6988, 0.9043, 0.6265]
duration: 460.1831121444702
epoch 93:
loss: 1.093 || cls: 0.857
train: acc: 0.9772 || macc: 0.963 || miou: 0.9337 || iou: [0.9565, 0.9769, 0.9433, 0.964, 0.957, 0.9662, 0.9408, 0.9086, 0.9167, 0.9656, 0.8278, 0.8876, 0.9298, 0.9521, 0.9321, 0.9534, 0.9578, 0.8406, 0.9605, 0.936]
val:   acc: 0.9246 || macc: 0.8433 || miou: 0.7744 || iou: [0.8829, 0.9642, 0.7451, 0.8236, 0.9274, 0.8442, 0.7944, 0.7167, 0.725, 0.8291, 0.3454, 0.7212, 0.7392, 0.7921, 0.722, 0.7223, 0.9531, 0.7026, 0.9034, 0.634]
duration: 460.9074559211731
new best!
epoch 94:
loss: 1.0924 || cls: 0.8574
train: acc: 0.9775 || macc: 0.9636 || miou: 0.9347 || iou: [0.9573, 0.9768, 0.9453, 0.9643, 0.9572, 0.9656, 0.9408, 0.9099, 0.9193, 0.9671, 0.8354, 0.8889, 0.9307, 0.9561, 0.9306, 0.9541, 0.9578, 0.8411, 0.9599, 0.9363]
val:   acc: 0.9238 || macc: 0.8398 || miou: 0.7691 || iou: [0.8829, 0.9642, 0.744, 0.821, 0.9249, 0.8356, 0.7888, 0.7183, 0.7216, 0.8256, 0.3471, 0.7194, 0.7384, 0.7853, 0.693, 0.6884, 0.9547, 0.6882, 0.9042, 0.6355]
duration: 459.6362934112549
epoch 95:
loss: 1.0924 || cls: 0.8587
train: acc: 0.9775 || macc: 0.9639 || miou: 0.9349 || iou: [0.9573, 0.9769, 0.9448, 0.9641, 0.957, 0.9668, 0.9413, 0.9098, 0.9211, 0.9654, 0.8364, 0.8888, 0.932, 0.9543, 0.9318, 0.9529, 0.9587, 0.843, 0.9603, 0.9351]
val:   acc: 0.9245 || macc: 0.8414 || miou: 0.7711 || iou: [0.8835, 0.9641, 0.7459, 0.8219, 0.9272, 0.8446, 0.7909, 0.7202, 0.7327, 0.8238, 0.3474, 0.7202, 0.7292, 0.7916, 0.7031, 0.6942, 0.9528, 0.6918, 0.9034, 0.6337]
duration: 463.47899413108826
epoch 96:
loss: 1.0926 || cls: 0.8573
train: acc: 0.9774 || macc: 0.9634 || miou: 0.9341 || iou: [0.957, 0.9769, 0.9442, 0.964, 0.9571, 0.9657, 0.9409, 0.9098, 0.9178, 0.9657, 0.8315, 0.8866, 0.9315, 0.9549, 0.9331, 0.9522, 0.9583, 0.8394, 0.9604, 0.9359]
val:   acc: 0.9247 || macc: 0.8438 || miou: 0.7722 || iou: [0.8838, 0.9643, 0.7516, 0.8178, 0.9255, 0.8426, 0.7933, 0.7145, 0.7281, 0.8298, 0.3521, 0.7152, 0.7347, 0.7897, 0.6995, 0.708, 0.9522, 0.6964, 0.9023, 0.6427]
duration: 468.50154280662537
epoch 97:
loss: 1.0926 || cls: 0.8603
train: acc: 0.9774 || macc: 0.9637 || miou: 0.9344 || iou: [0.9569, 0.9768, 0.9447, 0.9643, 0.9568, 0.965, 0.9402, 0.9091, 0.9194, 0.9667, 0.8329, 0.8861, 0.9309, 0.9541, 0.9324, 0.954, 0.9579, 0.843, 0.9607, 0.9367]
val:   acc: 0.9243 || macc: 0.8408 || miou: 0.7705 || iou: [0.8827, 0.9641, 0.7459, 0.8234, 0.9263, 0.8394, 0.7923, 0.7168, 0.7278, 0.8295, 0.3451, 0.7163, 0.7401, 0.7854, 0.6969, 0.6889, 0.9533, 0.6924, 0.9027, 0.6399]
duration: 465.9077732563019
epoch 98:
loss: 1.0924 || cls: 0.8568
train: acc: 0.9775 || macc: 0.9638 || miou: 0.9348 || iou: [0.9572, 0.9769, 0.9445, 0.964, 0.9571, 0.9668, 0.9418, 0.9096, 0.9211, 0.9655, 0.8342, 0.8894, 0.9318, 0.9538, 0.9324, 0.9541, 0.9584, 0.8414, 0.9604, 0.9364]
val:   acc: 0.924 || macc: 0.8412 || miou: 0.7708 || iou: [0.8829, 0.9641, 0.7396, 0.8242, 0.9269, 0.8418, 0.7934, 0.7181, 0.7236, 0.8245, 0.3468, 0.7177, 0.7329, 0.79, 0.7025, 0.7047, 0.9522, 0.6964, 0.9043, 0.6304]
duration: 471.2336473464966
epoch 99:
loss: 1.0923 || cls: 0.8612
train: acc: 0.9776 || macc: 0.9639 || miou: 0.9349 || iou: [0.9574, 0.9769, 0.9453, 0.9643, 0.9576, 0.9667, 0.9416, 0.9101, 0.9181, 0.9663, 0.8346, 0.89, 0.9313, 0.9533, 0.9324, 0.9533, 0.9596, 0.8415, 0.9612, 0.9369]
val:   acc: 0.9244 || macc: 0.8417 || miou: 0.7718 || iou: [0.8823, 0.9643, 0.7454, 0.8244, 0.9263, 0.8435, 0.7939, 0.7176, 0.7242, 0.8269, 0.3471, 0.7177, 0.7381, 0.7881, 0.7198, 0.686, 0.9527, 0.695, 0.9043, 0.6392]
duration: 383.60729241371155
