base 
epoch 0:
loss: 1.4094 || cls: 1.6693
train: acc: 0.7719 || macc: 0.5245 || miou: 0.437 || iou: [0.8783, 0.9128, 0.687, 0.413, 0.0555, 0.2913, 0.4466, 0.551, 0.4902, 0.0081, 0.4074, 0.0994, 0.4408]
val:   acc: 0.7323 || macc: 0.4058 || miou: 0.3247 || iou: [0.832, 0.8452, 0.6745, 0.0, 0.036, 0.0164, 0.0909, 0.1372, 0.6503, 0.0178, 0.3838, 0.233, 0.3041]
duration: 122.78859424591064
new best!
epoch 1:
loss: 1.21 || cls: 0.8978
train: acc: 0.8666 || macc: 0.7469 || miou: 0.6609 || iou: [0.9356, 0.9602, 0.7909, 0.6967, 0.3621, 0.6151, 0.6681, 0.6958, 0.7496, 0.4115, 0.5989, 0.4937, 0.6138]
val:   acc: 0.8415 || macc: 0.6653 || miou: 0.5594 || iou: [0.899, 0.9698, 0.7726, 0.0, 0.2784, 0.4794, 0.5053, 0.6233, 0.7996, 0.2864, 0.6759, 0.5339, 0.4491]
duration: 119.79838967323303
new best!
epoch 2:
loss: 1.1526 || cls: 0.8392
train: acc: 0.8955 || macc: 0.8202 || miou: 0.7386 || iou: [0.9455, 0.9665, 0.8316, 0.763, 0.522, 0.7138, 0.7425, 0.7317, 0.8047, 0.6345, 0.6849, 0.5846, 0.6762]
val:   acc: 0.8567 || macc: 0.6918 || miou: 0.5929 || iou: [0.9113, 0.97, 0.7744, 0.0007, 0.3083, 0.517, 0.4574, 0.7244, 0.8446, 0.4166, 0.6987, 0.5785, 0.5051]
duration: 120.62208890914917
new best!
epoch 3:
loss: 1.1212 || cls: 0.8
train: acc: 0.9104 || macc: 0.8511 || miou: 0.776 || iou: [0.9517, 0.9693, 0.8538, 0.8049, 0.594, 0.7607, 0.7828, 0.7538, 0.8338, 0.7105, 0.7277, 0.6338, 0.7115]
val:   acc: 0.8679 || macc: 0.6841 || miou: 0.6124 || iou: [0.9438, 0.9671, 0.7773, 0.0, 0.2977, 0.5324, 0.4813, 0.7301, 0.7864, 0.591, 0.7088, 0.5907, 0.5543]
duration: 120.43383550643921
new best!
epoch 4:
loss: 1.1086 || cls: 0.7676
train: acc: 0.917 || macc: 0.8648 || miou: 0.7928 || iou: [0.9548, 0.9707, 0.8614, 0.8279, 0.6429, 0.7674, 0.7977, 0.7683, 0.8518, 0.7268, 0.7581, 0.6481, 0.7302]
val:   acc: 0.8672 || macc: 0.7068 || miou: 0.6138 || iou: [0.9408, 0.969, 0.7888, 0.0, 0.3211, 0.4818, 0.5422, 0.7398, 0.7895, 0.5467, 0.6988, 0.6245, 0.5368]
duration: 120.5323851108551
new best!
epoch 5:
loss: 1.0944 || cls: 0.7414
train: acc: 0.9239 || macc: 0.8786 || miou: 0.8097 || iou: [0.9578, 0.9726, 0.8721, 0.8345, 0.673, 0.7985, 0.8167, 0.7852, 0.859, 0.7575, 0.7778, 0.6719, 0.7501]
val:   acc: 0.8854 || macc: 0.7197 || miou: 0.6525 || iou: [0.9405, 0.9782, 0.807, 0.0, 0.3737, 0.388, 0.5933, 0.8034, 0.88, 0.6774, 0.7533, 0.6821, 0.6059]
duration: 120.11319255828857
new best!
epoch 6:
loss: 1.0846 || cls: 0.72
train: acc: 0.9285 || macc: 0.8862 || miou: 0.8206 || iou: [0.9604, 0.9724, 0.8791, 0.8474, 0.6905, 0.808, 0.8322, 0.7943, 0.8605, 0.7764, 0.7966, 0.6893, 0.7613]
val:   acc: 0.8779 || macc: 0.7138 || miou: 0.639 || iou: [0.9401, 0.9738, 0.8021, 0.0, 0.2996, 0.4462, 0.63, 0.7337, 0.8809, 0.7131, 0.7139, 0.6152, 0.558]
duration: 119.95060729980469
epoch 7:
loss: 1.0753 || cls: 0.6938
train: acc: 0.9332 || macc: 0.8951 || miou: 0.8332 || iou: [0.961, 0.974, 0.8865, 0.8532, 0.7117, 0.8206, 0.8405, 0.8052, 0.8771, 0.8005, 0.8097, 0.7149, 0.7762]
val:   acc: 0.874 || macc: 0.7006 || miou: 0.6238 || iou: [0.935, 0.9744, 0.7986, 0.0, 0.301, 0.4083, 0.5666, 0.7732, 0.8772, 0.6096, 0.7157, 0.6461, 0.5042]
duration: 119.1584722995758
epoch 8:
loss: 1.0741 || cls: 0.6774
train: acc: 0.9338 || macc: 0.8969 || miou: 0.8357 || iou: [0.962, 0.9735, 0.8866, 0.864, 0.7132, 0.8328, 0.8377, 0.8094, 0.8805, 0.8109, 0.8107, 0.7066, 0.7769]
val:   acc: 0.8867 || macc: 0.726 || miou: 0.6447 || iou: [0.9259, 0.9766, 0.8231, 0.0, 0.1823, 0.5644, 0.6393, 0.7893, 0.8636, 0.607, 0.7565, 0.7064, 0.5468]
duration: 120.94716882705688
epoch 9:
loss: 1.0692 || cls: 0.6604
train: acc: 0.9359 || macc: 0.8982 || miou: 0.838 || iou: [0.9617, 0.9732, 0.8917, 0.8619, 0.7065, 0.8349, 0.8521, 0.8127, 0.8785, 0.8024, 0.8147, 0.7203, 0.7836]
val:   acc: 0.8728 || macc: 0.7358 || miou: 0.6565 || iou: [0.9129, 0.977, 0.7776, 0.0, 0.4007, 0.5446, 0.546, 0.8049, 0.876, 0.7226, 0.7222, 0.6834, 0.5662]
duration: 120.01383972167969
new best!
epoch 10:
loss: 1.0629 || cls: 0.6413
train: acc: 0.939 || macc: 0.9058 || miou: 0.8477 || iou: [0.963, 0.9748, 0.8949, 0.8689, 0.7165, 0.8348, 0.8598, 0.8212, 0.8924, 0.8267, 0.8228, 0.7518, 0.7925]
val:   acc: 0.8933 || macc: 0.7375 || miou: 0.6673 || iou: [0.9409, 0.9759, 0.8295, 0.0, 0.3568, 0.5052, 0.6553, 0.8107, 0.878, 0.636, 0.7475, 0.733, 0.6058]
duration: 119.88649678230286
new best!
epoch 11:
loss: 1.0525 || cls: 0.6138
train: acc: 0.9438 || macc: 0.9132 || miou: 0.8583 || iou: [0.9645, 0.9756, 0.9029, 0.8813, 0.7621, 0.8504, 0.8743, 0.8339, 0.8972, 0.8087, 0.8403, 0.7591, 0.8078]
val:   acc: 0.8883 || macc: 0.7461 || miou: 0.6671 || iou: [0.9202, 0.9784, 0.835, 0.0, 0.4359, 0.4504, 0.6286, 0.8008, 0.8985, 0.7681, 0.7551, 0.6536, 0.5469]
duration: 120.4116313457489
epoch 12:
loss: 1.0534 || cls: 0.6086
train: acc: 0.9435 || macc: 0.9122 || miou: 0.8578 || iou: [0.9654, 0.9754, 0.9032, 0.8853, 0.7478, 0.8419, 0.8686, 0.8319, 0.8965, 0.8405, 0.8408, 0.7478, 0.8064]
val:   acc: 0.8903 || macc: 0.7587 || miou: 0.6747 || iou: [0.9459, 0.9779, 0.8381, 0.0, 0.3735, 0.5797, 0.5242, 0.7898, 0.9017, 0.7844, 0.7551, 0.7328, 0.5686]
duration: 121.93476152420044
new best!
epoch 13:
loss: 1.0483 || cls: 0.5953
train: acc: 0.9459 || macc: 0.9182 || miou: 0.8659 || iou: [0.9657, 0.976, 0.9056, 0.8869, 0.778, 0.8539, 0.8698, 0.8399, 0.9033, 0.8393, 0.8473, 0.7742, 0.8169]
val:   acc: 0.8933 || macc: 0.7421 || miou: 0.6735 || iou: [0.9374, 0.9762, 0.8401, 0.0, 0.3857, 0.5444, 0.5829, 0.7881, 0.8763, 0.7128, 0.7621, 0.7469, 0.6019]
duration: 120.27613186836243
epoch 14:
loss: 1.0419 || cls: 0.5837
train: acc: 0.9489 || macc: 0.9229 || miou: 0.8735 || iou: [0.9669, 0.9769, 0.9101, 0.8997, 0.7872, 0.8629, 0.8768, 0.8477, 0.9111, 0.8527, 0.8575, 0.7805, 0.8251]
val:   acc: 0.8955 || macc: 0.7493 || miou: 0.6703 || iou: [0.9428, 0.9797, 0.8348, 0.0, 0.2975, 0.5813, 0.6713, 0.811, 0.8961, 0.7167, 0.7492, 0.637, 0.5968]
duration: 120.9869372844696
epoch 15:
loss: 1.0405 || cls: 0.576
train: acc: 0.9496 || macc: 0.9251 || miou: 0.8759 || iou: [0.9674, 0.9761, 0.9123, 0.8927, 0.7969, 0.8698, 0.8846, 0.8484, 0.9087, 0.8562, 0.8547, 0.7933, 0.8255]
val:   acc: 0.8871 || macc: 0.7456 || miou: 0.6739 || iou: [0.9392, 0.9788, 0.8381, 0.0, 0.4153, 0.433, 0.6398, 0.7883, 0.9058, 0.7978, 0.7084, 0.7478, 0.5683]
duration: 120.73709869384766
epoch 16:
loss: 1.0372 || cls: 0.5652
train: acc: 0.9514 || macc: 0.9263 || miou: 0.8781 || iou: [0.9674, 0.9767, 0.9153, 0.9064, 0.8, 0.8796, 0.8895, 0.8524, 0.9113, 0.8313, 0.8618, 0.7916, 0.8317]
val:   acc: 0.8917 || macc: 0.7553 || miou: 0.6642 || iou: [0.9386, 0.977, 0.8328, 0.0, 0.3423, 0.5745, 0.6549, 0.7854, 0.8757, 0.6757, 0.7479, 0.6395, 0.5904]
duration: 125.09853386878967
epoch 17:
loss: 1.0379 || cls: 0.56
train: acc: 0.9509 || macc: 0.9264 || miou: 0.8782 || iou: [0.9669, 0.9775, 0.9133, 0.9023, 0.7923, 0.8747, 0.8834, 0.8546, 0.9119, 0.8586, 0.8652, 0.7858, 0.8302]
val:   acc: 0.8929 || macc: 0.729 || miou: 0.6715 || iou: [0.9415, 0.9793, 0.8188, 0.0, 0.3212, 0.5257, 0.6531, 0.7876, 0.9101, 0.6685, 0.7606, 0.7608, 0.603]
duration: 135.93471097946167
epoch 18:
loss: 1.0345 || cls: 0.5551
train: acc: 0.9524 || macc: 0.9286 || miou: 0.8815 || iou: [0.9689, 0.9779, 0.9151, 0.9026, 0.7859, 0.8747, 0.8906, 0.8603, 0.9166, 0.8568, 0.87, 0.8044, 0.8357]
val:   acc: 0.8945 || macc: 0.7534 || miou: 0.6779 || iou: [0.9354, 0.9731, 0.8364, 0.0046, 0.4118, 0.5633, 0.6681, 0.7542, 0.9033, 0.6512, 0.7666, 0.7388, 0.606]
duration: 139.33206748962402
new best!
epoch 19:
loss: 1.0288 || cls: 0.5462
train: acc: 0.9553 || macc: 0.9341 || miou: 0.8894 || iou: [0.9688, 0.9773, 0.9205, 0.9135, 0.8132, 0.882, 0.8971, 0.866, 0.9185, 0.866, 0.8792, 0.8152, 0.8451]
val:   acc: 0.8981 || macc: 0.7485 || miou: 0.6844 || iou: [0.9367, 0.9772, 0.849, 0.0, 0.3628, 0.597, 0.6675, 0.7784, 0.9095, 0.676, 0.7657, 0.7776, 0.5993]
duration: 207.87855648994446
new best!
epoch 20:
loss: 1.0265 || cls: 0.5379
train: acc: 0.9562 || macc: 0.9354 || miou: 0.8917 || iou: [0.9691, 0.9781, 0.9226, 0.9123, 0.8349, 0.8867, 0.897, 0.8655, 0.9196, 0.8639, 0.8845, 0.8109, 0.8466]
val:   acc: 0.8901 || macc: 0.7258 || miou: 0.6622 || iou: [0.9287, 0.9785, 0.8287, 0.0, 0.2834, 0.5552, 0.6642, 0.7995, 0.9037, 0.5869, 0.7248, 0.7689, 0.5856]
duration: 211.0763771533966
epoch 21:
loss: 1.0277 || cls: 0.5412
train: acc: 0.9558 || macc: 0.935 || miou: 0.8909 || iou: [0.9695, 0.9784, 0.921, 0.918, 0.8122, 0.8853, 0.8961, 0.867, 0.9204, 0.8749, 0.8758, 0.8154, 0.8472]
val:   acc: 0.8943 || macc: 0.7413 || miou: 0.6776 || iou: [0.9406, 0.9774, 0.8236, 0.0, 0.2612, 0.5655, 0.6439, 0.7895, 0.9019, 0.7729, 0.7509, 0.765, 0.6167]
duration: 213.14979004859924
epoch 22:
loss: 1.0242 || cls: 0.5364
train: acc: 0.9573 || macc: 0.9379 || miou: 0.8952 || iou: [0.97, 0.9781, 0.9235, 0.9183, 0.8253, 0.8972, 0.8983, 0.8716, 0.9214, 0.8721, 0.8864, 0.8237, 0.8511]
val:   acc: 0.9005 || macc: 0.7555 || miou: 0.6851 || iou: [0.9393, 0.9794, 0.8361, 0.0, 0.3664, 0.5498, 0.7404, 0.7851, 0.8923, 0.7358, 0.7769, 0.6933, 0.6119]
duration: 212.19075322151184
new best!
epoch 23:
loss: 1.0253 || cls: 0.5413
train: acc: 0.957 || macc: 0.937 || miou: 0.8938 || iou: [0.9697, 0.9781, 0.9241, 0.9177, 0.8273, 0.8749, 0.8984, 0.8721, 0.9264, 0.8787, 0.8794, 0.8218, 0.8505]
val:   acc: 0.8985 || macc: 0.7609 || miou: 0.6914 || iou: [0.9427, 0.98, 0.8449, 0.0, 0.4214, 0.5816, 0.6852, 0.8019, 0.9157, 0.7541, 0.7424, 0.7277, 0.5913]
duration: 210.39054131507874
new best!
epoch 24:
loss: 1.0221 || cls: 0.5305
train: acc: 0.9583 || macc: 0.9406 || miou: 0.899 || iou: [0.9697, 0.9788, 0.9259, 0.921, 0.834, 0.8899, 0.9025, 0.8754, 0.925, 0.8925, 0.8876, 0.8322, 0.8519]
val:   acc: 0.8877 || macc: 0.7317 || miou: 0.6642 || iou: [0.942, 0.9784, 0.8052, 0.0, 0.3414, 0.473, 0.6983, 0.7861, 0.9104, 0.7135, 0.7319, 0.6574, 0.5976]
duration: 207.95295691490173
epoch 25:
loss: 1.0193 || cls: 0.5301
train: acc: 0.9596 || macc: 0.9427 || miou: 0.9019 || iou: [0.9703, 0.9788, 0.9282, 0.9198, 0.8296, 0.8936, 0.9066, 0.8761, 0.9274, 0.8993, 0.893, 0.8428, 0.8587]
val:   acc: 0.9046 || macc: 0.7714 || miou: 0.7042 || iou: [0.9455, 0.9814, 0.8355, 0.0, 0.4484, 0.5929, 0.7169, 0.8172, 0.8975, 0.7617, 0.7852, 0.7453, 0.6275]
duration: 207.20040893554688
new best!
epoch 26:
loss: 1.0223 || cls: 0.5445
train: acc: 0.9582 || macc: 0.9405 || miou: 0.8989 || iou: [0.9705, 0.9784, 0.9256, 0.9208, 0.8355, 0.8951, 0.8996, 0.8764, 0.9248, 0.8829, 0.8852, 0.8378, 0.8532]
val:   acc: 0.894 || macc: 0.7513 || miou: 0.6799 || iou: [0.9338, 0.9795, 0.8315, 0.0, 0.3968, 0.5569, 0.6827, 0.8112, 0.9067, 0.6909, 0.7452, 0.7013, 0.6023]
duration: 130.30670046806335
epoch 27:
loss: 1.0182 || cls: 0.5388
train: acc: 0.9603 || macc: 0.9433 || miou: 0.9025 || iou: [0.9709, 0.9783, 0.9308, 0.9215, 0.8466, 0.8989, 0.9098, 0.8777, 0.9218, 0.8724, 0.8927, 0.8535, 0.8578]
val:   acc: 0.9019 || macc: 0.7508 || miou: 0.6861 || iou: [0.9483, 0.9806, 0.8408, 0.0, 0.2959, 0.5761, 0.6822, 0.7919, 0.9187, 0.6955, 0.7634, 0.7946, 0.6313]
duration: 119.89926075935364
epoch 28:
loss: 1.0155 || cls: 0.532
train: acc: 0.9614 || macc: 0.9454 || miou: 0.9057 || iou: [0.9709, 0.979, 0.9306, 0.9277, 0.8406, 0.9002, 0.914, 0.8843, 0.9296, 0.89, 0.8988, 0.8455, 0.8632]
val:   acc: 0.8965 || macc: 0.744 || miou: 0.6779 || iou: [0.9371, 0.9797, 0.8297, 0.0, 0.4068, 0.5697, 0.6321, 0.7803, 0.914, 0.6685, 0.7575, 0.7177, 0.6197]
duration: 119.02510237693787
epoch 29:
loss: 1.0127 || cls: 0.5287
train: acc: 0.9628 || macc: 0.9469 || miou: 0.9093 || iou: [0.9715, 0.9792, 0.9323, 0.9243, 0.8528, 0.9047, 0.9129, 0.8858, 0.9366, 0.8889, 0.9062, 0.8561, 0.8696]
val:   acc: 0.8962 || macc: 0.7636 || miou: 0.6813 || iou: [0.94, 0.9784, 0.8439, 0.0, 0.45, 0.5883, 0.6886, 0.7889, 0.8955, 0.5988, 0.7191, 0.7544, 0.6114]
duration: 119.57883024215698
epoch 30:
loss: 1.0171 || cls: 0.5458
train: acc: 0.9606 || macc: 0.9437 || miou: 0.9032 || iou: [0.9709, 0.9794, 0.9286, 0.9256, 0.8297, 0.8941, 0.9041, 0.8835, 0.9314, 0.8882, 0.899, 0.8433, 0.8637]
val:   acc: 0.8888 || macc: 0.7737 || miou: 0.6714 || iou: [0.9336, 0.9807, 0.8168, 0.0, 0.4124, 0.5873, 0.5811, 0.7938, 0.898, 0.7474, 0.7718, 0.5809, 0.6247]
duration: 120.34880805015564
epoch 31:
loss: 1.0115 || cls: 0.5325
train: acc: 0.9633 || macc: 0.9488 || miou: 0.9114 || iou: [0.9721, 0.9794, 0.9335, 0.932, 0.8528, 0.9036, 0.9147, 0.8914, 0.9324, 0.9044, 0.9055, 0.8569, 0.8697]
val:   acc: 0.9013 || macc: 0.758 || miou: 0.6948 || iou: [0.9488, 0.9795, 0.8398, 0.0, 0.4208, 0.5938, 0.6867, 0.7827, 0.9076, 0.7849, 0.7508, 0.7134, 0.6233]
duration: 119.8951051235199
epoch 32:
loss: 1.012 || cls: 0.5405
train: acc: 0.9632 || macc: 0.947 || miou: 0.9089 || iou: [0.9727, 0.9794, 0.9342, 0.9257, 0.8587, 0.8975, 0.9165, 0.8869, 0.9328, 0.8803, 0.9033, 0.8581, 0.8698]
val:   acc: 0.9003 || macc: 0.7613 || miou: 0.6999 || iou: [0.9333, 0.9808, 0.8408, 0.0, 0.3948, 0.5809, 0.7214, 0.8236, 0.9155, 0.7662, 0.7674, 0.7782, 0.5962]
duration: 118.89514636993408
epoch 33:
loss: 1.0101 || cls: 0.5384
train: acc: 0.9638 || macc: 0.9497 || miou: 0.9128 || iou: [0.9725, 0.9794, 0.9347, 0.9281, 0.8587, 0.9079, 0.9167, 0.8899, 0.9351, 0.9119, 0.9032, 0.8557, 0.8729]
val:   acc: 0.8956 || macc: 0.7605 || miou: 0.6895 || iou: [0.9401, 0.9812, 0.8301, 0.0, 0.4199, 0.5003, 0.6695, 0.8091, 0.911, 0.7817, 0.7502, 0.7457, 0.6244]
duration: 119.02780985832214
epoch 34:
loss: 1.0076 || cls: 0.5396
train: acc: 0.9653 || macc: 0.9525 || miou: 0.9171 || iou: [0.9736, 0.9799, 0.9373, 0.9382, 0.8649, 0.903, 0.9186, 0.8962, 0.9382, 0.917, 0.9077, 0.8715, 0.8766]
val:   acc: 0.8973 || macc: 0.7578 || miou: 0.6861 || iou: [0.9396, 0.9819, 0.8413, 0.0, 0.3973, 0.5538, 0.6609, 0.7908, 0.9106, 0.7518, 0.7505, 0.729, 0.6117]
duration: 119.14371585845947
epoch 35:
loss: 1.0123 || cls: 0.5583
train: acc: 0.963 || macc: 0.9478 || miou: 0.9101 || iou: [0.9723, 0.9792, 0.9329, 0.9281, 0.8482, 0.9022, 0.9121, 0.8908, 0.9354, 0.9025, 0.9031, 0.8541, 0.871]
val:   acc: 0.9027 || macc: 0.7698 || miou: 0.7033 || iou: [0.9454, 0.9817, 0.838, 0.0, 0.3807, 0.6182, 0.6547, 0.8178, 0.92, 0.8276, 0.7726, 0.7564, 0.6299]
duration: 120.35325288772583
epoch 36:
loss: 1.0037 || cls: 0.529
train: acc: 0.967 || macc: 0.9553 || miou: 0.9216 || iou: [0.9731, 0.9803, 0.9396, 0.9402, 0.8683, 0.9153, 0.9217, 0.8985, 0.9419, 0.9229, 0.9179, 0.8772, 0.8837]
val:   acc: 0.8992 || macc: 0.7652 || miou: 0.6927 || iou: [0.9369, 0.9805, 0.8434, 0.0, 0.4071, 0.5818, 0.6831, 0.809, 0.9157, 0.763, 0.7627, 0.7283, 0.5934]
duration: 120.66997218132019
epoch 37:
loss: 1.0089 || cls: 0.5552
train: acc: 0.9645 || macc: 0.951 || miou: 0.915 || iou: [0.9716, 0.9798, 0.936, 0.9304, 0.8591, 0.9068, 0.9164, 0.8956, 0.939, 0.9143, 0.909, 0.8623, 0.8751]
val:   acc: 0.9017 || macc: 0.7735 || miou: 0.7017 || iou: [0.9372, 0.9801, 0.8444, 0.0, 0.4257, 0.5922, 0.7299, 0.8149, 0.9076, 0.7197, 0.7516, 0.7901, 0.6286]
duration: 119.3239152431488
epoch 38:
loss: 1.0082 || cls: 0.56
train: acc: 0.9649 || macc: 0.9508 || miou: 0.9145 || iou: [0.9732, 0.9797, 0.9364, 0.9294, 0.8563, 0.909, 0.9172, 0.8951, 0.9381, 0.9176, 0.9077, 0.8512, 0.8776]
val:   acc: 0.9009 || macc: 0.7553 || miou: 0.6956 || iou: [0.9445, 0.9804, 0.8391, 0.0, 0.3635, 0.5731, 0.7015, 0.8146, 0.9146, 0.7469, 0.757, 0.793, 0.6138]
duration: 119.57367253303528
epoch 39:
loss: 0.9996 || cls: 0.5288
train: acc: 0.9687 || macc: 0.9583 || miou: 0.9266 || iou: [0.9742, 0.9808, 0.942, 0.9388, 0.8781, 0.9182, 0.9239, 0.9056, 0.9448, 0.938, 0.9257, 0.8856, 0.89]
val:   acc: 0.9003 || macc: 0.7641 || miou: 0.7031 || iou: [0.9432, 0.9803, 0.8403, 0.0, 0.4022, 0.5734, 0.7241, 0.8143, 0.9119, 0.8179, 0.7385, 0.7741, 0.6199]
duration: 120.00364327430725
epoch 40:
loss: 1.0044 || cls: 0.5543
train: acc: 0.9666 || macc: 0.9546 || miou: 0.9202 || iou: [0.9738, 0.9806, 0.9396, 0.9394, 0.8712, 0.9129, 0.9222, 0.8995, 0.9373, 0.9136, 0.9151, 0.8762, 0.8809]
val:   acc: 0.9019 || macc: 0.7441 || miou: 0.6834 || iou: [0.9408, 0.9811, 0.8465, 0.0, 0.2964, 0.5843, 0.6807, 0.8058, 0.8961, 0.6579, 0.7642, 0.811, 0.6196]
duration: 119.66313862800598
epoch 41:
loss: 1.0006 || cls: 0.5454
train: acc: 0.9683 || macc: 0.9571 || miou: 0.9247 || iou: [0.9742, 0.9808, 0.9417, 0.9376, 0.8714, 0.9218, 0.9285, 0.9025, 0.9439, 0.9261, 0.9204, 0.8837, 0.8885]
val:   acc: 0.9026 || macc: 0.7384 || miou: 0.6832 || iou: [0.9438, 0.9825, 0.837, 0.0, 0.3329, 0.5707, 0.7086, 0.8208, 0.9244, 0.5892, 0.775, 0.7645, 0.6323]
duration: 119.4061975479126
epoch 42:
loss: 1.0008 || cls: 0.5473
train: acc: 0.9683 || macc: 0.9574 || miou: 0.9248 || iou: [0.9741, 0.9807, 0.9428, 0.9373, 0.8753, 0.9113, 0.9235, 0.9048, 0.9456, 0.9339, 0.9201, 0.8845, 0.8883]
val:   acc: 0.9035 || macc: 0.7693 || miou: 0.7062 || iou: [0.9434, 0.9817, 0.8513, 0.0, 0.4376, 0.5957, 0.7036, 0.793, 0.9122, 0.8089, 0.753, 0.771, 0.6294]
duration: 119.64432120323181
new best!
epoch 43:
loss: 0.9987 || cls: 0.5443
train: acc: 0.9693 || macc: 0.9584 || miou: 0.9264 || iou: [0.9746, 0.9811, 0.9442, 0.9388, 0.8799, 0.9233, 0.9335, 0.9068, 0.9443, 0.9224, 0.9234, 0.881, 0.8901]
val:   acc: 0.9011 || macc: 0.7451 || miou: 0.6862 || iou: [0.9319, 0.9816, 0.8322, 0.0, 0.2984, 0.5844, 0.7404, 0.8092, 0.9148, 0.6872, 0.7829, 0.7486, 0.6085]
duration: 120.4080262184143
epoch 44:
loss: 1.0006 || cls: 0.5598
train: acc: 0.9684 || macc: 0.957 || miou: 0.9242 || iou: [0.9742, 0.9808, 0.9421, 0.9416, 0.8679, 0.9198, 0.9268, 0.9045, 0.9437, 0.9271, 0.9188, 0.8772, 0.8898]
val:   acc: 0.9071 || macc: 0.7631 || miou: 0.7003 || iou: [0.9454, 0.9825, 0.8538, 0.0, 0.4375, 0.5815, 0.7169, 0.7933, 0.9121, 0.6975, 0.7943, 0.7682, 0.6209]
duration: 119.14750909805298
epoch 45:
loss: 0.9991 || cls: 0.5626
train: acc: 0.9689 || macc: 0.9586 || miou: 0.9266 || iou: [0.9744, 0.9811, 0.9423, 0.9423, 0.8689, 0.9216, 0.929, 0.9081, 0.946, 0.9305, 0.9257, 0.8865, 0.8897]
val:   acc: 0.9031 || macc: 0.7685 || miou: 0.7056 || iou: [0.9452, 0.9809, 0.8424, 0.0, 0.4266, 0.5684, 0.7229, 0.8126, 0.9194, 0.7827, 0.7556, 0.7921, 0.624]
duration: 118.8577630519867
epoch 46:
loss: 1.0006 || cls: 0.5728
train: acc: 0.9682 || macc: 0.9568 || miou: 0.9242 || iou: [0.9734, 0.9808, 0.9421, 0.9329, 0.8795, 0.9221, 0.9257, 0.9067, 0.943, 0.9186, 0.9207, 0.8812, 0.8879]
val:   acc: 0.9028 || macc: 0.7503 || miou: 0.6908 || iou: [0.9451, 0.9822, 0.8433, 0.0, 0.3161, 0.5279, 0.7037, 0.8165, 0.9211, 0.7762, 0.7737, 0.7518, 0.6223]
duration: 138.40645575523376
epoch 47:
loss: 0.9968 || cls: 0.5601
train: acc: 0.9701 || macc: 0.9599 || miou: 0.929 || iou: [0.9752, 0.9813, 0.9448, 0.9446, 0.8835, 0.9167, 0.9254, 0.9121, 0.9456, 0.9276, 0.9299, 0.8942, 0.896]
val:   acc: 0.9059 || macc: 0.7604 || miou: 0.7026 || iou: [0.9381, 0.9815, 0.8455, 0.0, 0.3779, 0.569, 0.7393, 0.8298, 0.9186, 0.7842, 0.787, 0.7297, 0.6328]
duration: 142.37093210220337
epoch 48:
loss: 0.9941 || cls: 0.5506
train: acc: 0.9714 || macc: 0.963 || miou: 0.9335 || iou: [0.9754, 0.9818, 0.9475, 0.9469, 0.895, 0.9315, 0.9343, 0.9124, 0.9483, 0.9443, 0.9297, 0.8905, 0.8979]
val:   acc: 0.9022 || macc: 0.7601 || miou: 0.6941 || iou: [0.9431, 0.981, 0.8396, 0.0, 0.5101, 0.5571, 0.6901, 0.8044, 0.9182, 0.7088, 0.7685, 0.6852, 0.6178]
duration: 149.08136701583862
epoch 49:
loss: 0.999 || cls: 0.5778
train: acc: 0.969 || macc: 0.9584 || miou: 0.9269 || iou: [0.9741, 0.9798, 0.9445, 0.9442, 0.8801, 0.9224, 0.9271, 0.9076, 0.9411, 0.9241, 0.9231, 0.8937, 0.8879]
val:   acc: 0.9016 || macc: 0.7608 || miou: 0.6935 || iou: [0.9396, 0.9823, 0.8346, 0.0, 0.3943, 0.5482, 0.6982, 0.8176, 0.9205, 0.7337, 0.7838, 0.7295, 0.6327]
duration: 144.46685075759888
epoch 50:
loss: 0.9944 || cls: 0.5686
train: acc: 0.9711 || macc: 0.962 || miou: 0.9321 || iou: [0.9745, 0.9815, 0.9474, 0.9428, 0.89, 0.9278, 0.9349, 0.9126, 0.9496, 0.941, 0.9302, 0.8873, 0.8981]
val:   acc: 0.9045 || macc: 0.7725 || miou: 0.7114 || iou: [0.9469, 0.9813, 0.8361, 0.0, 0.4894, 0.5761, 0.7865, 0.8149, 0.913, 0.7307, 0.765, 0.7807, 0.6275]
duration: 141.81736016273499
new best!
epoch 51:
loss: 0.9909 || cls: 0.5517
train: acc: 0.9728 || macc: 0.9641 || miou: 0.9355 || iou: [0.976, 0.982, 0.9499, 0.9422, 0.8968, 0.9343, 0.9377, 0.9186, 0.95, 0.9397, 0.936, 0.8958, 0.903]
val:   acc: 0.908 || macc: 0.7842 || miou: 0.7167 || iou: [0.9415, 0.9817, 0.8638, 0.0, 0.5203, 0.597, 0.7352, 0.8132, 0.9168, 0.7722, 0.7742, 0.7887, 0.613]
duration: 141.40608191490173
new best!
epoch 52:
loss: 0.9921 || cls: 0.5643
train: acc: 0.9722 || macc: 0.9638 || miou: 0.9351 || iou: [0.9756, 0.9821, 0.9498, 0.9486, 0.8949, 0.9283, 0.9368, 0.9134, 0.9498, 0.9444, 0.9305, 0.9001, 0.9014]
val:   acc: 0.9088 || macc: 0.7792 || miou: 0.7132 || iou: [0.9461, 0.982, 0.8595, 0.0, 0.5036, 0.5518, 0.7027, 0.8286, 0.9185, 0.7834, 0.7826, 0.7799, 0.6334]
duration: 144.3260154724121
epoch 53:
loss: 0.9913 || cls: 0.5685
train: acc: 0.9727 || macc: 0.9641 || miou: 0.9357 || iou: [0.9764, 0.9822, 0.9492, 0.947, 0.8853, 0.9319, 0.9343, 0.9175, 0.9515, 0.9438, 0.9345, 0.9053, 0.9049]
val:   acc: 0.909 || macc: 0.7873 || miou: 0.7174 || iou: [0.9396, 0.9816, 0.8554, 0.0, 0.5285, 0.6057, 0.7375, 0.8078, 0.9222, 0.7833, 0.7834, 0.7605, 0.6212]
duration: 140.81670880317688
new best!
epoch 54:
loss: 0.9911 || cls: 0.5759
train: acc: 0.9727 || macc: 0.9647 || miou: 0.9362 || iou: [0.9761, 0.9823, 0.9496, 0.9495, 0.8987, 0.929, 0.9344, 0.9174, 0.9518, 0.9384, 0.9371, 0.9046, 0.9019]
val:   acc: 0.9064 || macc: 0.7691 || miou: 0.701 || iou: [0.9383, 0.9819, 0.8543, 0.0, 0.4252, 0.5654, 0.6774, 0.8244, 0.918, 0.7736, 0.7895, 0.7384, 0.6266]
duration: 144.17083263397217
epoch 55:
loss: 0.9895 || cls: 0.5741
train: acc: 0.9735 || macc: 0.9653 || miou: 0.9373 || iou: [0.9764, 0.9824, 0.9507, 0.9477, 0.8922, 0.9297, 0.9379, 0.9206, 0.9528, 0.944, 0.9374, 0.9064, 0.9073]
val:   acc: 0.9108 || macc: 0.7623 || miou: 0.699 || iou: [0.9428, 0.9816, 0.8628, 0.0, 0.4629, 0.5907, 0.7187, 0.7976, 0.9182, 0.5932, 0.7935, 0.7783, 0.6466]
duration: 146.24225640296936
epoch 56:
loss: 0.986 || cls: 0.5554
train: acc: 0.9752 || macc: 0.9677 || miou: 0.9414 || iou: [0.9768, 0.9831, 0.9546, 0.9526, 0.9015, 0.9368, 0.947, 0.9241, 0.9541, 0.9378, 0.9419, 0.9169, 0.9108]
val:   acc: 0.9068 || macc: 0.7684 || miou: 0.7082 || iou: [0.9443, 0.9819, 0.8464, 0.0, 0.4839, 0.564, 0.6872, 0.8278, 0.92, 0.7518, 0.7816, 0.7788, 0.6386]
duration: 132.13744378089905
epoch 57:
loss: 0.9886 || cls: 0.5714
train: acc: 0.9738 || macc: 0.9659 || miou: 0.9387 || iou: [0.9775, 0.9826, 0.9517, 0.9512, 0.9005, 0.9335, 0.9378, 0.9221, 0.9533, 0.9468, 0.9364, 0.9019, 0.9077]
val:   acc: 0.8986 || macc: 0.7548 || miou: 0.6891 || iou: [0.9429, 0.9824, 0.8456, 0.0, 0.3981, 0.5829, 0.6663, 0.8134, 0.9091, 0.7236, 0.7369, 0.7457, 0.6118]
duration: 120.207763671875
epoch 58:
loss: 0.9871 || cls: 0.5752
train: acc: 0.9746 || macc: 0.9673 || miou: 0.9409 || iou: [0.9764, 0.9827, 0.954, 0.9497, 0.9039, 0.9348, 0.9458, 0.9229, 0.9547, 0.9503, 0.9388, 0.9095, 0.9081]
val:   acc: 0.9087 || macc: 0.7756 || miou: 0.716 || iou: [0.942, 0.9828, 0.8526, 0.0, 0.4346, 0.5947, 0.736, 0.8151, 0.9269, 0.7961, 0.775, 0.8147, 0.6373]
duration: 120.61199617385864
epoch 59:
loss: 0.9853 || cls: 0.5661
train: acc: 0.9754 || macc: 0.9685 || miou: 0.9427 || iou: [0.9774, 0.983, 0.9545, 0.9526, 0.9026, 0.9387, 0.9446, 0.9251, 0.9569, 0.9528, 0.9437, 0.9109, 0.9122]
val:   acc: 0.9012 || macc: 0.7594 || miou: 0.7009 || iou: [0.9409, 0.982, 0.8425, 0.0, 0.4095, 0.5985, 0.6929, 0.8052, 0.9185, 0.8111, 0.7732, 0.7233, 0.614]
duration: 120.01784682273865
epoch 60:
loss: 0.9849 || cls: 0.5711
train: acc: 0.9757 || macc: 0.9688 || miou: 0.9435 || iou: [0.9774, 0.9828, 0.9553, 0.9514, 0.9046, 0.9405, 0.9445, 0.9277, 0.957, 0.9504, 0.9438, 0.9169, 0.9136]
val:   acc: 0.9107 || macc: 0.7798 || miou: 0.7159 || iou: [0.9414, 0.9822, 0.8523, 0.0001, 0.4825, 0.5675, 0.7133, 0.8286, 0.9197, 0.7689, 0.804, 0.7783, 0.6684]
duration: 120.86898875236511
epoch 61:
loss: 0.9847 || cls: 0.5771
train: acc: 0.9757 || macc: 0.9691 || miou: 0.9438 || iou: [0.9779, 0.9828, 0.955, 0.9525, 0.9057, 0.9398, 0.9465, 0.9264, 0.9557, 0.9555, 0.9429, 0.9147, 0.9139]
val:   acc: 0.91 || macc: 0.7735 || miou: 0.7147 || iou: [0.949, 0.982, 0.8562, 0.0, 0.4623, 0.5912, 0.6937, 0.8275, 0.927, 0.7881, 0.7824, 0.7785, 0.6533]
duration: 119.61611270904541
epoch 62:
loss: 0.9821 || cls: 0.5648
train: acc: 0.9769 || macc: 0.9706 || miou: 0.9464 || iou: [0.9779, 0.9838, 0.957, 0.9536, 0.9082, 0.9424, 0.9468, 0.9315, 0.9586, 0.9532, 0.9481, 0.9228, 0.9188]
val:   acc: 0.8988 || macc: 0.7703 || miou: 0.6944 || iou: [0.9421, 0.9823, 0.8349, 0.0, 0.4915, 0.5383, 0.6265, 0.8142, 0.9222, 0.7951, 0.7649, 0.6958, 0.6199]
duration: 119.6013696193695
epoch 63:
loss: 0.984 || cls: 0.5838
train: acc: 0.9761 || macc: 0.9676 || miou: 0.942 || iou: [0.9773, 0.9831, 0.9568, 0.9524, 0.914, 0.9435, 0.9491, 0.9265, 0.9555, 0.9136, 0.945, 0.9159, 0.9137]
val:   acc: 0.9103 || macc: 0.7727 || miou: 0.7133 || iou: [0.9487, 0.9826, 0.8595, 0.0, 0.5107, 0.5647, 0.7094, 0.824, 0.9221, 0.7573, 0.7887, 0.7638, 0.6419]
duration: 119.73340201377869
epoch 64:
loss: 0.9829 || cls: 0.5821
train: acc: 0.9765 || macc: 0.9698 || miou: 0.9448 || iou: [0.9782, 0.9837, 0.9565, 0.9533, 0.9095, 0.9364, 0.9472, 0.9287, 0.9575, 0.9513, 0.9448, 0.9183, 0.9175]
val:   acc: 0.8887 || macc: 0.7416 || miou: 0.6478 || iou: [0.9421, 0.9824, 0.8331, 0.0, 0.4724, 0.4035, 0.6246, 0.7898, 0.902, 0.6614, 0.769, 0.4259, 0.6152]
duration: 118.9194564819336
epoch 65:
loss: 0.9835 || cls: 0.5988
train: acc: 0.9764 || macc: 0.9694 || miou: 0.9445 || iou: [0.9773, 0.9838, 0.9565, 0.9532, 0.9046, 0.9336, 0.9491, 0.9311, 0.9579, 0.9565, 0.9464, 0.9128, 0.9164]
val:   acc: 0.9086 || macc: 0.7707 || miou: 0.7081 || iou: [0.9485, 0.982, 0.8565, 0.0, 0.5073, 0.5677, 0.6588, 0.8238, 0.9135, 0.7585, 0.7919, 0.7615, 0.636]
duration: 120.64841723442078
epoch 66:
loss: 0.9805 || cls: 0.5761
train: acc: 0.9777 || macc: 0.972 || miou: 0.9489 || iou: [0.9787, 0.9839, 0.9581, 0.955, 0.9134, 0.9453, 0.948, 0.9342, 0.9608, 0.9584, 0.9512, 0.9279, 0.9207]
val:   acc: 0.9116 || macc: 0.7751 || miou: 0.7143 || iou: [0.9457, 0.9817, 0.8601, 0.0, 0.4565, 0.5784, 0.7222, 0.8175, 0.9181, 0.7921, 0.7994, 0.7624, 0.6517]
duration: 119.3506371974945
epoch 67:
loss: 0.9787 || cls: 0.5669
train: acc: 0.9785 || macc: 0.9731 || miou: 0.9507 || iou: [0.9789, 0.9838, 0.9602, 0.9547, 0.9209, 0.9472, 0.9526, 0.9349, 0.9611, 0.9589, 0.9523, 0.9296, 0.9237]
val:   acc: 0.9123 || macc: 0.7794 || miou: 0.717 || iou: [0.9488, 0.9824, 0.8608, 0.0, 0.5021, 0.5863, 0.707, 0.8153, 0.9234, 0.779, 0.7948, 0.7627, 0.6588]
duration: 119.82409763336182
epoch 68:
loss: 0.9789 || cls: 0.5811
train: acc: 0.9784 || macc: 0.9726 || miou: 0.9499 || iou: [0.9788, 0.9841, 0.9601, 0.9594, 0.9132, 0.9469, 0.9521, 0.9361, 0.9602, 0.9571, 0.9516, 0.9262, 0.923]
val:   acc: 0.9123 || macc: 0.7765 || miou: 0.7199 || iou: [0.9485, 0.9828, 0.858, 0.0, 0.4919, 0.5619, 0.7374, 0.8195, 0.9212, 0.8194, 0.7933, 0.7704, 0.6544]
duration: 118.88127851486206
new best!
epoch 69:
loss: 0.9783 || cls: 0.5722
train: acc: 0.9787 || macc: 0.9733 || miou: 0.9509 || iou: [0.9789, 0.9843, 0.9602, 0.9551, 0.9204, 0.9461, 0.9512, 0.9364, 0.9628, 0.959, 0.9538, 0.9292, 0.9247]
val:   acc: 0.9093 || macc: 0.7754 || miou: 0.7155 || iou: [0.9402, 0.9825, 0.8542, 0.0, 0.4603, 0.5881, 0.7043, 0.8188, 0.9268, 0.8219, 0.7924, 0.7614, 0.6499]
duration: 120.22655963897705
epoch 70:
loss: 0.9778 || cls: 0.5785
train: acc: 0.979 || macc: 0.9742 || miou: 0.9521 || iou: [0.9791, 0.9846, 0.9611, 0.9553, 0.9225, 0.949, 0.9527, 0.9377, 0.9633, 0.96, 0.9516, 0.9348, 0.9251]
val:   acc: 0.9111 || macc: 0.7813 || miou: 0.722 || iou: [0.9434, 0.983, 0.8553, 0.0, 0.5014, 0.5898, 0.7613, 0.8215, 0.93, 0.7878, 0.7931, 0.7764, 0.6431]
duration: 118.74145150184631
new best!
epoch 71:
loss: 0.9767 || cls: 0.5746
train: acc: 0.9795 || macc: 0.9744 || miou: 0.9528 || iou: [0.9797, 0.9846, 0.962, 0.9594, 0.9227, 0.9502, 0.9546, 0.938, 0.9625, 0.9633, 0.9544, 0.9289, 0.9265]
val:   acc: 0.91 || macc: 0.7744 || miou: 0.7151 || iou: [0.9482, 0.9828, 0.8458, 0.0, 0.4852, 0.5614, 0.7401, 0.8203, 0.9257, 0.7598, 0.7893, 0.7809, 0.6562]
duration: 119.89862132072449
epoch 72:
loss: 0.9756 || cls: 0.5745
train: acc: 0.98 || macc: 0.9754 || miou: 0.9543 || iou: [0.9798, 0.9848, 0.9626, 0.9609, 0.9222, 0.9508, 0.9572, 0.9395, 0.9638, 0.9646, 0.9564, 0.9348, 0.9288]
val:   acc: 0.9094 || macc: 0.7766 || miou: 0.7177 || iou: [0.9443, 0.9828, 0.8521, 0.0, 0.4715, 0.5749, 0.7204, 0.817, 0.9242, 0.8298, 0.7938, 0.7796, 0.6397]
duration: 119.09110832214355
epoch 73:
loss: 0.9754 || cls: 0.5733
train: acc: 0.9801 || macc: 0.9753 || miou: 0.9543 || iou: [0.9795, 0.9848, 0.9634, 0.961, 0.9231, 0.9491, 0.9566, 0.9401, 0.9651, 0.9645, 0.9562, 0.9337, 0.9285]
val:   acc: 0.9098 || macc: 0.7712 || miou: 0.7149 || iou: [0.9413, 0.9826, 0.8602, 0.0, 0.46, 0.5976, 0.7108, 0.8258, 0.9271, 0.7868, 0.7821, 0.7752, 0.644]
duration: 118.99039340019226
epoch 74:
loss: 0.9746 || cls: 0.5727
train: acc: 0.9805 || macc: 0.9755 || miou: 0.9547 || iou: [0.9805, 0.9848, 0.9638, 0.9605, 0.9227, 0.9507, 0.9581, 0.9406, 0.9639, 0.9624, 0.9571, 0.9345, 0.9311]
val:   acc: 0.9075 || macc: 0.7797 || miou: 0.7186 || iou: [0.9426, 0.9832, 0.8487, 0.0, 0.481, 0.5891, 0.7408, 0.8345, 0.9242, 0.8127, 0.7787, 0.7784, 0.628]
duration: 120.30707383155823
epoch 75:
loss: 0.9745 || cls: 0.573
train: acc: 0.9805 || macc: 0.9757 || miou: 0.9552 || iou: [0.9801, 0.985, 0.9639, 0.9591, 0.9267, 0.9523, 0.9572, 0.9409, 0.9646, 0.9641, 0.958, 0.9341, 0.9311]
val:   acc: 0.9088 || macc: 0.7746 || miou: 0.716 || iou: [0.9414, 0.9828, 0.8551, 0.0, 0.4299, 0.5993, 0.7486, 0.816, 0.9256, 0.821, 0.7809, 0.7776, 0.6294]
duration: 119.80283546447754
epoch 76:
loss: 0.9733 || cls: 0.5735
train: acc: 0.9811 || macc: 0.977 || miou: 0.9573 || iou: [0.9806, 0.9853, 0.9649, 0.9622, 0.929, 0.9552, 0.9572, 0.943, 0.9659, 0.9712, 0.9593, 0.9384, 0.9327]
val:   acc: 0.9101 || macc: 0.778 || miou: 0.719 || iou: [0.9375, 0.9829, 0.8608, 0.0, 0.4923, 0.5821, 0.7689, 0.812, 0.9256, 0.7884, 0.7843, 0.7799, 0.632]
duration: 120.24162983894348
epoch 77:
loss: 0.9733 || cls: 0.5755
train: acc: 0.9811 || macc: 0.9767 || miou: 0.9565 || iou: [0.9806, 0.9851, 0.965, 0.9638, 0.9301, 0.9534, 0.9592, 0.9428, 0.9655, 0.9604, 0.958, 0.9378, 0.9327]
val:   acc: 0.912 || macc: 0.7778 || miou: 0.7238 || iou: [0.9435, 0.983, 0.857, 0.0, 0.4792, 0.5911, 0.7547, 0.8249, 0.9278, 0.8206, 0.7918, 0.7913, 0.6441]
duration: 120.11795854568481
new best!
epoch 78:
loss: 0.9722 || cls: 0.5705
train: acc: 0.9816 || macc: 0.9776 || miou: 0.9581 || iou: [0.9809, 0.9855, 0.9658, 0.9618, 0.9307, 0.9544, 0.9605, 0.9446, 0.9672, 0.9689, 0.9606, 0.9407, 0.9343]
val:   acc: 0.9124 || macc: 0.7763 || miou: 0.7191 || iou: [0.9457, 0.9828, 0.8578, 0.0, 0.466, 0.5944, 0.7453, 0.8219, 0.9282, 0.7985, 0.7958, 0.7645, 0.6468]
duration: 119.88160634040833
epoch 79:
loss: 0.9727 || cls: 0.5715
train: acc: 0.9814 || macc: 0.9767 || miou: 0.9564 || iou: [0.9805, 0.9854, 0.9656, 0.9633, 0.9317, 0.9548, 0.9601, 0.9446, 0.9663, 0.9567, 0.9619, 0.9293, 0.9336]
val:   acc: 0.9126 || macc: 0.7824 || miou: 0.7254 || iou: [0.9451, 0.983, 0.8583, 0.0, 0.5288, 0.5868, 0.7454, 0.8214, 0.9295, 0.8125, 0.7939, 0.7783, 0.6475]
duration: 119.56322836875916
new best!
epoch 80:
loss: 0.9718 || cls: 0.571
train: acc: 0.9818 || macc: 0.9778 || miou: 0.9586 || iou: [0.9805, 0.9853, 0.9664, 0.9647, 0.9308, 0.9562, 0.9617, 0.9456, 0.9672, 0.9683, 0.961, 0.9401, 0.9347]
val:   acc: 0.9138 || macc: 0.7821 || miou: 0.7244 || iou: [0.9453, 0.983, 0.8602, 0.0, 0.5172, 0.5827, 0.7494, 0.8185, 0.9271, 0.7969, 0.7938, 0.7842, 0.6587]
duration: 118.97060441970825
epoch 81:
loss: 0.9706 || cls: 0.5693
train: acc: 0.9825 || macc: 0.9788 || miou: 0.9603 || iou: [0.9817, 0.9859, 0.9675, 0.9655, 0.9355, 0.9567, 0.9624, 0.9464, 0.9686, 0.9706, 0.9624, 0.9438, 0.9369]
val:   acc: 0.9135 || macc: 0.7852 || miou: 0.7279 || iou: [0.9418, 0.9833, 0.8619, 0.0, 0.5196, 0.5984, 0.728, 0.813, 0.9252, 0.8422, 0.7984, 0.8013, 0.6495]
duration: 119.20899629592896
new best!
epoch 82:
loss: 0.9701 || cls: 0.5641
train: acc: 0.9827 || macc: 0.9791 || miou: 0.9606 || iou: [0.9818, 0.9857, 0.9678, 0.9651, 0.935, 0.9577, 0.9632, 0.9479, 0.9684, 0.9677, 0.9635, 0.9466, 0.938]
val:   acc: 0.9132 || macc: 0.7862 || miou: 0.7271 || iou: [0.9422, 0.9833, 0.8644, 0.0, 0.537, 0.5857, 0.7292, 0.8246, 0.9301, 0.8194, 0.7974, 0.7889, 0.6496]
duration: 120.01363587379456
epoch 83:
loss: 0.9702 || cls: 0.567
train: acc: 0.9826 || macc: 0.979 || miou: 0.9605 || iou: [0.9814, 0.9859, 0.9677, 0.9644, 0.9348, 0.9585, 0.9616, 0.9477, 0.9685, 0.9695, 0.9634, 0.9457, 0.9381]
val:   acc: 0.914 || macc: 0.7851 || miou: 0.7273 || iou: [0.943, 0.9834, 0.8649, 0.0, 0.5484, 0.5871, 0.7449, 0.8227, 0.9317, 0.8006, 0.7969, 0.7817, 0.6497]
duration: 119.79518938064575
epoch 84:
loss: 0.9694 || cls: 0.5651
train: acc: 0.983 || macc: 0.9795 || miou: 0.9613 || iou: [0.9817, 0.9859, 0.9687, 0.9653, 0.9356, 0.9583, 0.9661, 0.9478, 0.9687, 0.9703, 0.9633, 0.9468, 0.9387]
val:   acc: 0.9133 || macc: 0.7815 || miou: 0.7228 || iou: [0.9432, 0.9833, 0.8634, 0.0, 0.5043, 0.5632, 0.757, 0.8173, 0.927, 0.8048, 0.7982, 0.7892, 0.6452]
duration: 119.82614731788635
epoch 85:
loss: 0.969 || cls: 0.5641
train: acc: 0.9832 || macc: 0.9797 || miou: 0.9619 || iou: [0.9818, 0.986, 0.969, 0.967, 0.9365, 0.9587, 0.9653, 0.9489, 0.9694, 0.9724, 0.9649, 0.946, 0.9393]
val:   acc: 0.9122 || macc: 0.7835 || miou: 0.7239 || iou: [0.9439, 0.9836, 0.8598, 0.0, 0.4876, 0.5825, 0.7265, 0.8251, 0.9308, 0.8394, 0.7964, 0.7816, 0.6533]
duration: 120.13573503494263
epoch 86:
loss: 0.9688 || cls: 0.5647
train: acc: 0.9832 || macc: 0.9799 || miou: 0.9622 || iou: [0.9817, 0.986, 0.9688, 0.9666, 0.9365, 0.9593, 0.9646, 0.9494, 0.9693, 0.972, 0.9659, 0.9488, 0.9401]
val:   acc: 0.9136 || macc: 0.7822 || miou: 0.7251 || iou: [0.9453, 0.9833, 0.8611, 0.0, 0.504, 0.5829, 0.7441, 0.824, 0.9329, 0.8311, 0.794, 0.7684, 0.655]
duration: 119.18661761283875
epoch 87:
loss: 0.9689 || cls: 0.565
train: acc: 0.9832 || macc: 0.9799 || miou: 0.9623 || iou: [0.9815, 0.9862, 0.969, 0.9673, 0.9365, 0.9593, 0.9654, 0.949, 0.9695, 0.9713, 0.9658, 0.9498, 0.9394]
val:   acc: 0.9133 || macc: 0.7841 || miou: 0.7253 || iou: [0.9445, 0.9834, 0.8598, 0.0, 0.5217, 0.5911, 0.731, 0.8224, 0.932, 0.8089, 0.7945, 0.7824, 0.657]
duration: 120.15578007698059
epoch 88:
loss: 0.9682 || cls: 0.5621
train: acc: 0.9836 || macc: 0.9804 || miou: 0.9629 || iou: [0.9818, 0.9861, 0.9697, 0.9678, 0.9364, 0.9607, 0.9665, 0.9496, 0.9698, 0.9726, 0.9661, 0.9491, 0.9411]
val:   acc: 0.9136 || macc: 0.7812 || miou: 0.7229 || iou: [0.9427, 0.9837, 0.8598, 0.0, 0.4913, 0.5911, 0.7504, 0.8252, 0.9336, 0.796, 0.7995, 0.7713, 0.6537]
duration: 119.9402825832367
epoch 89:
loss: 0.968 || cls: 0.5634
train: acc: 0.9837 || macc: 0.9805 || miou: 0.9631 || iou: [0.9821, 0.9863, 0.9699, 0.968, 0.9383, 0.96, 0.966, 0.9509, 0.9703, 0.9723, 0.966, 0.949, 0.9417]
val:   acc: 0.9139 || macc: 0.7817 || miou: 0.7237 || iou: [0.9451, 0.9831, 0.8606, 0.0, 0.5196, 0.5865, 0.7391, 0.8224, 0.9296, 0.7984, 0.7965, 0.7702, 0.6565]
duration: 119.41335773468018
epoch 90:
loss: 0.9675 || cls: 0.5661
train: acc: 0.9839 || macc: 0.9808 || miou: 0.9637 || iou: [0.9826, 0.9862, 0.9704, 0.9672, 0.9392, 0.9609, 0.9671, 0.9508, 0.9699, 0.9738, 0.9669, 0.9515, 0.9423]
val:   acc: 0.9142 || macc: 0.7847 || miou: 0.7275 || iou: [0.9448, 0.9832, 0.8621, 0.0, 0.526, 0.585, 0.7466, 0.8298, 0.9317, 0.8131, 0.7934, 0.7881, 0.6543]
duration: 120.67786812782288
epoch 91:
loss: 0.968 || cls: 0.5628
train: acc: 0.9837 || macc: 0.9806 || miou: 0.9633 || iou: [0.9821, 0.9863, 0.9698, 0.9681, 0.9383, 0.9619, 0.9658, 0.9509, 0.9702, 0.9727, 0.9656, 0.9503, 0.9414]
val:   acc: 0.9147 || macc: 0.7892 || miou: 0.7307 || iou: [0.9444, 0.9835, 0.8608, 0.0, 0.5394, 0.5831, 0.7469, 0.8266, 0.9338, 0.8412, 0.8003, 0.7824, 0.6565]
duration: 120.30537366867065
new best!
epoch 92:
loss: 0.9674 || cls: 0.5622
train: acc: 0.9839 || macc: 0.981 || miou: 0.964 || iou: [0.9824, 0.9863, 0.9704, 0.9684, 0.9394, 0.9615, 0.9672, 0.9512, 0.9706, 0.9743, 0.9669, 0.9519, 0.9421]
val:   acc: 0.9144 || macc: 0.7831 || miou: 0.7275 || iou: [0.9457, 0.9836, 0.8617, 0.0, 0.5149, 0.5837, 0.7454, 0.8271, 0.9329, 0.8268, 0.7966, 0.7821, 0.657]
duration: 119.28279256820679
epoch 93:
loss: 0.9674 || cls: 0.5636
train: acc: 0.984 || macc: 0.9806 || miou: 0.9636 || iou: [0.9823, 0.9864, 0.9704, 0.9688, 0.939, 0.9617, 0.9671, 0.9509, 0.9705, 0.9709, 0.9671, 0.9501, 0.9422]
val:   acc: 0.9145 || macc: 0.7835 || miou: 0.7276 || iou: [0.9448, 0.9835, 0.8616, 0.0, 0.5201, 0.5832, 0.7476, 0.8248, 0.9302, 0.8123, 0.7989, 0.7955, 0.657]
duration: 120.8871603012085
epoch 94:
loss: 0.9672 || cls: 0.5612
train: acc: 0.9841 || macc: 0.9809 || miou: 0.9641 || iou: [0.9823, 0.9865, 0.9707, 0.9685, 0.9395, 0.9625, 0.9679, 0.9515, 0.9704, 0.9729, 0.9672, 0.9504, 0.9426]
val:   acc: 0.9151 || macc: 0.7881 || miou: 0.73 || iou: [0.9452, 0.9834, 0.8623, 0.0, 0.5311, 0.5832, 0.7501, 0.8292, 0.9328, 0.8289, 0.7988, 0.7857, 0.6592]
duration: 119.87463855743408
epoch 95:
loss: 0.9673 || cls: 0.5616
train: acc: 0.984 || macc: 0.9812 || miou: 0.9643 || iou: [0.9824, 0.9864, 0.9704, 0.9688, 0.9402, 0.9629, 0.9669, 0.9522, 0.9709, 0.9735, 0.9667, 0.9514, 0.9428]
val:   acc: 0.9143 || macc: 0.7832 || miou: 0.7258 || iou: [0.946, 0.9834, 0.8618, 0.0, 0.5158, 0.5849, 0.7425, 0.8219, 0.9319, 0.8057, 0.7967, 0.787, 0.6577]
duration: 119.63612580299377
epoch 96:
loss: 0.9671 || cls: 0.5634
train: acc: 0.9842 || macc: 0.9811 || miou: 0.9643 || iou: [0.9831, 0.9865, 0.9704, 0.9687, 0.9392, 0.9628, 0.9669, 0.9515, 0.9703, 0.9736, 0.9674, 0.9517, 0.9437]
val:   acc: 0.9144 || macc: 0.7858 || miou: 0.7286 || iou: [0.945, 0.9835, 0.8602, 0.0, 0.5097, 0.5827, 0.749, 0.8255, 0.9313, 0.828, 0.8019, 0.7954, 0.6598]
duration: 121.26959037780762
epoch 97:
loss: 0.9671 || cls: 0.5623
train: acc: 0.9841 || macc: 0.9811 || miou: 0.9643 || iou: [0.9826, 0.9864, 0.9706, 0.968, 0.9403, 0.9632, 0.9677, 0.9524, 0.9707, 0.9731, 0.9671, 0.9513, 0.9429]
val:   acc: 0.9144 || macc: 0.7863 || miou: 0.7285 || iou: [0.9458, 0.9833, 0.8623, 0.0, 0.5261, 0.5809, 0.7466, 0.8271, 0.9338, 0.8276, 0.7977, 0.7834, 0.6558]
duration: 121.03112149238586
epoch 98:
loss: 0.967 || cls: 0.5615
train: acc: 0.9842 || macc: 0.9812 || miou: 0.9644 || iou: [0.9829, 0.9863, 0.9707, 0.9686, 0.9403, 0.9631, 0.9671, 0.9513, 0.9706, 0.9737, 0.9671, 0.952, 0.9438]
val:   acc: 0.9145 || macc: 0.7854 || miou: 0.729 || iou: [0.9458, 0.9835, 0.8611, 0.0, 0.5227, 0.5823, 0.7447, 0.8266, 0.932, 0.8345, 0.7979, 0.7881, 0.6575]
duration: 120.0824716091156
epoch 99:
loss: 0.9671 || cls: 0.5616
train: acc: 0.9841 || macc: 0.981 || miou: 0.9642 || iou: [0.9826, 0.9864, 0.9705, 0.9681, 0.94, 0.9621, 0.9676, 0.9518, 0.9711, 0.9739, 0.9672, 0.9495, 0.9437]
val:   acc: 0.9145 || macc: 0.7862 || miou: 0.7293 || iou: [0.9456, 0.9836, 0.8607, 0.0, 0.5215, 0.5868, 0.7476, 0.8239, 0.937, 0.8377, 0.7976, 0.781, 0.6584]
duration: 120.80673909187317
