base
[0.0, 0.010000000707805157, 0.020000001415610313, 0.030000001192092896]
[0.04000000283122063, 0.05000000447034836, 0.06000000238418579, 0.07000000774860382]
[0.07999999821186066, 0.09000000357627869, 0.10000000149011612, 0.10999999940395355]
[0.12000000476837158, 0.1300000101327896, 0.14000000059604645, 0.15000000596046448]
epoch 0:
loss: 1.8142 || cls: 1.3985
Instance mIoU 76.82, Class mIoU 59.35, 
 Class mIoUs [74.8, 44.72, 36.83, 57.71, 88.2, 35.11, 85.18, 81.66, 75.07, 94.73, 21.19, 48.61, 58.02, 22.83, 47.16, 77.74]
duration: 38.27675795555115
epoch 1:
loss: 1.4588 || cls: 0.0834
Instance mIoU 80.21, Class mIoU 70.07, 
 Class mIoUs [77.22, 45.39, 62.58, 70.04, 89.04, 68.83, 89.25, 82.03, 80.12, 95.33, 25.87, 88.67, 68.11, 35.39, 64.95, 78.34]
duration: 36.842230796813965
epoch 2:
loss: 1.4311 || cls: 0.0403
Instance mIoU 81.41, Class mIoU 72.65, 
 Class mIoUs [78.0, 56.61, 72.77, 68.83, 89.81, 71.87, 89.57, 83.04, 79.94, 95.41, 26.5, 90.5, 72.3, 37.04, 69.53, 80.7]
duration: 37.164517641067505
epoch 3:
loss: 1.4165 || cls: 0.0339
Instance mIoU 81.24, Class mIoU 75.40, 
 Class mIoUs [79.06, 62.13, 77.86, 65.55, 90.03, 71.73, 89.45, 86.35, 82.53, 94.82, 41.64, 92.44, 77.75, 45.42, 72.28, 77.37]
duration: 38.22402787208557
epoch 4:
loss: 1.408 || cls: 0.0307
Instance mIoU 83.27, Class mIoU 76.29, 
 Class mIoUs [79.56, 67.74, 73.57, 74.08, 90.39, 64.62, 90.55, 86.25, 83.38, 95.83, 41.46, 90.31, 77.94, 50.47, 72.84, 81.67]
duration: 37.38699507713318
epoch 5:
loss: 1.4024 || cls: 0.0286
Instance mIoU 81.14, Class mIoU 76.82, 
 Class mIoUs [79.93, 64.38, 74.73, 75.26, 89.45, 69.6, 89.99, 85.16, 83.64, 95.83, 50.29, 93.9, 80.23, 49.92, 72.72, 74.09]
duration: 37.92007637023926
epoch 6:
loss: 1.3964 || cls: 0.0259
Instance mIoU 83.09, Class mIoU 78.88, 
 Class mIoUs [80.93, 80.3, 79.14, 72.42, 90.68, 72.98, 89.12, 87.84, 80.14, 95.85, 58.39, 94.33, 79.16, 48.83, 71.89, 80.13]
duration: 38.09695029258728
epoch 7:
loss: 1.394 || cls: 0.0246
Instance mIoU 83.40, Class mIoU 78.46, 
 Class mIoUs [81.2, 70.04, 83.63, 75.71, 90.69, 78.78, 90.69, 86.5, 81.34, 95.16, 49.82, 94.04, 78.99, 43.9, 74.43, 80.49]
duration: 37.6177716255188
epoch 8:
loss: 1.3905 || cls: 0.0234
Instance mIoU 84.03, Class mIoU 79.19, 
 Class mIoUs [81.02, 75.95, 79.42, 74.64, 90.44, 77.54, 90.48, 87.54, 83.39, 95.98, 57.81, 93.99, 78.61, 44.96, 73.38, 81.83]
duration: 37.65707564353943
epoch 9:
loss: 1.3875 || cls: 0.0219
Instance mIoU 84.23, Class mIoU 79.87, 
 Class mIoUs [82.08, 78.59, 78.2, 77.25, 89.82, 74.79, 90.0, 88.99, 83.78, 96.12, 56.55, 94.29, 79.56, 52.63, 73.49, 81.83]
duration: 37.62660574913025
epoch 10:
loss: 1.3861 || cls: 0.0199
Instance mIoU 84.38, Class mIoU 81.28, 
 Class mIoUs [81.43, 82.15, 79.65, 77.45, 90.72, 77.1, 90.9, 87.12, 83.11, 96.08, 68.16, 93.68, 81.82, 55.95, 74.14, 81.06]
duration: 37.50978493690491
epoch 11:
loss: 1.384 || cls: 0.0186
Instance mIoU 84.72, Class mIoU 80.75, 
 Class mIoUs [82.39, 80.44, 78.39, 77.77, 90.51, 71.3, 88.95, 88.31, 84.49, 96.09, 65.65, 94.82, 79.83, 56.3, 74.66, 82.08]
duration: 35.438079595565796
epoch 12:
loss: 1.3832 || cls: 0.0183
Instance mIoU 84.98, Class mIoU 80.39, 
 Class mIoUs [81.78, 79.63, 80.57, 78.03, 90.67, 75.85, 91.25, 88.31, 84.24, 96.15, 64.84, 92.46, 79.05, 44.65, 75.89, 82.89]
duration: 37.042059659957886
epoch 13:
loss: 1.3797 || cls: 0.0155
Instance mIoU 84.51, Class mIoU 82.04, 
 Class mIoUs [81.81, 83.89, 85.58, 76.36, 90.84, 78.89, 90.18, 84.85, 81.72, 96.15, 67.86, 94.34, 81.33, 61.9, 74.92, 82.06]
duration: 37.01871919631958
epoch 14:
loss: 1.3794 || cls: 0.0161
Instance mIoU 85.24, Class mIoU 81.95, 
 Class mIoUs [82.58, 83.89, 85.71, 78.32, 91.03, 77.36, 91.25, 88.49, 84.28, 95.93, 62.41, 94.16, 81.89, 57.41, 73.75, 82.74]
duration: 36.56201934814453
epoch 15:
loss: 1.3791 || cls: 0.0144
Instance mIoU 85.37, Class mIoU 80.44, 
 Class mIoUs [82.89, 73.58, 80.81, 78.19, 91.38, 75.34, 91.38, 89.17, 83.64, 96.12, 66.11, 95.24, 79.04, 45.99, 75.02, 83.14]
duration: 36.991652965545654
epoch 16:
loss: 1.3788 || cls: 0.0143
Instance mIoU 85.63, Class mIoU 81.96, 
 Class mIoUs [83.08, 81.6, 81.02, 76.59, 91.54, 75.51, 91.36, 88.4, 85.38, 96.08, 67.2, 94.08, 80.72, 59.45, 76.17, 83.13]
duration: 36.933269739151
epoch 17:
loss: 1.3765 || cls: 0.0139
Instance mIoU 85.17, Class mIoU 81.57, 
 Class mIoUs [81.84, 76.47, 85.23, 78.44, 91.26, 75.41, 90.2, 86.75, 84.4, 96.02, 63.4, 94.45, 80.76, 63.94, 73.65, 82.93]
duration: 36.835702657699585
epoch 18:
loss: 1.3749 || cls: 0.0131
Instance mIoU 85.11, Class mIoU 81.54, 
 Class mIoUs [82.3, 82.42, 79.87, 78.15, 91.04, 74.6, 89.21, 86.21, 84.24, 96.22, 70.04, 94.61, 80.08, 57.08, 75.91, 82.71]
duration: 36.67661094665527
epoch 19:
loss: 1.3751 || cls: 0.0129
Instance mIoU 84.92, Class mIoU 80.57, 
 Class mIoUs [82.75, 62.53, 82.94, 77.47, 91.18, 78.62, 91.29, 86.67, 82.97, 96.22, 64.16, 92.98, 80.49, 59.92, 76.54, 82.43]
duration: 36.74219012260437
epoch 20:
loss: 1.3734 || cls: 0.0124
Instance mIoU 85.59, Class mIoU 82.96, 
 Class mIoUs [83.74, 85.08, 87.11, 77.87, 91.59, 77.69, 90.61, 86.57, 83.16, 96.17, 73.08, 95.51, 80.82, 59.02, 76.37, 82.91]
duration: 36.94480061531067
epoch 21:
loss: 1.3711 || cls: 0.0119
Instance mIoU 85.46, Class mIoU 81.91, 
 Class mIoUs [82.23, 85.86, 79.51, 79.13, 91.47, 79.35, 91.27, 88.12, 85.12, 96.31, 60.06, 95.3, 81.54, 58.17, 74.22, 82.92]
duration: 36.801414012908936
epoch 22:
loss: 1.3688 || cls: 0.0115
Instance mIoU 85.52, Class mIoU 82.84, 
 Class mIoUs [83.06, 83.68, 83.36, 78.8, 91.61, 78.65, 91.28, 88.77, 85.39, 96.31, 68.68, 94.81, 83.4, 59.35, 76.39, 81.89]
duration: 36.727108001708984
epoch 23:
loss: 1.3674 || cls: 0.0114
Instance mIoU 85.56, Class mIoU 80.81, 
 Class mIoUs [83.24, 82.44, 81.61, 79.56, 91.36, 64.34, 91.5, 88.97, 84.96, 96.28, 68.7, 95.2, 83.21, 49.94, 68.81, 82.79]
duration: 37.36927342414856
epoch 24:
loss: 1.3685 || cls: 0.0126
Instance mIoU 85.39, Class mIoU 81.86, 
 Class mIoUs [82.32, 76.49, 81.94, 79.66, 91.38, 71.15, 90.65, 89.21, 81.77, 96.3, 70.78, 95.0, 80.86, 61.47, 77.55, 83.25]
duration: 36.97037363052368
epoch 25:
loss: 1.3657 || cls: 0.011
Instance mIoU 86.06, Class mIoU 82.99, 
 Class mIoUs [83.17, 84.68, 85.29, 80.47, 91.43, 78.01, 91.51, 88.36, 85.84, 96.4, 66.19, 94.37, 82.94, 60.85, 74.81, 83.52]
duration: 37.270529985427856
epoch 26:
loss: 1.3645 || cls: 0.0104
Instance mIoU 85.61, Class mIoU 83.18, 
 Class mIoUs [81.87, 84.85, 85.79, 79.19, 91.66, 79.0, 91.76, 88.41, 85.26, 96.41, 70.5, 94.99, 82.18, 59.87, 76.79, 82.4]
duration: 37.33115077018738
epoch 27:
loss: 1.3637 || cls: 0.0104
Instance mIoU 85.14, Class mIoU 82.25, 
 Class mIoUs [84.34, 82.84, 80.84, 77.89, 91.81, 77.74, 91.42, 88.92, 78.81, 96.35, 69.67, 93.88, 83.19, 60.11, 75.9, 82.31]
duration: 36.75069975852966
epoch 28:
loss: 1.3626 || cls: 0.0109
Instance mIoU 85.99, Class mIoU 83.09, 
 Class mIoUs [83.8, 81.99, 82.9, 80.02, 91.64, 79.28, 91.39, 88.02, 84.5, 96.36, 70.85, 94.55, 83.73, 61.78, 75.53, 83.15]
duration: 36.624940156936646
epoch 29:
loss: 1.3628 || cls: 0.0115
Instance mIoU 85.90, Class mIoU 82.96, 
 Class mIoUs [82.92, 84.9, 87.0, 78.91, 91.67, 76.87, 91.2, 88.31, 85.69, 96.29, 66.75, 94.79, 82.19, 60.17, 76.46, 83.24]
duration: 36.58116316795349
epoch 30:
loss: 1.3607 || cls: 0.0109
Instance mIoU 85.92, Class mIoU 82.93, 
 Class mIoUs [83.78, 82.49, 82.25, 79.55, 91.44, 77.64, 90.92, 88.75, 83.81, 96.11, 71.69, 94.3, 79.85, 63.43, 77.36, 83.54]
duration: 36.861095666885376
epoch 31:
loss: 1.3603 || cls: 0.0114
Instance mIoU 85.80, Class mIoU 80.24, 
 Class mIoUs [83.42, 83.85, 37.9, 79.15, 91.55, 72.22, 90.95, 89.93, 84.94, 96.19, 72.57, 95.2, 82.62, 63.72, 76.46, 83.21]
duration: 36.63766098022461
epoch 32:
loss: 1.3598 || cls: 0.0109
Instance mIoU 86.33, Class mIoU 83.18, 
 Class mIoUs [84.48, 84.64, 82.57, 80.4, 91.76, 76.53, 91.18, 88.84, 85.58, 96.12, 70.66, 94.81, 82.4, 60.11, 77.24, 83.53]
duration: 36.68989872932434
epoch 33:
loss: 1.3585 || cls: 0.011
Instance mIoU 86.13, Class mIoU 82.66, 
 Class mIoUs [84.84, 84.96, 85.54, 79.76, 91.63, 77.76, 91.54, 88.86, 84.27, 96.24, 73.72, 92.7, 81.49, 49.97, 75.93, 83.35]
duration: 35.858548402786255
epoch 34:
loss: 1.358 || cls: 0.0111
Instance mIoU 85.75, Class mIoU 83.29, 
 Class mIoUs [83.98, 85.79, 82.83, 79.02, 91.59, 77.48, 90.55, 88.78, 83.69, 96.38, 74.57, 95.28, 82.54, 61.25, 76.35, 82.58]
duration: 35.85889768600464
epoch 35:
loss: 1.3566 || cls: 0.0105
Instance mIoU 86.36, Class mIoU 84.01, 
 Class mIoUs [84.61, 85.52, 86.67, 79.85, 91.7, 77.19, 91.65, 89.49, 84.97, 96.13, 74.26, 95.29, 81.61, 65.13, 76.61, 83.46]
duration: 36.26907134056091
epoch 36:
loss: 1.3568 || cls: 0.0105
Instance mIoU 86.02, Class mIoU 82.45, 
 Class mIoUs [84.22, 84.89, 78.31, 79.11, 91.66, 73.2, 91.25, 87.88, 83.93, 96.41, 72.87, 95.39, 83.39, 56.78, 76.47, 83.47]
duration: 35.80997347831726
epoch 37:
loss: 1.3563 || cls: 0.0103
Instance mIoU 85.69, Class mIoU 83.10, 
 Class mIoUs [82.92, 84.49, 86.85, 80.25, 91.93, 72.1, 91.48, 88.28, 83.83, 96.38, 70.79, 94.98, 82.35, 64.07, 76.43, 82.41]
duration: 35.786404609680176
epoch 38:
loss: 1.3544 || cls: 0.0112
Instance mIoU 86.17, Class mIoU 82.92, 
 Class mIoUs [85.05, 84.32, 80.4, 80.1, 91.55, 76.77, 90.86, 88.5, 82.47, 96.26, 74.0, 94.92, 82.58, 57.57, 77.4, 83.96]
duration: 36.59623694419861
epoch 39:
loss: 1.355 || cls: 0.0105
Instance mIoU 86.22, Class mIoU 83.19, 
 Class mIoUs [84.98, 84.61, 88.15, 80.66, 92.02, 68.8, 91.31, 87.76, 85.35, 96.43, 72.81, 95.45, 80.58, 62.6, 76.83, 82.79]
duration: 36.36773157119751
epoch 40:
loss: 1.354 || cls: 0.01
Instance mIoU 86.39, Class mIoU 83.69, 
 Class mIoUs [84.85, 86.0, 86.31, 80.02, 91.64, 72.15, 91.38, 88.55, 85.79, 96.13, 72.8, 95.2, 83.92, 63.54, 77.31, 83.38]
duration: 35.788886070251465
epoch 41:
loss: 1.353 || cls: 0.0107
Instance mIoU 86.48, Class mIoU 82.91, 
 Class mIoUs [84.95, 86.03, 88.57, 80.17, 91.84, 60.83, 91.69, 87.47, 85.23, 96.03, 74.55, 94.73, 83.28, 60.15, 77.2, 83.85]
duration: 35.83944845199585
epoch 42:
loss: 1.352 || cls: 0.0101
Instance mIoU 85.62, Class mIoU 83.89, 
 Class mIoUs [84.13, 85.96, 88.92, 79.83, 91.5, 79.82, 91.54, 87.54, 80.13, 96.54, 75.24, 95.67, 82.02, 63.91, 76.58, 82.94]
duration: 36.33971309661865
epoch 43:
loss: 1.3532 || cls: 0.0112
Instance mIoU 86.14, Class mIoU 83.57, 
 Class mIoUs [83.77, 86.91, 88.65, 80.47, 91.85, 77.72, 91.92, 88.95, 84.35, 96.49, 74.9, 94.76, 82.02, 54.67, 76.61, 83.02]
duration: 35.80386137962341
epoch 44:
loss: 1.351 || cls: 0.0098
Instance mIoU 86.24, Class mIoU 83.67, 
 Class mIoUs [84.95, 87.01, 83.26, 80.72, 91.75, 77.76, 91.68, 88.76, 83.73, 96.52, 69.19, 94.82, 82.91, 65.6, 76.66, 83.41]
duration: 35.64770746231079
epoch 45:
loss: 1.3501 || cls: 0.0101
Instance mIoU 86.36, Class mIoU 83.72, 
 Class mIoUs [85.19, 84.96, 86.92, 80.23, 91.69, 78.07, 91.56, 88.72, 85.57, 96.44, 74.39, 94.82, 82.88, 58.26, 76.83, 83.04]
duration: 35.61828327178955
epoch 46:
loss: 1.3522 || cls: 0.0114
Instance mIoU 86.60, Class mIoU 83.48, 
 Class mIoUs [84.1, 86.1, 82.68, 81.13, 91.81, 77.34, 91.2, 88.99, 85.46, 96.65, 73.48, 95.41, 83.58, 56.74, 76.8, 84.14]
duration: 36.206279039382935
epoch 47:
loss: 1.3501 || cls: 0.0102
Instance mIoU 86.40, Class mIoU 83.62, 
 Class mIoUs [85.02, 83.69, 82.61, 80.95, 91.99, 76.77, 91.78, 88.92, 85.33, 96.49, 74.45, 94.49, 83.46, 62.5, 76.51, 82.91]
duration: 36.070719957351685
epoch 48:
loss: 1.3527 || cls: 0.0133
Instance mIoU 86.43, Class mIoU 83.81, 
 Class mIoUs [84.57, 85.78, 88.68, 81.01, 91.88, 77.68, 91.18, 89.73, 85.31, 96.53, 71.29, 94.88, 82.5, 60.46, 75.98, 83.44]
duration: 36.152682304382324
epoch 49:
loss: 1.3514 || cls: 0.0126
Instance mIoU 86.51, Class mIoU 83.96, 
 Class mIoUs [85.76, 85.56, 88.82, 80.13, 91.93, 73.2, 91.9, 88.88, 85.51, 96.57, 74.08, 95.49, 83.24, 62.35, 76.85, 83.04]
duration: 35.986114501953125
epoch 50:
loss: 1.3485 || cls: 0.0097
Instance mIoU 86.14, Class mIoU 83.82, 
 Class mIoUs [84.39, 85.49, 87.56, 80.83, 91.31, 77.24, 91.76, 88.78, 84.08, 96.47, 74.8, 95.54, 83.95, 58.42, 77.33, 83.13]
duration: 35.65201258659363
epoch 51:
loss: 1.3483 || cls: 0.0098
Instance mIoU 86.15, Class mIoU 84.05, 
 Class mIoUs [85.03, 85.65, 88.85, 80.56, 91.53, 75.41, 91.95, 88.32, 85.92, 96.39, 73.68, 95.14, 82.95, 64.86, 76.25, 82.27]
duration: 35.84885025024414
epoch 52:
loss: 1.3477 || cls: 0.0103
Instance mIoU 86.40, Class mIoU 84.24, 
 Class mIoUs [84.8, 85.17, 88.72, 80.85, 91.68, 77.19, 91.82, 88.54, 83.69, 96.59, 73.41, 95.36, 83.68, 64.72, 77.97, 83.64]
duration: 36.84405875205994
epoch 53:
loss: 1.3486 || cls: 0.011
Instance mIoU 86.76, Class mIoU 84.00, 
 Class mIoUs [85.28, 85.73, 79.25, 81.28, 91.83, 76.76, 92.08, 88.72, 85.17, 96.37, 75.11, 95.57, 83.46, 65.93, 77.5, 83.96]
duration: 36.12299609184265
epoch 54:
loss: 1.3465 || cls: 0.0098
Instance mIoU 86.58, Class mIoU 84.27, 
 Class mIoUs [85.33, 85.92, 88.58, 81.09, 91.73, 73.39, 91.84, 88.62, 85.26, 96.6, 75.12, 95.19, 83.75, 65.19, 77.32, 83.4]
duration: 35.90339660644531
epoch 55:
loss: 1.3493 || cls: 0.0121
Instance mIoU 86.26, Class mIoU 84.22, 
 Class mIoUs [84.1, 86.36, 87.82, 81.3, 91.76, 78.39, 91.53, 89.06, 84.01, 96.58, 74.31, 94.72, 83.65, 63.04, 77.67, 83.19]
duration: 36.79945468902588
epoch 56:
loss: 1.3472 || cls: 0.0111
Instance mIoU 86.61, Class mIoU 83.69, 
 Class mIoUs [85.43, 85.44, 88.64, 81.13, 92.0, 76.82, 91.9, 89.44, 84.69, 96.23, 75.91, 95.58, 82.32, 53.84, 76.21, 83.53]
duration: 35.69972109794617
epoch 57:
loss: 1.3472 || cls: 0.0109
Instance mIoU 86.34, Class mIoU 84.05, 
 Class mIoUs [84.94, 85.39, 86.31, 81.0, 91.82, 77.07, 91.84, 89.38, 84.04, 96.25, 73.77, 95.68, 83.18, 63.83, 77.14, 83.15]
duration: 35.69270968437195
epoch 58:
loss: 1.3453 || cls: 0.0105
Instance mIoU 86.61, Class mIoU 84.28, 
 Class mIoUs [84.97, 85.7, 88.39, 80.95, 91.81, 77.26, 91.92, 89.12, 85.63, 96.56, 73.64, 95.44, 83.22, 63.65, 76.76, 83.51]
duration: 35.85804796218872
epoch 59:
loss: 1.3463 || cls: 0.0126
Instance mIoU 86.39, Class mIoU 84.04, 
 Class mIoUs [84.98, 84.77, 88.32, 80.69, 91.64, 77.23, 91.24, 88.65, 84.84, 96.48, 73.79, 94.92, 83.39, 62.4, 77.94, 83.4]
duration: 35.66944074630737
epoch 60:
loss: 1.3464 || cls: 0.0114
Instance mIoU 86.56, Class mIoU 83.87, 
 Class mIoUs [84.41, 85.33, 89.21, 81.37, 91.96, 66.95, 91.55, 88.29, 85.88, 96.41, 76.6, 94.82, 83.52, 65.76, 76.52, 83.42]
duration: 35.66911840438843
epoch 61:
loss: 1.3466 || cls: 0.012
Instance mIoU 86.64, Class mIoU 84.17, 
 Class mIoUs [85.4, 85.8, 88.67, 80.0, 91.95, 72.63, 91.27, 89.2, 85.12, 96.58, 75.87, 95.92, 83.84, 63.6, 77.17, 83.64]
duration: 36.309375286102295
epoch 62:
loss: 1.3434 || cls: 0.0096
Instance mIoU 86.33, Class mIoU 83.90, 
 Class mIoUs [83.67, 86.99, 86.08, 81.96, 91.59, 73.67, 91.85, 89.48, 84.98, 96.49, 75.75, 95.78, 82.87, 62.53, 75.42, 83.31]
duration: 35.83088135719299
epoch 63:
loss: 1.3452 || cls: 0.0119
Instance mIoU 86.62, Class mIoU 84.17, 
 Class mIoUs [84.87, 86.26, 88.47, 81.13, 91.9, 76.23, 91.73, 87.88, 85.31, 96.42, 74.71, 95.19, 84.55, 61.99, 76.43, 83.67]
duration: 35.8443329334259
epoch 64:
loss: 1.3451 || cls: 0.0123
Instance mIoU 86.03, Class mIoU 83.72, 
 Class mIoUs [84.25, 85.03, 85.79, 81.06, 91.17, 77.25, 91.92, 89.18, 84.54, 96.37, 73.79, 95.55, 83.61, 59.77, 77.46, 82.76]
duration: 36.116616010665894
epoch 65:
loss: 1.3449 || cls: 0.0112
Instance mIoU 86.45, Class mIoU 84.50, 
 Class mIoUs [83.81, 86.59, 88.64, 81.7, 91.8, 77.89, 91.67, 88.95, 85.26, 96.52, 75.49, 95.73, 84.05, 64.0, 76.65, 83.3]
duration: 35.790703773498535
epoch 66:
loss: 1.3424 || cls: 0.0102
Instance mIoU 86.45, Class mIoU 84.34, 
 Class mIoUs [84.72, 87.34, 89.02, 81.41, 91.94, 75.89, 92.04, 88.18, 85.66, 96.49, 76.29, 95.62, 84.48, 60.42, 77.17, 82.71]
duration: 36.177977085113525
epoch 67:
loss: 1.343 || cls: 0.0107
Instance mIoU 86.66, Class mIoU 84.08, 
 Class mIoUs [85.25, 86.28, 84.22, 80.76, 91.76, 76.68, 91.47, 89.22, 85.83, 96.56, 75.75, 95.58, 82.52, 63.02, 76.85, 83.6]
duration: 36.17585897445679
epoch 68:
loss: 1.3438 || cls: 0.0125
Instance mIoU 86.51, Class mIoU 84.59, 
 Class mIoUs [85.46, 86.13, 89.03, 81.09, 91.79, 78.63, 91.92, 88.55, 85.9, 96.51, 75.57, 95.46, 83.53, 64.63, 76.45, 82.76]
duration: 35.797815561294556
epoch 69:
loss: 1.3433 || cls: 0.0126
Instance mIoU 86.65, Class mIoU 84.25, 
 Class mIoUs [85.23, 85.57, 88.78, 81.53, 91.95, 74.65, 91.9, 88.97, 85.14, 96.42, 77.01, 95.55, 84.05, 60.54, 77.34, 83.31]
duration: 35.74249267578125
epoch 70:
loss: 1.3433 || cls: 0.0124
Instance mIoU 86.28, Class mIoU 84.41, 
 Class mIoUs [83.95, 87.11, 88.31, 81.06, 91.5, 76.76, 91.83, 88.13, 84.76, 96.54, 75.74, 95.4, 83.62, 65.5, 77.07, 83.24]
duration: 35.762444496154785
epoch 71:
loss: 1.3424 || cls: 0.0124
Instance mIoU 86.33, Class mIoU 84.17, 
 Class mIoUs [84.37, 84.62, 89.36, 81.74, 91.9, 76.52, 92.02, 88.32, 85.71, 96.63, 75.19, 95.61, 82.91, 62.28, 76.93, 82.56]
duration: 35.76465845108032
epoch 72:
loss: 1.3419 || cls: 0.013
Instance mIoU 86.55, Class mIoU 84.19, 
 Class mIoUs [85.06, 86.35, 83.76, 81.48, 91.7, 79.18, 91.85, 88.67, 84.61, 96.51, 73.62, 95.28, 82.88, 65.1, 77.23, 83.69]
duration: 35.741711378097534
epoch 73:
loss: 1.3435 || cls: 0.0128
Instance mIoU 86.16, Class mIoU 84.01, 
 Class mIoUs [84.94, 84.9, 86.69, 81.49, 91.54, 75.57, 91.52, 88.65, 83.76, 96.67, 74.46, 95.67, 83.74, 65.51, 76.17, 82.85]
duration: 35.776092529296875
epoch 74:
loss: 1.3431 || cls: 0.0133
Instance mIoU 86.33, Class mIoU 84.42, 
 Class mIoUs [85.02, 86.76, 88.41, 80.52, 91.45, 80.04, 91.92, 88.2, 85.41, 96.64, 75.18, 95.72, 84.01, 61.76, 76.84, 82.89]
duration: 36.06155228614807
epoch 75:
loss: 1.3407 || cls: 0.0114
Instance mIoU 86.79, Class mIoU 84.48, 
 Class mIoUs [84.6, 86.42, 87.97, 81.97, 92.0, 77.09, 92.02, 88.82, 85.0, 96.57, 75.78, 95.41, 84.42, 63.19, 76.41, 83.97]
duration: 35.98980903625488
epoch 76:
loss: 1.3418 || cls: 0.0129
Instance mIoU 86.53, Class mIoU 84.45, 
 Class mIoUs [85.66, 86.87, 88.48, 81.33, 92.02, 77.59, 91.28, 88.68, 84.75, 96.35, 76.06, 95.44, 83.47, 62.83, 77.34, 83.0]
duration: 36.20378613471985
epoch 77:
loss: 1.3404 || cls: 0.012
Instance mIoU 86.42, Class mIoU 84.29, 
 Class mIoUs [84.7, 85.83, 87.99, 81.38, 91.73, 78.87, 91.97, 86.28, 85.79, 96.15, 74.55, 95.31, 84.04, 64.27, 76.61, 83.09]
duration: 36.01174473762512
epoch 78:
loss: 1.3397 || cls: 0.0113
Instance mIoU 86.69, Class mIoU 84.67, 
 Class mIoUs [85.06, 87.24, 86.38, 81.88, 91.8, 80.09, 92.11, 89.19, 84.34, 96.63, 77.21, 95.53, 83.89, 62.99, 76.75, 83.67]
duration: 36.262733697891235
epoch 79:
loss: 1.3386 || cls: 0.0118
Instance mIoU 86.45, Class mIoU 84.31, 
 Class mIoUs [84.21, 86.17, 86.55, 81.64, 91.67, 78.55, 91.73, 88.09, 85.51, 96.69, 74.24, 95.47, 82.9, 63.79, 78.38, 83.35]
duration: 36.26117157936096
epoch 80:
loss: 1.339 || cls: 0.0115
Instance mIoU 86.68, Class mIoU 84.73, 
 Class mIoUs [84.8, 86.45, 86.91, 82.1, 91.67, 79.41, 92.09, 88.83, 85.97, 96.72, 75.23, 95.71, 83.5, 65.96, 77.0, 83.38]
duration: 36.141855001449585
epoch 81:
loss: 1.3392 || cls: 0.0126
Instance mIoU 86.43, Class mIoU 83.81, 
 Class mIoUs [84.35, 85.5, 88.15, 81.02, 91.94, 71.89, 91.63, 87.91, 85.22, 96.33, 76.25, 95.73, 84.12, 61.23, 76.39, 83.29]
duration: 36.56828594207764
epoch 82:
loss: 1.342 || cls: 0.0149
Instance mIoU 86.19, Class mIoU 83.76, 
 Class mIoUs [84.71, 86.44, 88.79, 80.6, 91.71, 77.52, 92.01, 87.53, 85.13, 96.45, 76.34, 94.54, 80.58, 58.49, 76.6, 82.73]
duration: 35.76745271682739
epoch 83:
loss: 1.34 || cls: 0.0126
Instance mIoU 85.84, Class mIoU 84.33, 
 Class mIoUs [84.87, 87.44, 86.85, 81.72, 91.9, 76.56, 92.11, 88.02, 85.45, 96.51, 75.48, 95.3, 84.48, 65.39, 76.58, 80.68]
duration: 36.080167055130005
epoch 84:
loss: 1.3376 || cls: 0.0109
Instance mIoU 86.53, Class mIoU 84.87, 
 Class mIoUs [85.13, 87.51, 88.33, 80.96, 91.74, 79.84, 91.82, 89.08, 85.32, 96.17, 76.89, 95.69, 84.54, 64.93, 76.94, 83.03]
duration: 35.72773265838623
epoch 85:
loss: 1.3384 || cls: 0.0126
Instance mIoU 86.67, Class mIoU 84.75, 
 Class mIoUs [84.98, 86.82, 89.06, 82.16, 91.68, 78.02, 91.89, 88.21, 85.95, 96.32, 76.79, 95.76, 83.11, 64.56, 77.33, 83.33]
duration: 35.78854155540466
epoch 86:
loss: 1.3387 || cls: 0.0126
Instance mIoU 86.72, Class mIoU 84.10, 
 Class mIoUs [84.4, 86.69, 88.21, 81.33, 92.03, 71.74, 91.79, 89.06, 86.13, 96.56, 75.33, 95.42, 83.6, 61.77, 77.86, 83.67]
duration: 35.945839643478394
epoch 87:
loss: 1.3377 || cls: 0.0123
Instance mIoU 86.69, Class mIoU 84.72, 
 Class mIoUs [84.67, 85.38, 89.01, 81.49, 92.16, 78.65, 91.85, 88.74, 85.2, 96.28, 77.28, 95.14, 83.99, 65.12, 77.04, 83.44]
duration: 35.9279408454895
epoch 88:
loss: 1.3361 || cls: 0.0114
Instance mIoU 86.84, Class mIoU 84.52, 
 Class mIoUs [85.78, 85.97, 86.08, 82.28, 91.68, 77.51, 92.18, 88.48, 85.35, 96.25, 77.19, 95.39, 84.05, 63.87, 76.5, 83.74]
duration: 35.74993014335632
epoch 89:
loss: 1.3361 || cls: 0.0117
Instance mIoU 86.46, Class mIoU 84.00, 
 Class mIoUs [84.5, 86.72, 88.67, 81.93, 91.96, 69.17, 92.09, 88.87, 85.88, 96.46, 74.85, 95.2, 83.42, 64.57, 76.96, 82.83]
duration: 35.81154990196228
epoch 90:
loss: 1.3359 || cls: 0.0124
Instance mIoU 86.12, Class mIoU 84.55, 
 Class mIoUs [84.97, 85.95, 87.24, 81.31, 91.79, 79.8, 92.21, 89.1, 85.61, 96.46, 73.15, 95.69, 83.86, 66.39, 77.71, 81.63]
duration: 35.761650800704956
epoch 91:
loss: 1.3373 || cls: 0.0136
Instance mIoU 86.46, Class mIoU 84.07, 
 Class mIoUs [85.06, 85.6, 88.37, 81.68, 91.89, 76.93, 91.95, 87.89, 85.43, 96.51, 77.02, 95.21, 82.05, 60.0, 76.6, 82.9]
duration: 35.74710464477539
epoch 92:
loss: 1.3376 || cls: 0.014
Instance mIoU 86.71, Class mIoU 84.61, 
 Class mIoUs [85.29, 86.13, 87.7, 81.63, 91.99, 79.17, 92.12, 88.81, 85.38, 96.42, 77.86, 95.62, 83.23, 61.97, 77.23, 83.24]
duration: 35.85255169868469
epoch 93:
loss: 1.3389 || cls: 0.0149
Instance mIoU 86.70, Class mIoU 84.19, 
 Class mIoUs [85.09, 86.91, 88.78, 82.18, 92.07, 69.77, 92.19, 88.28, 85.33, 96.41, 72.4, 95.77, 84.29, 65.51, 78.57, 83.49]
duration: 36.24777412414551
epoch 94:
loss: 1.3356 || cls: 0.0119
Instance mIoU 86.28, Class mIoU 84.44, 
 Class mIoUs [84.88, 86.48, 88.91, 82.14, 91.76, 77.21, 91.75, 88.96, 85.02, 96.22, 75.71, 95.9, 81.7, 64.69, 77.25, 82.41]
duration: 36.60014748573303
epoch 95:
loss: 1.3352 || cls: 0.012
Instance mIoU 86.72, Class mIoU 84.14, 
 Class mIoUs [85.07, 82.21, 88.34, 82.01, 91.85, 70.92, 91.88, 88.51, 85.44, 96.58, 75.92, 95.87, 83.45, 67.49, 77.06, 83.68]
duration: 35.81286334991455
epoch 96:
loss: 1.3376 || cls: 0.0164
Instance mIoU 86.59, Class mIoU 83.75, 
 Class mIoUs [84.81, 84.94, 87.62, 80.91, 92.13, 75.63, 91.98, 88.85, 84.23, 96.15, 74.48, 95.71, 81.78, 59.79, 77.06, 83.86]
duration: 35.748509645462036
epoch 97:
loss: 1.3365 || cls: 0.0127
Instance mIoU 86.66, Class mIoU 84.25, 
 Class mIoUs [85.1, 86.56, 87.77, 81.89, 91.97, 76.83, 91.78, 88.02, 85.59, 96.45, 76.67, 95.7, 83.2, 59.04, 78.09, 83.31]
duration: 35.89825177192688
epoch 98:
loss: 1.3329 || cls: 0.0105
Instance mIoU 86.72, Class mIoU 84.46, 
 Class mIoUs [85.42, 87.05, 87.37, 82.12, 91.89, 77.02, 91.3, 88.14, 85.89, 96.51, 75.88, 95.85, 83.7, 63.25, 76.65, 83.37]
duration: 35.90555024147034
epoch 99:
loss: 1.3343 || cls: 0.0136
Instance mIoU 86.44, Class mIoU 84.69, 
 Class mIoUs [85.24, 85.96, 87.51, 80.88, 92.04, 78.54, 91.97, 87.82, 85.33, 96.6, 76.69, 95.0, 83.44, 66.37, 79.03, 82.53]
duration: 35.793055057525635
epoch 100:
loss: 1.3336 || cls: 0.0128
Instance mIoU 86.53, Class mIoU 83.98, 
 Class mIoUs [85.69, 86.44, 88.23, 81.73, 91.67, 69.37, 92.21, 88.31, 84.95, 96.45, 74.67, 96.11, 84.61, 61.18, 78.89, 83.11]
duration: 35.80354428291321
epoch 101:
loss: 1.3344 || cls: 0.0133
Instance mIoU 86.61, Class mIoU 84.81, 
 Class mIoUs [84.31, 86.72, 86.62, 82.22, 91.94, 80.59, 92.08, 88.55, 85.14, 96.48, 78.16, 95.76, 84.18, 62.46, 78.56, 83.19]
duration: 35.7497673034668
epoch 102:
loss: 1.3339 || cls: 0.0127
Instance mIoU 86.34, Class mIoU 84.56, 
 Class mIoUs [83.82, 86.23, 88.65, 81.4, 91.92, 78.74, 91.73, 87.87, 84.79, 96.56, 75.46, 95.51, 84.69, 64.83, 77.79, 83.03]
duration: 35.76407337188721
epoch 103:
loss: 1.3338 || cls: 0.0132
Instance mIoU 86.62, Class mIoU 84.22, 
 Class mIoUs [85.65, 86.3, 86.92, 82.16, 91.99, 75.65, 92.03, 88.83, 85.71, 96.46, 77.47, 95.81, 81.62, 61.21, 76.86, 82.8]
duration: 36.36835789680481
epoch 104:
loss: 1.3319 || cls: 0.0114
Instance mIoU 86.65, Class mIoU 84.85, 
 Class mIoUs [83.93, 86.49, 88.42, 82.18, 91.95, 79.43, 92.08, 87.18, 85.76, 96.41, 78.54, 95.67, 84.85, 65.17, 76.13, 83.42]
duration: 35.809406042099
epoch 105:
loss: 1.3321 || cls: 0.0127
Instance mIoU 86.59, Class mIoU 84.56, 
 Class mIoUs [85.38, 87.1, 88.95, 81.78, 91.96, 76.74, 92.24, 88.74, 85.58, 96.43, 76.64, 95.83, 84.79, 61.95, 76.1, 82.76]
duration: 35.73709678649902
epoch 106:
loss: 1.3319 || cls: 0.0127
Instance mIoU 86.73, Class mIoU 84.89, 
 Class mIoUs [84.91, 86.5, 88.67, 81.78, 92.02, 78.44, 92.26, 88.04, 85.62, 96.52, 77.45, 95.96, 83.69, 66.1, 77.05, 83.31]
duration: 35.836721420288086
epoch 107:
loss: 1.332 || cls: 0.0131
Instance mIoU 86.82, Class mIoU 84.92, 
 Class mIoUs [85.68, 86.98, 87.84, 82.22, 91.94, 80.45, 91.51, 88.5, 85.44, 96.53, 76.31, 95.83, 84.0, 64.24, 77.76, 83.47]
duration: 35.95460271835327
epoch 108:
loss: 1.3316 || cls: 0.0133
Instance mIoU 86.51, Class mIoU 84.56, 
 Class mIoUs [84.43, 86.93, 87.46, 82.07, 91.94, 78.76, 91.97, 88.03, 84.61, 96.43, 76.41, 95.81, 83.14, 64.07, 77.55, 83.27]
duration: 35.845539808273315
epoch 109:
loss: 1.331 || cls: 0.0128
Instance mIoU 86.90, Class mIoU 84.92, 
 Class mIoUs [85.81, 87.17, 88.32, 82.06, 92.18, 77.95, 92.24, 88.49, 85.57, 96.7, 77.39, 95.97, 83.13, 65.96, 76.5, 83.33]
duration: 35.89416527748108
epoch 110:
loss: 1.3313 || cls: 0.0124
Instance mIoU 86.75, Class mIoU 84.03, 
 Class mIoUs [85.21, 80.52, 85.71, 81.74, 92.15, 80.01, 91.96, 87.79, 85.54, 96.41, 74.93, 94.93, 83.55, 62.61, 77.91, 83.58]
duration: 36.13638973236084
epoch 111:
loss: 1.3306 || cls: 0.0129
Instance mIoU 86.77, Class mIoU 84.77, 
 Class mIoUs [85.23, 86.78, 88.72, 82.28, 91.87, 75.94, 92.28, 88.91, 85.49, 96.71, 76.95, 95.95, 84.71, 63.28, 77.94, 83.29]
duration: 35.91565299034119
epoch 112:
loss: 1.3321 || cls: 0.0154
Instance mIoU 86.37, Class mIoU 84.62, 
 Class mIoUs [84.21, 86.6, 88.24, 81.81, 91.8, 77.0, 92.22, 88.25, 84.76, 96.58, 77.16, 95.78, 83.24, 65.63, 77.72, 82.87]
duration: 35.762736797332764
epoch 113:
loss: 1.3323 || cls: 0.0163
Instance mIoU 86.52, Class mIoU 84.44, 
 Class mIoUs [85.33, 85.89, 88.03, 81.55, 92.04, 76.59, 92.02, 87.96, 85.07, 96.44, 75.93, 95.64, 82.2, 66.62, 76.73, 82.92]
duration: 36.18127775192261
epoch 114:
loss: 1.3307 || cls: 0.0133
Instance mIoU 86.62, Class mIoU 84.64, 
 Class mIoUs [85.08, 86.75, 87.08, 82.08, 92.08, 77.78, 92.11, 88.48, 84.82, 96.63, 77.88, 95.92, 83.24, 63.84, 77.43, 83.04]
duration: 36.09231495857239
epoch 115:
loss: 1.3289 || cls: 0.012
Instance mIoU 86.45, Class mIoU 84.71, 
 Class mIoUs [85.1, 86.47, 87.62, 81.46, 92.0, 78.71, 92.38, 88.27, 85.19, 96.65, 78.08, 95.46, 83.03, 65.4, 77.03, 82.47]
duration: 35.834943532943726
epoch 116:
loss: 1.3288 || cls: 0.0121
Instance mIoU 86.55, Class mIoU 84.32, 
 Class mIoUs [84.89, 84.3, 87.79, 82.18, 92.05, 76.25, 92.28, 88.6, 85.53, 96.43, 77.31, 96.39, 83.09, 62.69, 76.64, 82.76]
duration: 35.9291889667511
epoch 117:
loss: 1.329 || cls: 0.0133
Instance mIoU 86.32, Class mIoU 84.60, 
 Class mIoUs [85.29, 87.7, 88.93, 82.17, 91.95, 78.95, 91.93, 87.06, 85.09, 96.5, 78.4, 95.53, 84.28, 61.26, 76.49, 82.07]
duration: 36.044764280319214
epoch 118:
loss: 1.3295 || cls: 0.0139
Instance mIoU 86.56, Class mIoU 84.53, 
 Class mIoUs [85.82, 86.85, 88.33, 81.69, 91.7, 79.18, 92.04, 87.89, 85.03, 95.72, 77.76, 95.99, 83.41, 60.7, 77.37, 83.0]
duration: 36.07710385322571
epoch 119:
loss: 1.3302 || cls: 0.0149
Instance mIoU 86.68, Class mIoU 84.87, 
 Class mIoUs [85.09, 87.93, 88.02, 82.17, 91.96, 77.16, 92.06, 88.96, 84.87, 96.45, 77.4, 95.93, 83.84, 66.08, 76.77, 83.27]
duration: 36.04588747024536
epoch 120:
loss: 1.331 || cls: 0.0175
Instance mIoU 86.72, Class mIoU 84.93, 
 Class mIoUs [85.28, 87.34, 88.35, 82.29, 92.0, 78.11, 92.08, 88.23, 84.04, 96.48, 78.67, 96.01, 84.2, 64.38, 77.94, 83.46]
duration: 36.66512393951416
epoch 121:
loss: 1.3285 || cls: 0.0123
Instance mIoU 86.73, Class mIoU 84.81, 
 Class mIoUs [85.79, 86.53, 87.86, 82.45, 92.1, 80.34, 92.25, 88.22, 84.76, 96.48, 77.32, 96.21, 82.72, 63.35, 77.47, 83.07]
duration: 35.88604545593262
epoch 122:
loss: 1.3267 || cls: 0.0116
Instance mIoU 86.68, Class mIoU 84.40, 
 Class mIoUs [85.47, 87.62, 88.3, 81.74, 91.9, 72.61, 92.12, 88.68, 84.73, 96.37, 76.14, 95.91, 84.12, 62.79, 78.46, 83.43]
duration: 36.32082486152649
epoch 123:
loss: 1.3271 || cls: 0.0127
Instance mIoU 86.75, Class mIoU 84.58, 
 Class mIoUs [85.69, 87.24, 86.16, 82.31, 91.9, 79.72, 92.09, 88.07, 85.97, 96.59, 78.33, 95.73, 82.71, 60.5, 77.22, 83.03]
duration: 35.825889587402344
epoch 124:
loss: 1.3287 || cls: 0.0151
Instance mIoU 86.54, Class mIoU 84.69, 
 Class mIoUs [84.48, 86.8, 87.44, 81.35, 91.9, 79.14, 92.12, 87.96, 84.63, 96.5, 77.18, 95.75, 84.02, 65.97, 76.36, 83.41]
duration: 35.754544734954834
epoch 125:
loss: 1.3276 || cls: 0.0132
Instance mIoU 86.65, Class mIoU 84.95, 
 Class mIoUs [85.13, 87.06, 89.17, 82.16, 91.82, 80.04, 92.35, 87.9, 84.99, 96.58, 76.51, 96.21, 82.65, 66.51, 76.81, 83.3]
duration: 35.66864347457886
epoch 126:
loss: 1.3278 || cls: 0.0148
Instance mIoU 86.74, Class mIoU 84.85, 
 Class mIoUs [84.61, 86.62, 89.51, 82.47, 92.07, 75.56, 92.45, 87.53, 85.17, 96.62, 78.56, 96.15, 83.65, 67.15, 75.97, 83.43]
duration: 36.15508055686951
epoch 127:
loss: 1.3259 || cls: 0.0124
Instance mIoU 86.83, Class mIoU 84.31, 
 Class mIoUs [85.59, 86.99, 88.44, 81.79, 92.08, 77.65, 92.26, 87.68, 85.27, 96.36, 78.29, 96.04, 83.21, 57.78, 75.97, 83.61]
duration: 36.826098680496216
epoch 128:
loss: 1.3259 || cls: 0.0125
Instance mIoU 86.42, Class mIoU 84.60, 
 Class mIoUs [85.08, 86.07, 88.41, 82.06, 91.94, 78.85, 92.24, 87.56, 84.99, 96.59, 77.69, 95.96, 83.73, 63.58, 76.44, 82.48]
duration: 36.8161039352417
epoch 129:
loss: 1.3253 || cls: 0.0124
Instance mIoU 86.32, Class mIoU 84.31, 
 Class mIoUs [85.55, 87.03, 88.78, 82.22, 91.94, 71.69, 92.28, 87.47, 85.33, 96.61, 76.71, 96.23, 82.94, 65.1, 77.21, 81.94]
duration: 35.99311852455139
epoch 130:
loss: 1.3268 || cls: 0.0152
Instance mIoU 86.76, Class mIoU 84.86, 
 Class mIoUs [85.35, 88.18, 89.36, 82.84, 91.99, 77.86, 92.37, 87.79, 85.43, 96.57, 77.09, 96.25, 83.66, 63.1, 76.72, 83.14]
duration: 35.80934739112854
epoch 131:
loss: 1.3254 || cls: 0.0135
Instance mIoU 86.67, Class mIoU 84.26, 
 Class mIoUs [86.11, 87.37, 88.92, 81.94, 92.05, 70.82, 91.88, 87.76, 85.07, 96.39, 77.05, 96.08, 83.35, 63.06, 77.27, 83.01]
duration: 35.92850375175476
epoch 132:
loss: 1.3246 || cls: 0.0126
Instance mIoU 86.43, Class mIoU 84.38, 
 Class mIoUs [85.82, 87.29, 87.41, 81.64, 92.1, 71.61, 92.38, 88.16, 85.48, 96.58, 77.22, 95.87, 84.48, 64.08, 77.95, 81.97]
duration: 35.96654510498047
epoch 133:
loss: 1.324 || cls: 0.0122
Instance mIoU 86.42, Class mIoU 85.11, 
 Class mIoUs [85.93, 86.65, 89.01, 82.48, 91.99, 79.59, 92.36, 88.09, 85.1, 96.7, 78.9, 96.02, 84.28, 65.02, 78.01, 81.69]
duration: 35.888986587524414
epoch 134:
loss: 1.3241 || cls: 0.0123
Instance mIoU 86.90, Class mIoU 84.85, 
 Class mIoUs [85.45, 87.17, 88.15, 82.45, 92.03, 76.47, 92.42, 88.64, 85.91, 96.58, 78.23, 96.19, 83.5, 64.94, 76.09, 83.37]
duration: 35.93687105178833
epoch 135:
loss: 1.3239 || cls: 0.0129
Instance mIoU 86.71, Class mIoU 84.64, 
 Class mIoUs [85.89, 87.57, 88.61, 81.99, 92.15, 72.31, 92.22, 88.69, 84.43, 96.62, 77.72, 96.35, 83.73, 65.62, 77.2, 83.09]
duration: 36.42872858047485
epoch 136:
loss: 1.3232 || cls: 0.0126
Instance mIoU 86.70, Class mIoU 84.91, 
 Class mIoUs [85.53, 87.92, 88.32, 82.51, 91.8, 78.94, 92.47, 88.27, 85.18, 95.41, 78.94, 96.38, 83.59, 63.86, 76.37, 83.11]
duration: 35.87062454223633
epoch 137:
loss: 1.3235 || cls: 0.0137
Instance mIoU 86.39, Class mIoU 84.46, 
 Class mIoUs [85.31, 87.02, 87.99, 81.55, 92.06, 78.8, 92.3, 89.11, 84.05, 96.57, 77.54, 95.97, 84.34, 60.94, 75.24, 82.51]
duration: 35.140639781951904
epoch 138:
loss: 1.3245 || cls: 0.0146
Instance mIoU 86.49, Class mIoU 85.11, 
 Class mIoUs [85.66, 87.81, 88.86, 81.06, 92.02, 80.76, 92.49, 88.45, 85.34, 96.53, 78.39, 95.96, 83.69, 65.58, 76.93, 82.22]
duration: 34.646393060684204
epoch 139:
loss: 1.323 || cls: 0.0124
Instance mIoU 86.16, Class mIoU 84.51, 
 Class mIoUs [85.66, 84.01, 88.02, 82.07, 91.96, 77.65, 92.34, 87.36, 86.04, 96.48, 79.38, 96.24, 84.51, 63.19, 76.34, 80.92]
duration: 35.57839751243591
epoch 140:
loss: 1.3226 || cls: 0.0134
Instance mIoU 86.41, Class mIoU 84.96, 
 Class mIoUs [85.36, 87.36, 88.4, 81.65, 91.89, 77.75, 92.4, 87.92, 84.98, 96.59, 79.02, 95.85, 83.81, 67.35, 76.85, 82.24]
duration: 35.94720721244812
epoch 141:
loss: 1.3239 || cls: 0.0157
Instance mIoU 86.79, Class mIoU 84.35, 
 Class mIoUs [85.65, 84.98, 87.36, 82.03, 92.17, 76.95, 92.54, 87.94, 84.45, 96.38, 74.52, 96.21, 83.75, 64.47, 76.55, 83.68]
duration: 36.16994857788086
epoch 142:
loss: 1.3216 || cls: 0.0121
Instance mIoU 86.59, Class mIoU 85.12, 
 Class mIoUs [85.32, 86.69, 88.61, 82.62, 92.0, 79.31, 92.1, 88.18, 85.6, 96.52, 79.26, 95.88, 83.49, 66.61, 77.4, 82.41]
duration: 35.9170036315918
epoch 143:
loss: 1.3204 || cls: 0.012
Instance mIoU 86.61, Class mIoU 84.95, 
 Class mIoUs [84.81, 87.33, 88.27, 82.6, 91.67, 77.92, 92.47, 87.56, 85.92, 96.45, 78.97, 96.39, 83.8, 65.45, 76.68, 82.89]
duration: 36.20042872428894
epoch 144:
loss: 1.3208 || cls: 0.0125
Instance mIoU 86.76, Class mIoU 84.90, 
 Class mIoUs [85.45, 86.01, 87.98, 82.6, 91.88, 77.57, 92.28, 88.14, 85.08, 96.51, 79.46, 96.18, 83.72, 66.13, 76.18, 83.26]
duration: 34.651238203048706
epoch 145:
loss: 1.3207 || cls: 0.013
Instance mIoU 86.38, Class mIoU 84.83, 
 Class mIoUs [85.27, 87.84, 88.33, 82.07, 92.08, 79.06, 92.41, 88.08, 85.32, 96.56, 78.93, 96.27, 84.03, 62.49, 76.72, 81.85]
duration: 34.66117548942566
epoch 146:
loss: 1.3201 || cls: 0.0124
Instance mIoU 86.36, Class mIoU 84.87, 
 Class mIoUs [85.39, 87.97, 87.18, 82.5, 91.97, 76.99, 92.56, 88.26, 84.58, 96.45, 79.12, 96.45, 83.5, 66.32, 76.81, 81.94]
duration: 35.942774057388306
epoch 147:
loss: 1.3204 || cls: 0.0131
Instance mIoU 86.54, Class mIoU 85.11, 
 Class mIoUs [85.45, 86.76, 88.37, 82.27, 92.06, 79.69, 92.47, 87.75, 85.21, 96.37, 79.56, 96.22, 83.47, 66.87, 76.95, 82.31]
duration: 36.14202690124512
epoch 148:
loss: 1.3209 || cls: 0.0134
Instance mIoU 86.47, Class mIoU 84.95, 
 Class mIoUs [85.36, 87.81, 88.41, 82.44, 91.78, 77.15, 92.37, 87.0, 85.1, 96.56, 79.42, 96.34, 83.3, 66.7, 77.05, 82.43]
duration: 35.99332642555237
epoch 149:
loss: 1.3194 || cls: 0.0123
Instance mIoU 86.87, Class mIoU 85.04, 
 Class mIoUs [85.89, 87.0, 88.9, 82.36, 91.77, 78.49, 92.47, 87.7, 85.53, 96.51, 78.14, 96.38, 84.8, 64.42, 76.91, 83.39]
duration: 36.12254071235657
epoch 150:
loss: 1.3191 || cls: 0.0128
Instance mIoU 86.18, Class mIoU 84.99, 
 Class mIoUs [85.49, 85.58, 88.77, 82.39, 92.15, 79.77, 92.31, 87.15, 84.91, 96.5, 78.07, 96.57, 84.62, 67.26, 77.12, 81.14]
duration: 35.73004698753357
epoch 151:
loss: 1.3193 || cls: 0.0124
Instance mIoU 86.57, Class mIoU 85.11, 
 Class mIoUs [85.52, 86.26, 88.99, 82.66, 92.19, 78.57, 92.4, 87.31, 84.96, 96.49, 78.67, 96.51, 84.89, 67.33, 76.78, 82.31]
duration: 36.881574392318726
epoch 152:
loss: 1.3182 || cls: 0.0123
Instance mIoU 86.76, Class mIoU 84.97, 
 Class mIoUs [85.28, 86.63, 88.18, 82.38, 91.9, 80.96, 92.3, 87.86, 85.36, 96.52, 77.15, 96.28, 83.78, 62.82, 78.86, 83.27]
duration: 35.89379858970642
epoch 153:
loss: 1.3184 || cls: 0.0123
Instance mIoU 86.81, Class mIoU 85.25, 
 Class mIoUs [85.56, 86.84, 88.4, 82.9, 91.96, 78.98, 92.43, 88.08, 86.0, 96.52, 78.49, 96.5, 83.65, 66.98, 77.94, 82.84]
duration: 37.01491117477417
epoch 154:
loss: 1.3191 || cls: 0.0149
Instance mIoU 86.64, Class mIoU 84.94, 
 Class mIoUs [86.11, 87.94, 88.39, 82.58, 91.86, 77.26, 92.28, 88.24, 85.38, 96.45, 77.87, 96.01, 83.48, 65.87, 76.73, 82.57]
duration: 36.17150640487671
epoch 155:
loss: 1.319 || cls: 0.0141
Instance mIoU 86.72, Class mIoU 84.77, 
 Class mIoUs [85.34, 86.65, 88.68, 82.58, 92.05, 75.35, 92.57, 87.8, 85.48, 95.8, 78.36, 96.42, 84.16, 65.53, 76.57, 82.99]
duration: 36.119136333465576
epoch 156:
loss: 1.3188 || cls: 0.0142
Instance mIoU 86.73, Class mIoU 85.15, 
 Class mIoUs [85.56, 86.99, 88.86, 82.3, 91.85, 78.57, 92.47, 87.85, 85.49, 96.44, 78.95, 96.34, 84.51, 64.57, 78.77, 82.89]
duration: 36.68758535385132
epoch 157:
loss: 1.3168 || cls: 0.0117
Instance mIoU 86.89, Class mIoU 85.15, 
 Class mIoUs [85.66, 86.86, 88.35, 82.29, 92.18, 79.71, 92.38, 87.43, 85.28, 96.69, 77.96, 95.98, 84.49, 66.9, 76.87, 83.34]
duration: 36.68968176841736
epoch 158:
loss: 1.3163 || cls: 0.0114
Instance mIoU 86.87, Class mIoU 85.14, 
 Class mIoUs [85.34, 87.08, 88.85, 82.61, 92.25, 76.44, 92.62, 88.22, 84.87, 96.5, 78.87, 96.38, 84.63, 67.4, 76.95, 83.28]
duration: 36.15493083000183
epoch 159:
loss: 1.3172 || cls: 0.0123
Instance mIoU 86.69, Class mIoU 84.80, 
 Class mIoUs [85.29, 87.02, 89.22, 82.5, 92.23, 73.93, 92.33, 87.8, 85.18, 96.6, 78.38, 96.52, 84.35, 66.16, 76.44, 82.82]
duration: 35.86116600036621
epoch 160:
loss: 1.3167 || cls: 0.0123
Instance mIoU 86.92, Class mIoU 85.33, 
 Class mIoUs [85.65, 87.12, 87.36, 82.31, 92.12, 80.65, 92.56, 88.14, 85.34, 96.54, 77.71, 96.56, 83.73, 67.15, 78.93, 83.34]
duration: 36.10404086112976
epoch 161:
loss: 1.3163 || cls: 0.012
Instance mIoU 86.86, Class mIoU 85.37, 
 Class mIoUs [85.94, 87.58, 88.27, 82.78, 92.15, 80.83, 92.42, 87.7, 86.02, 96.5, 78.73, 96.3, 83.87, 67.25, 76.82, 82.74]
duration: 35.915902614593506
epoch 162:
loss: 1.3154 || cls: 0.0115
Instance mIoU 86.46, Class mIoU 84.64, 
 Class mIoUs [85.16, 87.26, 88.44, 82.74, 92.32, 72.78, 92.32, 87.97, 84.75, 96.51, 78.25, 96.04, 84.3, 66.22, 77.06, 82.14]
duration: 35.96205019950867
epoch 163:
loss: 1.3153 || cls: 0.0114
Instance mIoU 86.96, Class mIoU 85.32, 
 Class mIoUs [85.66, 87.6, 88.58, 82.56, 91.98, 79.71, 92.41, 87.72, 85.72, 96.61, 79.22, 96.31, 84.01, 65.79, 77.79, 83.41]
duration: 35.964431285858154
epoch 164:
loss: 1.3152 || cls: 0.0121
Instance mIoU 86.93, Class mIoU 85.29, 
 Class mIoUs [85.48, 86.52, 88.6, 82.88, 92.06, 78.85, 92.58, 88.12, 85.63, 96.43, 78.95, 96.45, 84.56, 67.12, 77.17, 83.27]
duration: 35.975043296813965
epoch 165:
loss: 1.3156 || cls: 0.0133
Instance mIoU 86.73, Class mIoU 85.13, 
 Class mIoUs [85.96, 86.84, 88.48, 82.31, 92.06, 79.15, 92.64, 88.25, 85.26, 96.59, 78.95, 96.62, 84.43, 64.65, 77.23, 82.6]
duration: 35.77687692642212
epoch 166:
loss: 1.3144 || cls: 0.0112
Instance mIoU 86.56, Class mIoU 84.88, 
 Class mIoUs [85.55, 86.59, 88.38, 82.96, 92.16, 79.21, 92.62, 87.79, 85.03, 96.54, 77.46, 96.5, 84.23, 64.18, 76.62, 82.25]
duration: 35.868863105773926
epoch 167:
loss: 1.3147 || cls: 0.012
Instance mIoU 86.20, Class mIoU 85.06, 
 Class mIoUs [85.66, 86.98, 88.27, 82.37, 92.27, 80.09, 92.31, 88.07, 84.95, 96.54, 78.78, 96.38, 84.17, 65.36, 77.91, 80.92]
duration: 36.282782793045044
epoch 168:
loss: 1.3146 || cls: 0.0124
Instance mIoU 86.77, Class mIoU 85.31, 
 Class mIoUs [85.28, 87.44, 87.84, 82.54, 92.01, 79.9, 92.55, 88.23, 85.58, 96.54, 79.39, 96.37, 84.46, 65.92, 77.98, 82.85]
duration: 36.546977519989014
epoch 169:
loss: 1.3137 || cls: 0.0122
Instance mIoU 86.66, Class mIoU 85.35, 
 Class mIoUs [85.46, 87.97, 88.63, 82.71, 92.25, 79.51, 92.61, 88.03, 85.36, 96.47, 79.21, 96.29, 84.36, 64.66, 79.82, 82.23]
duration: 37.02087163925171
epoch 170:
loss: 1.3131 || cls: 0.0111
Instance mIoU 86.93, Class mIoU 85.04, 
 Class mIoUs [85.5, 87.47, 88.27, 82.79, 92.2, 76.02, 92.43, 88.14, 85.51, 96.61, 79.67, 96.41, 83.82, 65.77, 76.78, 83.27]
duration: 36.615843772888184
epoch 171:
loss: 1.313 || cls: 0.0111
Instance mIoU 86.86, Class mIoU 85.47, 
 Class mIoUs [85.89, 87.67, 88.79, 82.38, 92.14, 79.91, 92.66, 88.5, 85.48, 96.64, 79.24, 96.39, 84.17, 66.28, 78.67, 82.78]
duration: 36.734429597854614
epoch 172:
loss: 1.3129 || cls: 0.0113
Instance mIoU 86.41, Class mIoU 84.96, 
 Class mIoUs [85.56, 88.01, 88.45, 82.12, 92.21, 77.72, 92.67, 87.57, 84.96, 96.74, 79.38, 96.43, 82.76, 66.24, 76.81, 81.79]
duration: 36.575225591659546
epoch 173:
loss: 1.313 || cls: 0.0116
Instance mIoU 86.62, Class mIoU 84.85, 
 Class mIoUs [86.07, 86.52, 88.7, 82.45, 91.95, 77.35, 92.68, 88.02, 84.55, 96.59, 79.22, 96.63, 83.06, 64.64, 76.6, 82.61]
duration: 37.74927520751953
epoch 174:
loss: 1.3131 || cls: 0.012
Instance mIoU 86.93, Class mIoU 85.42, 
 Class mIoUs [85.91, 88.0, 88.55, 82.77, 92.28, 80.09, 92.59, 88.8, 85.24, 96.6, 78.09, 96.42, 84.97, 65.89, 77.55, 82.96]
duration: 36.54407787322998
epoch 175:
loss: 1.3119 || cls: 0.0107
Instance mIoU 87.01, Class mIoU 85.18, 
 Class mIoUs [85.97, 87.85, 88.43, 82.95, 92.11, 76.71, 92.34, 88.39, 85.43, 96.65, 79.44, 96.55, 84.41, 64.96, 77.27, 83.38]
duration: 36.88233304023743
epoch 176:
loss: 1.3117 || cls: 0.0117
Instance mIoU 86.79, Class mIoU 85.23, 
 Class mIoUs [85.6, 87.92, 88.4, 82.99, 92.16, 79.53, 92.64, 88.05, 85.29, 96.52, 78.95, 96.48, 84.58, 65.45, 76.44, 82.76]
duration: 37.436331272125244
epoch 177:
loss: 1.3118 || cls: 0.0111
Instance mIoU 86.86, Class mIoU 85.27, 
 Class mIoUs [86.14, 88.25, 88.24, 82.65, 92.03, 78.14, 92.61, 88.05, 85.21, 96.63, 78.95, 96.22, 84.68, 66.1, 77.52, 82.94]
duration: 36.93065524101257
epoch 178:
loss: 1.3115 || cls: 0.0113
Instance mIoU 86.88, Class mIoU 85.19, 
 Class mIoUs [85.89, 87.64, 88.47, 82.38, 92.06, 76.59, 92.55, 88.81, 85.6, 96.63, 79.47, 96.35, 84.23, 65.56, 77.82, 82.95]
duration: 36.46397662162781
epoch 179:
loss: 1.3114 || cls: 0.0111
Instance mIoU 86.70, Class mIoU 84.97, 
 Class mIoUs [85.94, 87.42, 88.28, 82.91, 92.18, 73.92, 92.58, 88.51, 85.79, 96.65, 78.66, 96.55, 84.33, 65.04, 78.68, 82.13]
duration: 36.50023150444031
epoch 180:
loss: 1.3108 || cls: 0.0113
Instance mIoU 86.63, Class mIoU 85.23, 
 Class mIoUs [85.58, 87.63, 88.57, 82.57, 92.25, 78.89, 92.52, 88.31, 85.4, 96.49, 78.57, 96.47, 84.51, 67.67, 76.08, 82.22]
duration: 36.4228150844574
epoch 181:
loss: 1.311 || cls: 0.0118
Instance mIoU 86.60, Class mIoU 85.24, 
 Class mIoUs [85.74, 87.11, 88.43, 82.8, 92.2, 80.46, 92.58, 88.96, 85.66, 96.48, 79.1, 96.43, 83.85, 65.96, 76.15, 81.89]
duration: 36.46639037132263
epoch 182:
loss: 1.3104 || cls: 0.0108
Instance mIoU 86.51, Class mIoU 85.00, 
 Class mIoUs [85.67, 88.05, 88.36, 82.98, 92.37, 77.0, 92.08, 88.09, 85.23, 96.52, 79.01, 96.39, 84.6, 65.47, 76.43, 81.77]
duration: 36.5811972618103
epoch 183:
loss: 1.3099 || cls: 0.0108
Instance mIoU 86.51, Class mIoU 85.04, 
 Class mIoUs [85.37, 87.83, 88.4, 82.61, 92.3, 75.76, 92.76, 88.38, 85.25, 96.6, 78.75, 96.3, 84.13, 67.81, 76.58, 81.87]
duration: 36.6829993724823
epoch 184:
loss: 1.3094 || cls: 0.0103
Instance mIoU 86.76, Class mIoU 85.34, 
 Class mIoUs [85.81, 88.14, 88.24, 82.71, 92.34, 79.66, 92.42, 88.21, 85.61, 96.59, 78.77, 96.51, 84.49, 66.81, 76.68, 82.37]
duration: 36.377193450927734
epoch 185:
loss: 1.3094 || cls: 0.0111
Instance mIoU 86.86, Class mIoU 85.04, 
 Class mIoUs [85.91, 87.76, 88.49, 82.9, 92.26, 74.71, 92.51, 88.3, 85.18, 96.61, 79.5, 96.51, 84.24, 66.44, 76.4, 82.9]
duration: 36.596768856048584
epoch 186:
loss: 1.3092 || cls: 0.01
Instance mIoU 86.76, Class mIoU 85.02, 
 Class mIoUs [85.7, 88.25, 88.31, 82.73, 92.17, 74.22, 92.49, 88.3, 85.63, 96.64, 79.7, 96.59, 83.91, 65.58, 77.52, 82.55]
duration: 36.478081703186035
epoch 187:
loss: 1.309 || cls: 0.0108
Instance mIoU 86.89, Class mIoU 85.30, 
 Class mIoUs [85.55, 87.88, 88.24, 82.94, 92.21, 79.18, 92.71, 87.8, 85.72, 96.58, 79.05, 96.45, 84.35, 66.3, 76.84, 82.94]
duration: 36.68652081489563
epoch 188:
loss: 1.3087 || cls: 0.0104
Instance mIoU 86.86, Class mIoU 85.34, 
 Class mIoUs [86.24, 87.62, 88.68, 82.89, 92.09, 79.58, 92.57, 87.53, 85.41, 96.6, 79.36, 96.58, 84.36, 66.98, 76.1, 82.81]
duration: 37.636361837387085
epoch 189:
loss: 1.3086 || cls: 0.0105
Instance mIoU 86.89, Class mIoU 85.43, 
 Class mIoUs [85.66, 87.88, 88.86, 82.94, 92.29, 79.75, 92.7, 88.5, 85.45, 96.67, 78.71, 96.47, 84.32, 67.52, 76.35, 82.83]
duration: 37.69485807418823
epoch 190:
loss: 1.3083 || cls: 0.0104
Instance mIoU 86.62, Class mIoU 85.09, 
 Class mIoUs [85.73, 87.97, 88.8, 82.74, 92.22, 75.63, 92.66, 88.04, 85.43, 96.6, 79.07, 96.57, 84.04, 67.14, 76.6, 82.13]
duration: 37.41331171989441
epoch 191:
loss: 1.3081 || cls: 0.0106
Instance mIoU 86.95, Class mIoU 85.25, 
 Class mIoUs [85.74, 87.05, 88.47, 82.97, 92.16, 77.46, 92.56, 88.11, 85.58, 96.43, 79.28, 96.54, 84.72, 66.61, 77.26, 83.15]
duration: 36.94231820106506
epoch 192:
loss: 1.3079 || cls: 0.0104
Instance mIoU 86.61, Class mIoU 84.99, 
 Class mIoUs [85.59, 87.51, 88.39, 82.87, 92.18, 75.32, 92.61, 88.48, 84.88, 96.59, 79.15, 96.5, 84.17, 66.59, 76.77, 82.31]
duration: 37.04199719429016
epoch 193:
loss: 1.3076 || cls: 0.0102
Instance mIoU 86.69, Class mIoU 85.11, 
 Class mIoUs [85.6, 88.02, 88.43, 83.01, 92.23, 78.01, 92.64, 87.72, 85.46, 96.54, 78.6, 96.51, 84.83, 65.79, 75.96, 82.36]
duration: 36.77420258522034
epoch 194:
loss: 1.3074 || cls: 0.01
Instance mIoU 86.66, Class mIoU 85.06, 
 Class mIoUs [85.56, 87.97, 88.85, 82.57, 92.18, 75.04, 92.76, 87.96, 85.04, 96.59, 79.48, 96.6, 84.7, 64.57, 78.75, 82.41]
duration: 36.62947726249695
epoch 195:
loss: 1.3069 || cls: 0.0098
Instance mIoU 86.86, Class mIoU 85.35, 
 Class mIoUs [85.59, 87.71, 88.93, 82.61, 92.24, 78.7, 92.73, 87.87, 85.41, 96.58, 79.01, 96.55, 84.95, 66.1, 77.76, 82.87]
duration: 36.46003293991089
epoch 196:
loss: 1.3069 || cls: 0.0104
Instance mIoU 86.80, Class mIoU 84.92, 
 Class mIoUs [85.67, 87.47, 88.35, 82.84, 92.35, 74.04, 92.81, 88.2, 85.45, 96.57, 79.6, 96.53, 84.19, 64.64, 77.5, 82.56]
duration: 37.09178686141968
epoch 197:
loss: 1.3065 || cls: 0.0096
Instance mIoU 86.94, Class mIoU 85.52, 
 Class mIoUs [85.67, 87.8, 88.7, 82.84, 92.28, 79.25, 92.71, 88.59, 85.8, 96.6, 79.47, 96.5, 84.94, 66.95, 77.49, 82.8]
duration: 36.031569719314575
epoch 198:
loss: 1.3063 || cls: 0.0097
Instance mIoU 86.72, Class mIoU 85.39, 
 Class mIoUs [85.87, 87.99, 88.81, 82.84, 92.13, 78.08, 92.74, 88.4, 85.53, 96.55, 79.49, 96.55, 84.32, 66.02, 78.72, 82.23]
duration: 36.57363295555115
epoch 199:
loss: 1.306 || cls: 0.0096
Instance mIoU 86.55, Class mIoU 85.16, 
 Class mIoUs [85.76, 87.12, 88.83, 82.58, 92.26, 77.85, 92.69, 88.64, 84.92, 96.6, 78.92, 96.45, 84.4, 67.18, 76.42, 81.95]
duration: 36.49106311798096
epoch 200:
loss: 1.3063 || cls: 0.0098
Instance mIoU 86.83, Class mIoU 85.45, 
 Class mIoUs [86.03, 87.76, 88.54, 82.68, 92.27, 80.0, 92.71, 88.45, 85.13, 96.61, 79.21, 96.64, 84.52, 67.06, 76.95, 82.61]
duration: 36.621788024902344
new best!
epoch 201:
loss: 1.3058 || cls: 0.0092
Instance mIoU 86.77, Class mIoU 85.48, 
 Class mIoUs [86.09, 87.77, 88.4, 82.74, 92.28, 80.29, 92.71, 88.38, 85.14, 96.69, 78.96, 96.63, 84.5, 67.13, 77.57, 82.33]
duration: 36.93068790435791
epoch 202:
loss: 1.3057 || cls: 0.0097
Instance mIoU 86.85, Class mIoU 85.44, 
 Class mIoUs [85.94, 87.68, 88.44, 82.85, 92.33, 79.98, 92.74, 88.51, 85.35, 96.76, 79.18, 96.65, 84.95, 66.9, 76.25, 82.55]
duration: 36.66881346702576
new best!
epoch 203:
loss: 1.3054 || cls: 0.0097
Instance mIoU 86.78, Class mIoU 85.33, 
 Class mIoUs [85.67, 87.84, 88.76, 82.89, 92.24, 77.24, 92.6, 88.46, 85.48, 96.58, 79.4, 96.57, 84.73, 66.72, 77.64, 82.48]
duration: 36.663514614105225
epoch 204:
loss: 1.3051 || cls: 0.0093
Instance mIoU 86.65, Class mIoU 85.30, 
 Class mIoUs [85.96, 87.96, 88.28, 82.85, 92.22, 77.87, 92.63, 88.45, 85.29, 96.56, 79.85, 96.57, 84.64, 65.97, 77.66, 81.99]
duration: 36.63626480102539
epoch 205:
loss: 1.3053 || cls: 0.0095
Instance mIoU 86.89, Class mIoU 85.40, 
 Class mIoUs [86.0, 87.58, 88.61, 82.98, 92.25, 77.38, 92.52, 88.48, 85.28, 96.63, 79.4, 96.57, 84.55, 67.99, 77.32, 82.78]
duration: 36.76162099838257
new best!
epoch 206:
loss: 1.3048 || cls: 0.0096
Instance mIoU 86.85, Class mIoU 85.25, 
 Class mIoUs [85.97, 87.91, 88.53, 83.0, 92.2, 75.58, 92.63, 88.43, 84.96, 96.55, 79.42, 96.65, 84.82, 67.16, 77.36, 82.82]
duration: 37.24461531639099
epoch 207:
loss: 1.3047 || cls: 0.0091
Instance mIoU 86.83, Class mIoU 85.44, 
 Class mIoUs [85.91, 87.53, 88.54, 82.9, 92.25, 80.52, 92.75, 88.47, 85.11, 96.65, 79.2, 96.61, 84.61, 66.81, 76.46, 82.65]
duration: 36.686684370040894
epoch 208:
loss: 1.3047 || cls: 0.0098
Instance mIoU 86.82, Class mIoU 85.27, 
 Class mIoUs [86.01, 87.46, 88.68, 82.85, 92.24, 77.76, 92.77, 88.48, 85.19, 96.63, 78.93, 96.66, 84.41, 66.15, 77.54, 82.61]
duration: 36.89568066596985
epoch 209:
loss: 1.3044 || cls: 0.0095
Instance mIoU 86.85, Class mIoU 85.45, 
 Class mIoUs [85.93, 87.88, 88.6, 82.71, 92.27, 79.65, 92.72, 88.37, 85.19, 96.54, 79.28, 96.58, 84.41, 67.03, 77.39, 82.7]
duration: 37.150468587875366
epoch 210:
loss: 1.3044 || cls: 0.0093
Instance mIoU 86.90, Class mIoU 85.37, 
 Class mIoUs [86.08, 87.42, 88.52, 82.98, 92.21, 77.45, 92.84, 88.4, 85.17, 96.62, 79.39, 96.48, 84.5, 67.01, 78.0, 82.81]
duration: 36.81086611747742
new best!
epoch 211:
loss: 1.3041 || cls: 0.0093
Instance mIoU 86.99, Class mIoU 85.47, 
 Class mIoUs [85.95, 87.73, 88.71, 82.89, 92.26, 77.92, 92.67, 88.5, 85.22, 96.59, 78.86, 96.53, 84.54, 67.48, 78.63, 83.13]
duration: 37.05007982254028
new best!
epoch 212:
loss: 1.3037 || cls: 0.0092
Instance mIoU 86.86, Class mIoU 85.37, 
 Class mIoUs [86.09, 87.75, 88.43, 82.9, 92.27, 77.99, 92.74, 88.55, 85.28, 96.63, 79.05, 96.62, 84.51, 66.97, 77.59, 82.6]
duration: 37.61045002937317
epoch 213:
loss: 1.3037 || cls: 0.0092
Instance mIoU 86.98, Class mIoU 85.52, 
 Class mIoUs [85.93, 87.56, 88.52, 83.1, 92.34, 79.9, 92.79, 88.37, 85.22, 96.46, 79.37, 96.59, 84.51, 67.05, 77.68, 82.98]
duration: 37.060067892074585
epoch 214:
loss: 1.3037 || cls: 0.009
Instance mIoU 86.93, Class mIoU 85.60, 
 Class mIoUs [85.84, 87.86, 88.45, 82.85, 92.29, 80.0, 92.79, 88.59, 85.35, 96.57, 79.57, 96.55, 84.66, 66.77, 78.58, 82.81]
duration: 36.944878339767456
epoch 215:
loss: 1.3035 || cls: 0.009
Instance mIoU 86.92, Class mIoU 85.60, 
 Class mIoUs [85.95, 87.97, 88.76, 82.96, 92.3, 79.85, 92.73, 88.57, 85.34, 96.64, 79.29, 96.56, 84.39, 66.8, 78.71, 82.71]
duration: 37.23941254615784
epoch 216:
loss: 1.3035 || cls: 0.0088
Instance mIoU 86.86, Class mIoU 85.37, 
 Class mIoUs [85.95, 87.88, 88.72, 82.9, 92.29, 77.7, 92.73, 88.64, 85.57, 96.6, 79.06, 96.55, 84.48, 66.81, 77.54, 82.56]
duration: 36.50659227371216
epoch 217:
loss: 1.3034 || cls: 0.0091
Instance mIoU 86.98, Class mIoU 85.42, 
 Class mIoUs [85.81, 87.81, 88.71, 82.95, 92.37, 77.89, 92.72, 88.62, 85.7, 96.59, 79.43, 96.52, 84.56, 66.63, 77.56, 82.89]
duration: 36.56235980987549
epoch 218:
loss: 1.3029 || cls: 0.009
Instance mIoU 86.96, Class mIoU 85.50, 
 Class mIoUs [85.8, 88.08, 88.66, 82.99, 92.34, 80.21, 92.8, 88.4, 85.28, 96.59, 79.0, 96.66, 84.63, 66.12, 77.48, 82.96]
duration: 36.712711334228516
epoch 219:
loss: 1.3029 || cls: 0.009
Instance mIoU 86.90, Class mIoU 85.35, 
 Class mIoUs [85.79, 87.69, 88.64, 83.15, 92.28, 77.7, 92.73, 88.48, 85.22, 96.62, 79.15, 96.56, 84.86, 66.31, 77.53, 82.83]
duration: 37.06359648704529
epoch 220:
loss: 1.3029 || cls: 0.009
Instance mIoU 86.78, Class mIoU 85.23, 
 Class mIoUs [85.88, 87.6, 88.53, 82.99, 92.24, 77.44, 92.64, 88.55, 85.16, 96.53, 79.14, 96.63, 84.53, 65.98, 77.34, 82.51]
duration: 35.90508270263672
epoch 221:
loss: 1.3025 || cls: 0.0087
Instance mIoU 86.79, Class mIoU 85.41, 
 Class mIoUs [85.84, 87.78, 88.51, 82.98, 92.23, 79.97, 92.73, 88.5, 85.31, 96.54, 79.11, 96.58, 84.72, 65.98, 77.32, 82.45]
duration: 35.8213849067688
epoch 222:
loss: 1.3026 || cls: 0.0089
Instance mIoU 86.87, Class mIoU 85.40, 
 Class mIoUs [85.83, 87.65, 88.57, 82.97, 92.19, 78.37, 92.77, 88.49, 85.51, 96.59, 79.51, 96.59, 84.6, 66.63, 77.43, 82.69]
duration: 35.790879249572754
epoch 223:
loss: 1.3025 || cls: 0.0088
Instance mIoU 86.92, Class mIoU 85.33, 
 Class mIoUs [85.94, 87.31, 88.57, 82.88, 92.3, 77.99, 92.68, 88.52, 85.2, 96.6, 79.54, 96.56, 84.8, 66.26, 77.3, 82.87]
duration: 35.9210524559021
epoch 224:
loss: 1.3025 || cls: 0.0087
Instance mIoU 86.96, Class mIoU 85.42, 
 Class mIoUs [85.86, 87.62, 88.57, 83.11, 92.31, 78.08, 92.75, 88.54, 85.56, 96.57, 79.33, 96.66, 84.73, 66.76, 77.49, 82.84]
duration: 36.70966362953186
epoch 225:
loss: 1.3025 || cls: 0.0086
Instance mIoU 86.86, Class mIoU 85.35, 
 Class mIoUs [85.87, 87.4, 88.5, 83.08, 92.2, 78.01, 92.75, 88.39, 85.4, 96.56, 79.26, 96.65, 84.67, 66.94, 77.28, 82.68]
duration: 36.47150802612305
epoch 226:
loss: 1.3023 || cls: 0.0089
Instance mIoU 86.89, Class mIoU 85.48, 
 Class mIoUs [85.8, 87.22, 88.59, 83.0, 92.27, 80.1, 92.77, 88.49, 85.36, 96.56, 79.57, 96.65, 84.74, 66.36, 77.47, 82.71]
duration: 36.91804885864258
epoch 227:
loss: 1.3021 || cls: 0.0085
Instance mIoU 86.87, Class mIoU 85.53, 
 Class mIoUs [85.84, 87.72, 88.63, 83.02, 92.25, 80.12, 92.74, 88.49, 85.16, 96.58, 79.52, 96.7, 84.5, 66.95, 77.52, 82.72]
duration: 36.59366226196289
epoch 228:
loss: 1.3022 || cls: 0.0086
Instance mIoU 86.82, Class mIoU 85.46, 
 Class mIoUs [85.88, 87.27, 88.51, 82.98, 92.17, 80.0, 92.76, 88.41, 85.33, 96.58, 79.55, 96.63, 84.71, 66.64, 77.41, 82.55]
duration: 36.748103857040405
epoch 229:
loss: 1.3021 || cls: 0.0087
Instance mIoU 86.79, Class mIoU 85.48, 
 Class mIoUs [85.71, 87.6, 88.51, 83.02, 92.17, 80.3, 92.76, 88.53, 85.17, 96.6, 79.51, 96.66, 84.6, 66.77, 77.23, 82.58]
duration: 36.95929455757141
epoch 230:
loss: 1.3018 || cls: 0.0087
Instance mIoU 86.90, Class mIoU 85.51, 
 Class mIoUs [85.92, 87.56, 88.49, 83.08, 92.25, 80.43, 92.78, 88.48, 85.33, 96.58, 79.56, 96.56, 84.49, 66.67, 77.3, 82.72]
duration: 36.98864388465881
epoch 231:
loss: 1.3018 || cls: 0.0086
Instance mIoU 86.90, Class mIoU 85.36, 
 Class mIoUs [85.78, 87.5, 88.47, 83.04, 92.27, 77.92, 92.75, 88.59, 85.33, 96.59, 79.39, 96.6, 84.54, 66.86, 77.31, 82.8]
duration: 36.95921564102173
epoch 232:
loss: 1.302 || cls: 0.0088
Instance mIoU 86.86, Class mIoU 85.52, 
 Class mIoUs [85.89, 87.43, 88.43, 83.12, 92.25, 80.35, 92.77, 88.51, 85.35, 96.61, 79.45, 96.66, 84.72, 66.9, 77.35, 82.56]
duration: 37.57045650482178
epoch 233:
loss: 1.3017 || cls: 0.0086
Instance mIoU 86.89, Class mIoU 85.53, 
 Class mIoUs [85.88, 87.57, 88.51, 83.06, 92.27, 80.43, 92.78, 88.53, 85.39, 96.56, 79.23, 96.62, 84.85, 66.77, 77.44, 82.68]
duration: 36.898473024368286
epoch 234:
loss: 1.3018 || cls: 0.0087
Instance mIoU 86.91, Class mIoU 85.53, 
 Class mIoUs [85.86, 87.67, 88.45, 83.05, 92.32, 80.32, 92.77, 88.5, 85.35, 96.57, 79.4, 96.6, 84.74, 66.7, 77.44, 82.7]
duration: 36.77706456184387
epoch 235:
loss: 1.3016 || cls: 0.0089
Instance mIoU 86.94, Class mIoU 85.53, 
 Class mIoUs [85.98, 87.64, 88.56, 83.08, 92.31, 80.38, 92.76, 88.5, 85.31, 96.56, 79.39, 96.68, 84.76, 66.43, 77.27, 82.81]
duration: 37.11878991127014
epoch 236:
loss: 1.3017 || cls: 0.0085
Instance mIoU 86.93, Class mIoU 85.55, 
 Class mIoUs [85.92, 87.61, 88.59, 83.0, 92.3, 80.33, 92.76, 88.46, 85.38, 96.57, 79.44, 96.61, 84.79, 66.93, 77.37, 82.78]
duration: 37.1828031539917
epoch 237:
loss: 1.3016 || cls: 0.0085
Instance mIoU 86.95, Class mIoU 85.52, 
 Class mIoUs [85.99, 87.53, 88.53, 83.05, 92.29, 80.26, 92.76, 88.5, 85.36, 96.58, 79.33, 96.62, 84.59, 66.83, 77.23, 82.83]
duration: 36.86226296424866
epoch 238:
loss: 1.3016 || cls: 0.0085
Instance mIoU 86.93, Class mIoU 85.54, 
 Class mIoUs [85.99, 87.6, 88.55, 83.01, 92.29, 80.43, 92.76, 88.47, 85.44, 96.58, 79.42, 96.65, 84.72, 66.76, 77.23, 82.74]
duration: 36.552700996398926
epoch 239:
loss: 1.3016 || cls: 0.0085
Instance mIoU 86.91, Class mIoU 85.56, 
 Class mIoUs [85.86, 87.76, 88.56, 83.0, 92.3, 80.47, 92.74, 88.48, 85.44, 96.57, 79.28, 96.65, 84.67, 67.1, 77.3, 82.74]
duration: 36.691248178482056
epoch 240:
loss: 1.3015 || cls: 0.0086
Instance mIoU 86.92, Class mIoU 85.53, 
 Class mIoUs [85.95, 87.6, 88.56, 83.04, 92.3, 80.35, 92.71, 88.53, 85.39, 96.57, 79.32, 96.68, 84.64, 66.82, 77.26, 82.75]
duration: 37.06216382980347
epoch 241:
loss: 1.3014 || cls: 0.0084
Instance mIoU 86.91, Class mIoU 85.56, 
 Class mIoUs [85.96, 87.71, 88.53, 83.01, 92.3, 80.56, 92.74, 88.55, 85.37, 96.57, 79.42, 96.64, 84.66, 66.92, 77.26, 82.68]
duration: 37.17207050323486
epoch 242:
loss: 1.3015 || cls: 0.0084
Instance mIoU 86.95, Class mIoU 85.56, 
 Class mIoUs [85.95, 87.59, 88.58, 83.02, 92.32, 80.53, 92.72, 88.56, 85.32, 96.58, 79.35, 96.68, 84.74, 66.97, 77.28, 82.82]
duration: 35.16434144973755
epoch 243:
loss: 1.3015 || cls: 0.0083
Instance mIoU 86.89, Class mIoU 85.53, 
 Class mIoUs [85.97, 87.65, 88.58, 83.04, 92.26, 80.21, 92.74, 88.53, 85.36, 96.59, 79.31, 96.65, 84.76, 66.8, 77.39, 82.64]
duration: 36.76034164428711
epoch 244:
loss: 1.3014 || cls: 0.0083
Instance mIoU 86.91, Class mIoU 85.54, 
 Class mIoUs [85.87, 87.63, 88.54, 83.01, 92.31, 80.34, 92.76, 88.54, 85.28, 96.6, 79.33, 96.65, 84.78, 66.9, 77.32, 82.73]
duration: 36.71302771568298
epoch 245:
loss: 1.3015 || cls: 0.0083
Instance mIoU 86.91, Class mIoU 85.52, 
 Class mIoUs [85.85, 87.64, 88.59, 83.01, 92.27, 80.29, 92.73, 88.49, 85.39, 96.59, 79.25, 96.66, 84.71, 66.85, 77.24, 82.76]
duration: 36.837732553482056
epoch 246:
loss: 1.3013 || cls: 0.0084
Instance mIoU 86.90, Class mIoU 85.37, 
 Class mIoUs [85.97, 87.63, 88.47, 83.05, 92.23, 77.89, 92.78, 88.57, 85.38, 96.58, 79.4, 96.62, 84.69, 66.53, 77.34, 82.76]
duration: 37.069448947906494
epoch 247:
loss: 1.3014 || cls: 0.0082
Instance mIoU 86.93, Class mIoU 85.41, 
 Class mIoUs [85.94, 87.48, 88.52, 83.03, 92.3, 78.04, 92.74, 88.54, 85.36, 96.59, 79.45, 96.68, 84.9, 66.9, 77.37, 82.78]
duration: 37.05484890937805
epoch 248:
loss: 1.3013 || cls: 0.0083
Instance mIoU 86.89, Class mIoU 85.53, 
 Class mIoUs [85.96, 87.58, 88.57, 83.05, 92.26, 80.4, 92.72, 88.56, 85.4, 96.57, 79.38, 96.68, 84.56, 66.77, 77.32, 82.64]
duration: 37.05673003196716
epoch 249:
loss: 1.3014 || cls: 0.0084
Instance mIoU 86.92, Class mIoU 85.53, 
 Class mIoUs [85.94, 87.6, 88.47, 83.09, 92.3, 80.42, 92.73, 88.51, 85.34, 96.6, 79.35, 96.67, 84.66, 66.67, 77.33, 82.74]
duration: 36.71295237541199
