base 
epoch 0:
loss: 1.403 || cls: 1.6232
train: acc: 0.7745 || macc: 0.5157 || miou: 0.4286 || iou: [0.8733, 0.912, 0.6845, 0.3247, 0.0513, 0.2307, 0.4016, 0.5604, 0.5081, 0.0007, 0.5077, 0.0986, 0.4176]
val:   acc: 0.8114 || macc: 0.6344 || miou: 0.5445 || iou: [0.9553, 0.9344, 0.6703, 0.4765, 0.2793, 0.5765, 0.4423, 0.6674, 0.736, 0.0005, 0.4099, 0.3435, 0.5868]
duration: 136.92977023124695
new best!
epoch 1:
loss: 1.2096 || cls: 0.8969
train: acc: 0.8663 || macc: 0.7298 || miou: 0.6438 || iou: [0.9302, 0.9652, 0.7903, 0.6074, 0.3226, 0.5846, 0.6402, 0.7147, 0.7685, 0.3087, 0.6761, 0.4791, 0.582]
val:   acc: 0.8596 || macc: 0.8037 || miou: 0.6927 || iou: [0.9305, 0.9302, 0.7821, 0.7184, 0.4658, 0.6859, 0.7262, 0.688, 0.5625, 0.6445, 0.6095, 0.6827, 0.5785]
duration: 133.73670363426208
new best!
epoch 2:
loss: 1.152 || cls: 0.8413
train: acc: 0.8952 || macc: 0.8078 || miou: 0.7258 || iou: [0.9434, 0.9709, 0.8283, 0.7126, 0.452, 0.6768, 0.7315, 0.7554, 0.8219, 0.5552, 0.746, 0.5916, 0.6504]
val:   acc: 0.8838 || macc: 0.846 || miou: 0.7324 || iou: [0.949, 0.9435, 0.7944, 0.6371, 0.5461, 0.7694, 0.8192, 0.6686, 0.8074, 0.6477, 0.6319, 0.6256, 0.6813]
duration: 132.66449880599976
new best!
epoch 3:
loss: 1.1235 || cls: 0.8069
train: acc: 0.9091 || macc: 0.8403 || miou: 0.7623 || iou: [0.949, 0.9744, 0.8495, 0.7568, 0.5461, 0.725, 0.772, 0.7772, 0.8345, 0.6382, 0.7768, 0.6227, 0.6877]
val:   acc: 0.8802 || macc: 0.8066 || miou: 0.7243 || iou: [0.9557, 0.9452, 0.7626, 0.7931, 0.511, 0.5824, 0.8181, 0.6804, 0.8216, 0.6238, 0.6177, 0.6286, 0.6759]
duration: 131.53999137878418
epoch 4:
loss: 1.1067 || cls: 0.7675
train: acc: 0.9176 || macc: 0.8599 || miou: 0.7867 || iou: [0.9542, 0.9757, 0.8592, 0.7874, 0.5839, 0.7591, 0.7984, 0.7893, 0.8526, 0.6962, 0.8067, 0.6541, 0.7106]
val:   acc: 0.8965 || macc: 0.8437 || miou: 0.7576 || iou: [0.963, 0.9475, 0.8095, 0.6906, 0.5909, 0.7049, 0.8266, 0.7056, 0.8367, 0.7255, 0.6539, 0.668, 0.7255]
duration: 131.47963166236877
new best!
epoch 5:
loss: 1.093 || cls: 0.7372
train: acc: 0.9242 || macc: 0.8709 || miou: 0.8009 || iou: [0.9554, 0.9768, 0.8691, 0.8042, 0.6051, 0.7605, 0.8105, 0.806, 0.8763, 0.7182, 0.82, 0.6749, 0.7349]
val:   acc: 0.894 || macc: 0.812 || miou: 0.7367 || iou: [0.9588, 0.9509, 0.8047, 0.7187, 0.5483, 0.7559, 0.8435, 0.64, 0.8286, 0.461, 0.6607, 0.7007, 0.7053]
duration: 130.90354108810425
epoch 6:
loss: 1.0853 || cls: 0.7009
train: acc: 0.928 || macc: 0.879 || miou: 0.8116 || iou: [0.9568, 0.9775, 0.8753, 0.8096, 0.6365, 0.7748, 0.831, 0.8073, 0.875, 0.738, 0.832, 0.6954, 0.7421]
val:   acc: 0.9026 || macc: 0.866 || miou: 0.7718 || iou: [0.9669, 0.9502, 0.8223, 0.8177, 0.5774, 0.6996, 0.8522, 0.7147, 0.8005, 0.7141, 0.6292, 0.7608, 0.7271]
duration: 131.3954017162323
new best!
epoch 7:
loss: 1.0783 || cls: 0.67
train: acc: 0.9314 || macc: 0.8845 || miou: 0.8192 || iou: [0.9604, 0.9784, 0.8814, 0.8164, 0.6355, 0.7991, 0.8329, 0.8139, 0.8781, 0.7476, 0.8394, 0.7153, 0.7512]
val:   acc: 0.8953 || macc: 0.8524 || miou: 0.752 || iou: [0.9671, 0.9526, 0.822, 0.7664, 0.5557, 0.7009, 0.8621, 0.6102, 0.825, 0.6296, 0.6207, 0.7556, 0.7084]
duration: 131.45624995231628
epoch 8:
loss: 1.0744 || cls: 0.6453
train: acc: 0.9336 || macc: 0.8905 || miou: 0.8267 || iou: [0.9602, 0.9785, 0.8853, 0.8247, 0.6785, 0.7979, 0.8368, 0.8223, 0.8882, 0.7598, 0.842, 0.7149, 0.7585]
val:   acc: 0.9051 || macc: 0.8586 || miou: 0.7739 || iou: [0.9615, 0.9505, 0.8356, 0.7471, 0.626, 0.7079, 0.8666, 0.7268, 0.854, 0.7541, 0.6129, 0.6868, 0.7307]
duration: 131.16096091270447
new best!
epoch 9:
loss: 1.0717 || cls: 0.6358
train: acc: 0.9345 || macc: 0.8921 || miou: 0.8296 || iou: [0.9604, 0.9785, 0.8858, 0.832, 0.6828, 0.7924, 0.8459, 0.8263, 0.8832, 0.7607, 0.8463, 0.7279, 0.7622]
val:   acc: 0.9089 || macc: 0.8733 || miou: 0.7859 || iou: [0.9646, 0.9508, 0.8417, 0.7788, 0.665, 0.6932, 0.8756, 0.7163, 0.804, 0.7896, 0.6724, 0.7333, 0.7315]
duration: 130.715265750885
new best!
epoch 10:
loss: 1.0599 || cls: 0.6125
train: acc: 0.9403 || macc: 0.9028 || miou: 0.8449 || iou: [0.9626, 0.9794, 0.8941, 0.8475, 0.7103, 0.8185, 0.8592, 0.8391, 0.8992, 0.7884, 0.8632, 0.7421, 0.7804]
val:   acc: 0.9051 || macc: 0.8659 || miou: 0.7719 || iou: [0.9641, 0.9513, 0.8319, 0.7422, 0.6626, 0.7429, 0.8629, 0.6885, 0.8255, 0.716, 0.64, 0.6699, 0.7367]
duration: 131.37421798706055
epoch 11:
loss: 1.0568 || cls: 0.5994
train: acc: 0.9418 || macc: 0.9067 || miou: 0.8499 || iou: [0.9633, 0.9793, 0.8968, 0.855, 0.7229, 0.8189, 0.8586, 0.8407, 0.8988, 0.8052, 0.8655, 0.7573, 0.7866]
val:   acc: 0.906 || macc: 0.8602 || miou: 0.7645 || iou: [0.9661, 0.9474, 0.8404, 0.7523, 0.6834, 0.819, 0.873, 0.6927, 0.8163, 0.6395, 0.6271, 0.5657, 0.7154]
duration: 131.73687624931335
epoch 12:
loss: 1.0536 || cls: 0.5863
train: acc: 0.9432 || macc: 0.9082 || miou: 0.8521 || iou: [0.9649, 0.98, 0.8987, 0.8627, 0.7224, 0.8211, 0.8594, 0.8422, 0.9028, 0.8023, 0.8727, 0.7568, 0.7915]
val:   acc: 0.9083 || macc: 0.8606 || miou: 0.7796 || iou: [0.9642, 0.9529, 0.833, 0.7686, 0.6824, 0.7269, 0.8765, 0.6975, 0.8696, 0.7752, 0.6371, 0.6055, 0.7451]
duration: 131.47728610038757
epoch 13:
loss: 1.0491 || cls: 0.5701
train: acc: 0.9454 || macc: 0.9125 || miou: 0.8593 || iou: [0.9657, 0.9801, 0.9019, 0.8694, 0.734, 0.8329, 0.8649, 0.849, 0.9054, 0.8258, 0.8783, 0.764, 0.7994]
val:   acc: 0.9035 || macc: 0.8767 || miou: 0.773 || iou: [0.9637, 0.9516, 0.8361, 0.7508, 0.6047, 0.7991, 0.8601, 0.7056, 0.7657, 0.7087, 0.6228, 0.7758, 0.7048]
duration: 131.4770143032074
epoch 14:
loss: 1.0461 || cls: 0.5579
train: acc: 0.9468 || macc: 0.9158 || miou: 0.8631 || iou: [0.9651, 0.9803, 0.9053, 0.866, 0.7461, 0.8451, 0.8759, 0.8509, 0.9085, 0.813, 0.879, 0.785, 0.8004]
val:   acc: 0.9085 || macc: 0.8798 || miou: 0.7903 || iou: [0.9632, 0.9506, 0.8366, 0.753, 0.6571, 0.7984, 0.8631, 0.682, 0.8601, 0.7851, 0.6421, 0.7492, 0.7338]
duration: 131.84455251693726
new best!
epoch 15:
loss: 1.0425 || cls: 0.5497
train: acc: 0.9485 || macc: 0.918 || miou: 0.8666 || iou: [0.9661, 0.9804, 0.9075, 0.8749, 0.7511, 0.8363, 0.8793, 0.8562, 0.9162, 0.8324, 0.8839, 0.7734, 0.8085]
val:   acc: 0.9066 || macc: 0.8713 || miou: 0.7787 || iou: [0.9624, 0.9536, 0.8422, 0.7711, 0.668, 0.7918, 0.8845, 0.6649, 0.768, 0.7439, 0.6584, 0.7006, 0.7133]
duration: 131.69565749168396
epoch 16:
loss: 1.0401 || cls: 0.5444
train: acc: 0.9496 || macc: 0.9199 || miou: 0.8687 || iou: [0.9658, 0.981, 0.9096, 0.8721, 0.7612, 0.8504, 0.8845, 0.8589, 0.9145, 0.8251, 0.8869, 0.7706, 0.8125]
val:   acc: 0.8984 || macc: 0.8641 || miou: 0.7633 || iou: [0.9485, 0.9535, 0.8284, 0.5547, 0.694, 0.8081, 0.8645, 0.676, 0.8637, 0.7415, 0.6128, 0.6519, 0.7257]
duration: 131.08787059783936
epoch 17:
loss: 1.0368 || cls: 0.5363
train: acc: 0.9515 || macc: 0.9246 || miou: 0.8768 || iou: [0.9669, 0.9811, 0.9118, 0.8855, 0.7709, 0.8461, 0.8793, 0.8653, 0.9192, 0.858, 0.8927, 0.8025, 0.8187]
val:   acc: 0.9117 || macc: 0.8684 || miou: 0.7911 || iou: [0.9658, 0.9507, 0.8438, 0.7662, 0.6901, 0.8547, 0.8819, 0.7172, 0.8456, 0.7141, 0.6041, 0.7182, 0.7323]
duration: 131.32009387016296
new best!
epoch 18:
loss: 1.0353 || cls: 0.5275
train: acc: 0.9521 || macc: 0.9238 || miou: 0.875 || iou: [0.9673, 0.9814, 0.9138, 0.8873, 0.7664, 0.8434, 0.8817, 0.8674, 0.9194, 0.8331, 0.8945, 0.7976, 0.8222]
val:   acc: 0.9122 || macc: 0.8743 || miou: 0.7901 || iou: [0.9627, 0.948, 0.853, 0.764, 0.6789, 0.7747, 0.8791, 0.7333, 0.8292, 0.7686, 0.6374, 0.7051, 0.7374]
duration: 131.2296164035797
epoch 19:
loss: 1.0308 || cls: 0.5196
train: acc: 0.9542 || macc: 0.9291 || miou: 0.8822 || iou: [0.9678, 0.9809, 0.9178, 0.8956, 0.7854, 0.8617, 0.8912, 0.8678, 0.9169, 0.849, 0.9011, 0.8058, 0.8275]
val:   acc: 0.9 || macc: 0.8558 || miou: 0.7608 || iou: [0.9634, 0.9519, 0.8211, 0.7553, 0.5571, 0.8149, 0.8788, 0.704, 0.7721, 0.6887, 0.5434, 0.729, 0.7107]
duration: 132.32922744750977
epoch 20:
loss: 1.031 || cls: 0.5194
train: acc: 0.9539 || macc: 0.9282 || miou: 0.8813 || iou: [0.9684, 0.9814, 0.9169, 0.8892, 0.772, 0.8685, 0.888, 0.8706, 0.9234, 0.837, 0.8956, 0.8181, 0.8273]
val:   acc: 0.9075 || macc: 0.8629 || miou: 0.7787 || iou: [0.965, 0.9518, 0.8325, 0.7311, 0.6534, 0.8574, 0.8786, 0.6496, 0.854, 0.6543, 0.6672, 0.7001, 0.7278]
duration: 131.63674354553223
epoch 21:
loss: 1.0305 || cls: 0.5162
train: acc: 0.9545 || macc: 0.9304 || miou: 0.8839 || iou: [0.9679, 0.9818, 0.9177, 0.8933, 0.7795, 0.8606, 0.8881, 0.8697, 0.9211, 0.8616, 0.9016, 0.8188, 0.8289]
val:   acc: 0.9071 || macc: 0.8616 || miou: 0.7765 || iou: [0.962, 0.9489, 0.8431, 0.7812, 0.7065, 0.7768, 0.8842, 0.6834, 0.8211, 0.6675, 0.6066, 0.7022, 0.7106]
duration: 131.9815001487732
epoch 22:
loss: 1.0261 || cls: 0.5116
train: acc: 0.9564 || macc: 0.9327 || miou: 0.8881 || iou: [0.969, 0.9818, 0.9201, 0.8924, 0.7835, 0.861, 0.8978, 0.8756, 0.9279, 0.8762, 0.9062, 0.8155, 0.838]
val:   acc: 0.9155 || macc: 0.882 || miou: 0.8029 || iou: [0.9633, 0.9522, 0.8576, 0.7627, 0.6887, 0.8491, 0.8803, 0.7071, 0.8421, 0.7717, 0.6431, 0.7813, 0.7389]
duration: 131.7651309967041
new best!
epoch 23:
loss: 1.0253 || cls: 0.5119
train: acc: 0.9568 || macc: 0.9345 || miou: 0.89 || iou: [0.9689, 0.9819, 0.9219, 0.9039, 0.8023, 0.8624, 0.8925, 0.8768, 0.9305, 0.8738, 0.9056, 0.8123, 0.837]
val:   acc: 0.9144 || macc: 0.882 || miou: 0.7969 || iou: [0.9669, 0.9517, 0.8483, 0.7433, 0.7151, 0.8154, 0.8819, 0.7096, 0.8264, 0.7441, 0.6441, 0.7635, 0.7494]
duration: 130.97586512565613
epoch 24:
loss: 1.0235 || cls: 0.5064
train: acc: 0.9575 || macc: 0.9348 || miou: 0.8908 || iou: [0.9695, 0.982, 0.9229, 0.9082, 0.7965, 0.8636, 0.9002, 0.8781, 0.9275, 0.8603, 0.9057, 0.8251, 0.8408]
val:   acc: 0.9131 || macc: 0.8708 || miou: 0.7963 || iou: [0.9637, 0.9499, 0.8345, 0.7221, 0.6554, 0.8554, 0.8817, 0.7536, 0.8456, 0.7077, 0.6821, 0.7532, 0.7472]
duration: 130.94439697265625
epoch 25:
loss: 1.0221 || cls: 0.5026
train: acc: 0.9582 || macc: 0.9364 || miou: 0.8928 || iou: [0.9696, 0.9822, 0.9237, 0.9058, 0.8076, 0.8675, 0.9005, 0.879, 0.9272, 0.8646, 0.909, 0.825, 0.844]
val:   acc: 0.9141 || macc: 0.8872 || miou: 0.8074 || iou: [0.9639, 0.9545, 0.8547, 0.7186, 0.6797, 0.8214, 0.8819, 0.7119, 0.8537, 0.866, 0.6755, 0.7822, 0.7326]
duration: 131.16294169425964
new best!
epoch 26:
loss: 1.021 || cls: 0.504
train: acc: 0.9587 || macc: 0.9378 || miou: 0.8952 || iou: [0.9693, 0.9822, 0.9242, 0.8939, 0.8134, 0.8737, 0.8971, 0.8829, 0.9336, 0.8719, 0.9104, 0.8406, 0.8451]
val:   acc: 0.9147 || macc: 0.8755 || miou: 0.801 || iou: [0.9585, 0.9465, 0.8427, 0.7264, 0.7012, 0.8311, 0.8822, 0.7317, 0.8431, 0.7489, 0.6888, 0.757, 0.7552]
duration: 131.29723525047302
epoch 27:
loss: 1.0197 || cls: 0.5044
train: acc: 0.9594 || macc: 0.9387 || miou: 0.8963 || iou: [0.9692, 0.9824, 0.9263, 0.9112, 0.8186, 0.8681, 0.8988, 0.8858, 0.9269, 0.864, 0.9159, 0.8384, 0.8461]
val:   acc: 0.8977 || macc: 0.8489 || miou: 0.764 || iou: [0.9539, 0.9512, 0.812, 0.497, 0.677, 0.7948, 0.8745, 0.7023, 0.8572, 0.7217, 0.6343, 0.7234, 0.7323]
duration: 131.6702070236206
epoch 28:
loss: 1.0197 || cls: 0.5123
train: acc: 0.9594 || macc: 0.9379 || miou: 0.8957 || iou: [0.9702, 0.9821, 0.9255, 0.9059, 0.8015, 0.8825, 0.9022, 0.8818, 0.9321, 0.8679, 0.9145, 0.8302, 0.8481]
val:   acc: 0.9118 || macc: 0.8636 || miou: 0.7945 || iou: [0.9646, 0.953, 0.8399, 0.7183, 0.704, 0.8033, 0.902, 0.7444, 0.8747, 0.782, 0.5699, 0.7284, 0.7437]
duration: 131.09916973114014
epoch 29:
loss: 1.0148 || cls: 0.4991
train: acc: 0.9617 || macc: 0.9439 || miou: 0.9044 || iou: [0.9713, 0.9825, 0.9297, 0.9153, 0.8188, 0.883, 0.9097, 0.8891, 0.9347, 0.8949, 0.9142, 0.8586, 0.8548]
val:   acc: 0.9127 || macc: 0.8778 || miou: 0.7855 || iou: [0.9593, 0.9547, 0.8452, 0.7058, 0.686, 0.789, 0.9001, 0.724, 0.8585, 0.6584, 0.6372, 0.7352, 0.7578]
duration: 131.28987860679626
epoch 30:
loss: 1.0158 || cls: 0.5084
train: acc: 0.9612 || macc: 0.9424 || miou: 0.9018 || iou: [0.972, 0.9826, 0.929, 0.9136, 0.8256, 0.8809, 0.9046, 0.8885, 0.9316, 0.8805, 0.9157, 0.845, 0.8538]
val:   acc: 0.9149 || macc: 0.8773 || miou: 0.8024 || iou: [0.9655, 0.9548, 0.8452, 0.7262, 0.7199, 0.8158, 0.8903, 0.7187, 0.8798, 0.7794, 0.6357, 0.7462, 0.7542]
duration: 131.4642572402954
epoch 31:
loss: 1.0159 || cls: 0.5079
train: acc: 0.9611 || macc: 0.9415 || miou: 0.9007 || iou: [0.9711, 0.9826, 0.9279, 0.9189, 0.8185, 0.8822, 0.9039, 0.8879, 0.9331, 0.8689, 0.9182, 0.8413, 0.8551]
val:   acc: 0.9108 || macc: 0.8678 || miou: 0.7898 || iou: [0.9619, 0.9517, 0.8381, 0.669, 0.7, 0.8473, 0.8929, 0.721, 0.845, 0.7315, 0.6136, 0.7463, 0.7487]
duration: 131.33901596069336
epoch 32:
loss: 1.0119 || cls: 0.5034
train: acc: 0.9631 || macc: 0.9457 || miou: 0.9069 || iou: [0.972, 0.9828, 0.9319, 0.9127, 0.8277, 0.8821, 0.9116, 0.8923, 0.9376, 0.9012, 0.9212, 0.8555, 0.8614]
val:   acc: 0.913 || macc: 0.88 || miou: 0.7928 || iou: [0.9645, 0.9523, 0.854, 0.7537, 0.6673, 0.8036, 0.875, 0.7215, 0.8356, 0.7716, 0.6233, 0.7404, 0.743]
duration: 131.29101252555847
epoch 33:
loss: 1.0096 || cls: 0.5011
train: acc: 0.9642 || macc: 0.9477 || miou: 0.9099 || iou: [0.9723, 0.9835, 0.9339, 0.9222, 0.834, 0.8908, 0.9086, 0.8957, 0.939, 0.8886, 0.9239, 0.8705, 0.8658]
val:   acc: 0.9179 || macc: 0.8797 || miou: 0.803 || iou: [0.9638, 0.953, 0.8577, 0.7798, 0.6932, 0.8202, 0.895, 0.7225, 0.8394, 0.7625, 0.6433, 0.7514, 0.7569]
duration: 130.92946434020996
epoch 34:
loss: 1.011 || cls: 0.5119
train: acc: 0.9635 || macc: 0.9456 || miou: 0.9076 || iou: [0.9727, 0.9829, 0.9318, 0.9193, 0.8255, 0.8875, 0.9121, 0.8946, 0.9372, 0.8982, 0.9229, 0.8496, 0.864]
val:   acc: 0.9122 || macc: 0.8644 || miou: 0.7936 || iou: [0.9641, 0.9514, 0.8392, 0.7487, 0.6231, 0.8629, 0.8783, 0.7249, 0.8823, 0.7699, 0.6272, 0.6985, 0.7462]
duration: 131.1266851425171
epoch 35:
loss: 1.011 || cls: 0.5143
train: acc: 0.9635 || macc: 0.9475 || miou: 0.9092 || iou: [0.9721, 0.983, 0.9326, 0.92, 0.8381, 0.892, 0.9076, 0.8935, 0.9398, 0.9044, 0.9235, 0.8502, 0.8623]
val:   acc: 0.9105 || macc: 0.8775 || miou: 0.792 || iou: [0.9565, 0.9557, 0.8512, 0.6568, 0.7129, 0.793, 0.8879, 0.6707, 0.8326, 0.7981, 0.6727, 0.7664, 0.741]
duration: 131.03583073616028
epoch 36:
loss: 1.011 || cls: 0.5253
train: acc: 0.9636 || macc: 0.947 || miou: 0.9088 || iou: [0.9716, 0.983, 0.933, 0.9215, 0.8355, 0.8855, 0.9114, 0.8984, 0.9379, 0.8937, 0.9214, 0.8567, 0.864]
val:   acc: 0.9135 || macc: 0.8751 || miou: 0.7935 || iou: [0.9615, 0.9549, 0.8436, 0.7461, 0.6803, 0.8288, 0.8907, 0.7083, 0.8457, 0.7091, 0.6759, 0.7244, 0.7463]
duration: 131.1238934993744
epoch 37:
loss: 1.0102 || cls: 0.5309
train: acc: 0.9638 || macc: 0.9466 || miou: 0.9077 || iou: [0.9725, 0.983, 0.9328, 0.9228, 0.8311, 0.8892, 0.9087, 0.8964, 0.9377, 0.8849, 0.9254, 0.8513, 0.8648]
val:   acc: 0.9113 || macc: 0.865 || miou: 0.7871 || iou: [0.9625, 0.9567, 0.8378, 0.6706, 0.7238, 0.7754, 0.8738, 0.7238, 0.8679, 0.7522, 0.6467, 0.6793, 0.7615]
duration: 131.99898171424866
epoch 38:
loss: 1.0073 || cls: 0.5189
train: acc: 0.9651 || macc: 0.9494 || miou: 0.9127 || iou: [0.9728, 0.9831, 0.9351, 0.9286, 0.8472, 0.8952, 0.9089, 0.9003, 0.9419, 0.9033, 0.9266, 0.8521, 0.8703]
val:   acc: 0.9165 || macc: 0.8824 || miou: 0.803 || iou: [0.9583, 0.9555, 0.8548, 0.6818, 0.7144, 0.8377, 0.8928, 0.7087, 0.863, 0.7457, 0.6727, 0.7928, 0.7605]
duration: 132.38225078582764
epoch 39:
loss: 1.0061 || cls: 0.5239
train: acc: 0.9658 || macc: 0.9507 || miou: 0.9146 || iou: [0.9728, 0.9835, 0.9364, 0.9246, 0.8412, 0.8981, 0.918, 0.9005, 0.9421, 0.9042, 0.9283, 0.8685, 0.871]
val:   acc: 0.9017 || macc: 0.8561 || miou: 0.7751 || iou: [0.958, 0.9564, 0.8166, 0.5056, 0.6575, 0.7945, 0.9002, 0.698, 0.8325, 0.8121, 0.6584, 0.7406, 0.7464]
duration: 132.11017394065857
epoch 40:
loss: 1.003 || cls: 0.523
train: acc: 0.9672 || macc: 0.9529 || miou: 0.9182 || iou: [0.9726, 0.9837, 0.9399, 0.9313, 0.8618, 0.9014, 0.9223, 0.902, 0.9425, 0.896, 0.9315, 0.8771, 0.8742]
val:   acc: 0.9161 || macc: 0.8714 || miou: 0.7967 || iou: [0.9632, 0.9541, 0.8472, 0.7242, 0.7194, 0.8072, 0.8914, 0.7259, 0.8604, 0.7771, 0.6472, 0.6666, 0.7726]
duration: 132.30537819862366
epoch 41:
loss: 1.0035 || cls: 0.5246
train: acc: 0.9669 || macc: 0.9527 || miou: 0.9178 || iou: [0.9732, 0.9837, 0.9376, 0.9275, 0.8419, 0.8996, 0.912, 0.9052, 0.9446, 0.9179, 0.9339, 0.8753, 0.8787]
val:   acc: 0.9152 || macc: 0.8742 || miou: 0.7984 || iou: [0.9598, 0.9576, 0.8519, 0.7071, 0.6832, 0.8118, 0.894, 0.703, 0.8699, 0.7763, 0.6595, 0.7472, 0.7575]
duration: 131.18838691711426
epoch 42:
loss: 1.0022 || cls: 0.5314
train: acc: 0.9676 || macc: 0.9531 || miou: 0.9189 || iou: [0.9739, 0.9838, 0.9398, 0.9301, 0.8478, 0.9028, 0.9216, 0.9068, 0.9444, 0.9104, 0.9325, 0.8734, 0.8783]
val:   acc: 0.9161 || macc: 0.8864 || miou: 0.8062 || iou: [0.9598, 0.9535, 0.8467, 0.71, 0.6975, 0.8496, 0.9108, 0.7181, 0.8819, 0.7851, 0.6438, 0.7642, 0.76]
duration: 131.12093234062195
epoch 43:
loss: 1.0022 || cls: 0.5348
train: acc: 0.9676 || macc: 0.9524 || miou: 0.9174 || iou: [0.9738, 0.9839, 0.9401, 0.9252, 0.852, 0.9016, 0.9249, 0.9059, 0.9391, 0.8997, 0.9335, 0.8696, 0.8774]
val:   acc: 0.9183 || macc: 0.8937 || miou: 0.8067 || iou: [0.9643, 0.9558, 0.8594, 0.7765, 0.7289, 0.8141, 0.8846, 0.703, 0.8609, 0.766, 0.6804, 0.7443, 0.7495]
duration: 130.76892971992493
epoch 44:
loss: 1.0013 || cls: 0.5403
train: acc: 0.968 || macc: 0.9545 || miou: 0.9203 || iou: [0.9743, 0.9838, 0.9417, 0.9309, 0.8629, 0.899, 0.9171, 0.9033, 0.9426, 0.9095, 0.9332, 0.886, 0.8794]
val:   acc: 0.9102 || macc: 0.8677 || miou: 0.7838 || iou: [0.9607, 0.9552, 0.8336, 0.6431, 0.6896, 0.7928, 0.8927, 0.7026, 0.8755, 0.7059, 0.6637, 0.7081, 0.7655]
duration: 130.3134503364563
epoch 45:
loss: 1.0006 || cls: 0.5441
train: acc: 0.9684 || macc: 0.9548 || miou: 0.9212 || iou: [0.9739, 0.9839, 0.9411, 0.9294, 0.8525, 0.9064, 0.9247, 0.9069, 0.9461, 0.917, 0.9349, 0.8776, 0.8817]
val:   acc: 0.9174 || macc: 0.8868 || miou: 0.8021 || iou: [0.9605, 0.9554, 0.8589, 0.7193, 0.7193, 0.8064, 0.8997, 0.7123, 0.8608, 0.7289, 0.6731, 0.776, 0.7564]
duration: 130.9383680820465
epoch 46:
loss: 0.9983 || cls: 0.5361
train: acc: 0.9694 || macc: 0.9573 || miou: 0.9248 || iou: [0.9745, 0.9841, 0.9429, 0.934, 0.8635, 0.9092, 0.9307, 0.9094, 0.9482, 0.921, 0.9365, 0.8845, 0.8835]
val:   acc: 0.9192 || macc: 0.887 || miou: 0.8105 || iou: [0.9608, 0.9563, 0.8613, 0.7425, 0.7242, 0.8631, 0.9132, 0.6934, 0.8496, 0.775, 0.6923, 0.7564, 0.7488]
duration: 130.90649104118347
new best!
epoch 47:
loss: 0.998 || cls: 0.5413
train: acc: 0.9696 || macc: 0.9566 || miou: 0.9243 || iou: [0.9747, 0.9843, 0.9421, 0.9279, 0.853, 0.9126, 0.928, 0.9123, 0.9486, 0.9208, 0.9397, 0.8857, 0.8866]
val:   acc: 0.9159 || macc: 0.8865 || miou: 0.8024 || iou: [0.9635, 0.9554, 0.8485, 0.7394, 0.6961, 0.7842, 0.8992, 0.7201, 0.8718, 0.8076, 0.6639, 0.72, 0.7622]
duration: 131.30890893936157
epoch 48:
loss: 0.9986 || cls: 0.554
train: acc: 0.9692 || macc: 0.956 || miou: 0.923 || iou: [0.9743, 0.9843, 0.9433, 0.9308, 0.8598, 0.9086, 0.9269, 0.9113, 0.9464, 0.9137, 0.9355, 0.8814, 0.8823]
val:   acc: 0.9149 || macc: 0.8842 || miou: 0.8008 || iou: [0.9597, 0.9516, 0.8536, 0.701, 0.7149, 0.8276, 0.8949, 0.7173, 0.8305, 0.7744, 0.6642, 0.7727, 0.7479]
duration: 131.2651345729828
epoch 49:
loss: 0.9966 || cls: 0.5524
train: acc: 0.9702 || macc: 0.958 || miou: 0.9263 || iou: [0.9752, 0.9847, 0.9445, 0.9365, 0.8679, 0.9086, 0.9279, 0.9118, 0.9486, 0.9218, 0.9376, 0.8905, 0.8869]
val:   acc: 0.9146 || macc: 0.873 || miou: 0.7946 || iou: [0.9611, 0.9547, 0.8479, 0.6797, 0.7243, 0.7887, 0.8788, 0.7173, 0.8761, 0.715, 0.668, 0.754, 0.7641]
duration: 131.3049669265747
epoch 50:
loss: 0.9953 || cls: 0.5495
train: acc: 0.9708 || macc: 0.9588 || miou: 0.9273 || iou: [0.9751, 0.9846, 0.9456, 0.9386, 0.8709, 0.9078, 0.929, 0.9143, 0.9496, 0.9165, 0.9406, 0.892, 0.8897]
val:   acc: 0.9171 || macc: 0.8879 || miou: 0.8097 || iou: [0.9613, 0.9555, 0.8457, 0.7398, 0.6875, 0.8133, 0.8955, 0.7233, 0.8767, 0.8303, 0.6776, 0.754, 0.7651]
duration: 131.71587562561035
epoch 51:
loss: 0.9945 || cls: 0.5547
train: acc: 0.9712 || macc: 0.9598 || miou: 0.929 || iou: [0.9754, 0.9846, 0.9461, 0.9365, 0.8723, 0.9126, 0.9319, 0.9148, 0.9504, 0.9254, 0.9406, 0.8947, 0.8914]
val:   acc: 0.9159 || macc: 0.8781 || miou: 0.7996 || iou: [0.9604, 0.9553, 0.8523, 0.718, 0.7274, 0.8337, 0.904, 0.6767, 0.8512, 0.7813, 0.6789, 0.6969, 0.7594]
duration: 134.48451042175293
epoch 52:
loss: 0.9953 || cls: 0.5566
train: acc: 0.9707 || macc: 0.9599 || miou: 0.929 || iou: [0.9756, 0.9846, 0.9449, 0.938, 0.8717, 0.9171, 0.9295, 0.9141, 0.9487, 0.9255, 0.9405, 0.8985, 0.8881]
val:   acc: 0.9169 || macc: 0.8759 || miou: 0.7958 || iou: [0.9655, 0.9539, 0.8557, 0.7653, 0.7387, 0.811, 0.8958, 0.7055, 0.815, 0.6851, 0.6794, 0.725, 0.7502]
duration: 132.22070407867432
epoch 53:
loss: 0.9926 || cls: 0.555
train: acc: 0.9721 || macc: 0.9611 || miou: 0.9315 || iou: [0.9754, 0.985, 0.9472, 0.9403, 0.8702, 0.9217, 0.9342, 0.9183, 0.9518, 0.9207, 0.9463, 0.9039, 0.8942]
val:   acc: 0.9165 || macc: 0.8852 || miou: 0.8022 || iou: [0.961, 0.9517, 0.8536, 0.7447, 0.7441, 0.8323, 0.8931, 0.7018, 0.8297, 0.7579, 0.6836, 0.7241, 0.7505]
duration: 132.63696694374084
epoch 54:
loss: 0.9908 || cls: 0.5504
train: acc: 0.973 || macc: 0.9615 || miou: 0.932 || iou: [0.9764, 0.9852, 0.9494, 0.9401, 0.8777, 0.9226, 0.9349, 0.9193, 0.9515, 0.9166, 0.9476, 0.8969, 0.8981]
val:   acc: 0.9192 || macc: 0.8961 || miou: 0.809 || iou: [0.9633, 0.9535, 0.8648, 0.7636, 0.7351, 0.8111, 0.8946, 0.6988, 0.8716, 0.7633, 0.663, 0.7794, 0.7544]
duration: 133.0057933330536
epoch 55:
loss: 0.9901 || cls: 0.5497
train: acc: 0.9732 || macc: 0.9638 || miou: 0.9353 || iou: [0.9758, 0.985, 0.9492, 0.9382, 0.8841, 0.9247, 0.9346, 0.9205, 0.9555, 0.942, 0.9494, 0.9011, 0.8983]
val:   acc: 0.9186 || macc: 0.8792 || miou: 0.8029 || iou: [0.9622, 0.9519, 0.8568, 0.7488, 0.7199, 0.8144, 0.8979, 0.7228, 0.8688, 0.7188, 0.6623, 0.7482, 0.7644]
duration: 132.81355214118958
epoch 56:
loss: 0.9899 || cls: 0.5574
train: acc: 0.9734 || macc: 0.9632 || miou: 0.9347 || iou: [0.9762, 0.9854, 0.9499, 0.9372, 0.878, 0.9233, 0.9367, 0.9213, 0.9544, 0.9362, 0.9477, 0.9051, 0.8994]
val:   acc: 0.9147 || macc: 0.8794 || miou: 0.8008 || iou: [0.9576, 0.9549, 0.8429, 0.6486, 0.7175, 0.8384, 0.8936, 0.7311, 0.8758, 0.7964, 0.6763, 0.7106, 0.767]
duration: 131.48732256889343
epoch 57:
loss: 0.9928 || cls: 0.5891
train: acc: 0.972 || macc: 0.962 || miou: 0.9323 || iou: [0.9763, 0.9854, 0.9476, 0.945, 0.8807, 0.9175, 0.9317, 0.918, 0.9539, 0.9307, 0.9399, 0.8996, 0.8936]
val:   acc: 0.9206 || macc: 0.8896 || miou: 0.8116 || iou: [0.961, 0.9558, 0.8583, 0.7077, 0.7217, 0.8494, 0.9038, 0.723, 0.8717, 0.7666, 0.7058, 0.7561, 0.7694]
duration: 131.54438066482544
new best!
epoch 58:
loss: 0.9889 || cls: 0.5636
train: acc: 0.9737 || macc: 0.9639 || miou: 0.9356 || iou: [0.977, 0.9854, 0.9506, 0.9419, 0.885, 0.9233, 0.9349, 0.9204, 0.9552, 0.9362, 0.9475, 0.9044, 0.9012]
val:   acc: 0.9179 || macc: 0.8846 || miou: 0.8091 || iou: [0.9611, 0.9552, 0.8516, 0.6816, 0.735, 0.8238, 0.9003, 0.7276, 0.8632, 0.8139, 0.6676, 0.7661, 0.7708]
duration: 133.70423126220703
epoch 59:
loss: 0.9875 || cls: 0.5594
train: acc: 0.9744 || macc: 0.9644 || miou: 0.9364 || iou: [0.9771, 0.9855, 0.9518, 0.9431, 0.8872, 0.9287, 0.9382, 0.9238, 0.9555, 0.9219, 0.9506, 0.9063, 0.9035]
val:   acc: 0.9209 || macc: 0.8864 || miou: 0.8112 || iou: [0.9633, 0.9561, 0.8586, 0.7438, 0.7268, 0.8544, 0.9257, 0.7097, 0.8593, 0.7342, 0.6951, 0.7594, 0.7592]
duration: 133.38032484054565
epoch 60:
loss: 0.986 || cls: 0.5616
train: acc: 0.9752 || macc: 0.966 || miou: 0.939 || iou: [0.9772, 0.9859, 0.9534, 0.9469, 0.8907, 0.9285, 0.9428, 0.9254, 0.9565, 0.9301, 0.9511, 0.9138, 0.9048]
val:   acc: 0.9208 || macc: 0.8881 || miou: 0.8103 || iou: [0.9619, 0.9561, 0.865, 0.731, 0.7473, 0.8335, 0.8993, 0.7253, 0.8615, 0.769, 0.6696, 0.7498, 0.7641]
duration: 132.57825708389282
epoch 61:
loss: 0.9881 || cls: 0.5823
train: acc: 0.9742 || macc: 0.9645 || miou: 0.9367 || iou: [0.9773, 0.9858, 0.9511, 0.9488, 0.8799, 0.9197, 0.9378, 0.9242, 0.9568, 0.941, 0.9505, 0.902, 0.9025]
val:   acc: 0.9172 || macc: 0.8838 || miou: 0.8034 || iou: [0.9594, 0.9555, 0.8542, 0.7185, 0.7234, 0.8056, 0.898, 0.7181, 0.8711, 0.7769, 0.6645, 0.7356, 0.7631]
duration: 132.98515558242798
epoch 62:
loss: 0.9841 || cls: 0.5641
train: acc: 0.976 || macc: 0.9674 || miou: 0.9414 || iou: [0.9779, 0.9858, 0.9553, 0.9473, 0.8993, 0.9331, 0.9451, 0.9267, 0.9591, 0.9343, 0.9529, 0.9135, 0.9073]
val:   acc: 0.9191 || macc: 0.8834 || miou: 0.812 || iou: [0.9572, 0.9555, 0.8537, 0.709, 0.7422, 0.8394, 0.9087, 0.7426, 0.8764, 0.8007, 0.6603, 0.7433, 0.7662]
duration: 132.7607877254486
new best!
epoch 63:
loss: 0.9837 || cls: 0.5595
train: acc: 0.9761 || macc: 0.9685 || miou: 0.9429 || iou: [0.9778, 0.986, 0.9552, 0.95, 0.9058, 0.935, 0.9433, 0.9286, 0.958, 0.9446, 0.9538, 0.9124, 0.9077]
val:   acc: 0.9201 || macc: 0.8866 || miou: 0.8098 || iou: [0.9617, 0.9551, 0.8627, 0.7299, 0.7491, 0.8271, 0.8997, 0.7017, 0.8518, 0.7804, 0.6959, 0.7484, 0.7644]
duration: 132.53262329101562
epoch 64:
loss: 0.9826 || cls: 0.5587
train: acc: 0.9766 || macc: 0.9687 || miou: 0.9432 || iou: [0.9783, 0.9864, 0.9556, 0.9503, 0.8982, 0.9348, 0.9439, 0.9289, 0.9597, 0.9439, 0.9557, 0.9145, 0.9114]
val:   acc: 0.9201 || macc: 0.8852 || miou: 0.8103 || iou: [0.9591, 0.9559, 0.8576, 0.7303, 0.7222, 0.8672, 0.9132, 0.7212, 0.8629, 0.779, 0.6805, 0.7194, 0.7649]
duration: 132.9735233783722
epoch 65:
loss: 0.9811 || cls: 0.5575
train: acc: 0.9774 || macc: 0.9702 || miou: 0.9455 || iou: [0.979, 0.9863, 0.9573, 0.9528, 0.9056, 0.9355, 0.9465, 0.9316, 0.9618, 0.947, 0.9572, 0.9175, 0.914]
val:   acc: 0.918 || macc: 0.8784 || miou: 0.8062 || iou: [0.9606, 0.9575, 0.8541, 0.7193, 0.7209, 0.8746, 0.9191, 0.7071, 0.8726, 0.7561, 0.6467, 0.7374, 0.7548]
duration: 131.94262623786926
epoch 66:
loss: 0.9816 || cls: 0.5688
train: acc: 0.9771 || macc: 0.9698 || miou: 0.9453 || iou: [0.9781, 0.9864, 0.9564, 0.9542, 0.8994, 0.9367, 0.942, 0.9312, 0.9615, 0.9481, 0.9579, 0.9235, 0.9138]
val:   acc: 0.9255 || macc: 0.9022 || miou: 0.8223 || iou: [0.966, 0.9584, 0.8788, 0.8283, 0.7672, 0.8412, 0.9094, 0.7122, 0.8818, 0.7969, 0.6392, 0.7475, 0.7624]
duration: 133.70638751983643
new best!
epoch 67:
loss: 0.9801 || cls: 0.5628
train: acc: 0.9779 || macc: 0.9709 || miou: 0.9468 || iou: [0.9788, 0.9865, 0.9585, 0.9541, 0.9063, 0.9394, 0.9488, 0.9324, 0.9615, 0.9505, 0.9583, 0.9169, 0.916]
val:   acc: 0.9204 || macc: 0.8921 || miou: 0.8118 || iou: [0.9614, 0.9554, 0.8616, 0.7392, 0.7185, 0.8312, 0.9033, 0.7382, 0.8695, 0.7627, 0.6672, 0.7854, 0.7604]
duration: 133.20594930648804
epoch 68:
loss: 0.9795 || cls: 0.5594
train: acc: 0.9782 || macc: 0.9712 || miou: 0.9477 || iou: [0.9793, 0.9866, 0.9587, 0.9522, 0.9068, 0.9412, 0.9482, 0.9338, 0.9621, 0.9516, 0.9587, 0.9226, 0.9174]
val:   acc: 0.9193 || macc: 0.894 || miou: 0.8094 || iou: [0.9623, 0.9571, 0.8647, 0.7419, 0.7332, 0.8403, 0.905, 0.7108, 0.8257, 0.789, 0.6865, 0.7559, 0.7498]
duration: 133.28182005882263
epoch 69:
loss: 0.9794 || cls: 0.5688
train: acc: 0.9783 || macc: 0.971 || miou: 0.9474 || iou: [0.9791, 0.9866, 0.9587, 0.9541, 0.9031, 0.9396, 0.9496, 0.9349, 0.962, 0.9503, 0.9594, 0.9216, 0.9174]
val:   acc: 0.9248 || macc: 0.896 || miou: 0.822 || iou: [0.9622, 0.9569, 0.8671, 0.747, 0.7385, 0.8569, 0.9001, 0.7275, 0.8796, 0.8007, 0.7086, 0.7612, 0.7793]
duration: 133.39381885528564
epoch 70:
loss: 0.9775 || cls: 0.5604
train: acc: 0.9791 || macc: 0.9725 || miou: 0.9495 || iou: [0.9794, 0.9867, 0.9606, 0.9496, 0.9131, 0.9408, 0.9523, 0.9374, 0.9642, 0.952, 0.9615, 0.9259, 0.9201]
val:   acc: 0.9266 || macc: 0.9017 || miou: 0.8246 || iou: [0.964, 0.9562, 0.8812, 0.8601, 0.7287, 0.8238, 0.9018, 0.7262, 0.8876, 0.7958, 0.6577, 0.7733, 0.7638]
duration: 132.6604859828949
new best!
epoch 71:
loss: 0.978 || cls: 0.5678
train: acc: 0.9788 || macc: 0.9725 || miou: 0.9494 || iou: [0.9794, 0.9868, 0.96, 0.9535, 0.9121, 0.9423, 0.9478, 0.9363, 0.9648, 0.954, 0.9604, 0.9261, 0.919]
val:   acc: 0.9194 || macc: 0.8899 || miou: 0.8122 || iou: [0.9597, 0.9552, 0.8624, 0.7223, 0.7368, 0.8218, 0.9028, 0.7197, 0.8811, 0.7973, 0.6702, 0.7708, 0.7578]
duration: 133.45987606048584
epoch 72:
loss: 0.9769 || cls: 0.5607
train: acc: 0.9793 || macc: 0.9729 || miou: 0.9505 || iou: [0.9794, 0.987, 0.9607, 0.9576, 0.9177, 0.9455, 0.95, 0.938, 0.965, 0.948, 0.9616, 0.9253, 0.921]
val:   acc: 0.9194 || macc: 0.8879 || miou: 0.8062 || iou: [0.9619, 0.9571, 0.8624, 0.6982, 0.7657, 0.8, 0.8988, 0.717, 0.8823, 0.7652, 0.6776, 0.7274, 0.7675]
duration: 132.6819486618042
epoch 73:
loss: 0.9765 || cls: 0.5677
train: acc: 0.9796 || macc: 0.9733 || miou: 0.9509 || iou: [0.979, 0.987, 0.9615, 0.9567, 0.9141, 0.9416, 0.953, 0.9401, 0.9643, 0.9519, 0.9631, 0.9284, 0.9217]
val:   acc: 0.919 || macc: 0.8904 || miou: 0.8103 || iou: [0.9618, 0.9564, 0.8575, 0.7093, 0.7312, 0.8449, 0.9031, 0.6985, 0.8661, 0.8, 0.7073, 0.7391, 0.7589]
duration: 133.3389537334442
epoch 74:
loss: 0.9748 || cls: 0.556
train: acc: 0.9806 || macc: 0.9747 || miou: 0.9531 || iou: [0.9803, 0.9871, 0.9633, 0.9598, 0.9156, 0.9468, 0.9559, 0.9403, 0.9661, 0.9514, 0.9643, 0.9339, 0.9257]
val:   acc: 0.9245 || macc: 0.8892 || miou: 0.8245 || iou: [0.9619, 0.9564, 0.8685, 0.7505, 0.7436, 0.8415, 0.915, 0.7261, 0.8965, 0.8311, 0.6833, 0.7701, 0.7734]
duration: 133.48884773254395
epoch 75:
loss: 0.9747 || cls: 0.5557
train: acc: 0.9804 || macc: 0.9744 || miou: 0.9529 || iou: [0.9802, 0.9874, 0.9633, 0.9577, 0.9214, 0.9487, 0.9538, 0.9408, 0.9649, 0.9456, 0.9641, 0.9346, 0.9249]
val:   acc: 0.9195 || macc: 0.8914 || miou: 0.812 || iou: [0.9595, 0.9543, 0.8629, 0.7078, 0.741, 0.8419, 0.906, 0.7217, 0.8519, 0.769, 0.6758, 0.8076, 0.7564]
duration: 132.69635844230652
epoch 76:
loss: 0.9741 || cls: 0.5595
train: acc: 0.9807 || macc: 0.9752 || miou: 0.9546 || iou: [0.9799, 0.9874, 0.9635, 0.9558, 0.9236, 0.9483, 0.9548, 0.9413, 0.9672, 0.9599, 0.9654, 0.9363, 0.926]
val:   acc: 0.9201 || macc: 0.8917 || miou: 0.812 || iou: [0.9595, 0.9554, 0.8629, 0.7066, 0.7383, 0.821, 0.9037, 0.7174, 0.8689, 0.7695, 0.6868, 0.8016, 0.7638]
duration: 132.9692451953888
epoch 77:
loss: 0.9732 || cls: 0.5588
train: acc: 0.9812 || macc: 0.9759 || miou: 0.9551 || iou: [0.9809, 0.9876, 0.9643, 0.9597, 0.9204, 0.95, 0.9562, 0.942, 0.9672, 0.959, 0.9658, 0.9361, 0.9277]
val:   acc: 0.921 || macc: 0.8909 || miou: 0.8131 || iou: [0.9613, 0.9571, 0.8606, 0.7098, 0.7362, 0.8338, 0.9016, 0.718, 0.8708, 0.7932, 0.6934, 0.7616, 0.773]
duration: 132.93937921524048
epoch 78:
loss: 0.9728 || cls: 0.5636
train: acc: 0.9814 || macc: 0.9759 || miou: 0.9555 || iou: [0.981, 0.9878, 0.9647, 0.9593, 0.9232, 0.9502, 0.958, 0.9434, 0.9669, 0.9568, 0.9661, 0.9359, 0.9288]
val:   acc: 0.92 || macc: 0.8893 || miou: 0.8105 || iou: [0.9603, 0.9576, 0.8599, 0.715, 0.7361, 0.8328, 0.9055, 0.7195, 0.8788, 0.769, 0.6704, 0.765, 0.7667]
duration: 132.65480375289917
epoch 79:
loss: 0.973 || cls: 0.5606
train: acc: 0.9813 || macc: 0.9762 || miou: 0.9558 || iou: [0.9805, 0.988, 0.9648, 0.9612, 0.9233, 0.9513, 0.955, 0.9431, 0.9675, 0.9611, 0.9659, 0.9362, 0.9279]
val:   acc: 0.9219 || macc: 0.8931 || miou: 0.8176 || iou: [0.9574, 0.9565, 0.8602, 0.7093, 0.7525, 0.8746, 0.9295, 0.7212, 0.8758, 0.7731, 0.685, 0.7655, 0.7682]
duration: 133.12357592582703
epoch 80:
loss: 0.9723 || cls: 0.5575
train: acc: 0.9816 || macc: 0.9763 || miou: 0.9562 || iou: [0.981, 0.988, 0.9651, 0.9597, 0.9254, 0.9481, 0.9564, 0.9445, 0.9681, 0.9574, 0.9668, 0.9405, 0.9299]
val:   acc: 0.9217 || macc: 0.8912 || miou: 0.8146 || iou: [0.9595, 0.9552, 0.8649, 0.7399, 0.7424, 0.8454, 0.9085, 0.7299, 0.8687, 0.7709, 0.6704, 0.7698, 0.7649]
duration: 132.76128268241882
epoch 81:
loss: 0.9711 || cls: 0.5559
train: acc: 0.9822 || macc: 0.9775 || miou: 0.9581 || iou: [0.9812, 0.988, 0.9667, 0.9621, 0.929, 0.9529, 0.9604, 0.9458, 0.9682, 0.9597, 0.9678, 0.9421, 0.9313]
val:   acc: 0.9209 || macc: 0.8883 || miou: 0.8147 || iou: [0.9608, 0.9553, 0.8583, 0.7295, 0.7398, 0.8344, 0.9083, 0.7297, 0.886, 0.7999, 0.6683, 0.752, 0.7693]
duration: 132.45597982406616
epoch 82:
loss: 0.9707 || cls: 0.5516
train: acc: 0.9824 || macc: 0.9779 || miou: 0.9588 || iou: [0.9813, 0.9881, 0.9666, 0.9628, 0.929, 0.9534, 0.9616, 0.9458, 0.9691, 0.9638, 0.9684, 0.9418, 0.9322]
val:   acc: 0.9228 || macc: 0.8926 || miou: 0.82 || iou: [0.96, 0.9541, 0.8647, 0.7167, 0.7565, 0.8476, 0.9081, 0.7354, 0.8751, 0.807, 0.6928, 0.7718, 0.7707]
duration: 132.43794679641724
epoch 83:
loss: 0.9706 || cls: 0.5552
train: acc: 0.9824 || macc: 0.9778 || miou: 0.9586 || iou: [0.9812, 0.988, 0.9668, 0.9612, 0.9307, 0.9528, 0.9591, 0.9473, 0.9697, 0.9624, 0.9684, 0.9412, 0.9327]
val:   acc: 0.9221 || macc: 0.8924 || miou: 0.8178 || iou: [0.9615, 0.9538, 0.8632, 0.7235, 0.7504, 0.8516, 0.9065, 0.7293, 0.8637, 0.8051, 0.6922, 0.7619, 0.7691]
duration: 133.2110846042633
epoch 84:
loss: 0.97 || cls: 0.556
train: acc: 0.9828 || macc: 0.9781 || miou: 0.9594 || iou: [0.9818, 0.988, 0.9675, 0.9629, 0.93, 0.9548, 0.961, 0.947, 0.9701, 0.9649, 0.9693, 0.941, 0.9339]
val:   acc: 0.9211 || macc: 0.8918 || miou: 0.8132 || iou: [0.9617, 0.9558, 0.8648, 0.741, 0.7449, 0.846, 0.9051, 0.7119, 0.8684, 0.7731, 0.6778, 0.7602, 0.7605]
duration: 133.3945071697235
epoch 85:
loss: 0.9695 || cls: 0.5524
train: acc: 0.983 || macc: 0.9787 || miou: 0.9601 || iou: [0.9818, 0.9883, 0.9679, 0.9637, 0.9296, 0.9562, 0.9626, 0.948, 0.9702, 0.9661, 0.9698, 0.9432, 0.9343]
val:   acc: 0.9211 || macc: 0.893 || miou: 0.8139 || iou: [0.9593, 0.9561, 0.8623, 0.7156, 0.7546, 0.8466, 0.9068, 0.7211, 0.8776, 0.7725, 0.6915, 0.7513, 0.765]
duration: 132.45843482017517
epoch 86:
loss: 0.9691 || cls: 0.551
train: acc: 0.9832 || macc: 0.9789 || miou: 0.9606 || iou: [0.9822, 0.9884, 0.9684, 0.9633, 0.9333, 0.9561, 0.9625, 0.9474, 0.9701, 0.9653, 0.9693, 0.9468, 0.9353]
val:   acc: 0.9224 || macc: 0.8936 || miou: 0.8186 || iou: [0.9595, 0.9545, 0.8641, 0.726, 0.7617, 0.8476, 0.9062, 0.7229, 0.8716, 0.7949, 0.685, 0.7757, 0.7714]
duration: 133.6555619239807
epoch 87:
loss: 0.9687 || cls: 0.5496
train: acc: 0.9834 || macc: 0.9792 || miou: 0.9611 || iou: [0.982, 0.9884, 0.9688, 0.9643, 0.9335, 0.9561, 0.9646, 0.9489, 0.9708, 0.9656, 0.9698, 0.9451, 0.9358]
val:   acc: 0.9219 || macc: 0.8936 || miou: 0.818 || iou: [0.9591, 0.9553, 0.862, 0.7141, 0.7638, 0.8445, 0.9091, 0.719, 0.8736, 0.7944, 0.6961, 0.7729, 0.7696]
duration: 133.76599740982056
epoch 88:
loss: 0.9683 || cls: 0.549
train: acc: 0.9836 || macc: 0.9796 || miou: 0.9617 || iou: [0.9819, 0.9884, 0.9692, 0.9655, 0.935, 0.9568, 0.9644, 0.9489, 0.9708, 0.9662, 0.9706, 0.948, 0.9366]
val:   acc: 0.9215 || macc: 0.8931 || miou: 0.8166 || iou: [0.9597, 0.9543, 0.8637, 0.7157, 0.7643, 0.847, 0.9056, 0.7148, 0.8717, 0.793, 0.6933, 0.7662, 0.7665]
duration: 133.03831243515015
epoch 89:
loss: 0.9682 || cls: 0.551
train: acc: 0.9836 || macc: 0.9795 || miou: 0.9615 || iou: [0.982, 0.9885, 0.9691, 0.9644, 0.9349, 0.9567, 0.9639, 0.9498, 0.9711, 0.9653, 0.971, 0.9457, 0.9367]
val:   acc: 0.9228 || macc: 0.8934 || miou: 0.8191 || iou: [0.9591, 0.9538, 0.8636, 0.7146, 0.7527, 0.859, 0.9165, 0.7252, 0.8713, 0.7795, 0.7018, 0.7797, 0.7713]
duration: 132.93890595436096
epoch 90:
loss: 0.9679 || cls: 0.5525
train: acc: 0.9838 || macc: 0.9797 || miou: 0.9619 || iou: [0.9823, 0.9884, 0.9696, 0.9653, 0.935, 0.9575, 0.9643, 0.9498, 0.9712, 0.9658, 0.9712, 0.9472, 0.9377]
val:   acc: 0.9231 || macc: 0.8959 || miou: 0.8204 || iou: [0.9598, 0.9549, 0.8647, 0.7203, 0.7759, 0.8536, 0.9099, 0.7239, 0.8734, 0.7986, 0.702, 0.7581, 0.7705]
duration: 133.3756079673767
epoch 91:
loss: 0.9676 || cls: 0.5483
train: acc: 0.984 || macc: 0.9801 || miou: 0.9626 || iou: [0.9825, 0.9885, 0.97, 0.9659, 0.935, 0.9588, 0.964, 0.95, 0.9717, 0.9691, 0.9712, 0.9496, 0.9382]
val:   acc: 0.9222 || macc: 0.8917 || miou: 0.8167 || iou: [0.9588, 0.9549, 0.8629, 0.7164, 0.756, 0.8471, 0.9084, 0.7239, 0.8728, 0.7808, 0.6991, 0.764, 0.7717]
duration: 132.68557953834534
epoch 92:
loss: 0.9674 || cls: 0.5479
train: acc: 0.984 || macc: 0.9801 || miou: 0.9626 || iou: [0.9829, 0.9886, 0.9698, 0.9635, 0.9369, 0.9599, 0.9641, 0.9501, 0.9712, 0.966, 0.9716, 0.95, 0.9387]
val:   acc: 0.9215 || macc: 0.8907 || miou: 0.8177 || iou: [0.958, 0.9547, 0.8604, 0.7061, 0.7515, 0.8508, 0.9105, 0.7258, 0.8758, 0.8062, 0.6983, 0.7623, 0.7695]
duration: 132.6659550666809
epoch 93:
loss: 0.9675 || cls: 0.5488
train: acc: 0.9839 || macc: 0.98 || miou: 0.9626 || iou: [0.9824, 0.9885, 0.9699, 0.965, 0.938, 0.9589, 0.9649, 0.9505, 0.9713, 0.9673, 0.9713, 0.9472, 0.9381]
val:   acc: 0.9237 || macc: 0.8948 || miou: 0.821 || iou: [0.9594, 0.9549, 0.864, 0.7177, 0.7623, 0.8547, 0.9143, 0.727, 0.8779, 0.7904, 0.7108, 0.7651, 0.7747]
duration: 132.79532551765442
epoch 94:
loss: 0.9674 || cls: 0.5489
train: acc: 0.9841 || macc: 0.9801 || miou: 0.9626 || iou: [0.9823, 0.9888, 0.97, 0.966, 0.9347, 0.9599, 0.9646, 0.9509, 0.9719, 0.9662, 0.9714, 0.9479, 0.9386]
val:   acc: 0.9232 || macc: 0.8937 || miou: 0.8186 || iou: [0.9596, 0.9548, 0.8639, 0.7213, 0.7669, 0.8459, 0.9063, 0.7284, 0.8729, 0.778, 0.7083, 0.7608, 0.7742]
duration: 132.45754981040955
epoch 95:
loss: 0.9675 || cls: 0.5487
train: acc: 0.984 || macc: 0.9799 || miou: 0.9621 || iou: [0.9829, 0.9887, 0.9697, 0.9654, 0.9349, 0.9582, 0.9646, 0.9502, 0.9718, 0.9649, 0.9713, 0.946, 0.9384]
val:   acc: 0.9225 || macc: 0.8934 || miou: 0.8182 || iou: [0.9593, 0.9547, 0.8641, 0.7159, 0.7652, 0.8485, 0.907, 0.7241, 0.8713, 0.7893, 0.701, 0.7653, 0.7703]
duration: 133.01313376426697
epoch 96:
loss: 0.9674 || cls: 0.547
train: acc: 0.984 || macc: 0.9801 || miou: 0.9625 || iou: [0.9825, 0.9885, 0.97, 0.9667, 0.9367, 0.9582, 0.9668, 0.9503, 0.9719, 0.9645, 0.9715, 0.9474, 0.9376]
val:   acc: 0.923 || macc: 0.8935 || miou: 0.8187 || iou: [0.9596, 0.955, 0.8646, 0.7183, 0.7609, 0.8529, 0.9119, 0.7234, 0.8729, 0.7852, 0.7005, 0.765, 0.7731]
duration: 133.07086944580078
epoch 97:
loss: 0.9674 || cls: 0.5488
train: acc: 0.984 || macc: 0.9801 || miou: 0.9626 || iou: [0.9823, 0.9886, 0.9699, 0.9661, 0.9353, 0.9592, 0.9649, 0.9509, 0.972, 0.966, 0.9716, 0.9487, 0.9383]
val:   acc: 0.9225 || macc: 0.8929 || miou: 0.8179 || iou: [0.959, 0.9552, 0.8639, 0.7192, 0.7562, 0.8542, 0.9105, 0.7245, 0.8765, 0.7858, 0.6962, 0.7617, 0.77]
duration: 132.65994000434875
epoch 98:
loss: 0.9671 || cls: 0.549
train: acc: 0.9842 || macc: 0.9801 || miou: 0.9627 || iou: [0.9829, 0.9886, 0.97, 0.9647, 0.938, 0.9597, 0.9653, 0.9511, 0.971, 0.9644, 0.9721, 0.9475, 0.9391]
val:   acc: 0.9225 || macc: 0.8934 || miou: 0.8191 || iou: [0.9594, 0.9546, 0.8635, 0.7169, 0.7526, 0.8532, 0.9109, 0.7252, 0.87, 0.7996, 0.7065, 0.7668, 0.7693]
duration: 133.47865629196167
epoch 99:
loss: 0.9671 || cls: 0.5503
train: acc: 0.9842 || macc: 0.9803 || miou: 0.9628 || iou: [0.9827, 0.9886, 0.9702, 0.9662, 0.9356, 0.9587, 0.9657, 0.951, 0.9722, 0.9655, 0.9717, 0.9491, 0.9394]
val:   acc: 0.9222 || macc: 0.8927 || miou: 0.8173 || iou: [0.9592, 0.9552, 0.864, 0.7149, 0.7627, 0.8486, 0.9086, 0.7248, 0.8738, 0.7876, 0.6955, 0.7615, 0.769]
duration: 131.42635703086853
