base 
epoch 0:
loss: 1.3846 || cls: 1.5775
train: acc: 0.7821 || macc: 0.5502 || miou: 0.4604 || iou: [0.8793, 0.9192, 0.6939, 0.4175, 0.1064, 0.3641, 0.4299, 0.569, 0.5381, 0.0061, 0.4901, 0.1353, 0.4356]
val:   acc: 0.8458 || macc: 0.6947 || miou: 0.5908 || iou: [0.9485, 0.9553, 0.7328, 0.6137, 0.1352, 0.3333, 0.6287, 0.6752, 0.7399, 0.1816, 0.7045, 0.457, 0.5746]
duration: 152.007915019989
new best!
epoch 1:
loss: 1.1963 || cls: 0.886
train: acc: 0.8734 || macc: 0.758 || miou: 0.6719 || iou: [0.9351, 0.9632, 0.8025, 0.6723, 0.3712, 0.6412, 0.6716, 0.7214, 0.7754, 0.3986, 0.6743, 0.5056, 0.6024]
val:   acc: 0.8859 || macc: 0.8048 || miou: 0.6973 || iou: [0.9549, 0.9645, 0.7951, 0.644, 0.0673, 0.636, 0.7879, 0.6123, 0.8212, 0.7678, 0.7279, 0.6087, 0.6766]
duration: 147.8832128047943
new best!
epoch 2:
loss: 1.1449 || cls: 0.831
train: acc: 0.8988 || macc: 0.8174 || miou: 0.7374 || iou: [0.947, 0.9688, 0.8372, 0.7638, 0.4925, 0.7203, 0.7405, 0.7559, 0.8215, 0.5529, 0.7347, 0.5872, 0.6643]
val:   acc: 0.8836 || macc: 0.854 || miou: 0.7134 || iou: [0.9611, 0.9663, 0.7827, 0.6811, 0.4177, 0.5085, 0.7489, 0.7129, 0.7776, 0.6865, 0.7347, 0.619, 0.6767]
duration: 146.68628406524658
new best!
epoch 3:
loss: 1.1174 || cls: 0.7912
train: acc: 0.9119 || macc: 0.848 || miou: 0.7731 || iou: [0.9542, 0.9725, 0.8549, 0.7966, 0.5525, 0.753, 0.7896, 0.7795, 0.8465, 0.6612, 0.7699, 0.6237, 0.6967]
val:   acc: 0.9044 || macc: 0.8389 || miou: 0.7522 || iou: [0.9651, 0.9674, 0.8041, 0.6503, 0.461, 0.7705, 0.8228, 0.7463, 0.8251, 0.7746, 0.7983, 0.4837, 0.7095]
duration: 146.92867040634155
new best!
epoch 4:
loss: 1.1013 || cls: 0.7585
train: acc: 0.9201 || macc: 0.865 || miou: 0.7936 || iou: [0.9556, 0.9731, 0.8675, 0.8089, 0.6009, 0.7811, 0.8055, 0.7894, 0.8579, 0.6922, 0.7958, 0.6691, 0.7194]
val:   acc: 0.9173 || macc: 0.8746 || miou: 0.7874 || iou: [0.9577, 0.9686, 0.8516, 0.7358, 0.6828, 0.6173, 0.8893, 0.7264, 0.8301, 0.8077, 0.7636, 0.6703, 0.7348]
duration: 146.11121034622192
new best!
epoch 5:
loss: 1.0916 || cls: 0.7298
train: acc: 0.9249 || macc: 0.8755 || miou: 0.8078 || iou: [0.9592, 0.9748, 0.8735, 0.8173, 0.6239, 0.7938, 0.8256, 0.8016, 0.8729, 0.7489, 0.8046, 0.6713, 0.7334]
val:   acc: 0.9039 || macc: 0.9069 || miou: 0.782 || iou: [0.9591, 0.9646, 0.8014, 0.6609, 0.4749, 0.8194, 0.8567, 0.7065, 0.837, 0.7779, 0.7754, 0.8104, 0.7214]
duration: 148.0024676322937
epoch 6:
loss: 1.0819 || cls: 0.6903
train: acc: 0.9295 || macc: 0.8824 || miou: 0.8172 || iou: [0.9606, 0.9759, 0.881, 0.8401, 0.646, 0.8045, 0.8284, 0.8114, 0.878, 0.7457, 0.822, 0.6833, 0.7469]
val:   acc: 0.9097 || macc: 0.8717 || miou: 0.7648 || iou: [0.9584, 0.9691, 0.8411, 0.6044, 0.6181, 0.8022, 0.8743, 0.704, 0.7858, 0.5903, 0.7166, 0.7406, 0.7378]
duration: 145.61757564544678
epoch 7:
loss: 1.0777 || cls: 0.66
train: acc: 0.9319 || macc: 0.8876 || miou: 0.8242 || iou: [0.9608, 0.9755, 0.885, 0.8395, 0.6604, 0.8216, 0.8416, 0.8162, 0.8819, 0.7533, 0.8269, 0.6964, 0.7548]
val:   acc: 0.92 || macc: 0.8943 || miou: 0.8017 || iou: [0.9617, 0.9656, 0.8524, 0.6971, 0.6754, 0.7089, 0.877, 0.7021, 0.8483, 0.8701, 0.7898, 0.7267, 0.7464]
duration: 145.14469456672668
new best!
epoch 8:
loss: 1.0737 || cls: 0.6391
train: acc: 0.9337 || macc: 0.892 || miou: 0.8297 || iou: [0.9614, 0.976, 0.8879, 0.8426, 0.6765, 0.8182, 0.8465, 0.8162, 0.8878, 0.775, 0.8294, 0.7072, 0.7617]
val:   acc: 0.9165 || macc: 0.8964 || miou: 0.8133 || iou: [0.9557, 0.9791, 0.8311, 0.7211, 0.6578, 0.8507, 0.8644, 0.7502, 0.8649, 0.8561, 0.7285, 0.7908, 0.7225]
duration: 145.8469135761261
new best!
epoch 9:
loss: 1.0692 || cls: 0.6199
train: acc: 0.9358 || macc: 0.894 || miou: 0.8331 || iou: [0.9624, 0.9763, 0.8921, 0.8468, 0.6852, 0.8173, 0.8504, 0.8208, 0.8883, 0.7637, 0.8368, 0.7219, 0.768]
val:   acc: 0.9203 || macc: 0.8778 || miou: 0.8066 || iou: [0.9563, 0.9694, 0.8412, 0.7371, 0.5974, 0.7851, 0.8612, 0.7689, 0.8462, 0.8519, 0.7509, 0.7527, 0.7677]
duration: 149.43117380142212
epoch 10:
loss: 1.06 || cls: 0.5949
train: acc: 0.9404 || macc: 0.9044 || miou: 0.8467 || iou: [0.9646, 0.9762, 0.8983, 0.8565, 0.7093, 0.8383, 0.8644, 0.8322, 0.896, 0.7998, 0.8502, 0.7382, 0.7832]
val:   acc: 0.9171 || macc: 0.9076 || miou: 0.8066 || iou: [0.959, 0.9684, 0.8249, 0.7239, 0.5315, 0.7819, 0.8622, 0.7958, 0.8595, 0.8944, 0.795, 0.7291, 0.7603]
duration: 145.75802302360535
epoch 11:
loss: 1.0573 || cls: 0.58
train: acc: 0.9416 || macc: 0.9064 || miou: 0.8499 || iou: [0.9636, 0.9773, 0.8995, 0.8698, 0.725, 0.8367, 0.8627, 0.8383, 0.8992, 0.785, 0.8541, 0.7507, 0.7868]
val:   acc: 0.907 || macc: 0.8924 || miou: 0.7755 || iou: [0.9588, 0.9788, 0.8083, 0.7008, 0.4224, 0.7598, 0.9073, 0.7866, 0.7883, 0.6119, 0.7616, 0.8474, 0.7491]
duration: 146.7007954120636
epoch 12:
loss: 1.0528 || cls: 0.5679
train: acc: 0.9437 || macc: 0.9089 || miou: 0.8542 || iou: [0.9657, 0.9779, 0.903, 0.8757, 0.7072, 0.8412, 0.8696, 0.8427, 0.9009, 0.8063, 0.859, 0.7618, 0.7934]
val:   acc: 0.9265 || macc: 0.8948 || miou: 0.8169 || iou: [0.9599, 0.9713, 0.8649, 0.7612, 0.7367, 0.8836, 0.9051, 0.7572, 0.7729, 0.6252, 0.7496, 0.8648, 0.7669]
duration: 147.6563732624054
new best!
epoch 13:
loss: 1.0516 || cls: 0.5585
train: acc: 0.9443 || macc: 0.9106 || miou: 0.8567 || iou: [0.9656, 0.9778, 0.903, 0.8761, 0.7227, 0.8432, 0.8656, 0.8458, 0.9046, 0.8182, 0.8643, 0.7519, 0.7982]
val:   acc: 0.9255 || macc: 0.9162 || miou: 0.8205 || iou: [0.9586, 0.9726, 0.8638, 0.627, 0.7068, 0.8534, 0.8937, 0.7285, 0.8539, 0.8704, 0.7693, 0.8002, 0.7681]
duration: 145.10141587257385
new best!
epoch 14:
loss: 1.0453 || cls: 0.5468
train: acc: 0.9471 || macc: 0.9167 || miou: 0.8644 || iou: [0.9658, 0.9776, 0.9096, 0.8872, 0.7608, 0.858, 0.87, 0.8501, 0.9087, 0.8066, 0.8704, 0.7693, 0.8034]
val:   acc: 0.9281 || macc: 0.91 || miou: 0.8208 || iou: [0.9569, 0.9744, 0.8686, 0.6617, 0.6598, 0.8771, 0.9235, 0.7422, 0.8196, 0.7729, 0.7705, 0.8605, 0.7829]
duration: 143.8210928440094
new best!
epoch 15:
loss: 1.0413 || cls: 0.5354
train: acc: 0.9492 || macc: 0.9211 || miou: 0.8702 || iou: [0.9674, 0.9784, 0.9112, 0.887, 0.7593, 0.8578, 0.8838, 0.8525, 0.9138, 0.8317, 0.8772, 0.7802, 0.8127]
val:   acc: 0.9181 || macc: 0.9059 || miou: 0.8109 || iou: [0.9531, 0.9678, 0.8508, 0.7019, 0.5201, 0.8623, 0.8896, 0.7385, 0.8376, 0.843, 0.7445, 0.8745, 0.7584]
duration: 143.7709891796112
epoch 16:
loss: 1.0411 || cls: 0.5313
train: acc: 0.9492 || macc: 0.9207 || miou: 0.8701 || iou: [0.9678, 0.9785, 0.9115, 0.8885, 0.7491, 0.8546, 0.8826, 0.856, 0.9127, 0.8397, 0.8746, 0.7832, 0.8124]
val:   acc: 0.9171 || macc: 0.8617 || miou: 0.798 || iou: [0.958, 0.9664, 0.8396, 0.778, 0.3397, 0.8546, 0.8471, 0.7575, 0.848, 0.8872, 0.7401, 0.8066, 0.7514]
duration: 143.80333518981934
epoch 17:
loss: 1.0383 || cls: 0.521
train: acc: 0.9506 || macc: 0.923 || miou: 0.8737 || iou: [0.9681, 0.9786, 0.9139, 0.8916, 0.7652, 0.8621, 0.8888, 0.8566, 0.9109, 0.8331, 0.8805, 0.7909, 0.8173]
val:   acc: 0.9286 || macc: 0.9002 || miou: 0.8292 || iou: [0.9543, 0.974, 0.8708, 0.7367, 0.7559, 0.832, 0.8826, 0.8114, 0.8438, 0.8351, 0.7625, 0.7571, 0.7638]
duration: 145.46787476539612
new best!
epoch 18:
loss: 1.0362 || cls: 0.5169
train: acc: 0.9514 || macc: 0.9238 || miou: 0.8752 || iou: [0.9674, 0.9794, 0.9141, 0.8952, 0.7702, 0.8611, 0.8886, 0.8614, 0.9183, 0.8277, 0.8828, 0.7906, 0.8212]
val:   acc: 0.9254 || macc: 0.889 || miou: 0.8123 || iou: [0.9543, 0.9711, 0.8672, 0.7641, 0.7865, 0.7835, 0.9059, 0.7686, 0.819, 0.743, 0.7458, 0.6968, 0.7545]
duration: 144.97070145606995
epoch 19:
loss: 1.0312 || cls: 0.5006
train: acc: 0.954 || macc: 0.9289 || miou: 0.8823 || iou: [0.9689, 0.9793, 0.919, 0.9005, 0.7871, 0.8689, 0.891, 0.8661, 0.9175, 0.84, 0.8901, 0.8117, 0.8302]
val:   acc: 0.9251 || macc: 0.9093 || miou: 0.8187 || iou: [0.9545, 0.9757, 0.8627, 0.6431, 0.6382, 0.8875, 0.8746, 0.7598, 0.8544, 0.8781, 0.7805, 0.7657, 0.7683]
duration: 145.25812649726868
epoch 20:
loss: 1.0346 || cls: 0.5105
train: acc: 0.9523 || macc: 0.9253 || miou: 0.8773 || iou: [0.9682, 0.9794, 0.9177, 0.8999, 0.7805, 0.8583, 0.8878, 0.8638, 0.9154, 0.8387, 0.8834, 0.7895, 0.8227]
val:   acc: 0.9224 || macc: 0.8836 || miou: 0.814 || iou: [0.9568, 0.9726, 0.8496, 0.7095, 0.6009, 0.9122, 0.8834, 0.7178, 0.8453, 0.8995, 0.7566, 0.7146, 0.763]
duration: 145.3396577835083
epoch 21:
loss: 1.0303 || cls: 0.502
train: acc: 0.9544 || macc: 0.9297 || miou: 0.8833 || iou: [0.9694, 0.9796, 0.9191, 0.9015, 0.793, 0.8717, 0.8911, 0.8677, 0.9187, 0.8368, 0.894, 0.8088, 0.8311]
val:   acc: 0.9202 || macc: 0.8971 || miou: 0.8072 || iou: [0.956, 0.9761, 0.8485, 0.7078, 0.5731, 0.8586, 0.8853, 0.6944, 0.8477, 0.8262, 0.7635, 0.788, 0.7681]
duration: 145.45912957191467
epoch 22:
loss: 1.0278 || cls: 0.4961
train: acc: 0.9555 || macc: 0.9322 || miou: 0.8874 || iou: [0.9703, 0.9793, 0.9215, 0.9065, 0.7933, 0.8791, 0.8991, 0.8681, 0.9214, 0.861, 0.8927, 0.8095, 0.8344]
val:   acc: 0.9183 || macc: 0.8855 || miou: 0.7971 || iou: [0.9577, 0.969, 0.8465, 0.737, 0.6097, 0.6301, 0.902, 0.7499, 0.8351, 0.8736, 0.7266, 0.7714, 0.754]
duration: 145.59979677200317
epoch 23:
loss: 1.0258 || cls: 0.4935
train: acc: 0.9565 || macc: 0.9341 || miou: 0.8895 || iou: [0.9697, 0.9793, 0.9238, 0.9086, 0.8022, 0.8795, 0.8986, 0.8723, 0.9211, 0.8421, 0.8965, 0.8329, 0.8372]
val:   acc: 0.9163 || macc: 0.8988 || miou: 0.7983 || iou: [0.954, 0.9748, 0.8385, 0.666, 0.5279, 0.9122, 0.8808, 0.7815, 0.7967, 0.6672, 0.7512, 0.867, 0.7606]
duration: 144.82556748390198
epoch 24:
loss: 1.0255 || cls: 0.4982
train: acc: 0.9566 || macc: 0.9334 || miou: 0.8893 || iou: [0.9709, 0.9799, 0.9231, 0.9083, 0.7915, 0.8821, 0.8956, 0.8743, 0.9237, 0.8544, 0.8956, 0.8229, 0.8393]
val:   acc: 0.9294 || macc: 0.9065 || miou: 0.8339 || iou: [0.9579, 0.9775, 0.8635, 0.7202, 0.6557, 0.8808, 0.9111, 0.7798, 0.8641, 0.86, 0.7591, 0.8417, 0.7687]
duration: 145.72202396392822
new best!
epoch 25:
loss: 1.0237 || cls: 0.493
train: acc: 0.9573 || macc: 0.9342 || miou: 0.8906 || iou: [0.9699, 0.9796, 0.9245, 0.9123, 0.8051, 0.8838, 0.8964, 0.8727, 0.9237, 0.8429, 0.9004, 0.8251, 0.8414]
val:   acc: 0.9238 || macc: 0.9165 || miou: 0.8226 || iou: [0.9527, 0.9759, 0.8584, 0.632, 0.6298, 0.8831, 0.9218, 0.7424, 0.8514, 0.8556, 0.7935, 0.8663, 0.7306]
duration: 144.70255422592163
epoch 26:
loss: 1.0241 || cls: 0.5017
train: acc: 0.957 || macc: 0.9345 || miou: 0.8905 || iou: [0.9705, 0.98, 0.9232, 0.9149, 0.7974, 0.8795, 0.899, 0.8771, 0.9283, 0.8659, 0.8992, 0.7998, 0.8417]
val:   acc: 0.9221 || macc: 0.9138 || miou: 0.8148 || iou: [0.9538, 0.9763, 0.8582, 0.6098, 0.6557, 0.8614, 0.9079, 0.7328, 0.8514, 0.8608, 0.7455, 0.8267, 0.7522]
duration: 145.35108637809753
epoch 27:
loss: 1.0171 || cls: 0.4804
train: acc: 0.9605 || macc: 0.9413 || miou: 0.9009 || iou: [0.972, 0.9803, 0.9294, 0.9214, 0.8119, 0.8894, 0.9068, 0.8815, 0.9324, 0.884, 0.9095, 0.8401, 0.8526]
val:   acc: 0.9324 || macc: 0.9255 || miou: 0.836 || iou: [0.9573, 0.9787, 0.8697, 0.7034, 0.6156, 0.9007, 0.9239, 0.785, 0.8392, 0.7941, 0.7964, 0.9097, 0.7945]
duration: 145.3058409690857
new best!
epoch 28:
loss: 1.0225 || cls: 0.5063
train: acc: 0.9579 || macc: 0.9352 || miou: 0.8911 || iou: [0.9702, 0.9804, 0.9247, 0.9017, 0.8021, 0.8807, 0.8989, 0.8774, 0.9252, 0.8495, 0.9056, 0.8221, 0.8453]
val:   acc: 0.913 || macc: 0.9062 || miou: 0.7934 || iou: [0.9536, 0.9817, 0.8118, 0.6661, 0.4954, 0.8553, 0.8952, 0.7716, 0.8169, 0.7226, 0.7554, 0.8103, 0.7783]
duration: 145.54593563079834
epoch 29:
loss: 1.0173 || cls: 0.4915
train: acc: 0.9604 || macc: 0.943 || miou: 0.9028 || iou: [0.9708, 0.9809, 0.9285, 0.9202, 0.8178, 0.8952, 0.9096, 0.882, 0.9317, 0.8985, 0.9077, 0.8408, 0.8524]
val:   acc: 0.935 || macc: 0.9219 || miou: 0.8472 || iou: [0.9583, 0.9785, 0.8728, 0.7694, 0.6165, 0.8902, 0.9071, 0.8056, 0.8597, 0.857, 0.7936, 0.9151, 0.7904]
duration: 145.7813696861267
new best!
epoch 30:
loss: 1.0186 || cls: 0.5011
train: acc: 0.9597 || macc: 0.9376 || miou: 0.8951 || iou: [0.9717, 0.9808, 0.9282, 0.9098, 0.8168, 0.8872, 0.9043, 0.8835, 0.9276, 0.8358, 0.9082, 0.8327, 0.8494]
val:   acc: 0.9219 || macc: 0.8939 || miou: 0.8113 || iou: [0.9608, 0.9737, 0.851, 0.8181, 0.5865, 0.8248, 0.8834, 0.7471, 0.8454, 0.8218, 0.745, 0.7382, 0.7508]
duration: 144.7690396308899
epoch 31:
loss: 1.0147 || cls: 0.4993
train: acc: 0.9616 || macc: 0.9429 || miou: 0.9025 || iou: [0.9718, 0.9808, 0.9316, 0.9136, 0.8248, 0.891, 0.9133, 0.8874, 0.9326, 0.8702, 0.9106, 0.8483, 0.8561]
val:   acc: 0.9272 || macc: 0.9137 || miou: 0.8189 || iou: [0.9576, 0.9775, 0.8568, 0.692, 0.6404, 0.7768, 0.901, 0.8114, 0.863, 0.8442, 0.7925, 0.7595, 0.7734]
duration: 145.44733786582947
epoch 32:
loss: 1.0118 || cls: 0.49
train: acc: 0.963 || macc: 0.9467 || miou: 0.9085 || iou: [0.9722, 0.9805, 0.9341, 0.9196, 0.8405, 0.9024, 0.9143, 0.8879, 0.9353, 0.9015, 0.917, 0.8451, 0.8598]
val:   acc: 0.9294 || macc: 0.9236 || miou: 0.8312 || iou: [0.955, 0.9784, 0.8561, 0.678, 0.5814, 0.8945, 0.9078, 0.8043, 0.8621, 0.865, 0.8178, 0.8181, 0.7872]
duration: 145.85491514205933
epoch 33:
loss: 1.0157 || cls: 0.5082
train: acc: 0.9612 || macc: 0.9424 || miou: 0.9025 || iou: [0.9722, 0.9809, 0.9299, 0.9252, 0.8199, 0.8911, 0.8982, 0.889, 0.9347, 0.8737, 0.9099, 0.8506, 0.8576]
val:   acc: 0.9329 || macc: 0.927 || miou: 0.84 || iou: [0.9604, 0.9773, 0.8715, 0.743, 0.6624, 0.8429, 0.9044, 0.794, 0.8621, 0.8929, 0.7797, 0.8396, 0.7898]
duration: 145.00729846954346
epoch 34:
loss: 1.0138 || cls: 0.5062
train: acc: 0.9621 || macc: 0.9443 || miou: 0.9051 || iou: [0.9726, 0.981, 0.9324, 0.9235, 0.827, 0.8919, 0.9106, 0.886, 0.9324, 0.8907, 0.9119, 0.8469, 0.8597]
val:   acc: 0.9282 || macc: 0.897 || miou: 0.8231 || iou: [0.9557, 0.9767, 0.8766, 0.6512, 0.77, 0.8319, 0.8861, 0.7899, 0.8596, 0.8674, 0.7868, 0.7036, 0.7445]
duration: 145.60300493240356
epoch 35:
loss: 1.0116 || cls: 0.5104
train: acc: 0.9631 || macc: 0.9457 || miou: 0.907 || iou: [0.9724, 0.9811, 0.9331, 0.9175, 0.8331, 0.899, 0.9132, 0.8921, 0.9353, 0.8751, 0.916, 0.8604, 0.8632]
val:   acc: 0.9294 || macc: 0.9183 || miou: 0.8281 || iou: [0.9591, 0.9755, 0.87, 0.7537, 0.6493, 0.8361, 0.906, 0.8024, 0.8392, 0.8183, 0.7675, 0.8201, 0.7677]
duration: 143.76966428756714
epoch 36:
loss: 1.0103 || cls: 0.507
train: acc: 0.9637 || macc: 0.9468 || miou: 0.909 || iou: [0.9726, 0.9809, 0.9353, 0.9252, 0.8353, 0.9011, 0.9163, 0.8912, 0.9316, 0.8829, 0.9163, 0.8653, 0.8634]
val:   acc: 0.9278 || macc: 0.9106 || miou: 0.8303 || iou: [0.9561, 0.9806, 0.8744, 0.7117, 0.7384, 0.8827, 0.8928, 0.692, 0.8684, 0.9042, 0.7242, 0.7972, 0.772]
duration: 143.75391507148743
epoch 37:
loss: 1.0074 || cls: 0.5036
train: acc: 0.965 || macc: 0.9492 || miou: 0.9124 || iou: [0.9736, 0.9816, 0.9374, 0.9293, 0.841, 0.9023, 0.9155, 0.8964, 0.9381, 0.8914, 0.9212, 0.8656, 0.8683]
val:   acc: 0.9288 || macc: 0.9237 || miou: 0.8356 || iou: [0.957, 0.9836, 0.8619, 0.7546, 0.6676, 0.8576, 0.908, 0.7684, 0.874, 0.8799, 0.7466, 0.8332, 0.7706]
duration: 144.2267451286316
epoch 38:
loss: 1.0088 || cls: 0.5122
train: acc: 0.9644 || macc: 0.9484 || miou: 0.9118 || iou: [0.9729, 0.9815, 0.9359, 0.9249, 0.8412, 0.903, 0.9141, 0.8938, 0.9374, 0.9098, 0.9193, 0.8512, 0.8687]
val:   acc: 0.9208 || macc: 0.9247 || miou: 0.8256 || iou: [0.9558, 0.9826, 0.834, 0.7865, 0.5175, 0.8755, 0.928, 0.7794, 0.8705, 0.8159, 0.7021, 0.9023, 0.7828]
duration: 143.88194370269775
epoch 39:
loss: 1.0097 || cls: 0.524
train: acc: 0.9641 || macc: 0.9472 || miou: 0.9094 || iou: [0.9727, 0.9812, 0.9352, 0.9297, 0.8425, 0.8994, 0.9111, 0.8947, 0.9351, 0.8824, 0.9188, 0.8505, 0.8682]
val:   acc: 0.9323 || macc: 0.9209 || miou: 0.8337 || iou: [0.9549, 0.9777, 0.8807, 0.6889, 0.744, 0.8311, 0.9231, 0.7869, 0.8661, 0.8753, 0.7614, 0.7673, 0.7805]
duration: 144.68938660621643
epoch 40:
loss: 1.006 || cls: 0.5189
train: acc: 0.9657 || macc: 0.9506 || miou: 0.9148 || iou: [0.9738, 0.9818, 0.9379, 0.9277, 0.8455, 0.906, 0.9191, 0.9005, 0.9373, 0.9073, 0.9244, 0.8594, 0.872]
val:   acc: 0.9315 || macc: 0.9288 || miou: 0.8432 || iou: [0.9524, 0.9827, 0.8655, 0.6138, 0.7261, 0.9152, 0.9036, 0.7907, 0.8739, 0.8806, 0.7975, 0.8805, 0.7791]
duration: 143.64997577667236
epoch 41:
loss: 1.0071 || cls: 0.5306
train: acc: 0.9651 || macc: 0.9486 || miou: 0.9119 || iou: [0.9724, 0.9815, 0.9373, 0.9223, 0.8438, 0.9039, 0.9188, 0.8968, 0.9377, 0.8856, 0.9219, 0.8628, 0.8698]
val:   acc: 0.9329 || macc: 0.9296 || miou: 0.845 || iou: [0.9575, 0.9779, 0.8762, 0.6871, 0.7138, 0.897, 0.9217, 0.7478, 0.8727, 0.8953, 0.7666, 0.8893, 0.7818]
duration: 143.86289858818054
epoch 42:
loss: 1.0057 || cls: 0.5346
train: acc: 0.9657 || macc: 0.951 || miou: 0.9153 || iou: [0.9736, 0.9817, 0.9378, 0.9275, 0.8463, 0.9083, 0.9183, 0.8987, 0.9406, 0.9032, 0.9219, 0.868, 0.8733]
val:   acc: 0.9233 || macc: 0.9085 || miou: 0.7995 || iou: [0.9548, 0.9727, 0.86, 0.6554, 0.5524, 0.6697, 0.9207, 0.8002, 0.8607, 0.8874, 0.7942, 0.6861, 0.7785]
duration: 143.45346903800964
epoch 43:
loss: 1.0032 || cls: 0.5267
train: acc: 0.967 || macc: 0.952 || miou: 0.917 || iou: [0.9737, 0.9821, 0.9398, 0.9307, 0.846, 0.9083, 0.9256, 0.9004, 0.9416, 0.8949, 0.9276, 0.8726, 0.8775]
val:   acc: 0.9118 || macc: 0.915 || miou: 0.803 || iou: [0.9559, 0.9709, 0.8103, 0.6281, 0.3819, 0.8733, 0.9193, 0.7827, 0.8618, 0.8894, 0.8105, 0.7837, 0.7716]
duration: 143.73254489898682
epoch 44:
loss: 1.0029 || cls: 0.5302
train: acc: 0.9672 || macc: 0.9522 || miou: 0.9173 || iou: [0.975, 0.982, 0.9407, 0.9293, 0.8549, 0.912, 0.9209, 0.9023, 0.9397, 0.8958, 0.9273, 0.8682, 0.8774]
val:   acc: 0.9296 || macc: 0.9171 || miou: 0.832 || iou: [0.9568, 0.9775, 0.872, 0.7248, 0.6796, 0.8318, 0.9245, 0.7505, 0.8679, 0.9059, 0.753, 0.8009, 0.7712]
duration: 144.66907167434692
epoch 45:
loss: 1.0009 || cls: 0.5322
train: acc: 0.9682 || macc: 0.9541 || miou: 0.9204 || iou: [0.9748, 0.9821, 0.9419, 0.932, 0.8428, 0.9128, 0.9238, 0.9057, 0.942, 0.9106, 0.9321, 0.8827, 0.8821]
val:   acc: 0.9344 || macc: 0.9314 || miou: 0.8447 || iou: [0.9543, 0.9812, 0.8789, 0.6169, 0.7159, 0.8977, 0.9225, 0.8092, 0.875, 0.8913, 0.8076, 0.8536, 0.7774]
duration: 143.71273493766785
epoch 46:
loss: 1.0017 || cls: 0.538
train: acc: 0.9678 || macc: 0.9542 || miou: 0.9205 || iou: [0.9751, 0.9824, 0.9411, 0.9332, 0.8576, 0.9137, 0.9217, 0.9049, 0.9437, 0.9, 0.9264, 0.8857, 0.8802]
val:   acc: 0.9336 || macc: 0.9173 || miou: 0.8334 || iou: [0.9601, 0.9745, 0.8886, 0.7246, 0.7404, 0.806, 0.9012, 0.7774, 0.8656, 0.8868, 0.7751, 0.7584, 0.7758]
duration: 143.51766061782837
epoch 47:
loss: 0.9976 || cls: 0.5278
train: acc: 0.9696 || macc: 0.9571 || miou: 0.9246 || iou: [0.9753, 0.9826, 0.9445, 0.9383, 0.869, 0.9154, 0.9293, 0.9069, 0.9452, 0.9127, 0.9357, 0.8774, 0.8871]
val:   acc: 0.9314 || macc: 0.9149 || miou: 0.8403 || iou: [0.9599, 0.9829, 0.8721, 0.7081, 0.7414, 0.8788, 0.9293, 0.7377, 0.8691, 0.9107, 0.7368, 0.822, 0.7757]
duration: 144.7795388698578
epoch 48:
loss: 1.0009 || cls: 0.5503
train: acc: 0.9681 || macc: 0.9549 || miou: 0.9213 || iou: [0.9747, 0.9828, 0.9419, 0.933, 0.8583, 0.9092, 0.9207, 0.9071, 0.9424, 0.9078, 0.9311, 0.8863, 0.8817]
val:   acc: 0.9295 || macc: 0.9074 || miou: 0.8252 || iou: [0.9586, 0.9809, 0.8732, 0.7162, 0.7281, 0.8041, 0.8645, 0.7865, 0.8681, 0.8834, 0.772, 0.7233, 0.769]
duration: 143.7500455379486
epoch 49:
loss: 0.9992 || cls: 0.5529
train: acc: 0.9689 || macc: 0.9564 || miou: 0.9239 || iou: [0.9747, 0.9827, 0.9432, 0.9327, 0.8682, 0.9198, 0.9233, 0.9085, 0.9445, 0.9207, 0.9329, 0.8763, 0.8831]
val:   acc: 0.9338 || macc: 0.9204 || miou: 0.8366 || iou: [0.9565, 0.9783, 0.8808, 0.6832, 0.6964, 0.8751, 0.9032, 0.756, 0.8639, 0.8941, 0.791, 0.8067, 0.7912]
duration: 143.90856409072876
epoch 50:
loss: 0.9964 || cls: 0.5449
train: acc: 0.9703 || macc: 0.9584 || miou: 0.927 || iou: [0.9756, 0.9825, 0.9461, 0.938, 0.8702, 0.918, 0.9321, 0.9089, 0.9461, 0.9185, 0.9346, 0.8911, 0.8887]
val:   acc: 0.9366 || macc: 0.925 || miou: 0.8388 || iou: [0.9549, 0.9794, 0.8868, 0.6694, 0.6889, 0.8319, 0.9194, 0.7928, 0.8673, 0.89, 0.8273, 0.8048, 0.7919]
duration: 143.6130051612854
epoch 51:
loss: 0.9953 || cls: 0.5404
train: acc: 0.9708 || macc: 0.9589 || miou: 0.928 || iou: [0.9758, 0.9833, 0.9467, 0.9421, 0.8674, 0.9206, 0.9327, 0.9126, 0.9474, 0.9213, 0.9363, 0.8873, 0.8899]
val:   acc: 0.9378 || macc: 0.926 || miou: 0.8475 || iou: [0.958, 0.9831, 0.8912, 0.7561, 0.7667, 0.8332, 0.9187, 0.779, 0.8701, 0.8395, 0.7743, 0.8589, 0.789]
duration: 142.83216762542725
new best!
epoch 52:
loss: 0.9949 || cls: 0.5468
train: acc: 0.971 || macc: 0.9598 || miou: 0.9291 || iou: [0.9758, 0.9829, 0.9475, 0.9368, 0.8746, 0.9219, 0.9339, 0.9121, 0.945, 0.9259, 0.9382, 0.8929, 0.8905]
val:   acc: 0.9359 || macc: 0.9226 || miou: 0.8346 || iou: [0.9583, 0.9782, 0.8863, 0.6678, 0.7606, 0.7757, 0.8934, 0.7746, 0.8712, 0.8874, 0.8221, 0.78, 0.7935]
duration: 143.66086721420288
epoch 53:
loss: 0.9941 || cls: 0.5478
train: acc: 0.9714 || macc: 0.9599 || miou: 0.9294 || iou: [0.9753, 0.9834, 0.9469, 0.9411, 0.8729, 0.9194, 0.9321, 0.9161, 0.9508, 0.9276, 0.9418, 0.8801, 0.8942]
val:   acc: 0.9284 || macc: 0.9245 || miou: 0.831 || iou: [0.9548, 0.9829, 0.8569, 0.6982, 0.5712, 0.8866, 0.9116, 0.7954, 0.8719, 0.8743, 0.8013, 0.8191, 0.7781]
duration: 144.27271676063538
epoch 54:
loss: 0.9957 || cls: 0.5691
train: acc: 0.9705 || macc: 0.9592 || miou: 0.9281 || iou: [0.976, 0.9834, 0.946, 0.9397, 0.8626, 0.9245, 0.9304, 0.9132, 0.9481, 0.9275, 0.9361, 0.888, 0.8894]
val:   acc: 0.9296 || macc: 0.9186 || miou: 0.8263 || iou: [0.9569, 0.9789, 0.8662, 0.7173, 0.6382, 0.827, 0.9123, 0.7534, 0.8653, 0.8453, 0.7789, 0.8149, 0.7871]
duration: 143.59263849258423
epoch 55:
loss: 0.9922 || cls: 0.5637
train: acc: 0.9721 || macc: 0.9616 || miou: 0.9323 || iou: [0.9763, 0.9835, 0.9486, 0.9445, 0.8773, 0.9267, 0.9347, 0.9163, 0.9514, 0.928, 0.9418, 0.8958, 0.895]
val:   acc: 0.9323 || macc: 0.9109 || miou: 0.8324 || iou: [0.9586, 0.9797, 0.8787, 0.7647, 0.723, 0.8287, 0.9177, 0.8136, 0.8622, 0.8791, 0.7605, 0.6842, 0.7702]
duration: 143.6451244354248
epoch 56:
loss: 0.9932 || cls: 0.5666
train: acc: 0.9717 || macc: 0.9613 || miou: 0.9315 || iou: [0.9757, 0.9833, 0.9482, 0.9389, 0.8778, 0.9265, 0.9312, 0.9157, 0.9498, 0.931, 0.9393, 0.8976, 0.894]
val:   acc: 0.9334 || macc: 0.9292 || miou: 0.837 || iou: [0.9572, 0.9799, 0.8737, 0.7385, 0.6456, 0.8285, 0.924, 0.7763, 0.8702, 0.8811, 0.7866, 0.8248, 0.7949]
duration: 143.84739208221436
epoch 57:
loss: 0.9905 || cls: 0.5578
train: acc: 0.973 || macc: 0.9636 || miou: 0.9351 || iou: [0.9767, 0.9837, 0.9504, 0.9445, 0.8877, 0.932, 0.9345, 0.9181, 0.9511, 0.9277, 0.9429, 0.9089, 0.8984]
val:   acc: 0.9219 || macc: 0.916 || miou: 0.8078 || iou: [0.9507, 0.9792, 0.8581, 0.6291, 0.587, 0.7561, 0.9298, 0.744, 0.8722, 0.8678, 0.7424, 0.8121, 0.7727]
duration: 144.21178317070007
epoch 58:
loss: 0.9888 || cls: 0.5543
train: acc: 0.9738 || macc: 0.9635 || miou: 0.9352 || iou: [0.9773, 0.9839, 0.9519, 0.9447, 0.8788, 0.9318, 0.9394, 0.9212, 0.952, 0.9251, 0.9456, 0.9045, 0.9016]
val:   acc: 0.9314 || macc: 0.9266 || miou: 0.8307 || iou: [0.9562, 0.9782, 0.8746, 0.6592, 0.6372, 0.8215, 0.9389, 0.7703, 0.8655, 0.9047, 0.797, 0.8143, 0.7814]
duration: 143.23706722259521
epoch 59:
loss: 0.9885 || cls: 0.5565
train: acc: 0.9739 || macc: 0.9645 || miou: 0.9369 || iou: [0.9774, 0.9841, 0.9517, 0.9487, 0.8886, 0.9307, 0.9393, 0.9197, 0.9533, 0.9383, 0.9459, 0.8998, 0.9017]
val:   acc: 0.9304 || macc: 0.9233 || miou: 0.8327 || iou: [0.9579, 0.9767, 0.8628, 0.7079, 0.6147, 0.9026, 0.9182, 0.7867, 0.8494, 0.8323, 0.7747, 0.8449, 0.7964]
duration: 144.0768382549286
epoch 60:
loss: 0.9879 || cls: 0.5662
train: acc: 0.9742 || macc: 0.9649 || miou: 0.9374 || iou: [0.9774, 0.9839, 0.9525, 0.9471, 0.8847, 0.9306, 0.9404, 0.9223, 0.9532, 0.9392, 0.9473, 0.904, 0.9035]
val:   acc: 0.935 || macc: 0.9286 || miou: 0.8503 || iou: [0.9577, 0.9807, 0.8743, 0.7483, 0.7065, 0.9149, 0.9029, 0.7921, 0.8707, 0.8759, 0.7614, 0.875, 0.7939]
duration: 143.78281497955322
new best!
epoch 61:
loss: 0.9874 || cls: 0.5668
train: acc: 0.9745 || macc: 0.965 || miou: 0.9373 || iou: [0.9778, 0.9842, 0.9528, 0.9483, 0.8875, 0.9326, 0.9392, 0.9244, 0.9514, 0.9246, 0.9459, 0.911, 0.9054]
val:   acc: 0.9334 || macc: 0.9262 || miou: 0.8321 || iou: [0.9579, 0.9763, 0.8838, 0.6637, 0.7082, 0.8044, 0.9359, 0.7851, 0.863, 0.8769, 0.7947, 0.7901, 0.777]
duration: 143.79381704330444
epoch 62:
loss: 0.9861 || cls: 0.5682
train: acc: 0.9749 || macc: 0.9661 || miou: 0.9394 || iou: [0.9779, 0.9844, 0.9537, 0.9492, 0.8938, 0.9345, 0.942, 0.924, 0.9539, 0.9414, 0.948, 0.9032, 0.9064]
val:   acc: 0.9437 || macc: 0.9376 || miou: 0.8674 || iou: [0.9599, 0.9783, 0.8953, 0.8105, 0.7327, 0.8978, 0.9443, 0.8244, 0.8712, 0.8838, 0.8144, 0.8631, 0.8001]
duration: 144.2985384464264
new best!
epoch 63:
loss: 0.9857 || cls: 0.5664
train: acc: 0.9753 || macc: 0.9667 || miou: 0.9403 || iou: [0.9778, 0.9843, 0.9551, 0.9458, 0.8934, 0.9358, 0.9445, 0.9256, 0.9573, 0.9433, 0.947, 0.9069, 0.9067]
val:   acc: 0.9358 || macc: 0.9271 || miou: 0.8442 || iou: [0.9595, 0.9806, 0.885, 0.7349, 0.7396, 0.8397, 0.9222, 0.784, 0.8743, 0.901, 0.7971, 0.7859, 0.7708]
duration: 144.95742392539978
epoch 64:
loss: 0.9845 || cls: 0.5677
train: acc: 0.9758 || macc: 0.9664 || miou: 0.9403 || iou: [0.9784, 0.9844, 0.9557, 0.9499, 0.8969, 0.9364, 0.9443, 0.9267, 0.9542, 0.924, 0.9515, 0.9127, 0.9085]
val:   acc: 0.9383 || macc: 0.9201 || miou: 0.848 || iou: [0.9559, 0.9785, 0.8886, 0.7804, 0.7301, 0.8584, 0.9213, 0.831, 0.8716, 0.8692, 0.8065, 0.7467, 0.7851]
duration: 144.19909119606018
epoch 65:
loss: 0.9827 || cls: 0.561
train: acc: 0.9766 || macc: 0.9687 || miou: 0.9437 || iou: [0.9786, 0.9849, 0.9565, 0.9502, 0.8995, 0.9388, 0.9472, 0.9292, 0.9582, 0.9456, 0.9533, 0.9128, 0.9127]
val:   acc: 0.9308 || macc: 0.9264 || miou: 0.8349 || iou: [0.953, 0.9796, 0.8762, 0.6365, 0.6493, 0.8717, 0.94, 0.8156, 0.8706, 0.8796, 0.7721, 0.8397, 0.7699]
duration: 143.74151968955994
epoch 66:
loss: 0.9825 || cls: 0.5637
train: acc: 0.9767 || macc: 0.9688 || miou: 0.9437 || iou: [0.9787, 0.985, 0.9567, 0.9493, 0.8987, 0.9384, 0.9445, 0.9295, 0.9591, 0.9449, 0.9538, 0.917, 0.9127]
val:   acc: 0.93 || macc: 0.9233 || miou: 0.831 || iou: [0.956, 0.9765, 0.8737, 0.6748, 0.6341, 0.8981, 0.9175, 0.7689, 0.859, 0.9099, 0.7758, 0.781, 0.7779]
duration: 145.08017301559448
epoch 67:
loss: 0.9821 || cls: 0.5685
train: acc: 0.9769 || macc: 0.969 || miou: 0.9443 || iou: [0.9786, 0.9851, 0.9569, 0.9482, 0.8984, 0.943, 0.9438, 0.9311, 0.9583, 0.9462, 0.9542, 0.9182, 0.9141]
val:   acc: 0.9366 || macc: 0.9228 || miou: 0.8488 || iou: [0.9508, 0.9799, 0.8915, 0.7913, 0.7749, 0.8445, 0.9268, 0.8041, 0.865, 0.8695, 0.7806, 0.7861, 0.7694]
duration: 145.387713432312
epoch 68:
loss: 0.9824 || cls: 0.5778
train: acc: 0.9768 || macc: 0.9689 || miou: 0.944 || iou: [0.9784, 0.985, 0.9565, 0.9499, 0.9032, 0.9404, 0.9439, 0.9298, 0.9578, 0.9441, 0.9553, 0.9134, 0.9138]
val:   acc: 0.9325 || macc: 0.9242 || miou: 0.8372 || iou: [0.9535, 0.9808, 0.8796, 0.7219, 0.6608, 0.8485, 0.9207, 0.8154, 0.8795, 0.8912, 0.7867, 0.7811, 0.7636]
duration: 145.3562262058258
epoch 69:
loss: 0.9806 || cls: 0.5731
train: acc: 0.9777 || macc: 0.9704 || miou: 0.9464 || iou: [0.9797, 0.9853, 0.9587, 0.9548, 0.906, 0.9416, 0.9505, 0.9317, 0.9578, 0.9472, 0.9541, 0.9202, 0.9154]
val:   acc: 0.9295 || macc: 0.9229 || miou: 0.8318 || iou: [0.9538, 0.9779, 0.8692, 0.6856, 0.611, 0.8795, 0.9319, 0.8035, 0.868, 0.8953, 0.7843, 0.7867, 0.7661]
duration: 145.32848858833313
epoch 70:
loss: 0.9801 || cls: 0.5705
train: acc: 0.9778 || macc: 0.9711 || miou: 0.9476 || iou: [0.9792, 0.9854, 0.9584, 0.956, 0.9053, 0.944, 0.9453, 0.9342, 0.9605, 0.9554, 0.956, 0.9222, 0.9167]
val:   acc: 0.9334 || macc: 0.925 || miou: 0.8348 || iou: [0.9569, 0.9797, 0.8816, 0.6878, 0.6609, 0.8317, 0.9462, 0.7859, 0.8685, 0.8916, 0.767, 0.8058, 0.7883]
duration: 145.45893549919128
epoch 71:
loss: 0.978 || cls: 0.5616
train: acc: 0.9789 || macc: 0.9722 || miou: 0.9496 || iou: [0.9799, 0.9854, 0.9607, 0.9555, 0.9116, 0.9466, 0.953, 0.9354, 0.9611, 0.9475, 0.9583, 0.9291, 0.921]
val:   acc: 0.9338 || macc: 0.9245 || miou: 0.8396 || iou: [0.9579, 0.9751, 0.8779, 0.7041, 0.6687, 0.8448, 0.9307, 0.8179, 0.863, 0.8816, 0.7823, 0.8305, 0.78]
duration: 145.47859573364258
epoch 72:
loss: 0.977 || cls: 0.5556
train: acc: 0.9793 || macc: 0.973 || miou: 0.9509 || iou: [0.9803, 0.9858, 0.9613, 0.9565, 0.9118, 0.9468, 0.9531, 0.9373, 0.9625, 0.9543, 0.9601, 0.9296, 0.9222]
val:   acc: 0.9301 || macc: 0.9252 || miou: 0.8295 || iou: [0.951, 0.9802, 0.8744, 0.6311, 0.6427, 0.8393, 0.943, 0.8061, 0.8708, 0.8818, 0.7709, 0.8158, 0.7765]
duration: 145.7315797805786
epoch 73:
loss: 0.9769 || cls: 0.5631
train: acc: 0.9794 || macc: 0.9732 || miou: 0.9509 || iou: [0.9802, 0.9859, 0.9616, 0.9538, 0.9149, 0.9492, 0.9526, 0.9375, 0.9629, 0.9554, 0.9599, 0.9262, 0.9222]
val:   acc: 0.9328 || macc: 0.9175 || miou: 0.8346 || iou: [0.9557, 0.9755, 0.8828, 0.7417, 0.6551, 0.8117, 0.938, 0.8014, 0.8609, 0.8893, 0.7735, 0.7937, 0.7702]
duration: 145.91896772384644
epoch 74:
loss: 0.9763 || cls: 0.5645
train: acc: 0.9797 || macc: 0.9731 || miou: 0.9513 || iou: [0.9807, 0.9857, 0.9626, 0.9578, 0.9123, 0.9503, 0.9532, 0.9373, 0.962, 0.9497, 0.96, 0.9315, 0.9234]
val:   acc: 0.9268 || macc: 0.9279 || miou: 0.8304 || iou: [0.9522, 0.9784, 0.8601, 0.6375, 0.5726, 0.8981, 0.9265, 0.8063, 0.868, 0.893, 0.758, 0.8656, 0.7792]
duration: 145.87555384635925
epoch 75:
loss: 0.976 || cls: 0.564
train: acc: 0.9798 || macc: 0.9739 || miou: 0.9523 || iou: [0.9806, 0.9861, 0.962, 0.9593, 0.9148, 0.949, 0.9515, 0.9391, 0.9632, 0.9589, 0.9614, 0.93, 0.9244]
val:   acc: 0.935 || macc: 0.9254 || miou: 0.8397 || iou: [0.9542, 0.9815, 0.8828, 0.6999, 0.6921, 0.8647, 0.9381, 0.8212, 0.8548, 0.843, 0.7941, 0.811, 0.7783]
duration: 146.27126836776733
epoch 76:
loss: 0.9753 || cls: 0.5628
train: acc: 0.9801 || macc: 0.9741 || miou: 0.9527 || iou: [0.9804, 0.9861, 0.9631, 0.9596, 0.9137, 0.9511, 0.9547, 0.9399, 0.9634, 0.9531, 0.9618, 0.9332, 0.9253]
val:   acc: 0.9359 || macc: 0.9311 || miou: 0.842 || iou: [0.9532, 0.9778, 0.8854, 0.6908, 0.6441, 0.8392, 0.9381, 0.8138, 0.8707, 0.9108, 0.8169, 0.8196, 0.7858]
duration: 145.74203538894653
epoch 77:
loss: 0.9746 || cls: 0.5616
train: acc: 0.9805 || macc: 0.9745 || miou: 0.9534 || iou: [0.981, 0.9864, 0.9635, 0.9577, 0.917, 0.9517, 0.9545, 0.9411, 0.9642, 0.9546, 0.9618, 0.9333, 0.9275]
val:   acc: 0.9362 || macc: 0.935 || miou: 0.8474 || iou: [0.9525, 0.9801, 0.8818, 0.6469, 0.6318, 0.8986, 0.9473, 0.8281, 0.8655, 0.8986, 0.8204, 0.8774, 0.7874]
duration: 145.4766411781311
epoch 78:
loss: 0.9736 || cls: 0.5588
train: acc: 0.981 || macc: 0.9757 || miou: 0.9552 || iou: [0.9811, 0.9865, 0.9646, 0.9599, 0.9201, 0.9521, 0.9569, 0.9421, 0.9654, 0.9599, 0.9632, 0.9374, 0.9282]
val:   acc: 0.937 || macc: 0.934 || miou: 0.8483 || iou: [0.9543, 0.981, 0.8872, 0.6456, 0.7017, 0.8861, 0.94, 0.8112, 0.874, 0.8977, 0.7957, 0.8627, 0.7902]
duration: 145.36725640296936
epoch 79:
loss: 0.9729 || cls: 0.5587
train: acc: 0.9813 || macc: 0.9761 || miou: 0.9559 || iou: [0.9813, 0.9861, 0.9655, 0.9619, 0.9205, 0.9536, 0.9582, 0.9421, 0.9653, 0.9629, 0.964, 0.9355, 0.9295]
val:   acc: 0.9363 || macc: 0.9292 || miou: 0.8487 || iou: [0.9536, 0.9785, 0.8873, 0.6988, 0.7066, 0.8939, 0.9413, 0.8073, 0.8644, 0.8947, 0.7786, 0.844, 0.7842]
duration: 145.47297286987305
epoch 80:
loss: 0.9726 || cls: 0.5611
train: acc: 0.9815 || macc: 0.9764 || miou: 0.9565 || iou: [0.9816, 0.9865, 0.9656, 0.9603, 0.9205, 0.9543, 0.9592, 0.9438, 0.966, 0.964, 0.9636, 0.9387, 0.9301]
val:   acc: 0.9345 || macc: 0.9266 || miou: 0.8388 || iou: [0.9529, 0.9792, 0.8834, 0.6702, 0.6768, 0.85, 0.9397, 0.8002, 0.8724, 0.8937, 0.7924, 0.8097, 0.7841]
duration: 145.01518392562866
epoch 81:
loss: 0.9721 || cls: 0.5627
train: acc: 0.9817 || macc: 0.9765 || miou: 0.9567 || iou: [0.9819, 0.9867, 0.966, 0.9617, 0.9238, 0.955, 0.9597, 0.9446, 0.965, 0.9599, 0.9644, 0.9371, 0.9313]
val:   acc: 0.9347 || macc: 0.9294 || miou: 0.8464 || iou: [0.9544, 0.9805, 0.8865, 0.6923, 0.6847, 0.901, 0.9418, 0.8033, 0.8668, 0.9023, 0.7706, 0.8465, 0.7722]
duration: 145.0180368423462
epoch 82:
loss: 0.9716 || cls: 0.5585
train: acc: 0.9819 || macc: 0.9772 || miou: 0.9578 || iou: [0.982, 0.987, 0.9662, 0.9631, 0.9247, 0.9549, 0.9596, 0.9449, 0.9668, 0.9662, 0.9657, 0.9394, 0.9313]
val:   acc: 0.9365 || macc: 0.9298 || miou: 0.847 || iou: [0.9548, 0.977, 0.8862, 0.6924, 0.7015, 0.8816, 0.9405, 0.7938, 0.864, 0.8954, 0.7953, 0.8407, 0.7873]
duration: 145.68630981445312
epoch 83:
loss: 0.971 || cls: 0.5576
train: acc: 0.9823 || macc: 0.9773 || miou: 0.9581 || iou: [0.9819, 0.9868, 0.9672, 0.964, 0.9271, 0.9568, 0.9611, 0.9456, 0.9665, 0.9632, 0.966, 0.9358, 0.9331]
val:   acc: 0.9325 || macc: 0.9314 || miou: 0.8398 || iou: [0.9531, 0.9784, 0.8722, 0.6414, 0.6182, 0.8923, 0.9513, 0.8249, 0.8694, 0.8766, 0.7958, 0.8641, 0.7799]
duration: 145.20137906074524
epoch 84:
loss: 0.9707 || cls: 0.5551
train: acc: 0.9824 || macc: 0.9775 || miou: 0.9583 || iou: [0.9815, 0.987, 0.9674, 0.9628, 0.9249, 0.9569, 0.9619, 0.947, 0.9671, 0.9601, 0.9665, 0.9417, 0.9334]
val:   acc: 0.9353 || macc: 0.9297 || miou: 0.8471 || iou: [0.9542, 0.978, 0.8867, 0.7068, 0.6785, 0.8902, 0.9452, 0.787, 0.8732, 0.8929, 0.7812, 0.8642, 0.7744]
duration: 144.96375489234924
epoch 85:
loss: 0.9704 || cls: 0.5563
train: acc: 0.9825 || macc: 0.9778 || miou: 0.9589 || iou: [0.9819, 0.9872, 0.9674, 0.9631, 0.9263, 0.9567, 0.9604, 0.9474, 0.9684, 0.9633, 0.9668, 0.943, 0.9341]
val:   acc: 0.9352 || macc: 0.9329 || miou: 0.8498 || iou: [0.9525, 0.9771, 0.8828, 0.6847, 0.6811, 0.921, 0.9385, 0.8041, 0.8625, 0.8955, 0.7812, 0.8831, 0.783]
duration: 145.74430084228516
epoch 86:
loss: 0.9702 || cls: 0.554
train: acc: 0.9826 || macc: 0.9779 || miou: 0.9591 || iou: [0.9823, 0.987, 0.9677, 0.9634, 0.9263, 0.9574, 0.961, 0.9471, 0.9675, 0.9656, 0.967, 0.9421, 0.934]
val:   acc: 0.9346 || macc: 0.9287 || miou: 0.843 || iou: [0.952, 0.9775, 0.8878, 0.6942, 0.6672, 0.8858, 0.9468, 0.797, 0.8641, 0.8926, 0.7825, 0.8359, 0.7759]
duration: 146.101895570755
epoch 87:
loss: 0.9693 || cls: 0.5555
train: acc: 0.9831 || macc: 0.9786 || miou: 0.9602 || iou: [0.9827, 0.9873, 0.9686, 0.9651, 0.927, 0.959, 0.9633, 0.9479, 0.9683, 0.9647, 0.9676, 0.9451, 0.9358]
val:   acc: 0.933 || macc: 0.9263 || miou: 0.8398 || iou: [0.9534, 0.9765, 0.8822, 0.6782, 0.6651, 0.8898, 0.9448, 0.8009, 0.8646, 0.884, 0.7751, 0.8304, 0.7722]
duration: 145.01309084892273
epoch 88:
loss: 0.9692 || cls: 0.552
train: acc: 0.9831 || macc: 0.9789 || miou: 0.9606 || iou: [0.9821, 0.9872, 0.9685, 0.9643, 0.9296, 0.9578, 0.9617, 0.9491, 0.9691, 0.967, 0.9686, 0.9466, 0.9365]
val:   acc: 0.9338 || macc: 0.9286 || miou: 0.8407 || iou: [0.9512, 0.9778, 0.8854, 0.678, 0.678, 0.8749, 0.9404, 0.8061, 0.8663, 0.8892, 0.7828, 0.8243, 0.7748]
duration: 145.2491843700409
epoch 89:
loss: 0.9692 || cls: 0.5518
train: acc: 0.9831 || macc: 0.9788 || miou: 0.9605 || iou: [0.9824, 0.9871, 0.9683, 0.9659, 0.9293, 0.9595, 0.9634, 0.9487, 0.9686, 0.9645, 0.9682, 0.9445, 0.9358]
val:   acc: 0.934 || macc: 0.9283 || miou: 0.8406 || iou: [0.9532, 0.9783, 0.8851, 0.6884, 0.6657, 0.8641, 0.9453, 0.7937, 0.8676, 0.8998, 0.7799, 0.83, 0.7773]
duration: 145.51587748527527
epoch 90:
loss: 0.9687 || cls: 0.5512
train: acc: 0.9834 || macc: 0.9792 || miou: 0.9611 || iou: [0.9828, 0.9874, 0.9689, 0.9656, 0.931, 0.9599, 0.9637, 0.9495, 0.9688, 0.9672, 0.9685, 0.9443, 0.9373]
val:   acc: 0.935 || macc: 0.9288 || miou: 0.8404 || iou: [0.9518, 0.9781, 0.8884, 0.6889, 0.6821, 0.8547, 0.9394, 0.8062, 0.8679, 0.8798, 0.7869, 0.8201, 0.781]
duration: 145.3890037536621
epoch 91:
loss: 0.9685 || cls: 0.5542
train: acc: 0.9834 || macc: 0.9792 || miou: 0.9612 || iou: [0.9824, 0.9875, 0.9691, 0.9649, 0.9297, 0.9602, 0.964, 0.9499, 0.9693, 0.9662, 0.969, 0.9466, 0.9373]
val:   acc: 0.9361 || macc: 0.9274 || miou: 0.8426 || iou: [0.9514, 0.9779, 0.8919, 0.6835, 0.7127, 0.8479, 0.9449, 0.803, 0.8754, 0.886, 0.7884, 0.8105, 0.7807]
duration: 146.2195324897766
epoch 92:
loss: 0.9681 || cls: 0.5511
train: acc: 0.9837 || macc: 0.9797 || miou: 0.9622 || iou: [0.9825, 0.9873, 0.9698, 0.965, 0.9323, 0.9611, 0.9646, 0.9506, 0.9698, 0.97, 0.9696, 0.9474, 0.938]
val:   acc: 0.9362 || macc: 0.9308 || miou: 0.8438 || iou: [0.9524, 0.9773, 0.8874, 0.6833, 0.663, 0.8652, 0.9469, 0.8182, 0.8652, 0.8881, 0.8065, 0.8321, 0.7838]
duration: 145.48794651031494
epoch 93:
loss: 0.968 || cls: 0.5522
train: acc: 0.9837 || macc: 0.9795 || miou: 0.9618 || iou: [0.9829, 0.9877, 0.9695, 0.9666, 0.9315, 0.96, 0.9651, 0.9503, 0.9703, 0.9668, 0.9691, 0.9446, 0.9382]
val:   acc: 0.9354 || macc: 0.9294 || miou: 0.8426 || iou: [0.9516, 0.9781, 0.8877, 0.6875, 0.6862, 0.8548, 0.9468, 0.8062, 0.8728, 0.8876, 0.788, 0.8258, 0.7813]
duration: 145.2968873977661
epoch 94:
loss: 0.9679 || cls: 0.554
train: acc: 0.9838 || macc: 0.9797 || miou: 0.9622 || iou: [0.9829, 0.9874, 0.9701, 0.9652, 0.9338, 0.9612, 0.9638, 0.9503, 0.9693, 0.9695, 0.9693, 0.9472, 0.9386]
val:   acc: 0.9355 || macc: 0.9304 || miou: 0.8444 || iou: [0.9531, 0.9785, 0.8861, 0.6844, 0.6715, 0.8732, 0.9479, 0.8129, 0.8665, 0.8969, 0.7921, 0.8341, 0.7796]
duration: 145.80581974983215
epoch 95:
loss: 0.968 || cls: 0.5524
train: acc: 0.9837 || macc: 0.9796 || miou: 0.9619 || iou: [0.9827, 0.9874, 0.9698, 0.9659, 0.9332, 0.9602, 0.9643, 0.9501, 0.9697, 0.9678, 0.9695, 0.9469, 0.9378]
val:   acc: 0.9381 || macc: 0.9326 || miou: 0.85 || iou: [0.9523, 0.978, 0.8908, 0.6781, 0.6873, 0.8775, 0.9465, 0.8177, 0.8716, 0.8941, 0.8106, 0.859, 0.7869]
duration: 144.86336159706116
epoch 96:
loss: 0.9682 || cls: 0.5508
train: acc: 0.9836 || macc: 0.9795 || miou: 0.9619 || iou: [0.9829, 0.9874, 0.9695, 0.967, 0.9317, 0.9605, 0.9639, 0.9497, 0.9697, 0.9671, 0.9694, 0.9475, 0.938]
val:   acc: 0.9364 || macc: 0.9292 || miou: 0.8447 || iou: [0.953, 0.9776, 0.8891, 0.6845, 0.6929, 0.8736, 0.9461, 0.8103, 0.8687, 0.8849, 0.7987, 0.8205, 0.7816]
duration: 143.9777090549469
epoch 97:
loss: 0.9679 || cls: 0.5487
train: acc: 0.9837 || macc: 0.9795 || miou: 0.9617 || iou: [0.9829, 0.9874, 0.97, 0.9666, 0.9313, 0.96, 0.9651, 0.9497, 0.9701, 0.9656, 0.9695, 0.9461, 0.9385]
val:   acc: 0.9355 || macc: 0.9282 || miou: 0.843 || iou: [0.9513, 0.978, 0.8882, 0.6753, 0.6843, 0.8543, 0.9454, 0.8092, 0.8729, 0.8952, 0.7927, 0.831, 0.7806]
duration: 143.8787989616394
epoch 98:
loss: 0.9676 || cls: 0.552
train: acc: 0.9839 || macc: 0.9797 || miou: 0.9623 || iou: [0.9828, 0.9875, 0.9705, 0.9659, 0.9318, 0.9609, 0.9655, 0.9504, 0.9701, 0.9677, 0.9697, 0.9489, 0.9387]
val:   acc: 0.9359 || macc: 0.9303 || miou: 0.8443 || iou: [0.9526, 0.978, 0.8871, 0.6851, 0.6728, 0.8685, 0.9452, 0.8184, 0.8733, 0.8819, 0.7949, 0.8359, 0.7821]
duration: 144.57945346832275
epoch 99:
loss: 0.9678 || cls: 0.5523
train: acc: 0.9838 || macc: 0.9796 || miou: 0.962 || iou: [0.9828, 0.9874, 0.97, 0.9654, 0.9341, 0.9603, 0.965, 0.9509, 0.9701, 0.9657, 0.9689, 0.9471, 0.9386]
val:   acc: 0.9351 || macc: 0.9298 || miou: 0.8434 || iou: [0.9517, 0.9782, 0.8859, 0.6743, 0.6757, 0.8745, 0.9452, 0.8022, 0.8686, 0.8967, 0.7916, 0.8384, 0.7811]
duration: 142.39201664924622
