base 
epoch 0:
loss: 1.3818 || cls: 1.619
train: acc: 0.7845 || macc: 0.5561 || miou: 0.4694 || iou: [0.8942, 0.9143, 0.6867, 0.4211, 0.0613, 0.3309, 0.4195, 0.5904, 0.5639, 0.0515, 0.5223, 0.205, 0.4408]
val:   acc: 0.7592 || macc: 0.556 || miou: 0.404 || iou: [0.8592, 0.9, 0.7453, 0.2031, 0.3669, 0.1217, 0.5278, 0.3567, 0.2145, 0.1245, 0.2195, 0.2664, 0.3461]
duration: 140.6478545665741
new best!
epoch 1:
loss: 1.1869 || cls: 0.8964
train: acc: 0.8783 || macc: 0.7791 || miou: 0.6933 || iou: [0.944, 0.9658, 0.7997, 0.7164, 0.3627, 0.6405, 0.6854, 0.734, 0.7922, 0.4893, 0.7018, 0.5655, 0.615]
val:   acc: 0.7492 || macc: 0.636 || miou: 0.4554 || iou: [0.8653, 0.7512, 0.7722, 0.2593, 0.4984, 0.4493, 0.5742, 0.1572, 0.366, 0.1275, 0.4431, 0.351, 0.3053]
duration: 137.40708136558533
new best!
epoch 2:
loss: 1.1398 || cls: 0.8354
train: acc: 0.9014 || macc: 0.8343 || miou: 0.7536 || iou: [0.952, 0.9716, 0.8359, 0.7628, 0.4947, 0.7243, 0.7506, 0.7648, 0.8284, 0.6489, 0.7535, 0.6456, 0.6641]
val:   acc: 0.8239 || macc: 0.7066 || miou: 0.5137 || iou: [0.8639, 0.8932, 0.7881, 0.1921, 0.5537, 0.3047, 0.6777, 0.3281, 0.6264, 0.3374, 0.3612, 0.2714, 0.4798]
duration: 137.14359951019287
new best!
epoch 3:
loss: 1.1138 || cls: 0.7935
train: acc: 0.9137 || macc: 0.8599 || miou: 0.7846 || iou: [0.9579, 0.974, 0.8527, 0.8026, 0.5516, 0.7614, 0.7771, 0.786, 0.854, 0.7056, 0.7864, 0.6896, 0.7005]
val:   acc: 0.8069 || macc: 0.7359 || miou: 0.5086 || iou: [0.8637, 0.9002, 0.7871, 0.1863, 0.3864, 0.4501, 0.6154, 0.346, 0.4992, 0.5173, 0.4833, 0.1392, 0.4382]
duration: 137.0630476474762
epoch 4:
loss: 1.0972 || cls: 0.7575
train: acc: 0.9222 || macc: 0.8744 || miou: 0.8043 || iou: [0.9612, 0.9758, 0.8662, 0.8154, 0.6033, 0.7941, 0.8041, 0.7997, 0.8688, 0.7276, 0.8068, 0.7089, 0.7232]
val:   acc: 0.8056 || macc: 0.7487 || miou: 0.5634 || iou: [0.8578, 0.9373, 0.825, 0.2902, 0.5959, 0.6528, 0.7939, 0.4619, 0.217, 0.5517, 0.4519, 0.3038, 0.385]
duration: 137.0719609260559
new best!
epoch 5:
loss: 1.0887 || cls: 0.7313
train: acc: 0.9264 || macc: 0.8815 || miou: 0.8132 || iou: [0.9618, 0.9762, 0.8727, 0.8288, 0.633, 0.7951, 0.8248, 0.8091, 0.8711, 0.7278, 0.8195, 0.7175, 0.7337]
val:   acc: 0.8514 || macc: 0.7823 || miou: 0.6068 || iou: [0.8669, 0.8943, 0.8145, 0.4288, 0.3385, 0.7686, 0.7812, 0.3246, 0.7662, 0.5828, 0.4985, 0.319, 0.504]
duration: 137.82636737823486
new best!
epoch 6:
loss: 1.0755 || cls: 0.6996
train: acc: 0.9326 || macc: 0.8953 || miou: 0.8316 || iou: [0.9648, 0.9776, 0.8818, 0.853, 0.6694, 0.8132, 0.8417, 0.8189, 0.8816, 0.7782, 0.8357, 0.7424, 0.7525]
val:   acc: 0.7897 || macc: 0.7031 || miou: 0.5135 || iou: [0.864, 0.8624, 0.8138, 0.3308, 0.3437, 0.3716, 0.756, 0.2691, 0.2278, 0.6618, 0.5236, 0.2644, 0.3865]
duration: 137.5913860797882
epoch 7:
loss: 1.0733 || cls: 0.6766
train: acc: 0.9338 || macc: 0.8974 || miou: 0.8344 || iou: [0.9654, 0.9773, 0.8831, 0.8514, 0.6775, 0.8181, 0.8378, 0.8236, 0.8905, 0.7824, 0.8381, 0.7414, 0.7599]
val:   acc: 0.7831 || macc: 0.7154 || miou: 0.5255 || iou: [0.8597, 0.8334, 0.8177, 0.2006, 0.6124, 0.5797, 0.7198, 0.4495, 0.1788, 0.5622, 0.49, 0.1618, 0.3656]
duration: 137.90437006950378
epoch 8:
loss: 1.0671 || cls: 0.6561
train: acc: 0.9368 || macc: 0.9024 || miou: 0.8416 || iou: [0.9658, 0.9783, 0.8885, 0.8582, 0.6911, 0.8279, 0.8511, 0.8284, 0.8958, 0.7801, 0.8469, 0.7646, 0.7645]
val:   acc: 0.8077 || macc: 0.7264 || miou: 0.5733 || iou: [0.8498, 0.9589, 0.8259, 0.2692, 0.6026, 0.6227, 0.7657, 0.5652, 0.1272, 0.762, 0.4812, 0.2181, 0.4041]
duration: 137.81214261054993
epoch 9:
loss: 1.0675 || cls: 0.6433
train: acc: 0.9369 || macc: 0.9021 || miou: 0.8416 || iou: [0.9665, 0.9781, 0.8907, 0.8594, 0.6889, 0.8205, 0.8537, 0.8299, 0.8921, 0.801, 0.8462, 0.7489, 0.7644]
val:   acc: 0.7986 || macc: 0.7449 || miou: 0.5836 || iou: [0.8668, 0.8808, 0.8089, 0.2709, 0.6719, 0.706, 0.6939, 0.5198, 0.2381, 0.7329, 0.5195, 0.3209, 0.357]
duration: 137.68061470985413
epoch 10:
loss: 1.0585 || cls: 0.6151
train: acc: 0.9408 || macc: 0.9089 || miou: 0.8519 || iou: [0.9675, 0.9786, 0.8954, 0.8664, 0.7095, 0.8428, 0.8626, 0.8353, 0.8997, 0.8124, 0.8559, 0.7686, 0.7803]
val:   acc: 0.7736 || macc: 0.6647 || miou: 0.5334 || iou: [0.8709, 0.7889, 0.8285, 0.2696, 0.585, 0.4156, 0.7728, 0.6333, 0.1018, 0.4988, 0.4496, 0.3854, 0.3342]
duration: 137.28917908668518
epoch 11:
loss: 1.0553 || cls: 0.594
train: acc: 0.9424 || macc: 0.911 || miou: 0.8552 || iou: [0.9674, 0.9787, 0.8973, 0.8702, 0.7287, 0.8403, 0.8623, 0.8432, 0.9019, 0.8041, 0.8659, 0.7723, 0.7854]
val:   acc: 0.813 || macc: 0.7215 || miou: 0.559 || iou: [0.8792, 0.908, 0.8329, 0.1961, 0.624, 0.742, 0.7721, 0.5031, 0.2327, 0.4094, 0.4754, 0.2657, 0.4269]
duration: 136.64916801452637
epoch 12:
loss: 1.0469 || cls: 0.5721
train: acc: 0.9464 || macc: 0.9208 || miou: 0.8689 || iou: [0.9689, 0.979, 0.9032, 0.8897, 0.7508, 0.8528, 0.8771, 0.8502, 0.9117, 0.8415, 0.8729, 0.8013, 0.7969]
val:   acc: 0.8093 || macc: 0.7147 || miou: 0.5837 || iou: [0.8736, 0.9474, 0.8283, 0.304, 0.6226, 0.7549, 0.7423, 0.5665, 0.1093, 0.6978, 0.4587, 0.2799, 0.403]
duration: 136.1603171825409
epoch 13:
loss: 1.0446 || cls: 0.5531
train: acc: 0.9476 || macc: 0.9216 || miou: 0.8696 || iou: [0.9694, 0.9792, 0.9065, 0.8851, 0.757, 0.8568, 0.8776, 0.8501, 0.907, 0.8393, 0.877, 0.7965, 0.8038]
val:   acc: 0.7719 || macc: 0.6896 || miou: 0.5504 || iou: [0.7147, 0.765, 0.838, 0.4063, 0.6856, 0.6423, 0.756, 0.5556, 0.1745, 0.6088, 0.505, 0.1159, 0.3877]
duration: 136.13414001464844
epoch 14:
loss: 1.044 || cls: 0.5449
train: acc: 0.9479 || macc: 0.9227 || miou: 0.8715 || iou: [0.9693, 0.9795, 0.9059, 0.8837, 0.7658, 0.8503, 0.877, 0.8553, 0.9147, 0.85, 0.8774, 0.7973, 0.8035]
val:   acc: 0.7891 || macc: 0.7116 || miou: 0.5566 || iou: [0.8668, 0.8086, 0.8185, 0.2666, 0.492, 0.6986, 0.725, 0.598, 0.2419, 0.5425, 0.4851, 0.318, 0.3739]
duration: 137.44780015945435
epoch 15:
loss: 1.0373 || cls: 0.5241
train: acc: 0.9509 || macc: 0.9281 || miou: 0.8795 || iou: [0.9703, 0.9796, 0.9118, 0.898, 0.778, 0.8668, 0.8843, 0.8581, 0.917, 0.8571, 0.8873, 0.8125, 0.8123]
val:   acc: 0.7815 || macc: 0.6793 || miou: 0.5525 || iou: [0.867, 0.8115, 0.8334, 0.4188, 0.5988, 0.4613, 0.7884, 0.634, 0.1115, 0.5622, 0.4772, 0.2806, 0.3378]
duration: 138.12142729759216
epoch 16:
loss: 1.0344 || cls: 0.5132
train: acc: 0.9525 || macc: 0.9298 || miou: 0.8827 || iou: [0.9709, 0.98, 0.914, 0.9043, 0.774, 0.8735, 0.8883, 0.8632, 0.9181, 0.8568, 0.8895, 0.8227, 0.8193]
val:   acc: 0.7603 || macc: 0.6699 || miou: 0.5577 || iou: [0.8703, 0.7024, 0.8432, 0.391, 0.7188, 0.4361, 0.7848, 0.5973, 0.0968, 0.7856, 0.4414, 0.2594, 0.323]
duration: 137.23146629333496
epoch 17:
loss: 1.0348 || cls: 0.5086
train: acc: 0.9523 || macc: 0.9303 || miou: 0.8829 || iou: [0.971, 0.9795, 0.914, 0.8958, 0.7893, 0.8713, 0.8874, 0.8654, 0.9179, 0.8685, 0.8899, 0.8105, 0.8172]
val:   acc: 0.794 || macc: 0.6772 || miou: 0.576 || iou: [0.8856, 0.8778, 0.8016, 0.3292, 0.6769, 0.7314, 0.7065, 0.6474, 0.1152, 0.7461, 0.48, 0.1303, 0.3605]
duration: 137.64371061325073
epoch 18:
loss: 1.0341 || cls: 0.509
train: acc: 0.9524 || macc: 0.9296 || miou: 0.8819 || iou: [0.9716, 0.9807, 0.9134, 0.903, 0.7801, 0.8642, 0.8872, 0.8641, 0.9188, 0.8522, 0.8902, 0.8189, 0.82]
val:   acc: 0.7952 || macc: 0.6683 || miou: 0.5523 || iou: [0.8782, 0.8669, 0.8183, 0.2893, 0.5901, 0.5643, 0.7474, 0.5911, 0.1324, 0.6697, 0.4713, 0.1767, 0.3838]
duration: 135.8978385925293
epoch 19:
loss: 1.027 || cls: 0.4894
train: acc: 0.956 || macc: 0.9367 || miou: 0.8926 || iou: [0.9725, 0.9804, 0.9195, 0.9032, 0.8095, 0.8773, 0.8957, 0.8747, 0.9252, 0.8765, 0.8997, 0.8375, 0.8316]
val:   acc: 0.7972 || macc: 0.7055 || miou: 0.585 || iou: [0.8595, 0.8499, 0.823, 0.3831, 0.7332, 0.6701, 0.8004, 0.5801, 0.1982, 0.6915, 0.4927, 0.154, 0.3695]
duration: 137.71996545791626
epoch 20:
loss: 1.0296 || cls: 0.4984
train: acc: 0.9548 || macc: 0.9334 || miou: 0.888 || iou: [0.9722, 0.9807, 0.9166, 0.911, 0.7943, 0.8803, 0.8948, 0.8688, 0.9228, 0.8517, 0.8978, 0.824, 0.8292]
val:   acc: 0.8261 || macc: 0.6828 || miou: 0.6008 || iou: [0.8792, 0.9692, 0.8085, 0.2603, 0.7236, 0.6666, 0.6986, 0.6348, 0.2462, 0.8249, 0.5318, 0.1505, 0.4168]
duration: 136.86985087394714
epoch 21:
loss: 1.0264 || cls: 0.4933
train: acc: 0.9561 || macc: 0.9344 || miou: 0.8894 || iou: [0.9726, 0.981, 0.9193, 0.9043, 0.7871, 0.8801, 0.9003, 0.8738, 0.9246, 0.8503, 0.903, 0.8331, 0.833]
val:   acc: 0.7741 || macc: 0.7123 || miou: 0.5929 || iou: [0.8619, 0.7622, 0.8189, 0.4525, 0.5915, 0.7246, 0.7279, 0.6498, 0.1265, 0.724, 0.537, 0.3867, 0.3444]
duration: 137.42622780799866
epoch 22:
loss: 1.0266 || cls: 0.4996
train: acc: 0.956 || macc: 0.9366 || miou: 0.8926 || iou: [0.9721, 0.9807, 0.9205, 0.914, 0.8025, 0.8822, 0.8988, 0.8718, 0.9267, 0.8732, 0.8952, 0.8354, 0.8305]
val:   acc: 0.7673 || macc: 0.6677 || miou: 0.5365 || iou: [0.8682, 0.7387, 0.8207, 0.2038, 0.4863, 0.5399, 0.7849, 0.6182, 0.1115, 0.7332, 0.5533, 0.179, 0.3367]
duration: 137.72384238243103
epoch 23:
loss: 1.023 || cls: 0.4917
train: acc: 0.9579 || macc: 0.9383 || miou: 0.8953 || iou: [0.9729, 0.9806, 0.9228, 0.9171, 0.8079, 0.8823, 0.9014, 0.8802, 0.928, 0.8624, 0.9049, 0.8397, 0.8392]
val:   acc: 0.7734 || macc: 0.6798 || miou: 0.5537 || iou: [0.8706, 0.7769, 0.811, 0.2698, 0.3759, 0.6124, 0.7789, 0.606, 0.1151, 0.8038, 0.4946, 0.3366, 0.3466]
duration: 137.38447761535645
epoch 24:
loss: 1.0217 || cls: 0.4942
train: acc: 0.9584 || macc: 0.941 || miou: 0.899 || iou: [0.9729, 0.981, 0.923, 0.9116, 0.8166, 0.8835, 0.8987, 0.8808, 0.9304, 0.8891, 0.9083, 0.8484, 0.8425]
val:   acc: 0.8022 || macc: 0.7205 || miou: 0.6154 || iou: [0.8819, 0.8643, 0.8462, 0.3529, 0.5517, 0.7981, 0.8003, 0.578, 0.1159, 0.8628, 0.5336, 0.4419, 0.372]
duration: 136.78716325759888
new best!
epoch 25:
loss: 1.0166 || cls: 0.4779
train: acc: 0.9608 || macc: 0.9451 || miou: 0.9051 || iou: [0.9737, 0.9814, 0.9279, 0.9149, 0.8356, 0.8941, 0.9133, 0.886, 0.9306, 0.8951, 0.9134, 0.8538, 0.8468]
val:   acc: 0.8822 || macc: 0.7941 || miou: 0.6681 || iou: [0.873, 0.9357, 0.8388, 0.2702, 0.6308, 0.6452, 0.7927, 0.63, 0.7622, 0.7227, 0.5274, 0.4537, 0.6032]
duration: 137.434232711792
new best!
epoch 26:
loss: 1.0207 || cls: 0.4989
train: acc: 0.9588 || macc: 0.9403 || miou: 0.8978 || iou: [0.974, 0.9814, 0.9242, 0.9205, 0.8128, 0.8849, 0.9043, 0.8815, 0.9285, 0.8718, 0.9064, 0.8393, 0.842]
val:   acc: 0.7552 || macc: 0.6679 || miou: 0.5311 || iou: [0.855, 0.7022, 0.8052, 0.233, 0.7519, 0.6494, 0.6606, 0.4558, 0.1471, 0.6576, 0.5003, 0.1456, 0.3412]
duration: 136.83371901512146
epoch 27:
loss: 1.0162 || cls: 0.4914
train: acc: 0.961 || macc: 0.944 || miou: 0.9037 || iou: [0.9742, 0.9816, 0.928, 0.9182, 0.8206, 0.8966, 0.9081, 0.8868, 0.932, 0.881, 0.9143, 0.8572, 0.8496]
val:   acc: 0.7709 || macc: 0.6642 || miou: 0.575 || iou: [0.8965, 0.7078, 0.8325, 0.2791, 0.7198, 0.7332, 0.7615, 0.6066, 0.1232, 0.7892, 0.4949, 0.1941, 0.3365]
duration: 137.27438616752625
epoch 28:
loss: 1.0163 || cls: 0.4929
train: acc: 0.9608 || macc: 0.9443 || miou: 0.9043 || iou: [0.9736, 0.9818, 0.927, 0.9135, 0.8257, 0.8952, 0.9065, 0.8898, 0.9332, 0.8949, 0.9138, 0.8511, 0.8493]
val:   acc: 0.8 || macc: 0.7032 || miou: 0.5945 || iou: [0.8729, 0.8708, 0.8392, 0.4482, 0.7239, 0.6439, 0.7876, 0.6069, 0.1221, 0.6742, 0.5225, 0.2505, 0.3665]
duration: 137.42104482650757
epoch 29:
loss: 1.0159 || cls: 0.5022
train: acc: 0.961 || macc: 0.9453 || miou: 0.9053 || iou: [0.9733, 0.9812, 0.9283, 0.916, 0.8291, 0.8958, 0.9043, 0.8883, 0.9329, 0.8956, 0.9139, 0.8603, 0.8501]
val:   acc: 0.7782 || macc: 0.6899 || miou: 0.5727 || iou: [0.8739, 0.7535, 0.8422, 0.4718, 0.5261, 0.6537, 0.811, 0.5668, 0.1198, 0.7786, 0.5403, 0.1576, 0.3504]
duration: 136.27397274971008
epoch 30:
loss: 1.0126 || cls: 0.4961
train: acc: 0.9626 || macc: 0.9477 || miou: 0.909 || iou: [0.9748, 0.9819, 0.93, 0.9272, 0.8323, 0.8948, 0.9112, 0.89, 0.9341, 0.902, 0.9196, 0.8614, 0.8579]
val:   acc: 0.7988 || macc: 0.7484 || miou: 0.5792 || iou: [0.8793, 0.9027, 0.8137, 0.3396, 0.4911, 0.6445, 0.717, 0.5946, 0.0948, 0.6918, 0.5325, 0.4549, 0.3738]
duration: 137.31695795059204
epoch 31:
loss: 1.0137 || cls: 0.4972
train: acc: 0.9622 || macc: 0.9468 || miou: 0.9082 || iou: [0.9741, 0.9817, 0.93, 0.9199, 0.8296, 0.8969, 0.9101, 0.8897, 0.9341, 0.9063, 0.9179, 0.8619, 0.8549]
val:   acc: 0.8029 || macc: 0.6454 || miou: 0.5266 || iou: [0.8697, 0.9104, 0.828, 0.2713, 0.5815, 0.5376, 0.8049, 0.605, 0.1168, 0.2556, 0.4571, 0.2048, 0.4028]
duration: 137.83125829696655
epoch 32:
loss: 1.0099 || cls: 0.4945
train: acc: 0.9641 || macc: 0.9506 || miou: 0.9136 || iou: [0.9743, 0.9821, 0.9326, 0.9239, 0.8405, 0.9011, 0.9142, 0.8952, 0.9378, 0.9152, 0.9232, 0.8737, 0.8626]
val:   acc: 0.7615 || macc: 0.6632 || miou: 0.5138 || iou: [0.8558, 0.7664, 0.7909, 0.3198, 0.3003, 0.432, 0.7525, 0.6429, 0.1114, 0.7081, 0.5174, 0.1382, 0.3442]
duration: 137.17653942108154
epoch 33:
loss: 1.0102 || cls: 0.505
train: acc: 0.9638 || macc: 0.95 || miou: 0.9125 || iou: [0.9752, 0.982, 0.9327, 0.9281, 0.8462, 0.9035, 0.9136, 0.896, 0.9375, 0.9017, 0.9203, 0.8661, 0.8595]
val:   acc: 0.7828 || macc: 0.647 || miou: 0.5636 || iou: [0.8796, 0.7896, 0.8249, 0.3727, 0.7276, 0.7398, 0.773, 0.55, 0.1186, 0.4683, 0.5465, 0.1914, 0.3454]
duration: 137.26482462882996
epoch 34:
loss: 1.0108 || cls: 0.505
train: acc: 0.9635 || macc: 0.9486 || miou: 0.9109 || iou: [0.9751, 0.9818, 0.9314, 0.9227, 0.8426, 0.8975, 0.9154, 0.895, 0.938, 0.9027, 0.9237, 0.8564, 0.8598]
val:   acc: 0.7743 || macc: 0.695 || miou: 0.5728 || iou: [0.8839, 0.7102, 0.836, 0.3593, 0.686, 0.7505, 0.787, 0.5328, 0.1315, 0.6939, 0.5749, 0.1632, 0.3371]
duration: 136.9425549507141
epoch 35:
loss: 1.0072 || cls: 0.5018
train: acc: 0.9651 || macc: 0.9512 || miou: 0.9149 || iou: [0.9758, 0.9822, 0.9349, 0.9311, 0.8461, 0.9093, 0.9197, 0.8986, 0.9332, 0.8991, 0.9251, 0.8734, 0.8655]
val:   acc: 0.7839 || macc: 0.7108 || miou: 0.5977 || iou: [0.877, 0.757, 0.8387, 0.3756, 0.7426, 0.7063, 0.7778, 0.6612, 0.1379, 0.7614, 0.5826, 0.2028, 0.3485]
duration: 138.2527768611908
epoch 36:
loss: 1.0055 || cls: 0.5018
train: acc: 0.966 || macc: 0.9535 || miou: 0.9186 || iou: [0.9758, 0.983, 0.9355, 0.9287, 0.8511, 0.9098, 0.9197, 0.9011, 0.9417, 0.9194, 0.9273, 0.8792, 0.8698]
val:   acc: 0.765 || macc: 0.6638 || miou: 0.561 || iou: [0.8659, 0.7609, 0.8068, 0.4096, 0.6737, 0.6967, 0.6641, 0.649, 0.1107, 0.7487, 0.4362, 0.1355, 0.3357]
duration: 137.26128911972046
epoch 37:
loss: 1.0101 || cls: 0.5248
train: acc: 0.9638 || macc: 0.9497 || miou: 0.9123 || iou: [0.9754, 0.9824, 0.9323, 0.9224, 0.8399, 0.9002, 0.9115, 0.8961, 0.9387, 0.9082, 0.9219, 0.8682, 0.862]
val:   acc: 0.7724 || macc: 0.671 || miou: 0.5383 || iou: [0.8771, 0.7762, 0.809, 0.4292, 0.4633, 0.6024, 0.653, 0.4871, 0.1131, 0.6497, 0.5766, 0.2086, 0.3528]
duration: 137.58380722999573
epoch 38:
loss: 1.0041 || cls: 0.5064
train: acc: 0.9667 || macc: 0.9536 || miou: 0.919 || iou: [0.9768, 0.9826, 0.9372, 0.9313, 0.8539, 0.9099, 0.9186, 0.9022, 0.9414, 0.9077, 0.9301, 0.8823, 0.8731]
val:   acc: 0.7726 || macc: 0.699 || miou: 0.5463 || iou: [0.8726, 0.7587, 0.8185, 0.3549, 0.603, 0.5256, 0.7322, 0.6569, 0.1116, 0.6449, 0.5377, 0.1529, 0.3325]
duration: 137.78718876838684
epoch 39:
loss: 1.0045 || cls: 0.5118
train: acc: 0.9664 || macc: 0.9541 || miou: 0.9193 || iou: [0.9772, 0.9824, 0.937, 0.936, 0.8581, 0.913, 0.9206, 0.9012, 0.9408, 0.914, 0.9258, 0.8741, 0.8701]
val:   acc: 0.7738 || macc: 0.7307 || miou: 0.6006 || iou: [0.8769, 0.7377, 0.8247, 0.4969, 0.4813, 0.8288, 0.801, 0.6568, 0.1161, 0.6102, 0.5293, 0.5169, 0.3314]
duration: 136.88464903831482
epoch 40:
loss: 1.0034 || cls: 0.5203
train: acc: 0.967 || macc: 0.9549 || miou: 0.9203 || iou: [0.9769, 0.9829, 0.9373, 0.9271, 0.8541, 0.9087, 0.9231, 0.902, 0.9415, 0.9213, 0.9313, 0.8848, 0.8733]
val:   acc: 0.7737 || macc: 0.7098 || miou: 0.579 || iou: [0.8624, 0.7414, 0.8304, 0.3322, 0.5668, 0.8264, 0.8211, 0.5918, 0.1088, 0.723, 0.599, 0.1824, 0.342]
duration: 137.01916003227234
epoch 41:
loss: 1.0005 || cls: 0.5098
train: acc: 0.9683 || macc: 0.9569 || miou: 0.9236 || iou: [0.9767, 0.9829, 0.9394, 0.9338, 0.8556, 0.9196, 0.9255, 0.9068, 0.9447, 0.925, 0.9347, 0.8832, 0.8789]
val:   acc: 0.7914 || macc: 0.7214 || miou: 0.6091 || iou: [0.8635, 0.8086, 0.8516, 0.4143, 0.7253, 0.753, 0.8163, 0.5875, 0.1195, 0.7429, 0.5048, 0.3643, 0.3665]
duration: 137.1657042503357
epoch 42:
loss: 1.0003 || cls: 0.5147
train: acc: 0.9684 || macc: 0.9566 || miou: 0.9232 || iou: [0.977, 0.9827, 0.9408, 0.9344, 0.8604, 0.9147, 0.9277, 0.905, 0.9443, 0.9132, 0.9347, 0.887, 0.8794]
val:   acc: 0.7795 || macc: 0.6972 || miou: 0.5825 || iou: [0.8736, 0.7912, 0.8239, 0.4658, 0.4672, 0.8285, 0.7641, 0.6384, 0.1141, 0.5579, 0.5247, 0.3743, 0.3484]
duration: 137.58240914344788
epoch 43:
loss: 1.0005 || cls: 0.5296
train: acc: 0.9684 || macc: 0.9561 || miou: 0.9228 || iou: [0.978, 0.9831, 0.9407, 0.9362, 0.8539, 0.913, 0.925, 0.9066, 0.9427, 0.9231, 0.9315, 0.8831, 0.88]
val:   acc: 0.7935 || macc: 0.7035 || miou: 0.5869 || iou: [0.8662, 0.7792, 0.8257, 0.3424, 0.5322, 0.723, 0.764, 0.6308, 0.2856, 0.8056, 0.5476, 0.1605, 0.3666]
duration: 137.41641473770142
epoch 44:
loss: 1.0021 || cls: 0.5437
train: acc: 0.9675 || macc: 0.9551 || miou: 0.921 || iou: [0.9766, 0.9831, 0.9382, 0.9358, 0.8509, 0.9071, 0.9251, 0.9056, 0.9433, 0.9131, 0.9313, 0.8854, 0.8772]
val:   acc: 0.7512 || macc: 0.6987 || miou: 0.5358 || iou: [0.8683, 0.7664, 0.7534, 0.3247, 0.1743, 0.7405, 0.7433, 0.6099, 0.1096, 0.8044, 0.5404, 0.1819, 0.348]
duration: 137.42630004882812
epoch 45:
loss: 0.9968 || cls: 0.5214
train: acc: 0.9701 || macc: 0.9598 || miou: 0.9285 || iou: [0.9777, 0.9836, 0.9427, 0.937, 0.8676, 0.9211, 0.9293, 0.9131, 0.9487, 0.9336, 0.9389, 0.8928, 0.884]
val:   acc: 0.7742 || macc: 0.726 || miou: 0.5754 || iou: [0.8835, 0.7494, 0.8161, 0.3353, 0.4301, 0.6895, 0.7338, 0.6209, 0.115, 0.8344, 0.5683, 0.3537, 0.3506]
duration: 137.900958776474
epoch 46:
loss: 0.9981 || cls: 0.5297
train: acc: 0.9694 || macc: 0.9586 || miou: 0.9267 || iou: [0.9776, 0.9829, 0.9424, 0.9326, 0.8635, 0.9193, 0.9268, 0.911, 0.9463, 0.9307, 0.9358, 0.895, 0.8826]
val:   acc: 0.7735 || macc: 0.7284 || miou: 0.5582 || iou: [0.8598, 0.7991, 0.8076, 0.2935, 0.3593, 0.7623, 0.7222, 0.6492, 0.1318, 0.6932, 0.5015, 0.319, 0.3575]
duration: 136.77118062973022
epoch 47:
loss: 0.9952 || cls: 0.525
train: acc: 0.9709 || macc: 0.9612 || miou: 0.9307 || iou: [0.9781, 0.9836, 0.9447, 0.9382, 0.8805, 0.9243, 0.9319, 0.9124, 0.9489, 0.9348, 0.9398, 0.8953, 0.8871]
val:   acc: 0.7752 || macc: 0.7247 || miou: 0.5931 || iou: [0.8644, 0.7308, 0.8368, 0.3696, 0.6233, 0.7274, 0.7657, 0.6401, 0.1143, 0.787, 0.597, 0.3033, 0.3507]
duration: 137.17029070854187
epoch 48:
loss: 0.9983 || cls: 0.5443
train: acc: 0.9695 || macc: 0.959 || miou: 0.9268 || iou: [0.9777, 0.9832, 0.9419, 0.9431, 0.8636, 0.9137, 0.9258, 0.912, 0.9449, 0.9316, 0.9382, 0.8899, 0.883]
val:   acc: 0.7898 || macc: 0.7086 || miou: 0.6116 || iou: [0.8714, 0.7928, 0.8422, 0.4027, 0.7441, 0.7501, 0.764, 0.6465, 0.1186, 0.7751, 0.5769, 0.3041, 0.3617]
duration: 136.50789380073547
epoch 49:
loss: 0.9957 || cls: 0.5386
train: acc: 0.9706 || macc: 0.9607 || miou: 0.9301 || iou: [0.978, 0.9834, 0.9437, 0.9398, 0.8707, 0.9237, 0.9302, 0.9151, 0.9494, 0.9369, 0.9396, 0.8933, 0.8872]
val:   acc: 0.7747 || macc: 0.6905 || miou: 0.5792 || iou: [0.8776, 0.7148, 0.8369, 0.4006, 0.7185, 0.7062, 0.7943, 0.6606, 0.1093, 0.615, 0.5906, 0.1608, 0.3445]
duration: 137.6371500492096
epoch 50:
loss: 0.9957 || cls: 0.5541
train: acc: 0.9706 || macc: 0.9604 || miou: 0.9291 || iou: [0.9777, 0.9834, 0.9442, 0.9368, 0.8692, 0.9205, 0.9308, 0.9148, 0.9474, 0.9248, 0.9414, 0.8994, 0.8876]
val:   acc: 0.784 || macc: 0.7004 || miou: 0.6028 || iou: [0.8574, 0.7682, 0.8306, 0.4864, 0.7435, 0.7701, 0.7672, 0.6136, 0.1756, 0.7787, 0.5615, 0.1339, 0.3495]
duration: 137.61980962753296
epoch 51:
loss: 0.993 || cls: 0.5412
train: acc: 0.9718 || macc: 0.9623 || miou: 0.9325 || iou: [0.9785, 0.9838, 0.9465, 0.9425, 0.8787, 0.9255, 0.9322, 0.916, 0.9503, 0.9291, 0.9425, 0.9048, 0.8921]
val:   acc: 0.7839 || macc: 0.7384 || miou: 0.6304 || iou: [0.8811, 0.7427, 0.8528, 0.4656, 0.7323, 0.837, 0.8314, 0.6285, 0.1202, 0.8345, 0.5402, 0.3867, 0.3423]
duration: 137.26653599739075
epoch 52:
loss: 0.9933 || cls: 0.5434
train: acc: 0.9717 || macc: 0.9617 || miou: 0.9318 || iou: [0.9786, 0.9838, 0.9465, 0.9419, 0.8815, 0.9265, 0.9346, 0.9169, 0.9494, 0.9205, 0.9425, 0.901, 0.8893]
val:   acc: 0.7667 || macc: 0.6913 || miou: 0.5684 || iou: [0.8795, 0.7097, 0.8205, 0.483, 0.5282, 0.6008, 0.7355, 0.6409, 0.0986, 0.7904, 0.6118, 0.1639, 0.3266]
duration: 137.6915261745453
epoch 53:
loss: 0.9923 || cls: 0.5487
train: acc: 0.9722 || macc: 0.9632 || miou: 0.9339 || iou: [0.9787, 0.984, 0.9466, 0.9467, 0.8776, 0.9256, 0.9309, 0.9191, 0.95, 0.9369, 0.944, 0.9073, 0.894]
val:   acc: 0.7721 || macc: 0.7183 || miou: 0.5809 || iou: [0.8684, 0.7393, 0.8261, 0.461, 0.5821, 0.7241, 0.7554, 0.6178, 0.1052, 0.7042, 0.5627, 0.2571, 0.3485]
duration: 137.75670385360718
epoch 54:
loss: 0.9915 || cls: 0.5526
train: acc: 0.9725 || macc: 0.9634 || miou: 0.9341 || iou: [0.9791, 0.9843, 0.9472, 0.9424, 0.8876, 0.9305, 0.9341, 0.92, 0.9501, 0.9318, 0.946, 0.8957, 0.8941]
val:   acc: 0.8095 || macc: 0.7149 || miou: 0.6121 || iou: [0.8951, 0.8205, 0.8341, 0.3748, 0.6895, 0.8016, 0.7694, 0.6658, 0.2373, 0.6722, 0.5561, 0.2529, 0.3875]
duration: 137.5116126537323
epoch 55:
loss: 0.9886 || cls: 0.5413
train: acc: 0.9739 || macc: 0.9658 || miou: 0.9383 || iou: [0.9797, 0.9844, 0.9497, 0.9475, 0.8834, 0.9347, 0.9394, 0.9233, 0.9547, 0.9462, 0.9478, 0.9079, 0.8993]
val:   acc: 0.7881 || macc: 0.7225 || miou: 0.5908 || iou: [0.8699, 0.7778, 0.8429, 0.4099, 0.6938, 0.6781, 0.7787, 0.6836, 0.1351, 0.6379, 0.5839, 0.2284, 0.36]
duration: 137.38733172416687
epoch 56:
loss: 0.99 || cls: 0.5546
train: acc: 0.9733 || macc: 0.9641 || miou: 0.9357 || iou: [0.9791, 0.9847, 0.9488, 0.9467, 0.8832, 0.9337, 0.9369, 0.9206, 0.9531, 0.9285, 0.947, 0.9043, 0.8975]
val:   acc: 0.7672 || macc: 0.7051 || miou: 0.6006 || iou: [0.864, 0.7039, 0.8345, 0.4701, 0.7718, 0.8549, 0.7454, 0.6343, 0.1076, 0.7211, 0.5652, 0.2066, 0.3291]
duration: 137.58308029174805
epoch 57:
loss: 0.9893 || cls: 0.5591
train: acc: 0.9735 || macc: 0.9652 || miou: 0.9374 || iou: [0.9789, 0.9846, 0.949, 0.947, 0.8828, 0.9351, 0.9324, 0.923, 0.954, 0.946, 0.9467, 0.9068, 0.8995]
val:   acc: 0.7876 || macc: 0.6684 || miou: 0.5733 || iou: [0.8688, 0.8144, 0.8351, 0.3818, 0.6842, 0.7491, 0.7554, 0.6042, 0.116, 0.4348, 0.5472, 0.2978, 0.3642]
duration: 138.28278017044067
epoch 58:
loss: 0.9872 || cls: 0.5551
train: acc: 0.9745 || macc: 0.9653 || miou: 0.9376 || iou: [0.9796, 0.9848, 0.9509, 0.9459, 0.8892, 0.9359, 0.9389, 0.9215, 0.9541, 0.9155, 0.9506, 0.9187, 0.9028]
val:   acc: 0.8039 || macc: 0.7348 || miou: 0.5989 || iou: [0.91, 0.7732, 0.8432, 0.522, 0.7726, 0.5062, 0.7541, 0.6425, 0.2296, 0.5664, 0.571, 0.3189, 0.3754]
duration: 137.14921855926514
epoch 59:
loss: 0.9863 || cls: 0.5521
train: acc: 0.9748 || macc: 0.9672 || miou: 0.9405 || iou: [0.9797, 0.9849, 0.9513, 0.9486, 0.8931, 0.936, 0.9392, 0.9254, 0.9562, 0.9444, 0.95, 0.9136, 0.9032]
val:   acc: 0.7809 || macc: 0.6913 || miou: 0.5741 || iou: [0.8602, 0.7855, 0.827, 0.4253, 0.6043, 0.7232, 0.7509, 0.6117, 0.1282, 0.5985, 0.5272, 0.2667, 0.3549]
duration: 136.61810612678528
epoch 60:
loss: 0.9863 || cls: 0.5605
train: acc: 0.975 || macc: 0.9671 || miou: 0.9404 || iou: [0.9798, 0.9851, 0.9523, 0.9473, 0.8913, 0.9342, 0.9424, 0.9266, 0.9539, 0.9452, 0.9498, 0.9145, 0.9034]
val:   acc: 0.7763 || macc: 0.6951 || miou: 0.5866 || iou: [0.8784, 0.7294, 0.8436, 0.3225, 0.6804, 0.8, 0.8047, 0.6288, 0.1162, 0.7651, 0.5277, 0.1823, 0.3461]
duration: 137.52072429656982
epoch 61:
loss: 0.9853 || cls: 0.5576
train: acc: 0.9754 || macc: 0.9679 || miou: 0.942 || iou: [0.9802, 0.9854, 0.9519, 0.9478, 0.9007, 0.9361, 0.9442, 0.9289, 0.9568, 0.946, 0.9525, 0.9104, 0.9046]
val:   acc: 0.8231 || macc: 0.7524 || miou: 0.6419 || iou: [0.8622, 0.875, 0.8501, 0.4745, 0.7726, 0.7246, 0.7884, 0.6072, 0.3078, 0.7751, 0.5734, 0.3285, 0.4059]
duration: 136.79368925094604
epoch 62:
loss: 0.9827 || cls: 0.5489
train: acc: 0.9766 || macc: 0.9702 || miou: 0.9451 || iou: [0.9807, 0.9854, 0.9549, 0.9504, 0.8991, 0.9397, 0.9462, 0.93, 0.959, 0.9529, 0.9547, 0.9248, 0.9092]
val:   acc: 0.7914 || macc: 0.7274 || miou: 0.608 || iou: [0.8854, 0.7633, 0.8334, 0.4618, 0.7391, 0.7627, 0.7605, 0.6179, 0.1924, 0.717, 0.5702, 0.2366, 0.3641]
duration: 137.32321619987488
epoch 63:
loss: 0.9837 || cls: 0.5601
train: acc: 0.9761 || macc: 0.9691 || miou: 0.9438 || iou: [0.9802, 0.9856, 0.9537, 0.9503, 0.899, 0.9402, 0.9436, 0.9304, 0.9581, 0.9487, 0.9525, 0.9202, 0.9074]
val:   acc: 0.7705 || macc: 0.7096 || miou: 0.6099 || iou: [0.8653, 0.7051, 0.8399, 0.546, 0.793, 0.8045, 0.7795, 0.667, 0.1204, 0.7509, 0.5719, 0.1546, 0.3309]
duration: 136.88937139511108
epoch 64:
loss: 0.9828 || cls: 0.562
train: acc: 0.9765 || macc: 0.97 || miou: 0.945 || iou: [0.9803, 0.9854, 0.9546, 0.9514, 0.904, 0.9389, 0.9428, 0.9306, 0.958, 0.952, 0.9553, 0.9231, 0.909]
val:   acc: 0.7664 || macc: 0.7031 || miou: 0.5998 || iou: [0.8789, 0.686, 0.8342, 0.539, 0.7306, 0.8023, 0.7903, 0.6428, 0.1087, 0.7512, 0.518, 0.1828, 0.333]
duration: 137.27951288223267
epoch 65:
loss: 0.9814 || cls: 0.5586
train: acc: 0.9772 || macc: 0.9705 || miou: 0.9461 || iou: [0.9806, 0.9857, 0.9561, 0.9537, 0.9014, 0.9415, 0.9474, 0.9321, 0.9592, 0.9491, 0.9564, 0.9246, 0.9121]
val:   acc: 0.7788 || macc: 0.7315 || miou: 0.5866 || iou: [0.8725, 0.7396, 0.8425, 0.4306, 0.7112, 0.6464, 0.764, 0.6718, 0.1221, 0.6959, 0.5583, 0.2214, 0.3499]
duration: 136.0887713432312
epoch 66:
loss: 0.981 || cls: 0.5633
train: acc: 0.9774 || macc: 0.971 || miou: 0.9468 || iou: [0.9808, 0.9856, 0.9566, 0.9512, 0.9101, 0.9426, 0.9496, 0.9324, 0.9593, 0.9524, 0.9567, 0.9196, 0.912]
val:   acc: 0.7875 || macc: 0.7295 || miou: 0.6151 || iou: [0.8718, 0.7911, 0.842, 0.5275, 0.777, 0.6441, 0.7097, 0.6519, 0.1098, 0.7873, 0.592, 0.3343, 0.3576]
duration: 136.58666348457336
epoch 67:
loss: 0.9799 || cls: 0.5593
train: acc: 0.9779 || macc: 0.9717 || miou: 0.948 || iou: [0.9807, 0.9858, 0.9573, 0.9503, 0.9083, 0.943, 0.9481, 0.9346, 0.9609, 0.9562, 0.9591, 0.9258, 0.9136]
val:   acc: 0.7759 || macc: 0.703 || miou: 0.5941 || iou: [0.8819, 0.7257, 0.8314, 0.3737, 0.753, 0.6726, 0.7478, 0.6608, 0.1304, 0.7096, 0.543, 0.3546, 0.3382]
duration: 136.39551043510437
epoch 68:
loss: 0.98 || cls: 0.5667
train: acc: 0.9778 || macc: 0.9718 || miou: 0.9483 || iou: [0.9809, 0.986, 0.9568, 0.9519, 0.9094, 0.9458, 0.9464, 0.934, 0.9611, 0.9565, 0.9581, 0.9267, 0.9147]
val:   acc: 0.7901 || macc: 0.707 || miou: 0.616 || iou: [0.9168, 0.7535, 0.8318, 0.5131, 0.7571, 0.794, 0.7766, 0.6807, 0.1172, 0.7468, 0.5622, 0.2039, 0.3544]
duration: 136.20103406906128
epoch 69:
loss: 0.9788 || cls: 0.5598
train: acc: 0.9785 || macc: 0.9724 || miou: 0.9493 || iou: [0.9812, 0.9861, 0.9585, 0.9532, 0.9066, 0.948, 0.9517, 0.9366, 0.9608, 0.9523, 0.9593, 0.9312, 0.916]
val:   acc: 0.8006 || macc: 0.7286 || miou: 0.6246 || iou: [0.9046, 0.8052, 0.8476, 0.5543, 0.7754, 0.7996, 0.783, 0.666, 0.1233, 0.6886, 0.5838, 0.2256, 0.3626]
duration: 135.70157480239868
epoch 70:
loss: 0.9781 || cls: 0.5629
train: acc: 0.9788 || macc: 0.9726 || miou: 0.9497 || iou: [0.9816, 0.9863, 0.9588, 0.9557, 0.911, 0.945, 0.9512, 0.9367, 0.9617, 0.9494, 0.9602, 0.9305, 0.9184]
val:   acc: 0.7927 || macc: 0.7343 || miou: 0.6197 || iou: [0.901, 0.7628, 0.8394, 0.5224, 0.648, 0.8215, 0.791, 0.6363, 0.1389, 0.7653, 0.6086, 0.2609, 0.3605]
duration: 135.84676027297974
epoch 71:
loss: 0.9759 || cls: 0.553
train: acc: 0.9798 || macc: 0.9745 || miou: 0.953 || iou: [0.9821, 0.9866, 0.9608, 0.9576, 0.9169, 0.9512, 0.9545, 0.9394, 0.9639, 0.9624, 0.9623, 0.929, 0.9222]
val:   acc: 0.7968 || macc: 0.7347 || miou: 0.6159 || iou: [0.8794, 0.7976, 0.8377, 0.4486, 0.642, 0.8186, 0.8091, 0.6754, 0.1699, 0.7161, 0.5981, 0.2554, 0.3588]
duration: 136.17639064788818
epoch 72:
loss: 0.9768 || cls: 0.5593
train: acc: 0.9793 || macc: 0.9738 || miou: 0.9517 || iou: [0.9818, 0.9864, 0.9595, 0.9569, 0.9164, 0.9497, 0.9513, 0.9395, 0.9638, 0.9571, 0.9617, 0.9277, 0.9203]
val:   acc: 0.7921 || macc: 0.7342 || miou: 0.6138 || iou: [0.8844, 0.8116, 0.8339, 0.4252, 0.6648, 0.8031, 0.7534, 0.6926, 0.1117, 0.7494, 0.554, 0.3328, 0.3627]
duration: 136.3033812046051
epoch 73:
loss: 0.9752 || cls: 0.5551
train: acc: 0.9802 || macc: 0.9753 || miou: 0.9542 || iou: [0.9822, 0.9866, 0.9614, 0.9608, 0.9189, 0.9501, 0.9557, 0.9408, 0.9642, 0.962, 0.9635, 0.9354, 0.9231]
val:   acc: 0.7765 || macc: 0.735 || miou: 0.6126 || iou: [0.8735, 0.7185, 0.8438, 0.4639, 0.6807, 0.7909, 0.7821, 0.6573, 0.1144, 0.7553, 0.5978, 0.3455, 0.3401]
duration: 136.25457167625427
epoch 74:
loss: 0.9749 || cls: 0.5537
train: acc: 0.9803 || macc: 0.9753 || miou: 0.9541 || iou: [0.9822, 0.9865, 0.9617, 0.9595, 0.9195, 0.9519, 0.9531, 0.9416, 0.9649, 0.9589, 0.9635, 0.9356, 0.9241]
val:   acc: 0.7866 || macc: 0.729 || miou: 0.6144 || iou: [0.9019, 0.7529, 0.8367, 0.5007, 0.6936, 0.83, 0.7867, 0.6234, 0.1156, 0.7974, 0.5736, 0.2256, 0.3492]
duration: 136.7169725894928
epoch 75:
loss: 0.9741 || cls: 0.5503
train: acc: 0.9806 || macc: 0.9757 || miou: 0.9548 || iou: [0.9824, 0.9868, 0.9627, 0.9603, 0.921, 0.9536, 0.9555, 0.9418, 0.9637, 0.9567, 0.9643, 0.9392, 0.9247]
val:   acc: 0.8368 || macc: 0.7749 || miou: 0.6637 || iou: [0.8935, 0.7772, 0.8434, 0.5442, 0.7569, 0.8129, 0.7952, 0.6642, 0.587, 0.6552, 0.5856, 0.2791, 0.4338]
duration: 136.950213432312
epoch 76:
loss: 0.9739 || cls: 0.5543
train: acc: 0.9808 || macc: 0.9759 || miou: 0.9549 || iou: [0.9825, 0.987, 0.9628, 0.9618, 0.9241, 0.9525, 0.9563, 0.9435, 0.9641, 0.9507, 0.9643, 0.9391, 0.9251]
val:   acc: 0.785 || macc: 0.7262 || miou: 0.6217 || iou: [0.8883, 0.7547, 0.837, 0.5577, 0.7249, 0.7913, 0.7604, 0.6632, 0.1327, 0.8467, 0.5774, 0.1948, 0.3526]
duration: 137.73100423812866
epoch 77:
loss: 0.9734 || cls: 0.5574
train: acc: 0.981 || macc: 0.9762 || miou: 0.9558 || iou: [0.9827, 0.987, 0.9629, 0.9598, 0.9203, 0.9533, 0.957, 0.9435, 0.9661, 0.9607, 0.9649, 0.9405, 0.9266]
val:   acc: 0.7797 || macc: 0.7243 || miou: 0.6112 || iou: [0.8946, 0.7167, 0.8396, 0.5209, 0.7767, 0.7983, 0.766, 0.6566, 0.1175, 0.7031, 0.6033, 0.2118, 0.3408]
duration: 137.27866959571838
epoch 78:
loss: 0.9723 || cls: 0.5503
train: acc: 0.9815 || macc: 0.9772 || miou: 0.9574 || iou: [0.983, 0.9869, 0.9642, 0.9613, 0.9241, 0.9555, 0.9572, 0.9451, 0.9661, 0.9662, 0.966, 0.9417, 0.9285]
val:   acc: 0.7871 || macc: 0.7312 || miou: 0.6266 || iou: [0.8958, 0.7579, 0.8493, 0.5557, 0.8005, 0.8131, 0.7908, 0.6405, 0.1125, 0.7306, 0.5678, 0.2888, 0.3424]
duration: 137.2562894821167
epoch 79:
loss: 0.972 || cls: 0.5511
train: acc: 0.9817 || macc: 0.9771 || miou: 0.9575 || iou: [0.9829, 0.9871, 0.9647, 0.9611, 0.9231, 0.9565, 0.9583, 0.9459, 0.9668, 0.9623, 0.9664, 0.9431, 0.9291]
val:   acc: 0.786 || macc: 0.734 || miou: 0.6209 || iou: [0.89, 0.7581, 0.8429, 0.5486, 0.7373, 0.8126, 0.7867, 0.6341, 0.1125, 0.7693, 0.568, 0.2647, 0.3473]
duration: 137.15059566497803
epoch 80:
loss: 0.9716 || cls: 0.5495
train: acc: 0.9819 || macc: 0.9773 || miou: 0.9577 || iou: [0.9833, 0.9872, 0.9651, 0.9612, 0.9221, 0.9557, 0.9596, 0.9456, 0.9659, 0.9634, 0.9669, 0.9441, 0.9303]
val:   acc: 0.7828 || macc: 0.742 || miou: 0.6258 || iou: [0.8812, 0.7384, 0.8471, 0.5099, 0.7181, 0.7878, 0.7933, 0.6855, 0.1096, 0.7752, 0.5865, 0.36, 0.3429]
duration: 136.82617902755737
epoch 81:
loss: 0.9712 || cls: 0.5494
train: acc: 0.9821 || macc: 0.978 || miou: 0.9589 || iou: [0.983, 0.9873, 0.9652, 0.9605, 0.9293, 0.9571, 0.9588, 0.947, 0.9675, 0.9677, 0.9677, 0.9434, 0.9307]
val:   acc: 0.7831 || macc: 0.7293 || miou: 0.6052 || iou: [0.8896, 0.7505, 0.8396, 0.474, 0.7386, 0.8194, 0.7758, 0.6603, 0.1167, 0.7433, 0.5517, 0.1633, 0.3441]
duration: 136.90428161621094
epoch 82:
loss: 0.9707 || cls: 0.5498
train: acc: 0.9823 || macc: 0.9781 || miou: 0.9592 || iou: [0.9834, 0.9873, 0.9656, 0.963, 0.9295, 0.9576, 0.9588, 0.9477, 0.9686, 0.9664, 0.9678, 0.9425, 0.9318]
val:   acc: 0.7878 || macc: 0.7371 || miou: 0.6099 || iou: [0.8868, 0.7819, 0.8351, 0.4809, 0.5633, 0.8219, 0.7831, 0.6442, 0.1148, 0.8197, 0.5714, 0.2674, 0.3582]
duration: 136.69328498840332
epoch 83:
loss: 0.9698 || cls: 0.5464
train: acc: 0.9827 || macc: 0.9786 || miou: 0.96 || iou: [0.9835, 0.9876, 0.9665, 0.9638, 0.929, 0.9578, 0.9618, 0.9487, 0.9687, 0.9662, 0.969, 0.9435, 0.9335]
val:   acc: 0.7849 || macc: 0.7412 || miou: 0.6136 || iou: [0.8863, 0.7585, 0.8359, 0.5089, 0.5832, 0.8172, 0.7916, 0.6531, 0.1199, 0.7679, 0.5749, 0.3286, 0.3501]
duration: 136.9127790927887
epoch 84:
loss: 0.9696 || cls: 0.5477
train: acc: 0.9829 || macc: 0.9788 || miou: 0.9604 || iou: [0.9841, 0.9875, 0.9666, 0.9636, 0.9317, 0.9597, 0.9613, 0.9487, 0.9688, 0.9647, 0.9694, 0.9447, 0.934]
val:   acc: 0.7792 || macc: 0.733 || miou: 0.6218 || iou: [0.8742, 0.7365, 0.842, 0.5765, 0.7734, 0.8203, 0.7635, 0.6394, 0.1293, 0.7476, 0.564, 0.2751, 0.3415]
duration: 137.4892566204071
epoch 85:
loss: 0.969 || cls: 0.5453
train: acc: 0.9832 || macc: 0.9794 || miou: 0.9613 || iou: [0.9839, 0.9877, 0.9674, 0.965, 0.9324, 0.9604, 0.963, 0.9494, 0.9686, 0.969, 0.9699, 0.9461, 0.9346]
val:   acc: 0.7914 || macc: 0.7388 || miou: 0.6356 || iou: [0.8771, 0.7887, 0.8498, 0.587, 0.8188, 0.8133, 0.788, 0.6468, 0.1134, 0.7702, 0.577, 0.2799, 0.3528]
duration: 137.27025294303894
epoch 86:
loss: 0.9689 || cls: 0.5448
train: acc: 0.9832 || macc: 0.9794 || miou: 0.9612 || iou: [0.9841, 0.9876, 0.9674, 0.9653, 0.9306, 0.96, 0.9627, 0.9496, 0.9691, 0.9696, 0.9698, 0.9449, 0.935]
val:   acc: 0.7837 || macc: 0.7291 || miou: 0.6266 || iou: [0.8856, 0.7478, 0.8434, 0.5896, 0.826, 0.8192, 0.7667, 0.6441, 0.1154, 0.7449, 0.5787, 0.241, 0.3433]
duration: 137.7688467502594
epoch 87:
loss: 0.9684 || cls: 0.5461
train: acc: 0.9835 || macc: 0.9797 || miou: 0.9619 || iou: [0.984, 0.9879, 0.9679, 0.9637, 0.9331, 0.9612, 0.9638, 0.9502, 0.9697, 0.9682, 0.9703, 0.9487, 0.9357]
val:   acc: 0.7817 || macc: 0.7291 || miou: 0.6203 || iou: [0.8744, 0.7442, 0.8446, 0.5462, 0.7572, 0.8261, 0.7768, 0.6511, 0.1129, 0.7616, 0.5793, 0.2412, 0.3489]
duration: 136.91540908813477
epoch 88:
loss: 0.9683 || cls: 0.5439
train: acc: 0.9835 || macc: 0.98 || miou: 0.9623 || iou: [0.9841, 0.9878, 0.9679, 0.9651, 0.9341, 0.9611, 0.9638, 0.9504, 0.9699, 0.9698, 0.9708, 0.9491, 0.9362]
val:   acc: 0.7884 || macc: 0.7342 || miou: 0.6282 || iou: [0.8822, 0.7712, 0.8452, 0.5547, 0.7902, 0.8015, 0.7804, 0.6573, 0.1117, 0.7669, 0.5827, 0.2715, 0.3509]
duration: 137.52314472198486
epoch 89:
loss: 0.968 || cls: 0.5442
train: acc: 0.9837 || macc: 0.9801 || miou: 0.9625 || iou: [0.9842, 0.9877, 0.9685, 0.9658, 0.9345, 0.961, 0.9637, 0.951, 0.9701, 0.9688, 0.9706, 0.9502, 0.9366]
val:   acc: 0.7924 || macc: 0.7396 || miou: 0.6315 || iou: [0.8824, 0.7912, 0.8421, 0.5269, 0.8026, 0.8252, 0.7796, 0.6785, 0.1157, 0.7751, 0.5707, 0.2601, 0.3589]
duration: 137.89101457595825
epoch 90:
loss: 0.9678 || cls: 0.5418
train: acc: 0.9837 || macc: 0.9802 || miou: 0.9627 || iou: [0.9842, 0.9878, 0.9685, 0.9655, 0.9358, 0.9616, 0.9641, 0.9511, 0.9703, 0.9682, 0.9709, 0.9499, 0.9365]
val:   acc: 0.7843 || macc: 0.7319 || miou: 0.6209 || iou: [0.8802, 0.7527, 0.8436, 0.5309, 0.7634, 0.8095, 0.7811, 0.6574, 0.1142, 0.7671, 0.5768, 0.2472, 0.348]
duration: 137.5970811843872
epoch 91:
loss: 0.9675 || cls: 0.5407
train: acc: 0.9839 || macc: 0.9803 || miou: 0.963 || iou: [0.9841, 0.9881, 0.9686, 0.966, 0.9351, 0.9617, 0.9642, 0.9511, 0.9705, 0.9698, 0.9713, 0.9505, 0.9375]
val:   acc: 0.7852 || macc: 0.7351 || miou: 0.6213 || iou: [0.8846, 0.7513, 0.8433, 0.5179, 0.7577, 0.8081, 0.7787, 0.6672, 0.1151, 0.7648, 0.5802, 0.2587, 0.3492]
duration: 137.65792775154114
epoch 92:
loss: 0.9675 || cls: 0.5419
train: acc: 0.9839 || macc: 0.9804 || miou: 0.9631 || iou: [0.9844, 0.9879, 0.9686, 0.9665, 0.9339, 0.9613, 0.9632, 0.952, 0.9701, 0.9705, 0.9713, 0.9521, 0.9378]
val:   acc: 0.7901 || macc: 0.7336 || miou: 0.6264 || iou: [0.8874, 0.768, 0.8444, 0.5106, 0.8207, 0.8211, 0.7824, 0.6708, 0.1119, 0.7631, 0.5846, 0.2186, 0.3593]
duration: 137.72754168510437
epoch 93:
loss: 0.9672 || cls: 0.5432
train: acc: 0.984 || macc: 0.9805 || miou: 0.9632 || iou: [0.9845, 0.9877, 0.969, 0.967, 0.9369, 0.9614, 0.9643, 0.952, 0.97, 0.9692, 0.972, 0.9488, 0.9386]
val:   acc: 0.7898 || macc: 0.732 || miou: 0.6259 || iou: [0.8902, 0.7615, 0.8455, 0.5193, 0.8127, 0.8158, 0.7841, 0.67, 0.1137, 0.7658, 0.5818, 0.2175, 0.3596]
duration: 137.35542798042297
epoch 94:
loss: 0.9674 || cls: 0.5424
train: acc: 0.984 || macc: 0.9807 || miou: 0.9636 || iou: [0.9842, 0.988, 0.9689, 0.9666, 0.9368, 0.9625, 0.9649, 0.9521, 0.9706, 0.973, 0.9719, 0.9504, 0.9372]
val:   acc: 0.7903 || macc: 0.738 || miou: 0.6294 || iou: [0.8869, 0.765, 0.8466, 0.5344, 0.8072, 0.8133, 0.7923, 0.662, 0.1142, 0.7738, 0.5904, 0.2389, 0.357]
duration: 137.26193523406982
epoch 95:
loss: 0.9671 || cls: 0.5419
train: acc: 0.9841 || macc: 0.9807 || miou: 0.9636 || iou: [0.9845, 0.9879, 0.9692, 0.9671, 0.9376, 0.9623, 0.9647, 0.9521, 0.9707, 0.9694, 0.9716, 0.9519, 0.9382]
val:   acc: 0.7886 || macc: 0.7362 || miou: 0.6274 || iou: [0.8919, 0.7583, 0.8432, 0.5296, 0.8015, 0.8117, 0.7741, 0.664, 0.113, 0.7652, 0.5886, 0.2589, 0.3562]
duration: 137.31467247009277
epoch 96:
loss: 0.967 || cls: 0.5422
train: acc: 0.9841 || macc: 0.9809 || miou: 0.9638 || iou: [0.9845, 0.988, 0.9693, 0.9674, 0.9358, 0.9626, 0.965, 0.9524, 0.971, 0.9714, 0.9718, 0.9526, 0.9379]
val:   acc: 0.7878 || macc: 0.7332 || miou: 0.6227 || iou: [0.8866, 0.7614, 0.8447, 0.5151, 0.7975, 0.813, 0.7821, 0.6512, 0.1111, 0.763, 0.5806, 0.2333, 0.3552]
duration: 136.73525142669678
epoch 97:
loss: 0.9671 || cls: 0.5432
train: acc: 0.9841 || macc: 0.9807 || miou: 0.9635 || iou: [0.9848, 0.988, 0.969, 0.9663, 0.9366, 0.9617, 0.9644, 0.9522, 0.9708, 0.97, 0.9722, 0.9517, 0.9382]
val:   acc: 0.7881 || macc: 0.7347 || miou: 0.6237 || iou: [0.8881, 0.759, 0.8453, 0.5243, 0.789, 0.803, 0.7859, 0.6604, 0.1125, 0.7584, 0.5776, 0.2491, 0.3556]
duration: 137.75438141822815
epoch 98:
loss: 0.9671 || cls: 0.5416
train: acc: 0.9841 || macc: 0.9808 || miou: 0.9636 || iou: [0.9843, 0.9882, 0.969, 0.9675, 0.9355, 0.963, 0.9657, 0.9525, 0.9709, 0.9684, 0.9714, 0.9519, 0.9382]
val:   acc: 0.7881 || macc: 0.7342 || miou: 0.6256 || iou: [0.8907, 0.7535, 0.8453, 0.5381, 0.8013, 0.8128, 0.7818, 0.6547, 0.1109, 0.7616, 0.5907, 0.2364, 0.3554]
duration: 137.08364605903625
epoch 99:
loss: 0.9668 || cls: 0.5403
train: acc: 0.9842 || macc: 0.9808 || miou: 0.9639 || iou: [0.9847, 0.9881, 0.9693, 0.9676, 0.9375, 0.9619, 0.9653, 0.9528, 0.9711, 0.9709, 0.9716, 0.9509, 0.9392]
val:   acc: 0.787 || macc: 0.7312 || miou: 0.6232 || iou: [0.889, 0.7553, 0.8461, 0.5258, 0.804, 0.8117, 0.7852, 0.6339, 0.1126, 0.7709, 0.571, 0.2435, 0.3533]
duration: 137.8664584159851
