base 
epoch 0:
loss: 1.3846 || cls: 1.6068
train: acc: 0.7844 || macc: 0.5531 || miou: 0.4642 || iou: [0.8896, 0.909, 0.6908, 0.4459, 0.0354, 0.3611, 0.4397, 0.5725, 0.5362, 0.0048, 0.5294, 0.1796, 0.4407]
val:   acc: 0.7861 || macc: 0.5171 || miou: 0.4386 || iou: [0.8609, 0.9317, 0.7077, 0.0384, 0.1985, 0.3456, 0.4575, 0.5693, 0.5428, 0.1, 0.4869, 0.087, 0.3761]
duration: 126.91683197021484
new best!
epoch 1:
loss: 1.1902 || cls: 0.8899
train: acc: 0.877 || macc: 0.7655 || miou: 0.6817 || iou: [0.9416, 0.9652, 0.7989, 0.7, 0.2964, 0.6618, 0.6728, 0.7305, 0.7945, 0.4275, 0.7009, 0.5608, 0.6115]
val:   acc: 0.8314 || macc: 0.6418 || miou: 0.5366 || iou: [0.9298, 0.9502, 0.7549, 0.0591, 0.2514, 0.1706, 0.6286, 0.6179, 0.6821, 0.4897, 0.4803, 0.4178, 0.5435]
duration: 124.76774311065674
new best!
epoch 2:
loss: 1.1432 || cls: 0.8295
train: acc: 0.8995 || macc: 0.8256 || miou: 0.7462 || iou: [0.9511, 0.9698, 0.8311, 0.7655, 0.4478, 0.7445, 0.7436, 0.7651, 0.8264, 0.6223, 0.7422, 0.6235, 0.6678]
val:   acc: 0.8313 || macc: 0.7278 || miou: 0.5711 || iou: [0.9158, 0.9584, 0.7522, 0.0911, 0.4559, 0.3571, 0.6274, 0.6475, 0.685, 0.5195, 0.4972, 0.3658, 0.5509]
duration: 123.74254989624023
new best!
epoch 3:
loss: 1.1166 || cls: 0.7909
train: acc: 0.9127 || macc: 0.8561 || miou: 0.7817 || iou: [0.9567, 0.9711, 0.8509, 0.792, 0.5349, 0.7786, 0.7853, 0.7816, 0.8519, 0.7159, 0.7793, 0.6611, 0.703]
val:   acc: 0.8599 || macc: 0.7051 || miou: 0.6014 || iou: [0.938, 0.9524, 0.7993, 0.0969, 0.6212, 0.4046, 0.6896, 0.5592, 0.6796, 0.5056, 0.5102, 0.4671, 0.5939]
duration: 124.28170394897461
new best!
epoch 4:
loss: 1.0994 || cls: 0.7556
train: acc: 0.9214 || macc: 0.8717 || miou: 0.8015 || iou: [0.9599, 0.9738, 0.8638, 0.8163, 0.5781, 0.8015, 0.8111, 0.7977, 0.8651, 0.7447, 0.8024, 0.6772, 0.7272]
val:   acc: 0.8445 || macc: 0.7183 || miou: 0.5927 || iou: [0.9287, 0.9628, 0.7539, 0.0535, 0.4936, 0.3862, 0.6318, 0.6847, 0.7018, 0.6419, 0.5721, 0.3228, 0.571]
duration: 124.16408205032349
epoch 5:
loss: 1.0876 || cls: 0.7239
train: acc: 0.9269 || macc: 0.8839 || miou: 0.8181 || iou: [0.9627, 0.9748, 0.8729, 0.837, 0.6162, 0.8151, 0.8261, 0.8087, 0.874, 0.7916, 0.8139, 0.7027, 0.7404]
val:   acc: 0.8593 || macc: 0.7249 || miou: 0.6194 || iou: [0.9271, 0.9573, 0.8012, 0.0731, 0.5979, 0.4575, 0.6788, 0.6525, 0.7391, 0.5601, 0.5326, 0.4958, 0.5789]
duration: 124.54372048377991
new best!
epoch 6:
loss: 1.08 || cls: 0.6964
train: acc: 0.9308 || macc: 0.8888 || miou: 0.825 || iou: [0.9633, 0.9752, 0.8781, 0.8474, 0.6356, 0.8257, 0.8343, 0.8174, 0.883, 0.7678, 0.825, 0.7148, 0.7575]
val:   acc: 0.8671 || macc: 0.734 || miou: 0.6207 || iou: [0.9343, 0.9571, 0.8102, 0.0506, 0.6439, 0.5071, 0.7081, 0.6568, 0.7142, 0.554, 0.5922, 0.3793, 0.5606]
duration: 124.43816494941711
new best!
epoch 7:
loss: 1.0712 || cls: 0.6646
train: acc: 0.9352 || macc: 0.8972 || miou: 0.8361 || iou: [0.9649, 0.9759, 0.8844, 0.8521, 0.6567, 0.8365, 0.844, 0.8274, 0.8884, 0.7965, 0.8416, 0.7311, 0.7705]
val:   acc: 0.8674 || macc: 0.733 || miou: 0.6201 || iou: [0.9409, 0.9631, 0.8101, 0.1155, 0.6115, 0.5352, 0.6897, 0.6191, 0.7295, 0.551, 0.5552, 0.3506, 0.5902]
duration: 123.83928775787354
epoch 8:
loss: 1.0709 || cls: 0.6462
train: acc: 0.9352 || macc: 0.8989 || miou: 0.8381 || iou: [0.9652, 0.9757, 0.8861, 0.8552, 0.6653, 0.8368, 0.8479, 0.8259, 0.8902, 0.8033, 0.8376, 0.7396, 0.7673]
val:   acc: 0.8685 || macc: 0.7246 || miou: 0.6243 || iou: [0.9516, 0.9613, 0.8013, 0.1103, 0.4258, 0.457, 0.6705, 0.6422, 0.7804, 0.5706, 0.6039, 0.5413, 0.5998]
duration: 123.93511319160461
new best!
epoch 9:
loss: 1.0646 || cls: 0.6242
train: acc: 0.9384 || macc: 0.9043 || miou: 0.8466 || iou: [0.967, 0.9768, 0.8905, 0.866, 0.6871, 0.8411, 0.8496, 0.8338, 0.8945, 0.8303, 0.8469, 0.7427, 0.7796]
val:   acc: 0.8648 || macc: 0.777 || miou: 0.6319 || iou: [0.9435, 0.9584, 0.7666, 0.0646, 0.5183, 0.5542, 0.6545, 0.6844, 0.7987, 0.5714, 0.6306, 0.4462, 0.6233]
duration: 124.56935286521912
new best!
epoch 10:
loss: 1.0632 || cls: 0.6112
train: acc: 0.9388 || macc: 0.9045 || miou: 0.8461 || iou: [0.967, 0.977, 0.8918, 0.8588, 0.6873, 0.8445, 0.8561, 0.8325, 0.8932, 0.8053, 0.8463, 0.7602, 0.7791]
val:   acc: 0.8708 || macc: 0.7578 || miou: 0.6383 || iou: [0.9364, 0.964, 0.793, 0.0867, 0.6232, 0.4169, 0.679, 0.7041, 0.7954, 0.5382, 0.6013, 0.5251, 0.6349]
duration: 124.20930457115173
new best!
epoch 11:
loss: 1.0502 || cls: 0.576
train: acc: 0.9451 || macc: 0.9162 || miou: 0.8638 || iou: [0.9683, 0.9776, 0.9017, 0.8836, 0.7283, 0.859, 0.8748, 0.8475, 0.9058, 0.8474, 0.865, 0.7718, 0.7982]
val:   acc: 0.8807 || macc: 0.7679 || miou: 0.649 || iou: [0.9582, 0.9739, 0.8136, 0.0803, 0.6644, 0.5622, 0.7426, 0.6972, 0.7155, 0.5143, 0.6153, 0.4777, 0.6216]
duration: 124.52089858055115
new best!
epoch 12:
loss: 1.0446 || cls: 0.5628
train: acc: 0.9476 || macc: 0.9202 || miou: 0.869 || iou: [0.9693, 0.9779, 0.9062, 0.8846, 0.7485, 0.8714, 0.88, 0.8497, 0.9105, 0.8337, 0.8735, 0.7839, 0.8079]
val:   acc: 0.8772 || macc: 0.7292 || miou: 0.634 || iou: [0.9504, 0.9706, 0.8137, 0.1421, 0.5809, 0.3882, 0.713, 0.708, 0.7492, 0.5563, 0.5964, 0.4464, 0.6268]
duration: 124.20613431930542
epoch 13:
loss: 1.0462 || cls: 0.5623
train: acc: 0.9468 || macc: 0.9191 || miou: 0.8678 || iou: [0.9685, 0.9774, 0.9039, 0.8864, 0.7178, 0.8637, 0.8751, 0.8509, 0.9117, 0.8534, 0.8734, 0.7935, 0.806]
val:   acc: 0.877 || macc: 0.7598 || miou: 0.6512 || iou: [0.9519, 0.9657, 0.8147, 0.1568, 0.6845, 0.5347, 0.7095, 0.6722, 0.8048, 0.6103, 0.6053, 0.3655, 0.5893]
duration: 124.59440994262695
new best!
epoch 14:
loss: 1.0454 || cls: 0.5543
train: acc: 0.9474 || macc: 0.9186 || miou: 0.8675 || iou: [0.9682, 0.9774, 0.9057, 0.8842, 0.7381, 0.8638, 0.8753, 0.8534, 0.9101, 0.8304, 0.8689, 0.7911, 0.8103]
val:   acc: 0.8715 || macc: 0.7377 || miou: 0.641 || iou: [0.9435, 0.9722, 0.8224, 0.1268, 0.669, 0.5389, 0.719, 0.6803, 0.6927, 0.5192, 0.5604, 0.5246, 0.5643]
duration: 123.98161697387695
epoch 15:
loss: 1.0373 || cls: 0.5441
train: acc: 0.9511 || macc: 0.9251 || miou: 0.8768 || iou: [0.9709, 0.9783, 0.9118, 0.8985, 0.7524, 0.8731, 0.8888, 0.8598, 0.9123, 0.8431, 0.8816, 0.8083, 0.8196]
val:   acc: 0.8672 || macc: 0.7534 || miou: 0.6267 || iou: [0.9374, 0.9633, 0.792, 0.0706, 0.5301, 0.4857, 0.7046, 0.6841, 0.7711, 0.4991, 0.5721, 0.5208, 0.6156]
duration: 124.22099471092224
epoch 16:
loss: 1.0344 || cls: 0.5334
train: acc: 0.9526 || macc: 0.928 || miou: 0.8811 || iou: [0.9715, 0.9788, 0.9132, 0.9006, 0.7699, 0.8784, 0.8895, 0.8648, 0.9195, 0.8487, 0.888, 0.8062, 0.8249]
val:   acc: 0.8742 || macc: 0.7518 || miou: 0.6275 || iou: [0.9574, 0.9669, 0.8129, 0.0762, 0.6806, 0.4607, 0.6728, 0.6323, 0.7518, 0.4583, 0.5885, 0.4597, 0.6391]
duration: 124.61295747756958
epoch 17:
loss: 1.0347 || cls: 0.5362
train: acc: 0.9523 || macc: 0.9277 || miou: 0.8802 || iou: [0.9718, 0.9784, 0.9131, 0.8982, 0.7651, 0.8826, 0.8853, 0.8657, 0.9207, 0.8479, 0.8875, 0.8011, 0.8251]
val:   acc: 0.8646 || macc: 0.7367 || miou: 0.623 || iou: [0.9351, 0.9663, 0.7994, 0.1088, 0.5566, 0.4728, 0.6694, 0.6425, 0.802, 0.5312, 0.5416, 0.4744, 0.5995]
duration: 123.86029934883118
epoch 18:
loss: 1.0327 || cls: 0.5312
train: acc: 0.9533 || macc: 0.9292 || miou: 0.8826 || iou: [0.9714, 0.9789, 0.9158, 0.9006, 0.7706, 0.8767, 0.8909, 0.8638, 0.9192, 0.8535, 0.8893, 0.8154, 0.8283]
val:   acc: 0.8753 || macc: 0.7449 || miou: 0.6419 || iou: [0.8883, 0.9704, 0.8332, 0.0736, 0.6813, 0.4726, 0.7436, 0.6887, 0.8174, 0.4856, 0.618, 0.5071, 0.5652]
duration: 123.81695246696472
epoch 19:
loss: 1.0309 || cls: 0.5302
train: acc: 0.9542 || macc: 0.9316 || miou: 0.8862 || iou: [0.9712, 0.9792, 0.9167, 0.9088, 0.784, 0.8806, 0.8916, 0.8704, 0.9201, 0.8602, 0.8918, 0.8156, 0.831]
val:   acc: 0.8786 || macc: 0.7517 || miou: 0.6541 || iou: [0.9575, 0.9707, 0.8249, 0.1079, 0.6934, 0.5701, 0.6682, 0.6418, 0.8213, 0.5234, 0.5677, 0.5333, 0.623]
duration: 124.56041431427002
new best!
epoch 20:
loss: 1.0274 || cls: 0.522
train: acc: 0.9558 || macc: 0.9338 || miou: 0.8897 || iou: [0.9719, 0.9788, 0.9194, 0.9065, 0.7755, 0.8875, 0.8969, 0.8723, 0.9248, 0.8784, 0.8968, 0.819, 0.8384]
val:   acc: 0.8911 || macc: 0.7843 || miou: 0.6786 || iou: [0.9449, 0.9692, 0.8219, 0.2448, 0.7138, 0.5583, 0.7152, 0.7242, 0.8221, 0.5783, 0.665, 0.404, 0.6598]
duration: 124.3177421092987
new best!
epoch 21:
loss: 1.0282 || cls: 0.5214
train: acc: 0.9555 || macc: 0.9338 || miou: 0.8891 || iou: [0.972, 0.9792, 0.9181, 0.906, 0.7802, 0.8833, 0.8945, 0.8717, 0.9288, 0.8801, 0.8957, 0.8107, 0.8379]
val:   acc: 0.887 || macc: 0.7503 || miou: 0.6608 || iou: [0.9515, 0.9683, 0.8374, 0.1651, 0.7493, 0.559, 0.7192, 0.6902, 0.7473, 0.4739, 0.6316, 0.474, 0.6239]
duration: 123.99784636497498
epoch 22:
loss: 1.0213 || cls: 0.5107
train: acc: 0.9585 || macc: 0.9394 || miou: 0.8971 || iou: [0.9727, 0.9797, 0.9239, 0.9098, 0.8093, 0.8914, 0.9081, 0.8812, 0.9258, 0.8783, 0.9053, 0.8322, 0.8442]
val:   acc: 0.8851 || macc: 0.7763 || miou: 0.6644 || iou: [0.9602, 0.9724, 0.8186, 0.1119, 0.7251, 0.589, 0.6661, 0.6576, 0.8075, 0.5741, 0.6114, 0.4779, 0.6655]
duration: 123.54741835594177
epoch 23:
loss: 1.026 || cls: 0.5197
train: acc: 0.9566 || macc: 0.9356 || miou: 0.8918 || iou: [0.9724, 0.9794, 0.92, 0.912, 0.7911, 0.8873, 0.8951, 0.879, 0.9257, 0.868, 0.8976, 0.8241, 0.8417]
val:   acc: 0.8873 || macc: 0.7429 || miou: 0.656 || iou: [0.9428, 0.9731, 0.8358, 0.0827, 0.5615, 0.4777, 0.7424, 0.6668, 0.8065, 0.6323, 0.6374, 0.5189, 0.6499]
duration: 125.05274391174316
epoch 24:
loss: 1.0212 || cls: 0.5081
train: acc: 0.9586 || macc: 0.9383 || miou: 0.8961 || iou: [0.9732, 0.98, 0.9231, 0.916, 0.7891, 0.8964, 0.9052, 0.8808, 0.9273, 0.8765, 0.9063, 0.8275, 0.8476]
val:   acc: 0.8768 || macc: 0.7222 || miou: 0.624 || iou: [0.9478, 0.9753, 0.8099, 0.0454, 0.5182, 0.4181, 0.7528, 0.6717, 0.7899, 0.587, 0.5785, 0.3804, 0.6364]
duration: 123.56139922142029
epoch 25:
loss: 1.0197 || cls: 0.5039
train: acc: 0.9595 || macc: 0.9406 || miou: 0.8992 || iou: [0.9733, 0.9798, 0.9247, 0.9193, 0.8121, 0.896, 0.9064, 0.8852, 0.9284, 0.8766, 0.9067, 0.8297, 0.851]
val:   acc: 0.8927 || macc: 0.7747 || miou: 0.673 || iou: [0.9695, 0.9717, 0.8381, 0.1651, 0.7037, 0.5685, 0.7589, 0.7201, 0.781, 0.5822, 0.6407, 0.4193, 0.6308]
duration: 124.01854634284973
epoch 26:
loss: 1.0195 || cls: 0.5102
train: acc: 0.9595 || macc: 0.9415 || miou: 0.9005 || iou: [0.9735, 0.9799, 0.9256, 0.9101, 0.8176, 0.8943, 0.9079, 0.8805, 0.9341, 0.8901, 0.9064, 0.837, 0.849]
val:   acc: 0.8541 || macc: 0.7153 || miou: 0.6129 || iou: [0.8775, 0.9761, 0.8052, 0.1641, 0.6581, 0.4635, 0.6733, 0.6884, 0.7283, 0.5198, 0.5403, 0.3725, 0.5008]
duration: 124.14528918266296
epoch 27:
loss: 1.0194 || cls: 0.5143
train: acc: 0.9596 || macc: 0.9402 || miou: 0.8986 || iou: [0.9742, 0.98, 0.9253, 0.9188, 0.8027, 0.8917, 0.9039, 0.8835, 0.9306, 0.8777, 0.907, 0.8351, 0.8517]
val:   acc: 0.8691 || macc: 0.7506 || miou: 0.6253 || iou: [0.9559, 0.9749, 0.8088, 0.1429, 0.664, 0.4418, 0.6397, 0.6258, 0.7026, 0.5411, 0.5957, 0.4166, 0.6186]
duration: 127.28014993667603
epoch 28:
loss: 1.0131 || cls: 0.4962
train: acc: 0.9625 || macc: 0.9462 || miou: 0.9074 || iou: [0.9743, 0.9805, 0.9296, 0.9224, 0.8235, 0.9039, 0.9106, 0.8912, 0.9369, 0.8939, 0.9177, 0.85, 0.8621]
val:   acc: 0.8835 || macc: 0.7636 || miou: 0.6553 || iou: [0.9484, 0.9691, 0.8458, 0.087, 0.7406, 0.5892, 0.7314, 0.665, 0.7989, 0.5185, 0.5481, 0.4556, 0.6216]
duration: 128.20946073532104
epoch 29:
loss: 1.0174 || cls: 0.5129
train: acc: 0.9606 || macc: 0.9429 || miou: 0.9025 || iou: [0.9733, 0.9801, 0.9271, 0.9212, 0.8119, 0.9015, 0.9085, 0.8895, 0.9309, 0.8723, 0.9091, 0.8536, 0.8529]
val:   acc: 0.8796 || macc: 0.7563 || miou: 0.6278 || iou: [0.9601, 0.9767, 0.833, 0.1203, 0.6899, 0.4544, 0.7205, 0.6968, 0.6217, 0.4241, 0.5745, 0.4499, 0.6395]
duration: 124.23083519935608
epoch 30:
loss: 1.0132 || cls: 0.5084
train: acc: 0.9624 || macc: 0.9455 || miou: 0.9068 || iou: [0.9751, 0.9804, 0.9295, 0.9272, 0.8239, 0.9012, 0.9134, 0.8917, 0.9356, 0.8836, 0.917, 0.8494, 0.86]
val:   acc: 0.8867 || macc: 0.7503 || miou: 0.6431 || iou: [0.9668, 0.974, 0.8224, 0.0063, 0.6464, 0.5433, 0.709, 0.6538, 0.7865, 0.5403, 0.6548, 0.4044, 0.6527]
duration: 126.00001215934753
epoch 31:
loss: 1.0149 || cls: 0.5172
train: acc: 0.9618 || macc: 0.944 || miou: 0.9042 || iou: [0.9737, 0.98, 0.9299, 0.9178, 0.8174, 0.8941, 0.9078, 0.8911, 0.9326, 0.8782, 0.9152, 0.8593, 0.8582]
val:   acc: 0.8954 || macc: 0.7829 || miou: 0.6752 || iou: [0.9632, 0.9739, 0.8471, 0.1755, 0.7659, 0.5366, 0.7162, 0.7035, 0.8389, 0.5384, 0.6444, 0.4181, 0.6559]
duration: 128.78499460220337
epoch 32:
loss: 1.0094 || cls: 0.5024
train: acc: 0.9643 || macc: 0.949 || miou: 0.9124 || iou: [0.9751, 0.9809, 0.9332, 0.9233, 0.8217, 0.9104, 0.9159, 0.8954, 0.939, 0.9114, 0.921, 0.8662, 0.8678]
val:   acc: 0.8844 || macc: 0.7671 || miou: 0.655 || iou: [0.963, 0.9692, 0.8194, 0.0874, 0.6585, 0.6042, 0.6984, 0.6716, 0.7976, 0.4718, 0.6102, 0.5085, 0.6559]
duration: 124.03687500953674
epoch 33:
loss: 1.01 || cls: 0.5092
train: acc: 0.964 || macc: 0.9493 || miou: 0.9118 || iou: [0.9755, 0.9809, 0.9333, 0.9243, 0.836, 0.9058, 0.9177, 0.895, 0.9378, 0.8998, 0.9161, 0.8661, 0.8654]
val:   acc: 0.8999 || macc: 0.8003 || miou: 0.6949 || iou: [0.9531, 0.9758, 0.8522, 0.0648, 0.6909, 0.6059, 0.734, 0.7074, 0.8469, 0.7285, 0.6742, 0.5392, 0.6604]
duration: 127.2231662273407
new best!
epoch 34:
loss: 1.0088 || cls: 0.5107
train: acc: 0.9645 || macc: 0.95 || miou: 0.9136 || iou: [0.9752, 0.9803, 0.934, 0.9287, 0.834, 0.9108, 0.9157, 0.8951, 0.9385, 0.9117, 0.9229, 0.8624, 0.8674]
val:   acc: 0.8873 || macc: 0.7514 || miou: 0.6617 || iou: [0.955, 0.9749, 0.8354, 0.1301, 0.554, 0.451, 0.7163, 0.7094, 0.801, 0.6797, 0.6094, 0.5299, 0.6562]
duration: 127.1676242351532
epoch 35:
loss: 1.0109 || cls: 0.5246
train: acc: 0.9634 || macc: 0.9461 || miou: 0.9077 || iou: [0.9746, 0.9809, 0.932, 0.9217, 0.8222, 0.9093, 0.9205, 0.8921, 0.9368, 0.8808, 0.9193, 0.847, 0.8634]
val:   acc: 0.8778 || macc: 0.7564 || miou: 0.6395 || iou: [0.9107, 0.9705, 0.8224, 0.1041, 0.6368, 0.5216, 0.7299, 0.6037, 0.8185, 0.4924, 0.65, 0.4541, 0.5991]
duration: 124.32256412506104
epoch 36:
loss: 1.0063 || cls: 0.5145
train: acc: 0.9657 || macc: 0.9521 || miou: 0.9163 || iou: [0.9756, 0.9813, 0.9354, 0.9297, 0.8397, 0.9112, 0.9176, 0.8999, 0.9416, 0.916, 0.9254, 0.8653, 0.873]
val:   acc: 0.8824 || macc: 0.7465 || miou: 0.6452 || iou: [0.9591, 0.9778, 0.8337, 0.1279, 0.639, 0.3894, 0.7058, 0.6631, 0.8285, 0.5905, 0.5729, 0.4576, 0.6422]
duration: 123.9753646850586
epoch 37:
loss: 1.0057 || cls: 0.5175
train: acc: 0.966 || macc: 0.9511 || miou: 0.9154 || iou: [0.9765, 0.9811, 0.9353, 0.9285, 0.8182, 0.9159, 0.9225, 0.9001, 0.9414, 0.9108, 0.9268, 0.8682, 0.8754]
val:   acc: 0.885 || macc: 0.7585 || miou: 0.6541 || iou: [0.9517, 0.9696, 0.8283, 0.0735, 0.6883, 0.4134, 0.7052, 0.6713, 0.8112, 0.5969, 0.6838, 0.4753, 0.6348]
duration: 126.25652289390564
epoch 38:
loss: 1.0067 || cls: 0.5269
train: acc: 0.9653 || macc: 0.9512 || miou: 0.9155 || iou: [0.9761, 0.9813, 0.9336, 0.9307, 0.8437, 0.9083, 0.9167, 0.9013, 0.9417, 0.9157, 0.9248, 0.8546, 0.8726]
val:   acc: 0.8803 || macc: 0.7574 || miou: 0.6391 || iou: [0.9599, 0.9712, 0.8348, 0.0622, 0.6432, 0.3817, 0.7348, 0.6696, 0.8305, 0.6958, 0.5282, 0.3604, 0.6361]
duration: 131.94383311271667
epoch 39:
loss: 1.0042 || cls: 0.5233
train: acc: 0.9666 || macc: 0.9538 || miou: 0.9189 || iou: [0.9764, 0.9818, 0.9376, 0.9321, 0.8495, 0.9177, 0.9241, 0.8994, 0.9412, 0.9091, 0.9256, 0.8774, 0.8742]
val:   acc: 0.8688 || macc: 0.7399 || miou: 0.6242 || iou: [0.9476, 0.9742, 0.8054, 0.1102, 0.5218, 0.3438, 0.6707, 0.7018, 0.7906, 0.6406, 0.5461, 0.4244, 0.6377]
duration: 132.1070795059204
epoch 40:
loss: 1.0044 || cls: 0.531
train: acc: 0.9666 || macc: 0.9537 || miou: 0.9193 || iou: [0.9763, 0.9813, 0.9368, 0.9287, 0.8476, 0.9182, 0.9191, 0.9022, 0.9448, 0.9225, 0.9266, 0.8705, 0.8767]
val:   acc: 0.8719 || macc: 0.7388 || miou: 0.6237 || iou: [0.9609, 0.9742, 0.8301, 0.1009, 0.6918, 0.3162, 0.7582, 0.6917, 0.7199, 0.5517, 0.5204, 0.3957, 0.5966]
duration: 125.39439606666565
epoch 41:
loss: 1.0019 || cls: 0.5259
train: acc: 0.9678 || macc: 0.9547 || miou: 0.9209 || iou: [0.9769, 0.9818, 0.9389, 0.939, 0.8425, 0.9171, 0.9226, 0.9059, 0.944, 0.9144, 0.9286, 0.8778, 0.882]
val:   acc: 0.8885 || macc: 0.7501 || miou: 0.6609 || iou: [0.9691, 0.9775, 0.84, 0.1407, 0.6888, 0.4546, 0.7106, 0.644, 0.7893, 0.6594, 0.6335, 0.4497, 0.6352]
duration: 123.80105471611023
epoch 42:
loss: 1.0034 || cls: 0.5404
train: acc: 0.9672 || macc: 0.9538 || miou: 0.9195 || iou: [0.9756, 0.9815, 0.9393, 0.9355, 0.8487, 0.9163, 0.9227, 0.9051, 0.9398, 0.9041, 0.9279, 0.8804, 0.8767]
val:   acc: 0.8929 || macc: 0.7535 || miou: 0.6629 || iou: [0.9554, 0.9759, 0.848, 0.1515, 0.5678, 0.44, 0.7577, 0.6916, 0.8425, 0.6093, 0.6407, 0.4908, 0.6471]
duration: 128.6745331287384
epoch 43:
loss: 1.0011 || cls: 0.5273
train: acc: 0.9681 || macc: 0.9552 || miou: 0.9219 || iou: [0.9769, 0.982, 0.9389, 0.9357, 0.8586, 0.9185, 0.9222, 0.9066, 0.9457, 0.9152, 0.9331, 0.8681, 0.8832]
val:   acc: 0.8906 || macc: 0.7548 || miou: 0.67 || iou: [0.9656, 0.9747, 0.8266, 0.1193, 0.6957, 0.5434, 0.7271, 0.7298, 0.7645, 0.542, 0.6651, 0.5162, 0.6396]
duration: 127.82505702972412
epoch 44:
loss: 1.0031 || cls: 0.5519
train: acc: 0.9672 || macc: 0.9542 || miou: 0.9196 || iou: [0.9764, 0.982, 0.9384, 0.9291, 0.8475, 0.915, 0.9266, 0.9063, 0.943, 0.9156, 0.9269, 0.8707, 0.8776]
val:   acc: 0.891 || macc: 0.764 || miou: 0.6707 || iou: [0.9519, 0.9743, 0.8411, 0.1508, 0.7233, 0.4624, 0.768, 0.675, 0.7615, 0.6794, 0.586, 0.4934, 0.6527]
duration: 128.47409629821777
epoch 45:
loss: 0.9951 || cls: 0.518
train: acc: 0.9709 || macc: 0.9605 || miou: 0.9297 || iou: [0.978, 0.9823, 0.9449, 0.9435, 0.8646, 0.9276, 0.9305, 0.9123, 0.9469, 0.9291, 0.9399, 0.8949, 0.8913]
val:   acc: 0.9011 || macc: 0.776 || miou: 0.6872 || iou: [0.955, 0.9751, 0.8601, 0.2464, 0.7383, 0.5425, 0.7584, 0.6953, 0.7701, 0.5966, 0.6812, 0.4462, 0.6679]
duration: 125.60282897949219
epoch 46:
loss: 0.9958 || cls: 0.522
train: acc: 0.9706 || macc: 0.9594 || miou: 0.9283 || iou: [0.9774, 0.9824, 0.9441, 0.9426, 0.8636, 0.9227, 0.9324, 0.9133, 0.9489, 0.9225, 0.9389, 0.8888, 0.8909]
val:   acc: 0.8842 || macc: 0.7356 || miou: 0.6341 || iou: [0.9623, 0.9698, 0.8313, 0.0993, 0.6905, 0.3123, 0.7329, 0.665, 0.7981, 0.4737, 0.5954, 0.4559, 0.6564]
duration: 125.10428857803345
epoch 47:
loss: 0.9959 || cls: 0.5365
train: acc: 0.9705 || macc: 0.9597 || miou: 0.9285 || iou: [0.9779, 0.9823, 0.9441, 0.9396, 0.865, 0.9262, 0.9334, 0.9116, 0.9486, 0.9319, 0.9371, 0.8833, 0.8895]
val:   acc: 0.8912 || macc: 0.7732 || miou: 0.6645 || iou: [0.9483, 0.976, 0.8332, 0.1031, 0.6873, 0.5352, 0.7564, 0.7136, 0.8414, 0.5649, 0.6386, 0.3807, 0.6598]
duration: 126.25881099700928
epoch 48:
loss: 0.9978 || cls: 0.5465
train: acc: 0.9698 || macc: 0.9578 || miou: 0.9261 || iou: [0.9772, 0.9821, 0.9429, 0.938, 0.8596, 0.9227, 0.9272, 0.912, 0.9481, 0.9183, 0.9334, 0.8873, 0.8898]
val:   acc: 0.8962 || macc: 0.797 || miou: 0.6909 || iou: [0.9554, 0.9683, 0.8395, 0.3751, 0.5642, 0.4837, 0.7503, 0.7011, 0.8033, 0.6532, 0.6893, 0.5262, 0.6723]
duration: 127.88106346130371
epoch 49:
loss: 0.9943 || cls: 0.5368
train: acc: 0.9713 || macc: 0.9609 || miou: 0.9304 || iou: [0.9779, 0.9825, 0.946, 0.9388, 0.8726, 0.9281, 0.9332, 0.9137, 0.9494, 0.925, 0.9408, 0.8951, 0.8921]
val:   acc: 0.899 || macc: 0.8299 || miou: 0.7127 || iou: [0.9631, 0.979, 0.852, 0.589, 0.7087, 0.4293, 0.7408, 0.7251, 0.8762, 0.699, 0.6329, 0.3934, 0.677]
duration: 127.88391351699829
new best!
epoch 50:
loss: 0.9941 || cls: 0.5439
train: acc: 0.9713 || macc: 0.961 || miou: 0.9307 || iou: [0.9779, 0.9826, 0.9453, 0.9408, 0.8642, 0.9301, 0.931, 0.9152, 0.9501, 0.9319, 0.9397, 0.8954, 0.8943]
val:   acc: 0.8937 || macc: 0.7721 || miou: 0.6746 || iou: [0.9589, 0.9749, 0.8379, 0.1899, 0.7069, 0.4678, 0.7429, 0.706, 0.7988, 0.6068, 0.663, 0.4599, 0.6557]
duration: 129.3484923839569
epoch 51:
loss: 0.9935 || cls: 0.5472
train: acc: 0.9716 || macc: 0.9612 || miou: 0.9312 || iou: [0.9786, 0.9826, 0.9457, 0.9423, 0.8662, 0.9307, 0.9309, 0.9161, 0.9518, 0.9375, 0.9399, 0.8872, 0.8959]
val:   acc: 0.8919 || macc: 0.7657 || miou: 0.6642 || iou: [0.9591, 0.977, 0.8421, 0.1595, 0.733, 0.3704, 0.7038, 0.6501, 0.8483, 0.5867, 0.667, 0.4769, 0.6606]
duration: 128.8781430721283
epoch 52:
loss: 0.9933 || cls: 0.5532
train: acc: 0.9717 || macc: 0.9613 || miou: 0.9314 || iou: [0.9779, 0.9827, 0.9461, 0.9377, 0.8675, 0.9272, 0.9339, 0.9172, 0.9514, 0.9274, 0.9406, 0.9028, 0.8956]
val:   acc: 0.8938 || macc: 0.7845 || miou: 0.685 || iou: [0.9637, 0.9812, 0.8467, 0.1475, 0.675, 0.5125, 0.6937, 0.7023, 0.8396, 0.7271, 0.5972, 0.5433, 0.6755]
duration: 127.89529085159302
epoch 53:
loss: 0.9939 || cls: 0.5693
train: acc: 0.9715 || macc: 0.9613 || miou: 0.9315 || iou: [0.9784, 0.9829, 0.9461, 0.9425, 0.8783, 0.9238, 0.9288, 0.9163, 0.9494, 0.9321, 0.9408, 0.8973, 0.8928]
val:   acc: 0.8879 || macc: 0.7712 || miou: 0.661 || iou: [0.956, 0.9675, 0.8446, 0.1505, 0.6677, 0.493, 0.7244, 0.7118, 0.8152, 0.6517, 0.5532, 0.3971, 0.6598]
duration: 127.23000693321228
epoch 54:
loss: 0.9905 || cls: 0.5573
train: acc: 0.9729 || macc: 0.9635 || miou: 0.9348 || iou: [0.9785, 0.9833, 0.9488, 0.9437, 0.8785, 0.9301, 0.9386, 0.9201, 0.9522, 0.9356, 0.9424, 0.9011, 0.8994]
val:   acc: 0.8942 || macc: 0.7858 || miou: 0.6829 || iou: [0.9493, 0.9741, 0.8508, 0.1406, 0.7144, 0.4792, 0.7051, 0.6884, 0.864, 0.7199, 0.627, 0.4935, 0.6719]
duration: 127.62246346473694
epoch 55:
loss: 0.9886 || cls: 0.5433
train: acc: 0.974 || macc: 0.9652 || miou: 0.9374 || iou: [0.9787, 0.9834, 0.9506, 0.9504, 0.886, 0.9347, 0.9386, 0.9227, 0.9527, 0.9316, 0.9468, 0.9072, 0.9023]
val:   acc: 0.8956 || macc: 0.7838 || miou: 0.6804 || iou: [0.9659, 0.9762, 0.848, 0.1333, 0.7589, 0.4701, 0.7417, 0.699, 0.8122, 0.6932, 0.6227, 0.4651, 0.6593]
duration: 127.63475680351257
epoch 56:
loss: 0.9893 || cls: 0.5538
train: acc: 0.9736 || macc: 0.9648 || miou: 0.9367 || iou: [0.9792, 0.9833, 0.9491, 0.9473, 0.8805, 0.9381, 0.9341, 0.9228, 0.9528, 0.9376, 0.9468, 0.9028, 0.9031]
val:   acc: 0.8914 || macc: 0.777 || miou: 0.6711 || iou: [0.9691, 0.9746, 0.8371, 0.1191, 0.6953, 0.4652, 0.7001, 0.6811, 0.7658, 0.6948, 0.6513, 0.5031, 0.6678]
duration: 128.23889541625977
epoch 57:
loss: 0.9891 || cls: 0.5628
train: acc: 0.9736 || macc: 0.9643 || miou: 0.9362 || iou: [0.9794, 0.983, 0.9491, 0.9467, 0.8791, 0.9343, 0.9341, 0.9238, 0.9532, 0.9313, 0.9455, 0.9077, 0.9035]
val:   acc: 0.9006 || macc: 0.8023 || miou: 0.6969 || iou: [0.9591, 0.9758, 0.8633, 0.2969, 0.7278, 0.4512, 0.7532, 0.708, 0.837, 0.6022, 0.6409, 0.5749, 0.6694]
duration: 126.50453162193298
epoch 58:
loss: 0.9858 || cls: 0.5483
train: acc: 0.9752 || macc: 0.9673 || miou: 0.9411 || iou: [0.9793, 0.9837, 0.9525, 0.9484, 0.8897, 0.9377, 0.9447, 0.9247, 0.9567, 0.9454, 0.9507, 0.9124, 0.9077]
val:   acc: 0.8868 || macc: 0.7528 || miou: 0.6537 || iou: [0.9539, 0.9736, 0.8408, 0.0144, 0.6014, 0.3675, 0.7611, 0.7315, 0.7874, 0.7281, 0.5759, 0.5148, 0.6482]
duration: 128.90902972221375
epoch 59:
loss: 0.9853 || cls: 0.5483
train: acc: 0.9754 || macc: 0.9675 || miou: 0.9415 || iou: [0.9791, 0.9836, 0.9531, 0.9459, 0.8924, 0.9404, 0.9439, 0.928, 0.9554, 0.9467, 0.9518, 0.911, 0.9084]
val:   acc: 0.8912 || macc: 0.7588 || miou: 0.6601 || iou: [0.9615, 0.9754, 0.8423, 0.0822, 0.6252, 0.4428, 0.7319, 0.7048, 0.8162, 0.6453, 0.6444, 0.4617, 0.6478]
duration: 128.0524923801422
epoch 60:
loss: 0.986 || cls: 0.5585
train: acc: 0.975 || macc: 0.9668 || miou: 0.9401 || iou: [0.9794, 0.9839, 0.952, 0.95, 0.8883, 0.9396, 0.9392, 0.9262, 0.9558, 0.942, 0.9499, 0.9084, 0.9072]
val:   acc: 0.8928 || macc: 0.7748 || miou: 0.6704 || iou: [0.966, 0.9715, 0.8447, 0.1237, 0.7499, 0.4583, 0.7541, 0.657, 0.7972, 0.6191, 0.6313, 0.4932, 0.6492]
duration: 127.43724870681763
epoch 61:
loss: 0.9854 || cls: 0.5652
train: acc: 0.9754 || macc: 0.9671 || miou: 0.941 || iou: [0.9792, 0.9838, 0.9528, 0.9416, 0.8834, 0.9414, 0.9434, 0.9274, 0.9569, 0.9465, 0.9515, 0.9151, 0.9096]
val:   acc: 0.8954 || macc: 0.7699 || miou: 0.6755 || iou: [0.9599, 0.976, 0.8611, 0.2284, 0.7184, 0.4559, 0.7497, 0.6704, 0.8101, 0.5912, 0.6377, 0.4803, 0.6419]
duration: 127.81765937805176
epoch 62:
loss: 0.9853 || cls: 0.5636
train: acc: 0.9754 || macc: 0.9674 || miou: 0.9409 || iou: [0.9797, 0.9842, 0.9528, 0.9485, 0.8927, 0.9399, 0.941, 0.9281, 0.9572, 0.9421, 0.9488, 0.9079, 0.909]
val:   acc: 0.8927 || macc: 0.7672 || miou: 0.6773 || iou: [0.9679, 0.9671, 0.8458, 0.1238, 0.703, 0.4546, 0.7142, 0.7058, 0.7899, 0.6806, 0.6314, 0.5661, 0.6542]
duration: 128.01816725730896
epoch 63:
loss: 0.9835 || cls: 0.5635
train: acc: 0.9762 || macc: 0.9687 || miou: 0.9431 || iou: [0.9798, 0.9841, 0.9548, 0.9464, 0.8952, 0.9401, 0.9448, 0.9291, 0.9575, 0.9471, 0.9531, 0.9158, 0.9118]
val:   acc: 0.8918 || macc: 0.7417 || miou: 0.6532 || iou: [0.9611, 0.9684, 0.8492, 0.0369, 0.6715, 0.3893, 0.7658, 0.6738, 0.8102, 0.589, 0.6312, 0.4984, 0.647]
duration: 126.93749356269836
epoch 64:
loss: 0.9825 || cls: 0.5651
train: acc: 0.9767 || macc: 0.9692 || miou: 0.9441 || iou: [0.98, 0.9847, 0.9556, 0.9506, 0.8935, 0.9423, 0.9446, 0.9312, 0.9588, 0.9481, 0.9544, 0.9168, 0.9125]
val:   acc: 0.8973 || macc: 0.7803 || miou: 0.6773 || iou: [0.9573, 0.9748, 0.8551, 0.0723, 0.7364, 0.4716, 0.7619, 0.6947, 0.811, 0.6233, 0.6782, 0.5195, 0.649]
duration: 127.24462246894836
epoch 65:
loss: 0.9827 || cls: 0.5635
train: acc: 0.9767 || macc: 0.969 || miou: 0.9443 || iou: [0.9803, 0.9844, 0.9553, 0.9513, 0.8971, 0.9459, 0.9421, 0.9309, 0.9599, 0.9494, 0.9556, 0.9097, 0.9147]
val:   acc: 0.9031 || macc: 0.7821 || miou: 0.6831 || iou: [0.9689, 0.9736, 0.8532, 0.1041, 0.7053, 0.5057, 0.7705, 0.6941, 0.8301, 0.5973, 0.6937, 0.5012, 0.6823]
duration: 126.89842891693115
epoch 66:
loss: 0.9805 || cls: 0.56
train: acc: 0.9776 || macc: 0.9708 || miou: 0.9466 || iou: [0.9812, 0.9845, 0.9569, 0.9557, 0.9057, 0.9468, 0.9467, 0.9327, 0.9593, 0.9472, 0.9572, 0.9153, 0.9172]
val:   acc: 0.9004 || macc: 0.7777 || miou: 0.6849 || iou: [0.9679, 0.9776, 0.8592, 0.1046, 0.7385, 0.4409, 0.7631, 0.7209, 0.812, 0.6937, 0.6558, 0.5045, 0.6647]
duration: 126.32999515533447
epoch 67:
loss: 0.9807 || cls: 0.5679
train: acc: 0.9776 || macc: 0.9707 || miou: 0.9467 || iou: [0.981, 0.9846, 0.9567, 0.9519, 0.8977, 0.943, 0.9441, 0.9331, 0.9613, 0.9535, 0.9565, 0.9259, 0.918]
val:   acc: 0.8969 || macc: 0.7701 || miou: 0.6716 || iou: [0.9584, 0.9754, 0.855, 0.1096, 0.7702, 0.4764, 0.772, 0.6583, 0.8003, 0.546, 0.6293, 0.5132, 0.6672]
duration: 126.59740376472473
epoch 68:
loss: 0.98 || cls: 0.5664
train: acc: 0.9778 || macc: 0.9714 || miou: 0.9478 || iou: [0.9814, 0.9849, 0.9571, 0.9523, 0.9052, 0.9468, 0.9457, 0.9338, 0.9607, 0.954, 0.9571, 0.926, 0.9167]
val:   acc: 0.8945 || macc: 0.78 || miou: 0.6769 || iou: [0.956, 0.9735, 0.8549, 0.1702, 0.7404, 0.4592, 0.7459, 0.6803, 0.8129, 0.6396, 0.5953, 0.4942, 0.6782]
duration: 127.37895727157593
epoch 69:
loss: 0.9779 || cls: 0.5569
train: acc: 0.9789 || macc: 0.9732 || miou: 0.9506 || iou: [0.9813, 0.9852, 0.959, 0.9568, 0.9087, 0.9506, 0.95, 0.9368, 0.9624, 0.9585, 0.9596, 0.9274, 0.9218]
val:   acc: 0.8983 || macc: 0.7885 || miou: 0.6855 || iou: [0.9621, 0.9743, 0.8571, 0.181, 0.7276, 0.4685, 0.7443, 0.6896, 0.8357, 0.6053, 0.6506, 0.5591, 0.6565]
duration: 126.64902186393738
epoch 70:
loss: 0.9776 || cls: 0.5585
train: acc: 0.979 || macc: 0.9731 || miou: 0.9504 || iou: [0.9814, 0.9853, 0.9593, 0.9565, 0.9023, 0.951, 0.9507, 0.9383, 0.963, 0.9572, 0.9588, 0.929, 0.9226]
val:   acc: 0.8888 || macc: 0.7725 || miou: 0.6692 || iou: [0.9597, 0.9681, 0.85, 0.1669, 0.6839, 0.4349, 0.7218, 0.6647, 0.8206, 0.6902, 0.566, 0.5101, 0.6624]
duration: 127.5026912689209
epoch 71:
loss: 0.9769 || cls: 0.562
train: acc: 0.9794 || macc: 0.9737 || miou: 0.9518 || iou: [0.9813, 0.9853, 0.9604, 0.9572, 0.9103, 0.9504, 0.9508, 0.938, 0.9637, 0.9564, 0.9604, 0.9356, 0.9234]
val:   acc: 0.9003 || macc: 0.7802 || miou: 0.686 || iou: [0.9673, 0.973, 0.8639, 0.2057, 0.7981, 0.4594, 0.7526, 0.6639, 0.8036, 0.6191, 0.6365, 0.5007, 0.6741]
duration: 128.0849108695984
epoch 72:
loss: 0.9759 || cls: 0.5553
train: acc: 0.9798 || macc: 0.974 || miou: 0.9524 || iou: [0.9818, 0.9852, 0.9613, 0.9584, 0.9125, 0.9522, 0.9551, 0.9395, 0.9629, 0.9531, 0.961, 0.9333, 0.9245]
val:   acc: 0.8952 || macc: 0.7734 || miou: 0.6713 || iou: [0.9632, 0.9778, 0.8632, 0.1238, 0.7818, 0.4174, 0.7369, 0.6712, 0.8067, 0.6474, 0.5847, 0.4826, 0.6705]
duration: 127.33938479423523
epoch 73:
loss: 0.9761 || cls: 0.5586
train: acc: 0.9798 || macc: 0.974 || miou: 0.9522 || iou: [0.9816, 0.9854, 0.9611, 0.957, 0.9126, 0.9487, 0.9542, 0.9393, 0.9644, 0.9579, 0.962, 0.9295, 0.9255]
val:   acc: 0.901 || macc: 0.7874 || miou: 0.6755 || iou: [0.9643, 0.9786, 0.8603, 0.1325, 0.7082, 0.4877, 0.7728, 0.6799, 0.7754, 0.5973, 0.6697, 0.4757, 0.679]
duration: 127.24281644821167
epoch 74:
loss: 0.9743 || cls: 0.5521
train: acc: 0.9806 || macc: 0.9755 || miou: 0.9547 || iou: [0.9819, 0.9858, 0.9625, 0.9607, 0.9162, 0.9554, 0.9565, 0.9414, 0.9651, 0.9586, 0.9631, 0.9348, 0.9285]
val:   acc: 0.8959 || macc: 0.7732 || miou: 0.6757 || iou: [0.9634, 0.9804, 0.8508, 0.0723, 0.7456, 0.4293, 0.7556, 0.6854, 0.8213, 0.6921, 0.5967, 0.5157, 0.6751]
duration: 127.0492160320282
epoch 75:
loss: 0.9742 || cls: 0.5522
train: acc: 0.9806 || macc: 0.9757 || miou: 0.955 || iou: [0.9821, 0.9857, 0.9624, 0.9605, 0.9161, 0.9567, 0.9545, 0.9427, 0.9654, 0.9633, 0.9644, 0.9334, 0.9275]
val:   acc: 0.8905 || macc: 0.7622 || miou: 0.6662 || iou: [0.9662, 0.9748, 0.8512, 0.1403, 0.6101, 0.4039, 0.7566, 0.6615, 0.796, 0.7282, 0.5752, 0.5325, 0.6634]
duration: 126.82747960090637
epoch 76:
loss: 0.9732 || cls: 0.5513
train: acc: 0.9811 || macc: 0.976 || miou: 0.9556 || iou: [0.9821, 0.9859, 0.9636, 0.9599, 0.918, 0.9557, 0.9557, 0.9432, 0.9656, 0.9601, 0.9652, 0.9373, 0.9302]
val:   acc: 0.8953 || macc: 0.7776 || miou: 0.6769 || iou: [0.963, 0.9772, 0.8484, 0.1222, 0.7044, 0.4067, 0.7504, 0.6966, 0.8302, 0.7196, 0.6146, 0.4933, 0.6735]
duration: 127.58166694641113
epoch 77:
loss: 0.9729 || cls: 0.5473
train: acc: 0.9812 || macc: 0.9765 || miou: 0.9562 || iou: [0.9822, 0.9861, 0.9637, 0.9591, 0.9207, 0.9566, 0.9571, 0.9435, 0.9672, 0.9641, 0.9653, 0.9353, 0.9303]
val:   acc: 0.8982 || macc: 0.7789 || miou: 0.6796 || iou: [0.9683, 0.9779, 0.8531, 0.0966, 0.7477, 0.4424, 0.7437, 0.6986, 0.804, 0.6803, 0.659, 0.5008, 0.662]
duration: 128.3629367351532
epoch 78:
loss: 0.9727 || cls: 0.5481
train: acc: 0.9814 || macc: 0.9769 || miou: 0.9569 || iou: [0.9825, 0.9862, 0.9639, 0.9628, 0.9227, 0.9575, 0.9552, 0.9441, 0.967, 0.9647, 0.9648, 0.9379, 0.9312]
val:   acc: 0.8884 || macc: 0.7644 || miou: 0.6696 || iou: [0.9606, 0.975, 0.8488, 0.1436, 0.6757, 0.4394, 0.7519, 0.6536, 0.8086, 0.7231, 0.5761, 0.5144, 0.6338]
duration: 126.39859366416931
epoch 79:
loss: 0.9723 || cls: 0.5543
train: acc: 0.9816 || macc: 0.9767 || miou: 0.9568 || iou: [0.9826, 0.9864, 0.9643, 0.9605, 0.9194, 0.9573, 0.9548, 0.9455, 0.9666, 0.9637, 0.9663, 0.9386, 0.9326]
val:   acc: 0.8984 || macc: 0.7798 || miou: 0.684 || iou: [0.9683, 0.9771, 0.8542, 0.0998, 0.7122, 0.4634, 0.7588, 0.7037, 0.7967, 0.7423, 0.658, 0.5029, 0.6546]
duration: 128.5379147529602
epoch 80:
loss: 0.9712 || cls: 0.546
train: acc: 0.9821 || macc: 0.9775 || miou: 0.958 || iou: [0.9832, 0.9865, 0.9656, 0.9622, 0.9222, 0.9591, 0.9582, 0.9454, 0.9669, 0.9611, 0.9668, 0.9431, 0.9334]
val:   acc: 0.8959 || macc: 0.785 || miou: 0.6838 || iou: [0.9652, 0.9729, 0.8524, 0.1376, 0.7098, 0.4257, 0.7672, 0.6947, 0.8102, 0.7355, 0.645, 0.5212, 0.652]
duration: 128.2723708152771
epoch 81:
loss: 0.9708 || cls: 0.5496
train: acc: 0.9823 || macc: 0.9778 || miou: 0.9586 || iou: [0.9834, 0.9867, 0.9653, 0.9642, 0.9248, 0.9587, 0.9567, 0.9466, 0.9682, 0.9631, 0.9675, 0.9421, 0.9347]
val:   acc: 0.8988 || macc: 0.7796 || miou: 0.6882 || iou: [0.9669, 0.9769, 0.8506, 0.1418, 0.6991, 0.44, 0.7624, 0.6806, 0.8053, 0.7604, 0.653, 0.5392, 0.6705]
duration: 127.10349202156067
epoch 82:
loss: 0.9705 || cls: 0.5474
train: acc: 0.9825 || macc: 0.978 || miou: 0.9591 || iou: [0.9833, 0.9867, 0.9661, 0.963, 0.9263, 0.9592, 0.9585, 0.9473, 0.968, 0.9652, 0.9678, 0.9417, 0.9352]
val:   acc: 0.8925 || macc: 0.7742 || miou: 0.6756 || iou: [0.9697, 0.9754, 0.8471, 0.1149, 0.7261, 0.43, 0.7254, 0.6904, 0.8088, 0.7262, 0.6146, 0.5013, 0.6526]
duration: 127.10749363899231
epoch 83:
loss: 0.97 || cls: 0.5485
train: acc: 0.9827 || macc: 0.9784 || miou: 0.9597 || iou: [0.9835, 0.9868, 0.9664, 0.9644, 0.926, 0.9596, 0.9584, 0.9477, 0.9694, 0.9667, 0.9685, 0.9424, 0.9361]
val:   acc: 0.8953 || macc: 0.7687 || miou: 0.6751 || iou: [0.9696, 0.973, 0.8509, 0.0348, 0.7188, 0.4652, 0.7411, 0.7139, 0.8106, 0.7014, 0.6301, 0.5189, 0.648]
duration: 128.59504294395447
epoch 84:
loss: 0.9692 || cls: 0.5435
train: acc: 0.9831 || macc: 0.9791 || miou: 0.9607 || iou: [0.9836, 0.9868, 0.9673, 0.965, 0.9266, 0.9601, 0.9627, 0.9488, 0.9688, 0.9672, 0.9696, 0.9468, 0.9366]
val:   acc: 0.8971 || macc: 0.7771 || miou: 0.6803 || iou: [0.968, 0.975, 0.8519, 0.12, 0.712, 0.4623, 0.7608, 0.6847, 0.8202, 0.695, 0.6404, 0.4958, 0.6583]
duration: 127.37618827819824
epoch 85:
loss: 0.9688 || cls: 0.5424
train: acc: 0.9833 || macc: 0.9792 || miou: 0.961 || iou: [0.9837, 0.9867, 0.968, 0.9647, 0.9284, 0.9612, 0.9627, 0.9487, 0.9689, 0.9684, 0.9692, 0.9448, 0.9382]
val:   acc: 0.8996 || macc: 0.7836 || miou: 0.6895 || iou: [0.9698, 0.9757, 0.8603, 0.1384, 0.7314, 0.47, 0.7534, 0.6943, 0.824, 0.7212, 0.6321, 0.5282, 0.6643]
duration: 127.65661573410034
epoch 86:
loss: 0.9688 || cls: 0.5419
train: acc: 0.9833 || macc: 0.9793 || miou: 0.9612 || iou: [0.984, 0.987, 0.9679, 0.9641, 0.9292, 0.9613, 0.9608, 0.9486, 0.9692, 0.9692, 0.9695, 0.9462, 0.9382]
val:   acc: 0.8953 || macc: 0.771 || miou: 0.6748 || iou: [0.9627, 0.9765, 0.8556, 0.0465, 0.6946, 0.4684, 0.7451, 0.7008, 0.8244, 0.7246, 0.6126, 0.5041, 0.657]
duration: 126.58387732505798
epoch 87:
loss: 0.9684 || cls: 0.5431
train: acc: 0.9835 || macc: 0.9797 || miou: 0.9618 || iou: [0.984, 0.9871, 0.9679, 0.9654, 0.9302, 0.9628, 0.962, 0.9499, 0.97, 0.9701, 0.97, 0.9453, 0.9388]
val:   acc: 0.8983 || macc: 0.7808 || miou: 0.6802 || iou: [0.9666, 0.9733, 0.859, 0.1146, 0.711, 0.4758, 0.7556, 0.6922, 0.811, 0.6864, 0.6342, 0.4963, 0.6665]
duration: 127.88936567306519
epoch 88:
loss: 0.9679 || cls: 0.5408
train: acc: 0.9837 || macc: 0.9799 || miou: 0.9622 || iou: [0.9841, 0.9871, 0.9686, 0.9657, 0.9298, 0.9627, 0.9646, 0.9499, 0.9707, 0.9694, 0.9703, 0.9475, 0.9387]
val:   acc: 0.8982 || macc: 0.7776 || miou: 0.6834 || iou: [0.9629, 0.9763, 0.8578, 0.0997, 0.7229, 0.4643, 0.7566, 0.6952, 0.8291, 0.715, 0.6224, 0.5186, 0.664]
duration: 127.20238280296326
epoch 89:
loss: 0.9677 || cls: 0.5416
train: acc: 0.9838 || macc: 0.9801 || miou: 0.9626 || iou: [0.9844, 0.9871, 0.9688, 0.9656, 0.9313, 0.9639, 0.9632, 0.9507, 0.9705, 0.9703, 0.9706, 0.9474, 0.9396]
val:   acc: 0.8945 || macc: 0.7752 || miou: 0.6736 || iou: [0.9631, 0.9742, 0.8557, 0.0961, 0.6995, 0.4565, 0.7487, 0.6803, 0.813, 0.6939, 0.6181, 0.5065, 0.6515]
duration: 126.61703300476074
epoch 90:
loss: 0.9676 || cls: 0.5404
train: acc: 0.9839 || macc: 0.9801 || miou: 0.9627 || iou: [0.984, 0.9874, 0.9689, 0.9662, 0.9322, 0.9632, 0.9651, 0.9513, 0.9702, 0.9685, 0.9706, 0.9481, 0.9394]
val:   acc: 0.8976 || macc: 0.7825 || miou: 0.6825 || iou: [0.9648, 0.9739, 0.8564, 0.1092, 0.7102, 0.4733, 0.7563, 0.679, 0.8132, 0.7254, 0.6433, 0.5063, 0.6607]
duration: 126.43443775177002
epoch 91:
loss: 0.9676 || cls: 0.541
train: acc: 0.9838 || macc: 0.9803 || miou: 0.9629 || iou: [0.9842, 0.9871, 0.9688, 0.9667, 0.932, 0.9632, 0.9632, 0.9511, 0.9705, 0.9702, 0.97, 0.9502, 0.9403]
val:   acc: 0.8976 || macc: 0.7765 || miou: 0.6778 || iou: [0.9657, 0.9739, 0.8567, 0.0956, 0.6998, 0.4658, 0.7608, 0.6878, 0.8073, 0.6959, 0.6365, 0.501, 0.665]
duration: 126.7524483203888
epoch 92:
loss: 0.9674 || cls: 0.5413
train: acc: 0.9839 || macc: 0.9804 || miou: 0.9632 || iou: [0.9839, 0.9873, 0.969, 0.9678, 0.9324, 0.9626, 0.9649, 0.9512, 0.9713, 0.9716, 0.9709, 0.9488, 0.9397]
val:   acc: 0.896 || macc: 0.7755 || miou: 0.6746 || iou: [0.9656, 0.9742, 0.8601, 0.0954, 0.7209, 0.4548, 0.7514, 0.6715, 0.8027, 0.6975, 0.6287, 0.4944, 0.6528]
duration: 127.50387215614319
epoch 93:
loss: 0.9671 || cls: 0.5421
train: acc: 0.9842 || macc: 0.9808 || miou: 0.9637 || iou: [0.9841, 0.9873, 0.9697, 0.9673, 0.9336, 0.9635, 0.9648, 0.9514, 0.9714, 0.9729, 0.971, 0.9502, 0.9405]
val:   acc: 0.8974 || macc: 0.7751 || miou: 0.678 || iou: [0.9653, 0.9748, 0.8609, 0.0925, 0.7158, 0.4666, 0.754, 0.6756, 0.8102, 0.6986, 0.6221, 0.5116, 0.6654]
duration: 127.42410922050476
epoch 94:
loss: 0.9669 || cls: 0.5412
train: acc: 0.9842 || macc: 0.9805 || miou: 0.9635 || iou: [0.9844, 0.9874, 0.9695, 0.9679, 0.933, 0.9636, 0.9659, 0.9521, 0.9711, 0.9697, 0.9717, 0.9485, 0.9409]
val:   acc: 0.8967 || macc: 0.7768 || miou: 0.6791 || iou: [0.9649, 0.9741, 0.8618, 0.1033, 0.7193, 0.4548, 0.754, 0.688, 0.8087, 0.7201, 0.6157, 0.5051, 0.6577]
duration: 128.7392168045044
epoch 95:
loss: 0.9672 || cls: 0.5412
train: acc: 0.984 || macc: 0.9805 || miou: 0.9633 || iou: [0.9841, 0.9872, 0.9691, 0.9676, 0.9324, 0.9643, 0.9632, 0.9522, 0.9711, 0.9699, 0.9709, 0.9501, 0.9413]
val:   acc: 0.8963 || macc: 0.7754 || miou: 0.6757 || iou: [0.9676, 0.9743, 0.8579, 0.1056, 0.7041, 0.4593, 0.7481, 0.6869, 0.8093, 0.691, 0.6223, 0.4989, 0.6592]
duration: 126.77742266654968
epoch 96:
loss: 0.9668 || cls: 0.5421
train: acc: 0.9843 || macc: 0.9808 || miou: 0.9637 || iou: [0.9845, 0.9872, 0.9697, 0.9675, 0.9344, 0.9639, 0.9652, 0.9516, 0.9712, 0.969, 0.9717, 0.9501, 0.9414]
val:   acc: 0.8962 || macc: 0.7729 || miou: 0.6732 || iou: [0.9663, 0.9748, 0.8592, 0.0754, 0.7104, 0.4601, 0.7525, 0.682, 0.8047, 0.6884, 0.6251, 0.4971, 0.6553]
duration: 128.27850246429443
epoch 97:
loss: 0.9669 || cls: 0.5419
train: acc: 0.9842 || macc: 0.9807 || miou: 0.9636 || iou: [0.9843, 0.9873, 0.9696, 0.9676, 0.9321, 0.9633, 0.9638, 0.9524, 0.971, 0.9711, 0.9716, 0.9511, 0.9412]
val:   acc: 0.8978 || macc: 0.7789 || miou: 0.6804 || iou: [0.9666, 0.9748, 0.8611, 0.0906, 0.7248, 0.4633, 0.7498, 0.6907, 0.8097, 0.7181, 0.631, 0.5054, 0.6593]
duration: 127.25122904777527
epoch 98:
loss: 0.9668 || cls: 0.5409
train: acc: 0.9842 || macc: 0.9804 || miou: 0.9633 || iou: [0.9844, 0.9873, 0.9695, 0.9675, 0.9308, 0.9645, 0.9642, 0.9522, 0.9714, 0.9672, 0.9712, 0.9516, 0.9416]
val:   acc: 0.8964 || macc: 0.776 || miou: 0.6764 || iou: [0.9675, 0.9743, 0.859, 0.1139, 0.71, 0.4575, 0.7512, 0.6731, 0.8096, 0.683, 0.628, 0.5091, 0.6576]
duration: 127.47520613670349
epoch 99:
loss: 0.967 || cls: 0.5416
train: acc: 0.9841 || macc: 0.9802 || miou: 0.9631 || iou: [0.9842, 0.9873, 0.9693, 0.9668, 0.9323, 0.9639, 0.9639, 0.9519, 0.9714, 0.9695, 0.9714, 0.9479, 0.9411]
val:   acc: 0.8966 || macc: 0.7741 || miou: 0.6768 || iou: [0.9679, 0.9746, 0.8577, 0.0728, 0.7059, 0.4606, 0.7517, 0.6909, 0.8119, 0.7109, 0.621, 0.5142, 0.6581]
duration: 127.54153752326965
